#
# There is insufficient memory for the Java Runtime Environment to continue.
# Native memory allocation (malloc) failed to allocate 1864016 bytes for Chunk::new
# Possible reasons:
#   The system is out of physical RAM or swap space
#   The process is running with CompressedOops enabled, and the Java Heap may be blocking the growth of the native heap
# Possible solutions:
#   Reduce memory load on the system
#   Increase physical memory or swap space
#   Check if swap backing store is full
#   Decrease Java heap size (-Xmx/-Xms)
#   Decrease number of Java threads
#   Decrease Java thread stack sizes (-Xss)
#   Set larger code cache with -XX:ReservedCodeCacheSize=
#   JVM is running with Unscaled Compressed Oops mode in which the Java heap is
#     placed in the first 4GB address space. The Java Heap base address is the
#     maximum limit for the native heap growth. Please use -XX:HeapBaseMinAddress
#     to set the Java Heap base and to place the Java Heap above 4GB virtual address.
# This output file may be truncated or incomplete.
#
#  Out of Memory Error (./src/hotspot/share/memory/arena.cpp:197), pid=22768, tid=5484
#
# JRE version: OpenJDK Runtime Environment (11.0.13) (build 11.0.13+0-b1751.21-8125866)
# Java VM: OpenJDK 64-Bit Server VM (11.0.13+0-b1751.21-8125866, mixed mode, tiered, compressed oops, g1 gc, windows-amd64)
# No core dump will be written. Minidumps are not enabled by default on client versions of Windows
#

---------------  S U M M A R Y ------------

Command Line: --add-opens=java.base/java.util=ALL-UNNAMED --add-opens=java.base/java.lang=ALL-UNNAMED --add-opens=java.base/java.lang.invoke=ALL-UNNAMED --add-opens=java.base/java.util=ALL-UNNAMED --add-opens=java.prefs/java.util.prefs=ALL-UNNAMED --add-opens=java.prefs/java.util.prefs=ALL-UNNAMED --add-opens=java.base/java.nio.charset=ALL-UNNAMED --add-opens=java.base/java.net=ALL-UNNAMED --add-opens=java.base/java.util.concurrent.atomic=ALL-UNNAMED -Xmx2048m -Dfile.encoding=UTF-8 -Duser.country=AT -Duser.language=de -Duser.variant org.gradle.launcher.daemon.bootstrap.GradleDaemon 7.4

Host: AMD Ryzen 5 4500U with Radeon Graphics         , 6 cores, 7G,  Windows 10 , 64 bit Build 19041 (10.0.19041.2546)
Time: Fri Mar 10 12:59:30 2023 Mitteleuropäische Zeit elapsed time: 4.396067 seconds (0d 0h 0m 4s)

---------------  T H R E A D  ---------------

Current thread (0x0000021829e58000):  JavaThread "C2 CompilerThread0" daemon [_thread_in_native, id=5484, stack(0x000000a29c800000,0x000000a29c900000)]


Current CompileTask:
C2:   4396 3460       4       org.objectweb.asm.Frame::execute (2318 bytes)

Stack: [0x000000a29c800000,0x000000a29c900000]
Native frames: (J=compiled Java code, j=interpreted, Vv=VM code, C=native code)
V  [jvm.dll+0x6100fa]
V  [jvm.dll+0x747090]
V  [jvm.dll+0x7486ad]
V  [jvm.dll+0x748d83]
V  [jvm.dll+0x24ab48]
V  [jvm.dll+0xc04dc]
V  [jvm.dll+0xc0a0c]
V  [jvm.dll+0x35eb5b]
V  [jvm.dll+0x32b833]
V  [jvm.dll+0x32ad2a]
V  [jvm.dll+0x2032b2]
V  [jvm.dll+0x202437]
V  [jvm.dll+0x188e01]
V  [jvm.dll+0x21106b]
V  [jvm.dll+0x20f8c1]
V  [jvm.dll+0x70de0f]
V  [jvm.dll+0x706a75]
V  [jvm.dll+0x60ed66]
C  [ucrtbase.dll+0x21bb2]
C  [KERNEL32.DLL+0x17614]
C  [ntdll.dll+0x526a1]


---------------  P R O C E S S  ---------------

Threads class SMR info:
_java_thread_list=0x000002182d1e5a30, length=34, elements={
0x000002180fddf800, 0x0000021829e34800, 0x0000021829e41800, 0x000002182a803800,
0x0000021829e53000, 0x0000021829e55000, 0x0000021829e58000, 0x0000021829e5b800,
0x0000021829e5e800, 0x000002182a943000, 0x000002182c188800, 0x000002182ab74000,
0x000002182c9c0000, 0x000002182c8eb800, 0x000002182c8ca800, 0x000002182bbca800,
0x000002182bb81800, 0x000002182ca56800, 0x000002182ca57000, 0x000002182d093000,
0x000002182cb98800, 0x000002182cb95800, 0x000002182cb96000, 0x000002182cdc9000,
0x000002182cb93800, 0x000002182cb97000, 0x000002182cb98000, 0x000002182cb99800,
0x000002182cb9a000, 0x000002182cb94800, 0x000002182d202000, 0x000002182d1ff800,
0x000002182d200800, 0x000002182d20b000
}

Java Threads: ( => current thread )
  0x000002180fddf800 JavaThread "main" [_thread_blocked, id=11324, stack(0x000000a29bc00000,0x000000a29bd00000)]
  0x0000021829e34800 JavaThread "Reference Handler" daemon [_thread_blocked, id=22952, stack(0x000000a29c300000,0x000000a29c400000)]
  0x0000021829e41800 JavaThread "Finalizer" daemon [_thread_blocked, id=9844, stack(0x000000a29c400000,0x000000a29c500000)]
  0x000002182a803800 JavaThread "Signal Dispatcher" daemon [_thread_blocked, id=11128, stack(0x000000a29c500000,0x000000a29c600000)]
  0x0000021829e53000 JavaThread "Attach Listener" daemon [_thread_blocked, id=17116, stack(0x000000a29c600000,0x000000a29c700000)]
  0x0000021829e55000 JavaThread "Service Thread" daemon [_thread_blocked, id=20068, stack(0x000000a29c700000,0x000000a29c800000)]
=>0x0000021829e58000 JavaThread "C2 CompilerThread0" daemon [_thread_in_native, id=5484, stack(0x000000a29c800000,0x000000a29c900000)]
  0x0000021829e5b800 JavaThread "C1 CompilerThread0" daemon [_thread_blocked, id=13424, stack(0x000000a29c900000,0x000000a29ca00000)]
  0x0000021829e5e800 JavaThread "Sweeper thread" daemon [_thread_blocked, id=22868, stack(0x000000a29ca00000,0x000000a29cb00000)]
  0x000002182a943000 JavaThread "Common-Cleaner" daemon [_thread_blocked, id=12916, stack(0x000000a29cb00000,0x000000a29cc00000)]
  0x000002182c188800 JavaThread "Daemon health stats" [_thread_blocked, id=3540, stack(0x000000a29cf00000,0x000000a29d000000)]
  0x000002182ab74000 JavaThread "Incoming local TCP Connector on port 49715" [_thread_in_native, id=23208, stack(0x000000a29cd00000,0x000000a29ce00000)]
  0x000002182c9c0000 JavaThread "Daemon periodic checks" [_thread_blocked, id=18404, stack(0x000000a29d200000,0x000000a29d300000)]
  0x000002182c8eb800 JavaThread "Daemon" [_thread_blocked, id=11540, stack(0x000000a29d300000,0x000000a29d400000)]
  0x000002182c8ca800 JavaThread "Handler for socket connection from /127.0.0.1:49715 to /127.0.0.1:49716" [_thread_in_native, id=19936, stack(0x000000a29d400000,0x000000a29d500000)]
  0x000002182bbca800 JavaThread "Cancel handler" [_thread_blocked, id=17256, stack(0x000000a29d500000,0x000000a29d600000)]
  0x000002182bb81800 JavaThread "Daemon worker" [_thread_in_native, id=6508, stack(0x000000a29d600000,0x000000a29d700000)]
  0x000002182ca56800 JavaThread "Asynchronous log dispatcher for DefaultDaemonConnection: socket connection from /127.0.0.1:49715 to /127.0.0.1:49716" [_thread_blocked, id=13508, stack(0x000000a29d700000,0x000000a29d800000)]
  0x000002182ca57000 JavaThread "Stdin handler" [_thread_blocked, id=26548, stack(0x000000a29d800000,0x000000a29d900000)]
  0x000002182d093000 JavaThread "Daemon client event forwarder" [_thread_blocked, id=24416, stack(0x000000a29d900000,0x000000a29da00000)]
  0x000002182cb98800 JavaThread "Cache worker for journal cache (C:\Users\RAFRA\.gradle\caches\journal-1)" [_thread_blocked, id=14728, stack(0x000000a29da00000,0x000000a29db00000)]
  0x000002182cb95800 JavaThread "File lock request listener" [_thread_in_native, id=19580, stack(0x000000a29db00000,0x000000a29dc00000)]
  0x000002182cb96000 JavaThread "Cache worker for file hash cache (C:\Users\RAFRA\.gradle\caches\7.4\fileHashes)" [_thread_blocked, id=16984, stack(0x000000a29dc00000,0x000000a29dd00000)]
  0x000002182cdc9000 JavaThread "C2 CompilerThread1" daemon [_thread_in_native, id=10712, stack(0x000000a29e000000,0x000000a29e100000)]
  0x000002182cb93800 JavaThread "File watcher server" daemon [_thread_in_native, id=7368, stack(0x000000a29e100000,0x000000a29e200000)]
  0x000002182cb97000 JavaThread "File watcher consumer" daemon [_thread_blocked, id=11892, stack(0x000000a29e200000,0x000000a29e300000)]
  0x000002182cb98000 JavaThread "Cache worker for checksums cache (C:\Users\RAFRA\Documents\EGD\EGD\AndroidProjekte\EGD\.gradle\7.4\checksums)" [_thread_blocked, id=7176, stack(0x000000a29e300000,0x000000a29e400000)]
  0x000002182cb99800 JavaThread "Cache worker for cache directory md-rule (C:\Users\RAFRA\.gradle\caches\7.4\md-rule)" [_thread_blocked, id=14240, stack(0x000000a29e400000,0x000000a29e500000)]
  0x000002182cb9a000 JavaThread "Cache worker for file hash cache (C:\Users\RAFRA\Documents\EGD\EGD\AndroidProjekte\EGD\.gradle\7.4\fileHashes)" [_thread_blocked, id=22372, stack(0x000000a29e500000,0x000000a29e600000)]
  0x000002182cb94800 JavaThread "Cache worker for cache directory md-supplier (C:\Users\RAFRA\.gradle\caches\7.4\md-supplier)" [_thread_blocked, id=5164, stack(0x000000a29e600000,0x000000a29e700000)]
  0x000002182d202000 JavaThread "Cache worker for execution history cache (C:\Users\RAFRA\.gradle\caches\7.4\executionHistory)" [_thread_blocked, id=17244, stack(0x000000a29e700000,0x000000a29e800000)]
  0x000002182d1ff800 JavaThread "jar transforms" [_thread_blocked, id=16680, stack(0x000000a29e800000,0x000000a29e900000)]
  0x000002182d200800 JavaThread "Cache worker for file content cache (C:\Users\RAFRA\.gradle\caches\7.4\fileContent)" [_thread_blocked, id=27652, stack(0x000000a29e900000,0x000000a29ea00000)]
  0x000002182d20b000 JavaThread "jar transforms Thread 2" [_thread_blocked, id=6024, stack(0x000000a29ea00000,0x000000a29eb00000)]

Other Threads:
  0x0000021829e32000 VMThread "VM Thread" [stack: 0x000000a29c200000,0x000000a29c300000] [id=23740]
  0x000002182a966800 WatcherThread [stack: 0x000000a29cc00000,0x000000a29cd00000] [id=20040]
  0x000002180fdf5800 GCTaskThread "GC Thread#0" [stack: 0x000000a29bd00000,0x000000a29be00000] [id=6832]
  0x000002182b592800 GCTaskThread "GC Thread#1" [stack: 0x000000a29ce00000,0x000000a29cf00000] [id=15032]
  0x000002182d073800 GCTaskThread "GC Thread#2" [stack: 0x000000a29d000000,0x000000a29d100000] [id=1872]
  0x000002182c7cd000 GCTaskThread "GC Thread#3" [stack: 0x000000a29d100000,0x000000a29d200000] [id=18628]
  0x000002182d092800 GCTaskThread "GC Thread#4" [stack: 0x000000a29dd00000,0x000000a29de00000] [id=28188]
  0x000002182d2cb800 GCTaskThread "GC Thread#5" [stack: 0x000000a29de00000,0x000000a29df00000] [id=1400]
  0x000002180fe2a000 ConcurrentGCThread "G1 Main Marker" [stack: 0x000000a29be00000,0x000000a29bf00000] [id=5984]
  0x000002180fe2b000 ConcurrentGCThread "G1 Conc#0" [stack: 0x000000a29bf00000,0x000000a29c000000] [id=9412]
  0x000002182bce6000 ConcurrentGCThread "G1 Conc#1" [stack: 0x000000a29df00000,0x000000a29e000000] [id=9424]
  0x000002180fead800 ConcurrentGCThread "G1 Refine#0" [stack: 0x000000a29c000000,0x000000a29c100000] [id=26076]
  0x000002180feae800 ConcurrentGCThread "G1 Young RemSet Sampling" [stack: 0x000000a29c100000,0x000000a29c200000] [id=12136]

Threads with active compile tasks:
C2 CompilerThread0   4410 3460       4       org.objectweb.asm.Frame::execute (2318 bytes)
C2 CompilerThread1   4410 3494       4       org.codehaus.groovy.runtime.metaclass.MetaMethodIndex::addMethodToList (131 bytes)

VM state:not at safepoint (normal execution)

VM Mutex/Monitor currently owned by a thread: None

Heap address: 0x0000000080000000, size: 2048 MB, Compressed Oops mode: 32-bit
Narrow klass base: 0x0000000000000000, Narrow klass shift: 3
Compressed class space size: 1073741824 Address: 0x0000000100000000

Heap:
 garbage-first heap   total 145408K, used 92391K [0x0000000080000000, 0x0000000100000000)
  region size 1024K, 74 young (75776K), 8 survivors (8192K)
 Metaspace       used 40494K, capacity 41375K, committed 41596K, reserved 1085440K
  class space    used 5109K, capacity 5484K, committed 5580K, reserved 1048576K
Heap Regions: E=young(eden), S=young(survivor), O=old, HS=humongous(starts), HC=humongous(continues), CS=collection set, F=free, A=archive, TAMS=top-at-mark-start (previous, next)
|   0|0x0000000080000000, 0x0000000080100000, 0x0000000080100000|100%| O|  |TAMS 0x0000000080100000, 0x0000000080000000| Untracked 
|   1|0x0000000080100000, 0x0000000080200000, 0x0000000080200000|100%| O|  |TAMS 0x0000000080200000, 0x0000000080100000| Untracked 
|   2|0x0000000080200000, 0x0000000080300000, 0x0000000080300000|100%| O|  |TAMS 0x0000000080300000, 0x0000000080200000| Untracked 
|   3|0x0000000080300000, 0x0000000080400000, 0x0000000080400000|100%|HS|  |TAMS 0x0000000080400000, 0x0000000080300000| Complete 
|   4|0x0000000080400000, 0x0000000080500000, 0x0000000080500000|100%|HC|  |TAMS 0x0000000080500000, 0x0000000080400000| Complete 
|   5|0x0000000080500000, 0x0000000080600000, 0x0000000080600000|100%|HC|  |TAMS 0x0000000080600000, 0x0000000080500000| Complete 
|   6|0x0000000080600000, 0x0000000080700000, 0x0000000080700000|100%| O|  |TAMS 0x0000000080700000, 0x0000000080600000| Untracked 
|   7|0x0000000080700000, 0x0000000080800000, 0x0000000080800000|100%| O|  |TAMS 0x0000000080800000, 0x0000000080700000| Untracked 
|   8|0x0000000080800000, 0x0000000080900000, 0x0000000080900000|100%| O|  |TAMS 0x0000000080900000, 0x0000000080800000| Untracked 
|   9|0x0000000080900000, 0x0000000080a00000, 0x0000000080a00000|100%| O|  |TAMS 0x0000000080a00000, 0x0000000080900000| Untracked 
|  10|0x0000000080a00000, 0x0000000080b00000, 0x0000000080b00000|100%| O|  |TAMS 0x0000000080b00000, 0x0000000080a00000| Untracked 
|  11|0x0000000080b00000, 0x0000000080c00000, 0x0000000080c00000|100%| O|  |TAMS 0x0000000080c00000, 0x0000000080b00000| Untracked 
|  12|0x0000000080c00000, 0x0000000080d00000, 0x0000000080d00000|100%| O|  |TAMS 0x0000000080d00000, 0x0000000080c00000| Untracked 
|  13|0x0000000080d00000, 0x0000000080e00000, 0x0000000080e00000|100%| O|  |TAMS 0x0000000080e00000, 0x0000000080d00000| Untracked 
|  14|0x0000000080e00000, 0x0000000080ee6200, 0x0000000080f00000| 89%| O|  |TAMS 0x0000000080ee6200, 0x0000000080e00000| Untracked 
|  15|0x0000000080f00000, 0x0000000081000000, 0x0000000081000000|100%|HS|  |TAMS 0x0000000080f00000, 0x0000000080f00000| Complete 
|  16|0x0000000081000000, 0x0000000081100000, 0x0000000081100000|100%|HS|  |TAMS 0x0000000081000000, 0x0000000081000000| Complete 
|  17|0x0000000081100000, 0x0000000081200000, 0x0000000081200000|100%|HC|  |TAMS 0x0000000081100000, 0x0000000081100000| Complete 
|  18|0x0000000081200000, 0x0000000081200000, 0x0000000081300000|  0%| F|  |TAMS 0x0000000081200000, 0x0000000081200000| Untracked 
|  19|0x0000000081300000, 0x0000000081300000, 0x0000000081400000|  0%| F|  |TAMS 0x0000000081300000, 0x0000000081300000| Untracked 
|  20|0x0000000081400000, 0x0000000081400000, 0x0000000081500000|  0%| F|  |TAMS 0x0000000081400000, 0x0000000081400000| Untracked 
|  21|0x0000000081500000, 0x0000000081500000, 0x0000000081600000|  0%| F|  |TAMS 0x0000000081500000, 0x0000000081500000| Untracked 
|  22|0x0000000081600000, 0x0000000081600000, 0x0000000081700000|  0%| F|  |TAMS 0x0000000081600000, 0x0000000081600000| Untracked 
|  23|0x0000000081700000, 0x0000000081700000, 0x0000000081800000|  0%| F|  |TAMS 0x0000000081700000, 0x0000000081700000| Untracked 
|  24|0x0000000081800000, 0x0000000081800000, 0x0000000081900000|  0%| F|  |TAMS 0x0000000081800000, 0x0000000081800000| Untracked 
|  25|0x0000000081900000, 0x0000000081900000, 0x0000000081a00000|  0%| F|  |TAMS 0x0000000081900000, 0x0000000081900000| Untracked 
|  26|0x0000000081a00000, 0x0000000081a00000, 0x0000000081b00000|  0%| F|  |TAMS 0x0000000081a00000, 0x0000000081a00000| Untracked 
|  27|0x0000000081b00000, 0x0000000081b00000, 0x0000000081c00000|  0%| F|  |TAMS 0x0000000081b00000, 0x0000000081b00000| Untracked 
|  28|0x0000000081c00000, 0x0000000081c00000, 0x0000000081d00000|  0%| F|  |TAMS 0x0000000081c00000, 0x0000000081c00000| Untracked 
|  29|0x0000000081d00000, 0x0000000081d00000, 0x0000000081e00000|  0%| F|  |TAMS 0x0000000081d00000, 0x0000000081d00000| Untracked 
|  30|0x0000000081e00000, 0x0000000081e00000, 0x0000000081f00000|  0%| F|  |TAMS 0x0000000081e00000, 0x0000000081e00000| Untracked 
|  31|0x0000000081f00000, 0x0000000081f00000, 0x0000000082000000|  0%| F|  |TAMS 0x0000000081f00000, 0x0000000081f00000| Untracked 
|  32|0x0000000082000000, 0x0000000082000000, 0x0000000082100000|  0%| F|  |TAMS 0x0000000082000000, 0x0000000082000000| Untracked 
|  33|0x0000000082100000, 0x0000000082100000, 0x0000000082200000|  0%| F|  |TAMS 0x0000000082100000, 0x0000000082100000| Untracked 
|  34|0x0000000082200000, 0x0000000082200000, 0x0000000082300000|  0%| F|  |TAMS 0x0000000082200000, 0x0000000082200000| Untracked 
|  35|0x0000000082300000, 0x0000000082300000, 0x0000000082400000|  0%| F|  |TAMS 0x0000000082300000, 0x0000000082300000| Untracked 
|  36|0x0000000082400000, 0x0000000082400000, 0x0000000082500000|  0%| F|  |TAMS 0x0000000082400000, 0x0000000082400000| Untracked 
|  37|0x0000000082500000, 0x0000000082500000, 0x0000000082600000|  0%| F|  |TAMS 0x0000000082500000, 0x0000000082500000| Untracked 
|  38|0x0000000082600000, 0x0000000082600000, 0x0000000082700000|  0%| F|  |TAMS 0x0000000082600000, 0x0000000082600000| Untracked 
|  39|0x0000000082700000, 0x0000000082700000, 0x0000000082800000|  0%| F|  |TAMS 0x0000000082700000, 0x0000000082700000| Untracked 
|  40|0x0000000082800000, 0x0000000082800000, 0x0000000082900000|  0%| F|  |TAMS 0x0000000082800000, 0x0000000082800000| Untracked 
|  41|0x0000000082900000, 0x0000000082900000, 0x0000000082a00000|  0%| F|  |TAMS 0x0000000082900000, 0x0000000082900000| Untracked 
|  42|0x0000000082a00000, 0x0000000082a00000, 0x0000000082b00000|  0%| F|  |TAMS 0x0000000082a00000, 0x0000000082a00000| Untracked 
|  43|0x0000000082b00000, 0x0000000082b00000, 0x0000000082c00000|  0%| F|  |TAMS 0x0000000082b00000, 0x0000000082b00000| Untracked 
|  44|0x0000000082c00000, 0x0000000082c00000, 0x0000000082d00000|  0%| F|  |TAMS 0x0000000082c00000, 0x0000000082c00000| Untracked 
|  45|0x0000000082d00000, 0x0000000082d00000, 0x0000000082e00000|  0%| F|  |TAMS 0x0000000082d00000, 0x0000000082d00000| Untracked 
|  46|0x0000000082e00000, 0x0000000082e00000, 0x0000000082f00000|  0%| F|  |TAMS 0x0000000082e00000, 0x0000000082e00000| Untracked 
|  47|0x0000000082f00000, 0x0000000082f00000, 0x0000000083000000|  0%| F|  |TAMS 0x0000000082f00000, 0x0000000082f00000| Untracked 
|  48|0x0000000083000000, 0x0000000083000000, 0x0000000083100000|  0%| F|  |TAMS 0x0000000083000000, 0x0000000083000000| Untracked 
|  49|0x0000000083100000, 0x0000000083100000, 0x0000000083200000|  0%| F|  |TAMS 0x0000000083100000, 0x0000000083100000| Untracked 
|  50|0x0000000083200000, 0x0000000083200000, 0x0000000083300000|  0%| F|  |TAMS 0x0000000083200000, 0x0000000083200000| Untracked 
|  51|0x0000000083300000, 0x0000000083300000, 0x0000000083400000|  0%| F|  |TAMS 0x0000000083300000, 0x0000000083300000| Untracked 
|  52|0x0000000083400000, 0x0000000083400000, 0x0000000083500000|  0%| F|  |TAMS 0x0000000083400000, 0x0000000083400000| Untracked 
|  53|0x0000000083500000, 0x0000000083500000, 0x0000000083600000|  0%| F|  |TAMS 0x0000000083500000, 0x0000000083500000| Untracked 
|  54|0x0000000083600000, 0x0000000083600000, 0x0000000083700000|  0%| F|  |TAMS 0x0000000083600000, 0x0000000083600000| Untracked 
|  55|0x0000000083700000, 0x0000000083700000, 0x0000000083800000|  0%| F|  |TAMS 0x0000000083700000, 0x0000000083700000| Untracked 
|  56|0x0000000083800000, 0x0000000083800000, 0x0000000083900000|  0%| F|  |TAMS 0x0000000083800000, 0x0000000083800000| Untracked 
|  57|0x0000000083900000, 0x0000000083900000, 0x0000000083a00000|  0%| F|  |TAMS 0x0000000083900000, 0x0000000083900000| Untracked 
|  58|0x0000000083a00000, 0x0000000083a00000, 0x0000000083b00000|  0%| F|  |TAMS 0x0000000083a00000, 0x0000000083a00000| Untracked 
|  59|0x0000000083b00000, 0x0000000083b00000, 0x0000000083c00000|  0%| F|  |TAMS 0x0000000083b00000, 0x0000000083b00000| Untracked 
|  60|0x0000000083c00000, 0x0000000083c00000, 0x0000000083d00000|  0%| F|  |TAMS 0x0000000083c00000, 0x0000000083c00000| Untracked 
|  61|0x0000000083d00000, 0x0000000083d00000, 0x0000000083e00000|  0%| F|  |TAMS 0x0000000083d00000, 0x0000000083d00000| Untracked 
|  62|0x0000000083e00000, 0x0000000083e00000, 0x0000000083f00000|  0%| F|  |TAMS 0x0000000083e00000, 0x0000000083e00000| Untracked 
|  63|0x0000000083f00000, 0x0000000083f00000, 0x0000000084000000|  0%| F|  |TAMS 0x0000000083f00000, 0x0000000083f00000| Untracked 
|  64|0x0000000084000000, 0x0000000084000000, 0x0000000084100000|  0%| F|  |TAMS 0x0000000084000000, 0x0000000084000000| Untracked 
|  65|0x0000000084100000, 0x0000000084100000, 0x0000000084200000|  0%| F|  |TAMS 0x0000000084100000, 0x0000000084100000| Untracked 
|  66|0x0000000084200000, 0x0000000084200000, 0x0000000084300000|  0%| F|  |TAMS 0x0000000084200000, 0x0000000084200000| Untracked 
|  67|0x0000000084300000, 0x0000000084300000, 0x0000000084400000|  0%| F|  |TAMS 0x0000000084300000, 0x0000000084300000| Untracked 
|  68|0x0000000084400000, 0x0000000084500000, 0x0000000084500000|100%| E|  |TAMS 0x0000000084400000, 0x0000000084400000| Complete 
|  69|0x0000000084500000, 0x0000000084600000, 0x0000000084600000|100%| E|CS|TAMS 0x0000000084500000, 0x0000000084500000| Complete 
|  70|0x0000000084600000, 0x0000000084700000, 0x0000000084700000|100%| E|CS|TAMS 0x0000000084600000, 0x0000000084600000| Complete 
|  71|0x0000000084700000, 0x0000000084753d48, 0x0000000084800000| 32%| S|CS|TAMS 0x0000000084700000, 0x0000000084700000| Complete 
|  72|0x0000000084800000, 0x0000000084900000, 0x0000000084900000|100%| S|CS|TAMS 0x0000000084800000, 0x0000000084800000| Complete 
|  73|0x0000000084900000, 0x0000000084a00000, 0x0000000084a00000|100%| S|CS|TAMS 0x0000000084900000, 0x0000000084900000| Complete 
|  74|0x0000000084a00000, 0x0000000084b00000, 0x0000000084b00000|100%| S|CS|TAMS 0x0000000084a00000, 0x0000000084a00000| Complete 
|  75|0x0000000084b00000, 0x0000000084c00000, 0x0000000084c00000|100%| S|CS|TAMS 0x0000000084b00000, 0x0000000084b00000| Complete 
|  76|0x0000000084c00000, 0x0000000084d00000, 0x0000000084d00000|100%| S|CS|TAMS 0x0000000084c00000, 0x0000000084c00000| Complete 
|  77|0x0000000084d00000, 0x0000000084e00000, 0x0000000084e00000|100%| S|CS|TAMS 0x0000000084d00000, 0x0000000084d00000| Complete 
|  78|0x0000000084e00000, 0x0000000084f00000, 0x0000000084f00000|100%| S|CS|TAMS 0x0000000084e00000, 0x0000000084e00000| Complete 
|  79|0x0000000084f00000, 0x0000000085000000, 0x0000000085000000|100%| E|CS|TAMS 0x0000000084f00000, 0x0000000084f00000| Complete 
|  80|0x0000000085000000, 0x0000000085100000, 0x0000000085100000|100%| E|CS|TAMS 0x0000000085000000, 0x0000000085000000| Complete 
|  81|0x0000000085100000, 0x0000000085200000, 0x0000000085200000|100%| E|CS|TAMS 0x0000000085100000, 0x0000000085100000| Complete 
|  82|0x0000000085200000, 0x0000000085300000, 0x0000000085300000|100%| E|CS|TAMS 0x0000000085200000, 0x0000000085200000| Complete 
|  83|0x0000000085300000, 0x0000000085400000, 0x0000000085400000|100%| E|CS|TAMS 0x0000000085300000, 0x0000000085300000| Complete 
|  84|0x0000000085400000, 0x0000000085500000, 0x0000000085500000|100%| E|CS|TAMS 0x0000000085400000, 0x0000000085400000| Complete 
|  85|0x0000000085500000, 0x0000000085600000, 0x0000000085600000|100%| E|CS|TAMS 0x0000000085500000, 0x0000000085500000| Complete 
|  86|0x0000000085600000, 0x0000000085700000, 0x0000000085700000|100%| E|CS|TAMS 0x0000000085600000, 0x0000000085600000| Complete 
|  87|0x0000000085700000, 0x0000000085800000, 0x0000000085800000|100%| E|CS|TAMS 0x0000000085700000, 0x0000000085700000| Complete 
|  88|0x0000000085800000, 0x0000000085900000, 0x0000000085900000|100%| E|CS|TAMS 0x0000000085800000, 0x0000000085800000| Complete 
|  89|0x0000000085900000, 0x0000000085a00000, 0x0000000085a00000|100%| E|CS|TAMS 0x0000000085900000, 0x0000000085900000| Complete 
|  90|0x0000000085a00000, 0x0000000085b00000, 0x0000000085b00000|100%| E|CS|TAMS 0x0000000085a00000, 0x0000000085a00000| Complete 
|  91|0x0000000085b00000, 0x0000000085c00000, 0x0000000085c00000|100%| E|CS|TAMS 0x0000000085b00000, 0x0000000085b00000| Complete 
|  92|0x0000000085c00000, 0x0000000085d00000, 0x0000000085d00000|100%| E|CS|TAMS 0x0000000085c00000, 0x0000000085c00000| Complete 
|  93|0x0000000085d00000, 0x0000000085e00000, 0x0000000085e00000|100%| E|CS|TAMS 0x0000000085d00000, 0x0000000085d00000| Complete 
|  94|0x0000000085e00000, 0x0000000085f00000, 0x0000000085f00000|100%| E|CS|TAMS 0x0000000085e00000, 0x0000000085e00000| Complete 
|  95|0x0000000085f00000, 0x0000000086000000, 0x0000000086000000|100%| E|CS|TAMS 0x0000000085f00000, 0x0000000085f00000| Complete 
|  96|0x0000000086000000, 0x0000000086100000, 0x0000000086100000|100%| E|CS|TAMS 0x0000000086000000, 0x0000000086000000| Complete 
|  97|0x0000000086100000, 0x0000000086200000, 0x0000000086200000|100%| E|CS|TAMS 0x0000000086100000, 0x0000000086100000| Complete 
|  98|0x0000000086200000, 0x0000000086300000, 0x0000000086300000|100%| E|CS|TAMS 0x0000000086200000, 0x0000000086200000| Complete 
|  99|0x0000000086300000, 0x0000000086400000, 0x0000000086400000|100%| E|CS|TAMS 0x0000000086300000, 0x0000000086300000| Complete 
| 100|0x0000000086400000, 0x0000000086500000, 0x0000000086500000|100%| E|CS|TAMS 0x0000000086400000, 0x0000000086400000| Complete 
| 101|0x0000000086500000, 0x0000000086600000, 0x0000000086600000|100%| E|CS|TAMS 0x0000000086500000, 0x0000000086500000| Complete 
| 102|0x0000000086600000, 0x0000000086700000, 0x0000000086700000|100%| E|CS|TAMS 0x0000000086600000, 0x0000000086600000| Complete 
| 103|0x0000000086700000, 0x0000000086800000, 0x0000000086800000|100%| E|CS|TAMS 0x0000000086700000, 0x0000000086700000| Complete 
| 104|0x0000000086800000, 0x0000000086900000, 0x0000000086900000|100%| E|CS|TAMS 0x0000000086800000, 0x0000000086800000| Complete 
| 105|0x0000000086900000, 0x0000000086a00000, 0x0000000086a00000|100%| E|CS|TAMS 0x0000000086900000, 0x0000000086900000| Complete 
| 106|0x0000000086a00000, 0x0000000086b00000, 0x0000000086b00000|100%| E|CS|TAMS 0x0000000086a00000, 0x0000000086a00000| Complete 
| 107|0x0000000086b00000, 0x0000000086c00000, 0x0000000086c00000|100%| E|CS|TAMS 0x0000000086b00000, 0x0000000086b00000| Complete 
| 108|0x0000000086c00000, 0x0000000086d00000, 0x0000000086d00000|100%| E|CS|TAMS 0x0000000086c00000, 0x0000000086c00000| Complete 
| 109|0x0000000086d00000, 0x0000000086e00000, 0x0000000086e00000|100%| E|CS|TAMS 0x0000000086d00000, 0x0000000086d00000| Complete 
| 110|0x0000000086e00000, 0x0000000086f00000, 0x0000000086f00000|100%| E|CS|TAMS 0x0000000086e00000, 0x0000000086e00000| Complete 
| 111|0x0000000086f00000, 0x0000000087000000, 0x0000000087000000|100%| E|CS|TAMS 0x0000000086f00000, 0x0000000086f00000| Complete 
| 112|0x0000000087000000, 0x0000000087100000, 0x0000000087100000|100%| E|CS|TAMS 0x0000000087000000, 0x0000000087000000| Complete 
| 113|0x0000000087100000, 0x0000000087200000, 0x0000000087200000|100%| E|CS|TAMS 0x0000000087100000, 0x0000000087100000| Complete 
| 114|0x0000000087200000, 0x0000000087300000, 0x0000000087300000|100%| E|CS|TAMS 0x0000000087200000, 0x0000000087200000| Complete 
| 115|0x0000000087300000, 0x0000000087400000, 0x0000000087400000|100%| E|CS|TAMS 0x0000000087300000, 0x0000000087300000| Complete 
| 116|0x0000000087400000, 0x0000000087500000, 0x0000000087500000|100%| E|CS|TAMS 0x0000000087400000, 0x0000000087400000| Complete 
| 117|0x0000000087500000, 0x0000000087600000, 0x0000000087600000|100%| E|CS|TAMS 0x0000000087500000, 0x0000000087500000| Complete 
| 118|0x0000000087600000, 0x0000000087700000, 0x0000000087700000|100%| E|CS|TAMS 0x0000000087600000, 0x0000000087600000| Complete 
| 119|0x0000000087700000, 0x0000000087800000, 0x0000000087800000|100%| E|CS|TAMS 0x0000000087700000, 0x0000000087700000| Complete 
| 120|0x0000000087800000, 0x0000000087900000, 0x0000000087900000|100%| E|CS|TAMS 0x0000000087800000, 0x0000000087800000| Complete 
| 121|0x0000000087900000, 0x0000000087a00000, 0x0000000087a00000|100%| E|CS|TAMS 0x0000000087900000, 0x0000000087900000| Complete 
| 122|0x0000000087a00000, 0x0000000087b00000, 0x0000000087b00000|100%| E|CS|TAMS 0x0000000087a00000, 0x0000000087a00000| Complete 
| 123|0x0000000087b00000, 0x0000000087c00000, 0x0000000087c00000|100%| E|CS|TAMS 0x0000000087b00000, 0x0000000087b00000| Complete 
| 124|0x0000000087c00000, 0x0000000087d00000, 0x0000000087d00000|100%| E|CS|TAMS 0x0000000087c00000, 0x0000000087c00000| Complete 
| 125|0x0000000087d00000, 0x0000000087e00000, 0x0000000087e00000|100%| E|CS|TAMS 0x0000000087d00000, 0x0000000087d00000| Complete 
| 126|0x0000000087e00000, 0x0000000087f00000, 0x0000000087f00000|100%| E|CS|TAMS 0x0000000087e00000, 0x0000000087e00000| Complete 
| 127|0x0000000087f00000, 0x0000000088000000, 0x0000000088000000|100%| E|CS|TAMS 0x0000000087f00000, 0x0000000087f00000| Complete 
| 128|0x0000000088000000, 0x0000000088100000, 0x0000000088100000|100%| E|CS|TAMS 0x0000000088000000, 0x0000000088000000| Complete 
| 129|0x0000000088100000, 0x0000000088200000, 0x0000000088200000|100%| E|CS|TAMS 0x0000000088100000, 0x0000000088100000| Complete 
| 130|0x0000000088200000, 0x0000000088300000, 0x0000000088300000|100%| E|CS|TAMS 0x0000000088200000, 0x0000000088200000| Complete 
| 131|0x0000000088300000, 0x0000000088400000, 0x0000000088400000|100%| E|CS|TAMS 0x0000000088300000, 0x0000000088300000| Complete 
| 132|0x0000000088400000, 0x0000000088500000, 0x0000000088500000|100%| E|CS|TAMS 0x0000000088400000, 0x0000000088400000| Complete 
| 133|0x0000000088500000, 0x0000000088600000, 0x0000000088600000|100%| E|CS|TAMS 0x0000000088500000, 0x0000000088500000| Complete 
| 134|0x0000000088600000, 0x0000000088700000, 0x0000000088700000|100%| E|CS|TAMS 0x0000000088600000, 0x0000000088600000| Complete 
| 135|0x0000000088700000, 0x0000000088800000, 0x0000000088800000|100%| E|CS|TAMS 0x0000000088700000, 0x0000000088700000| Complete 
| 136|0x0000000088800000, 0x0000000088900000, 0x0000000088900000|100%| E|CS|TAMS 0x0000000088800000, 0x0000000088800000| Complete 
| 137|0x0000000088900000, 0x0000000088a00000, 0x0000000088a00000|100%| E|CS|TAMS 0x0000000088900000, 0x0000000088900000| Complete 
| 138|0x0000000088a00000, 0x0000000088b00000, 0x0000000088b00000|100%| E|CS|TAMS 0x0000000088a00000, 0x0000000088a00000| Complete 
| 139|0x0000000088b00000, 0x0000000088c00000, 0x0000000088c00000|100%| E|CS|TAMS 0x0000000088b00000, 0x0000000088b00000| Complete 
| 140|0x0000000088c00000, 0x0000000088d00000, 0x0000000088d00000|100%| E|CS|TAMS 0x0000000088c00000, 0x0000000088c00000| Complete 
| 141|0x0000000088d00000, 0x0000000088e00000, 0x0000000088e00000|100%| E|CS|TAMS 0x0000000088d00000, 0x0000000088d00000| Complete 

Card table byte_map: [0x0000021822e10000,0x0000021823210000] _byte_map_base: 0x0000021822a10000

Marking Bits (Prev, Next): (CMBitMap*) 0x000002180fe21558, (CMBitMap*) 0x000002180fe21590
 Prev Bits: [0x0000021823610000, 0x0000021825610000)
 Next Bits: [0x0000021825610000, 0x0000021827610000)

Polling page: 0x000002180f5c0000

Metaspace:

Usage:
  Non-class:     35.11 MB capacity,    34.58 MB ( 98%) used,   452.27 KB (  1%) free+waste,    95.25 KB ( <1%) overhead. 
      Class:      5.36 MB capacity,     4.99 MB ( 93%) used,   327.02 KB (  6%) free+waste,    45.63 KB ( <1%) overhead. 
       Both:     40.47 MB capacity,    39.57 MB ( 98%) used,   779.28 KB (  2%) free+waste,   140.88 KB ( <1%) overhead. 

Virtual space:
  Non-class space:       36.00 MB reserved,      35.17 MB ( 98%) committed 
      Class space:        1.00 GB reserved,       5.45 MB ( <1%) committed 
             Both:        1.04 GB reserved,      40.62 MB (  4%) committed 

Chunk freelists:
   Non-Class:  60.00 KB
       Class:  19.00 KB
        Both:  79.00 KB

MaxMetaspaceSize: 17179869184.00 GB
CompressedClassSpaceSize: 1.00 GB
Initial GC threshold: 20.80 MB
Current GC threshold: 59.16 MB
CDS: off

CodeHeap 'non-profiled nmethods': size=120064Kb used=1739Kb max_used=1739Kb free=118324Kb
 bounds [0x000002181b3c0000, 0x000002181b630000, 0x0000021822900000]
CodeHeap 'profiled nmethods': size=120000Kb used=7416Kb max_used=7416Kb free=112583Kb
 bounds [0x0000021813e90000, 0x00000218145d0000, 0x000002181b3c0000]
CodeHeap 'non-nmethods': size=5696Kb used=2273Kb max_used=2311Kb free=3422Kb
 bounds [0x0000021813900000, 0x0000021813b70000, 0x0000021813e90000]
 total_blobs=4306 nmethods=3539 adapters=678
 compilation: enabled
              stopped_count=0, restarted_count=0
 full_count=0

Compilation events (20 events):
Event: 4.383 Thread 0x0000021829e5b800 3540       3       java.util.stream.SpinedBuffer::ensureCapacity (138 bytes)
Event: 4.384 Thread 0x0000021829e5b800 nmethod 3540 0x00000218145c0610 code [0x00000218145c08a0, 0x00000218145c19c8]
Event: 4.384 Thread 0x0000021829e5b800 3541       3       com.sun.beans.util.Cache::getEntryValue (33 bytes)
Event: 4.385 Thread 0x0000021829e5b800 nmethod 3541 0x00000218145c1f10 code [0x00000218145c2100, 0x00000218145c25c8]
Event: 4.385 Thread 0x0000021829e5b800 3542       3       java.beans.PropertyDescriptor::setClass0 (25 bytes)
Event: 4.385 Thread 0x0000021829e5b800 nmethod 3542 0x00000218145c2790 code [0x00000218145c29e0, 0x00000218145c3478]
Event: 4.385 Thread 0x0000021829e5b800 3543       3       java.util.stream.SpinedBuffer::<init> (18 bytes)
Event: 4.385 Thread 0x0000021829e5b800 nmethod 3543 0x00000218145c3710 code [0x00000218145c38e0, 0x00000218145c3b98]
Event: 4.385 Thread 0x0000021829e5b800 3544       3       org.codehaus.groovy.runtime.metaclass.MetaMethodIndex::getMethods (82 bytes)
Event: 4.386 Thread 0x0000021829e5b800 nmethod 3544 0x00000218145c3c90 code [0x00000218145c3ea0, 0x00000218145c4488]
Event: 4.387 Thread 0x0000021829e5b800 3545       3       groovy.lang.MetaClassImpl::getMethods (173 bytes)
Event: 4.388 Thread 0x0000021829e5b800 nmethod 3545 0x00000218145c4710 code [0x00000218145c4a60, 0x00000218145c6098]
Event: 4.388 Thread 0x0000021829e5b800 3546       3       org.codehaus.groovy.runtime.GroovyCategorySupport::getCategoryMethods (21 bytes)
Event: 4.388 Thread 0x0000021829e5b800 nmethod 3546 0x00000218145c6710 code [0x00000218145c6920, 0x00000218145c6ee8]
Event: 4.389 Thread 0x0000021829e5b800 3547       3       jdk.internal.math.FDBigInteger::mult (64 bytes)
Event: 4.389 Thread 0x0000021829e5b800 nmethod 3547 0x00000218145c7090 code [0x00000218145c7260, 0x00000218145c7498]
Event: 4.389 Thread 0x0000021829e5b800 3548       3       jdk.internal.math.FDBigInteger::<init> (30 bytes)
Event: 4.389 Thread 0x0000021829e5b800 nmethod 3548 0x00000218145c7690 code [0x00000218145c7860, 0x00000218145c7a68]
Event: 4.389 Thread 0x0000021829e5b800 3549       3       jdk.internal.math.FDBigInteger::trimLeadingZeros (57 bytes)
Event: 4.389 Thread 0x0000021829e5b800 nmethod 3549 0x00000218145c7b90 code [0x00000218145c7d60, 0x00000218145c8038]

GC Heap History (12 events):
Event: 0.589 GC heap before
{Heap before GC invocations=0 (full 0):
 garbage-first heap   total 120832K, used 27648K [0x0000000080000000, 0x0000000100000000)
  region size 1024K, 22 young (22528K), 0 survivors (0K)
 Metaspace       used 9929K, capacity 10230K, committed 10368K, reserved 1058816K
  class space    used 998K, capacity 1075K, committed 1152K, reserved 1048576K
}
Event: 0.594 GC heap after
{Heap after GC invocations=1 (full 0):
 garbage-first heap   total 120832K, used 9090K [0x0000000080000000, 0x0000000100000000)
  region size 1024K, 3 young (3072K), 3 survivors (3072K)
 Metaspace       used 9929K, capacity 10230K, committed 10368K, reserved 1058816K
  class space    used 998K, capacity 1075K, committed 1152K, reserved 1048576K
}
Event: 0.841 GC heap before
{Heap before GC invocations=1 (full 0):
 garbage-first heap   total 120832K, used 26498K [0x0000000080000000, 0x0000000100000000)
  region size 1024K, 20 young (20480K), 3 survivors (3072K)
 Metaspace       used 11176K, capacity 11446K, committed 11520K, reserved 1058816K
  class space    used 1153K, capacity 1246K, committed 1280K, reserved 1048576K
}
Event: 0.844 GC heap after
{Heap after GC invocations=2 (full 0):
 garbage-first heap   total 120832K, used 9763K [0x0000000080000000, 0x0000000100000000)
  region size 1024K, 1 young (1024K), 1 survivors (1024K)
 Metaspace       used 11176K, capacity 11446K, committed 11520K, reserved 1058816K
  class space    used 1153K, capacity 1246K, committed 1280K, reserved 1048576K
}
Event: 1.355 GC heap before
{Heap before GC invocations=2 (full 0):
 garbage-first heap   total 120832K, used 54819K [0x0000000080000000, 0x0000000100000000)
  region size 1024K, 45 young (46080K), 1 survivors (1024K)
 Metaspace       used 14442K, capacity 14879K, committed 15104K, reserved 1062912K
  class space    used 1625K, capacity 1752K, committed 1792K, reserved 1048576K
}
Event: 1.359 GC heap after
{Heap after GC invocations=3 (full 0):
 garbage-first heap   total 120832K, used 15176K [0x0000000080000000, 0x0000000100000000)
  region size 1024K, 6 young (6144K), 6 survivors (6144K)
 Metaspace       used 14442K, capacity 14879K, committed 15104K, reserved 1062912K
  class space    used 1625K, capacity 1752K, committed 1792K, reserved 1048576K
}
Event: 2.332 GC heap before
{Heap before GC invocations=3 (full 0):
 garbage-first heap   total 120832K, used 58184K [0x0000000080000000, 0x0000000100000000)
  region size 1024K, 50 young (51200K), 6 survivors (6144K)
 Metaspace       used 20757K, capacity 21187K, committed 21296K, reserved 1069056K
  class space    used 2526K, capacity 2686K, committed 2688K, reserved 1048576K
}
Event: 2.342 GC heap after
{Heap after GC invocations=4 (full 0):
 garbage-first heap   total 120832K, used 17383K [0x0000000080000000, 0x0000000100000000)
  region size 1024K, 3 young (3072K), 3 survivors (3072K)
 Metaspace       used 20757K, capacity 21187K, committed 21296K, reserved 1069056K
  class space    used 2526K, capacity 2686K, committed 2688K, reserved 1048576K
}
Event: 2.907 GC heap before
{Heap before GC invocations=5 (full 0):
 garbage-first heap   total 120832K, used 68583K [0x0000000080000000, 0x0000000100000000)
  region size 1024K, 53 young (54272K), 3 survivors (3072K)
 Metaspace       used 26190K, capacity 26822K, committed 26876K, reserved 1073152K
  class space    used 3404K, capacity 3639K, committed 3660K, reserved 1048576K
}
Event: 2.911 GC heap after
{Heap after GC invocations=6 (full 0):
 garbage-first heap   total 145408K, used 19210K [0x0000000080000000, 0x0000000100000000)
  region size 1024K, 4 young (4096K), 4 survivors (4096K)
 Metaspace       used 26190K, capacity 26822K, committed 26876K, reserved 1073152K
  class space    used 3404K, capacity 3639K, committed 3660K, reserved 1048576K
}
Event: 3.674 GC heap before
{Heap before GC invocations=6 (full 0):
 garbage-first heap   total 145408K, used 82698K [0x0000000080000000, 0x0000000100000000)
  region size 1024K, 67 young (68608K), 4 survivors (4096K)
 Metaspace       used 35174K, capacity 35929K, committed 35964K, reserved 1081344K
  class space    used 4515K, capacity 4806K, committed 4812K, reserved 1048576K
}
Event: 3.681 GC heap after
{Heap after GC invocations=7 (full 0):
 garbage-first heap   total 145408K, used 22759K [0x0000000080000000, 0x0000000100000000)
  region size 1024K, 8 young (8192K), 8 survivors (8192K)
 Metaspace       used 35174K, capacity 35929K, committed 35964K, reserved 1081344K
  class space    used 4515K, capacity 4806K, committed 4812K, reserved 1048576K
}

Deoptimization events (20 events):
Event: 4.131 Thread 0x000002182bb81800 DEOPT PACKING pc=0x000002181b53dbc8 sp=0x000000a29d6f7a40
Event: 4.131 Thread 0x000002182bb81800 DEOPT UNPACKING pc=0x000002181394a1af sp=0x000000a29d6f7970 mode 2
Event: 4.131 Thread 0x000002182bb81800 Uncommon trap: trap_request=0xffffffde fr.pc=0x000002181b53f2d4 relative=0x00000000000002f4
Event: 4.131 Thread 0x000002182bb81800 Uncommon trap: reason=class_check action=maybe_recompile pc=0x000002181b53f2d4 method=java.util.regex.Pattern$Start.match(Ljava/util/regex/Matcher;ILjava/lang/CharSequence;)Z @ 44 c2
Event: 4.131 Thread 0x000002182bb81800 DEOPT PACKING pc=0x000002181b53f2d4 sp=0x000000a29d6f79a0
Event: 4.131 Thread 0x000002182bb81800 DEOPT UNPACKING pc=0x000002181394a1af sp=0x000000a29d6f7960 mode 2
Event: 4.169 Thread 0x000002182bb81800 Uncommon trap: trap_request=0xffffffbe fr.pc=0x000002181b5515b0 relative=0x0000000000000850
Event: 4.169 Thread 0x000002182bb81800 Uncommon trap: reason=profile_predicate action=maybe_recompile pc=0x000002181b5515b0 method=java.lang.PublicMethods$MethodList.filter([Ljava/lang/reflect/Method;Ljava/lang/String;[Ljava/lang/Class;Z)Ljava/lang/PublicMethods$MethodList; @ 21 c2
Event: 4.169 Thread 0x000002182bb81800 DEOPT PACKING pc=0x000002181b5515b0 sp=0x000000a29d6f8f80
Event: 4.169 Thread 0x000002182bb81800 DEOPT UNPACKING pc=0x000002181394a1af sp=0x000000a29d6f8f38 mode 2
Event: 4.169 Thread 0x000002182bb81800 Uncommon trap: trap_request=0xffffffbe fr.pc=0x000002181b5515b0 relative=0x0000000000000850
Event: 4.169 Thread 0x000002182bb81800 Uncommon trap: reason=profile_predicate action=maybe_recompile pc=0x000002181b5515b0 method=java.lang.PublicMethods$MethodList.filter([Ljava/lang/reflect/Method;Ljava/lang/String;[Ljava/lang/Class;Z)Ljava/lang/PublicMethods$MethodList; @ 21 c2
Event: 4.169 Thread 0x000002182bb81800 DEOPT PACKING pc=0x000002181b5515b0 sp=0x000000a29d6f8f60
Event: 4.169 Thread 0x000002182bb81800 DEOPT UNPACKING pc=0x000002181394a1af sp=0x000000a29d6f8f18 mode 2
Event: 4.308 Thread 0x000002182bb81800 DEOPT PACKING pc=0x00000218144d88af sp=0x000000a29d6f6db0
Event: 4.308 Thread 0x000002182bb81800 DEOPT UNPACKING pc=0x000002181394a95e sp=0x000000a29d6f6238 mode 0
Event: 4.387 Thread 0x000002182bb81800 Uncommon trap: trap_request=0xffffff4d fr.pc=0x000002181b5287b4 relative=0x0000000000000114
Event: 4.387 Thread 0x000002182bb81800 Uncommon trap: reason=unstable_if action=reinterpret pc=0x000002181b5287b4 method=java.util.Arrays.hashCode([Ljava/lang/Object;)I @ 34 c2
Event: 4.387 Thread 0x000002182bb81800 DEOPT PACKING pc=0x000002181b5287b4 sp=0x000000a29d6f92b0
Event: 4.387 Thread 0x000002182bb81800 DEOPT UNPACKING pc=0x000002181394a1af sp=0x000000a29d6f9230 mode 2

Classes redefined (0 events):
No events

Internal exceptions (20 events):
Event: 4.289 Thread 0x000002182bb81800 Exception <a 'java/lang/NoSuchMethodError'{0x0000000085682438}: 'void java.lang.invoke.DirectMethodHandle$Holder.invokeInterface(java.lang.Object, java.lang.Object)'> (0x0000000085682438) thrown at [./src/hotspot/share/interpreter/linkResolver.cpp, line 773]
Event: 4.316 Thread 0x000002182bb81800 Exception <a 'java/lang/ClassNotFoundException'{0x00000000854874d8}: settings_cgfzi0vavs7kql37jjhfnrrkoBeanInfo> (0x00000000854874d8) thrown at [./src/hotspot/share/classfile/systemDictionary.cpp, line 231]
Event: 4.316 Thread 0x000002182bb81800 Exception <a 'java/lang/ClassNotFoundException'{0x0000000085492e28}: settings_cgfzi0vavs7kql37jjhfnrrkoCustomizer> (0x0000000085492e28) thrown at [./src/hotspot/share/classfile/systemDictionary.cpp, line 231]
Event: 4.328 Thread 0x000002182bb81800 Exception <a 'java/lang/ClassNotFoundException'{0x00000000853c19a0}: org/gradle/internal/management/DefaultDependencyResolutionManagement_DecoratedBeanInfo> (0x00000000853c19a0) thrown at [./src/hotspot/share/classfile/systemDictionary.cpp, line 231]
Event: 4.328 Thread 0x000002182bb81800 Exception <a 'java/lang/ClassNotFoundException'{0x00000000853fbd40}: org/gradle/internal/management/DefaultDependencyResolutionManagementBeanInfo> (0x00000000853fbd40) thrown at [./src/hotspot/share/classfile/systemDictionary.cpp, line 231]
Event: 4.329 Thread 0x000002182bb81800 Exception <a 'java/lang/ClassNotFoundException'{0x00000000852367a0}: org/gradle/internal/management/DefaultDependencyResolutionManagementCustomizer> (0x00000000852367a0) thrown at [./src/hotspot/share/classfile/systemDictionary.cpp, line 231]
Event: 4.330 Thread 0x000002182bb81800 Exception <a 'java/lang/ClassNotFoundException'{0x0000000085286430}: org/gradle/internal/management/DefaultDependencyResolutionManagement_DecoratedCustomizer> (0x0000000085286430) thrown at [./src/hotspot/share/classfile/systemDictionary.cpp, line 231]
Event: 4.335 Thread 0x000002182bb81800 Exception <a 'java/lang/ClassNotFoundException'{0x00000000851139f8}: org/gradle/api/initialization/resolve/RepositoriesModeBeanInfo> (0x00000000851139f8) thrown at [./src/hotspot/share/classfile/systemDictionary.cpp, line 231]
Event: 4.335 Thread 0x000002182bb81800 Exception <a 'java/lang/ClassNotFoundException'{0x00000000851188c0}: java/lang/EnumBeanInfo> (0x00000000851188c0) thrown at [./src/hotspot/share/classfile/systemDictionary.cpp, line 231]
Event: 4.335 Thread 0x000002182bb81800 Exception <a 'java/lang/ClassNotFoundException'{0x000000008511d7a8}: java/lang/EnumCustomizer> (0x000000008511d7a8) thrown at [./src/hotspot/share/classfile/systemDictionary.cpp, line 231]
Event: 4.336 Thread 0x000002182bb81800 Exception <a 'java/lang/ClassNotFoundException'{0x000000008514c5c8}: org/gradle/api/initialization/resolve/RepositoriesModeCustomizer> (0x000000008514c5c8) thrown at [./src/hotspot/share/classfile/systemDictionary.cpp, line 231]
Event: 4.341 Thread 0x000002182bb81800 Exception <a 'java/lang/ClassNotFoundException'{0x00000000851d89b8}: org/gradle/api/internal/provider/DefaultPropertyBeanInfo> (0x00000000851d89b8) thrown at [./src/hotspot/share/classfile/systemDictionary.cpp, line 231]
Event: 4.341 Thread 0x000002182bb81800 Exception <a 'java/lang/ClassNotFoundException'{0x00000000851ff0d0}: org/gradle/api/internal/provider/AbstractPropertyBeanInfo> (0x00000000851ff0d0) thrown at [./src/hotspot/share/classfile/systemDictionary.cpp, line 231]
Event: 4.342 Thread 0x000002182bb81800 Exception <a 'java/lang/ClassNotFoundException'{0x0000000085028a90}: org/gradle/api/internal/provider/AbstractMinimalProviderBeanInfo> (0x0000000085028a90) thrown at [./src/hotspot/share/classfile/systemDictionary.cpp, line 231]
Event: 4.342 Thread 0x000002182bb81800 Exception <a 'java/lang/ClassNotFoundException'{0x0000000085051ea8}: org/gradle/api/internal/provider/AbstractMinimalProviderCustomizer> (0x0000000085051ea8) thrown at [./src/hotspot/share/classfile/systemDictionary.cpp, line 231]
Event: 4.345 Thread 0x000002182bb81800 Exception <a 'java/lang/ClassNotFoundException'{0x00000000850b3720}: org/gradle/api/internal/provider/AbstractPropertyCustomizer> (0x00000000850b3720) thrown at [./src/hotspot/share/classfile/systemDictionary.cpp, line 231]
Event: 4.347 Thread 0x000002182bb81800 Exception <a 'java/lang/ClassNotFoundException'{0x00000000850e6570}: org/gradle/api/internal/provider/DefaultPropertyCustomizer> (0x00000000850e6570) thrown at [./src/hotspot/share/classfile/systemDictionary.cpp, line 231]
Event: 4.383 Thread 0x000002182bb81800 Exception <a 'java/lang/ClassNotFoundException'{0x00000000846de620}: org/gradle/initialization/DefaultProjectDescriptorBeanInfo> (0x00000000846de620) thrown at [./src/hotspot/share/classfile/systemDictionary.cpp, line 231]
Event: 4.384 Thread 0x000002182bb81800 Exception <a 'java/lang/ClassNotFoundException'{0x0000000084505008}: org/gradle/initialization/DefaultProjectDescriptorCustomizer> (0x0000000084505008) thrown at [./src/hotspot/share/classfile/systemDictionary.cpp, line 231]
Event: 4.387 Thread 0x000002182bb81800 Implicit null exception at 0x000002181b5286ef to 0x000002181b528798

Events (20 events):
Event: 4.386 loading class org/gradle/util/internal/NameValidator
Event: 4.386 loading class org/gradle/util/internal/NameValidator done
Event: 4.388 loading class org/gradle/internal/time/TimeFormatting
Event: 4.388 loading class org/gradle/internal/time/TimeFormatting done
Event: 4.388 loading class jdk/internal/math/FDBigInteger
Event: 4.388 loading class jdk/internal/math/FDBigInteger done
Event: 4.390 loading class org/gradle/api/artifacts/repositories/ArtifactRepository
Event: 4.390 loading class org/gradle/api/artifacts/repositories/ArtifactRepository done
Event: 4.390 loading class org/gradle/api/artifacts/repositories/ArtifactRepository
Event: 4.390 loading class org/gradle/api/artifacts/repositories/ArtifactRepository done
Event: 4.390 loading class org/gradle/internal/management/DefaultDependencyResolutionManagement
Event: 4.390 loading class org/gradle/internal/management/DefaultDependencyResolutionManagement done
Event: 4.390 loading class org/gradle/internal/management/DefaultDependencyResolutionManagement
Event: 4.390 loading class org/gradle/internal/management/DefaultDependencyResolutionManagement done
Event: 4.390 loading class org/gradle/caching/local/DirectoryBuildCache
Event: 4.390 loading class org/gradle/caching/local/DirectoryBuildCache done
Event: 4.391 loading class org/gradle/caching/local/internal/DirectoryBuildCacheServiceFactory
Event: 4.391 loading class org/gradle/caching/local/internal/DirectoryBuildCacheServiceFactory done
Event: 4.391 loading class org/gradle/caching/configuration/internal/DefaultBuildCacheConfiguration
Event: 4.391 loading class org/gradle/caching/configuration/internal/DefaultBuildCacheConfiguration done


Dynamic libraries:
0x00007ff757620000 - 0x00007ff75762a000 	C:\Program Files\Android\Android Studio\jre\bin\java.exe
0x00007ffc9b390000 - 0x00007ffc9b588000 	C:\Windows\SYSTEM32\ntdll.dll
0x00007ffc9a880000 - 0x00007ffc9a93f000 	C:\Windows\System32\KERNEL32.DLL
0x00007ffc98ce0000 - 0x00007ffc98fb2000 	C:\Windows\System32\KERNELBASE.dll
0x00007ffc99170000 - 0x00007ffc99270000 	C:\Windows\System32\ucrtbase.dll
0x00007ffc918f0000 - 0x00007ffc91909000 	C:\Program Files\Android\Android Studio\jre\bin\jli.dll
0x00007ffc73b80000 - 0x00007ffc73b97000 	C:\Program Files\Android\Android Studio\jre\bin\VCRUNTIME140.dll
0x00007ffc9a080000 - 0x00007ffc9a221000 	C:\Windows\System32\USER32.dll
0x00007ffc99310000 - 0x00007ffc99332000 	C:\Windows\System32\win32u.dll
0x00007ffc84330000 - 0x00007ffc845ca000 	C:\Windows\WinSxS\amd64_microsoft.windows.common-controls_6595b64144ccf1df_6.0.19041.1110_none_60b5254171f9507e\COMCTL32.dll
0x00007ffc99e60000 - 0x00007ffc99e8b000 	C:\Windows\System32\GDI32.dll
0x00007ffc99e90000 - 0x00007ffc99f2e000 	C:\Windows\System32\msvcrt.dll
0x00007ffc98b30000 - 0x00007ffc98c3f000 	C:\Windows\System32\gdi32full.dll
0x00007ffc99270000 - 0x00007ffc9930d000 	C:\Windows\System32\msvcp_win.dll
0x00007ffc9b2b0000 - 0x00007ffc9b2e2000 	C:\Windows\System32\IMM32.DLL
0x00007ffc63490000 - 0x00007ffc6352d000 	C:\Program Files\Android\Android Studio\jre\bin\msvcp140.dll
0x00007ffc334f0000 - 0x00007ffc33ff2000 	C:\Program Files\Android\Android Studio\jre\bin\server\jvm.dll
0x00007ffc99d40000 - 0x00007ffc99dee000 	C:\Windows\System32\ADVAPI32.dll
0x00007ffc9a940000 - 0x00007ffc9a9dc000 	C:\Windows\System32\sechost.dll
0x00007ffc9a230000 - 0x00007ffc9a355000 	C:\Windows\System32\RPCRT4.dll
0x00007ffc99530000 - 0x00007ffc99538000 	C:\Windows\System32\PSAPI.DLL
0x00007ffc81460000 - 0x00007ffc81469000 	C:\Windows\SYSTEM32\WSOCK32.dll
0x00007ffc8c910000 - 0x00007ffc8c937000 	C:\Windows\SYSTEM32\WINMM.dll
0x00007ffc9ab00000 - 0x00007ffc9ab6b000 	C:\Windows\System32\WS2_32.dll
0x00007ffc8c940000 - 0x00007ffc8c94a000 	C:\Windows\SYSTEM32\VERSION.dll
0x00007ffc972a0000 - 0x00007ffc972b2000 	C:\Windows\SYSTEM32\kernel.appcore.dll
0x00007ffc73290000 - 0x00007ffc732a1000 	C:\Program Files\Android\Android Studio\jre\bin\verify.dll
0x00007ffc95cb0000 - 0x00007ffc95e94000 	C:\Windows\SYSTEM32\DBGHELP.DLL
0x00007ffc83d00000 - 0x00007ffc83d35000 	C:\Windows\SYSTEM32\dbgcore.DLL
0x00007ffc99340000 - 0x00007ffc993c2000 	C:\Windows\System32\bcryptPrimitives.dll
0x00007ffc64ff0000 - 0x00007ffc65019000 	C:\Program Files\Android\Android Studio\jre\bin\java.dll
0x00007ffc93650000 - 0x00007ffc9365b000 	C:\Program Files\Android\Android Studio\jre\bin\jimage.dll
0x00007ffc623a0000 - 0x00007ffc623b8000 	C:\Program Files\Android\Android Studio\jre\bin\zip.dll
0x00007ffc995f0000 - 0x00007ffc99d35000 	C:\Windows\System32\SHELL32.dll
0x00007ffc967c0000 - 0x00007ffc96f52000 	C:\Windows\SYSTEM32\windows.storage.dll
0x00007ffc9ad40000 - 0x00007ffc9b095000 	C:\Windows\System32\combase.dll
0x00007ffc98470000 - 0x00007ffc984a0000 	C:\Windows\SYSTEM32\Wldp.dll
0x00007ffc99540000 - 0x00007ffc995ed000 	C:\Windows\System32\SHCORE.dll
0x00007ffc9ab70000 - 0x00007ffc9abc5000 	C:\Windows\System32\shlwapi.dll
0x00007ffc989c0000 - 0x00007ffc989df000 	C:\Windows\SYSTEM32\profapi.dll
0x00007ffc60210000 - 0x00007ffc6022a000 	C:\Program Files\Android\Android Studio\jre\bin\net.dll
0x00007ffc94390000 - 0x00007ffc9449c000 	C:\Windows\SYSTEM32\WINHTTP.dll
0x00007ffc981d0000 - 0x00007ffc9823a000 	C:\Windows\system32\mswsock.dll
0x00007ffc601f0000 - 0x00007ffc60204000 	C:\Program Files\Android\Android Studio\jre\bin\nio.dll
0x00007ffc5d270000 - 0x00007ffc5d297000 	C:\Users\RAFRA\.gradle\native\e1d6ef7f7dcc3fd88c89a11ec53ec762bb8ba0a96d01ffa2cd45eb1d1d8dd5c5\windows-amd64\native-platform.dll
0x00007ffc58c50000 - 0x00007ffc58d94000 	C:\Users\RAFRA\.gradle\native\0d407fdbe67a94daf76414ababcb853783967236a71b16ec16e742cd7a986fd3\windows-amd64\native-platform-file-events.dll
0x00007ffc92900000 - 0x00007ffc9290a000 	C:\Program Files\Android\Android Studio\jre\bin\management.dll
0x00007ffc74b40000 - 0x00007ffc74b4d000 	C:\Program Files\Android\Android Studio\jre\bin\management_ext.dll
0x00007ffc983c0000 - 0x00007ffc983d8000 	C:\Windows\SYSTEM32\CRYPTSP.dll
0x00007ffc97a80000 - 0x00007ffc97ab4000 	C:\Windows\system32\rsaenh.dll
0x00007ffc98c40000 - 0x00007ffc98c67000 	C:\Windows\System32\bcrypt.dll
0x00007ffc98980000 - 0x00007ffc989ae000 	C:\Windows\SYSTEM32\USERENV.dll
0x00007ffc983e0000 - 0x00007ffc983ec000 	C:\Windows\SYSTEM32\CRYPTBASE.dll
0x00007ffc97ec0000 - 0x00007ffc97efb000 	C:\Windows\SYSTEM32\IPHLPAPI.DLL
0x00007ffc99e50000 - 0x00007ffc99e58000 	C:\Windows\System32\NSI.dll
0x00007ffc93190000 - 0x00007ffc931a7000 	C:\Windows\SYSTEM32\dhcpcsvc6.DLL
0x00007ffc93170000 - 0x00007ffc9318d000 	C:\Windows\SYSTEM32\dhcpcsvc.DLL
0x00007ffc97f00000 - 0x00007ffc97fcb000 	C:\Windows\SYSTEM32\DNSAPI.dll

dbghelp: loaded successfully - version: 4.0.5 - missing functions: none
symbol engine: initialized successfully - sym options: 0x614 - pdb path: .;C:\Program Files\Android\Android Studio\jre\bin;C:\Windows\SYSTEM32;C:\Windows\WinSxS\amd64_microsoft.windows.common-controls_6595b64144ccf1df_6.0.19041.1110_none_60b5254171f9507e;C:\Program Files\Android\Android Studio\jre\bin\server;C:\Users\RAFRA\.gradle\native\e1d6ef7f7dcc3fd88c89a11ec53ec762bb8ba0a96d01ffa2cd45eb1d1d8dd5c5\windows-amd64;C:\Users\RAFRA\.gradle\native\0d407fdbe67a94daf76414ababcb853783967236a71b16ec16e742cd7a986fd3\windows-amd64

VM Arguments:
jvm_args: --add-opens=java.base/java.util=ALL-UNNAMED --add-opens=java.base/java.lang=ALL-UNNAMED --add-opens=java.base/java.lang.invoke=ALL-UNNAMED --add-opens=java.base/java.util=ALL-UNNAMED --add-opens=java.prefs/java.util.prefs=ALL-UNNAMED --add-opens=java.prefs/java.util.prefs=ALL-UNNAMED --add-opens=java.base/java.nio.charset=ALL-UNNAMED --add-opens=java.base/java.net=ALL-UNNAMED --add-opens=java.base/java.util.concurrent.atomic=ALL-UNNAMED -Xmx2048m -Dfile.encoding=UTF-8 -Duser.country=AT -Duser.language=de -Duser.variant 
java_command: org.gradle.launcher.daemon.bootstrap.GradleDaemon 7.4
java_class_path (initial): C:\Users\RAFRA\.gradle\wrapper\dists\gradle-7.4-bin\c0gwcg53nkjbqw7r0h0umtfvt\gradle-7.4\lib\gradle-launcher-7.4.jar
Launcher Type: SUN_STANDARD

[Global flags]
     intx CICompilerCount                          = 3                                         {product} {ergonomic}
     uint ConcGCThreads                            = 2                                         {product} {ergonomic}
     uint G1ConcRefinementThreads                  = 6                                         {product} {ergonomic}
   size_t G1HeapRegionSize                         = 1048576                                   {product} {ergonomic}
    uintx GCDrainStackTargetSize                   = 64                                        {product} {ergonomic}
   size_t InitialHeapSize                          = 123731968                                 {product} {ergonomic}
   size_t MarkStackSize                            = 4194304                                   {product} {ergonomic}
   size_t MaxHeapSize                              = 2147483648                                {product} {command line}
   size_t MaxNewSize                               = 1287651328                                {product} {ergonomic}
   size_t MinHeapDeltaBytes                        = 1048576                                   {product} {ergonomic}
    uintx NonNMethodCodeHeapSize                   = 5830732                                {pd product} {ergonomic}
    uintx NonProfiledCodeHeapSize                  = 122913754                              {pd product} {ergonomic}
    uintx ProfiledCodeHeapSize                     = 122913754                              {pd product} {ergonomic}
    uintx ReservedCodeCacheSize                    = 251658240                              {pd product} {ergonomic}
     bool SegmentedCodeCache                       = true                                      {product} {ergonomic}
     bool UseCompressedClassPointers               = true                                 {lp64_product} {ergonomic}
     bool UseCompressedOops                        = true                                 {lp64_product} {ergonomic}
     bool UseG1GC                                  = true                                      {product} {ergonomic}
     bool UseLargePagesIndividualAllocation        = false                                  {pd product} {ergonomic}

Logging:
Log output configuration:
 #0: stdout all=warning uptime,level,tags
 #1: stderr all=off uptime,level,tags

Environment Variables:
JAVA_HOME=C:\Program Files\Java\jdk-17.0.4.1
PATH=C:\Program Files\Common Files\Oracle\Java\javapath;C:\Program Files (x86)\Common Files\Oracle\Java\javapath;C:\Program Files (x86)\NVIDIA Corporation\PhysX\Common;C:\app\RAFRA\product\18.0.0\dbhomeXE\bin;C:\Windows\system32;C:\Windows;C:\Windows\System32\Wbem;C:\Windows\System32\WindowsPowerShell\v1.0\;C:\Windows\System32\OpenSSH\;C:\Program Files\Git\cmd;C:\Program Files\Docker\Docker\resources\bin;C:\ProgramData\DockerDesktop\version-bin;C:\Program Files\dotnet\;C:\Program Files\Microsoft SQL Server\150\Tools\Binn\;C:\ProgramData\chocolatey\bin;C:\Program Files\nodejs\;C:\Users\RAFRA\.jbang\bin;C:\Users\RAFRA\Downloads\apache-maven-3.8.5-bin\apache-maven-3.8.5\bin;C:\Users\RAFRA\AppData\Local\Programs\Microsoft VS Code\bin;C:\Users\RAFRA\.dotnet\tools;C:\Users\RAFRA\OneDrive\Dokumente\Schule\4_Klasse\NVS\apache-maven-3.8.6-bin\apache-maven-3.8.6\bin;C:\Program Files\Java\jdk-17.0.4.1\bin;C:\Program Files\JetBrains\IntelliJ IDEA Community Edition 2022.2.2\bin;;C:\Users\RAFRA\.krew\bin;C:\Users\RAFRA\AppData\Local\Google\Cloud SDK\google-cloud-sdk\bin;C:\Users\RAFRA\AppData\Roaming\npm
USERNAME=RAFRA
OS=Windows_NT
PROCESSOR_IDENTIFIER=AMD64 Family 23 Model 96 Stepping 1, AuthenticAMD



---------------  S Y S T E M  ---------------

OS: Windows 10 , 64 bit Build 19041 (10.0.19041.2546)
OS uptime: 1 days 1:16 hours
Hyper-V role detected

CPU:total 6 (initial active 6) (6 cores per cpu, 1 threads per core) family 23 model 96 stepping 1 microcode 0x0, cmov, cx8, fxsr, mmx, sse, sse2, sse3, ssse3, sse4.1, sse4.2, popcnt, avx, avx2, aes, clmul, mmxext, 3dnowpref, lzcnt, sse4a, tsc, tscinvbit, tscinv, bmi1, bmi2, adx, sha, fma

Memory: 4k page, system-wide physical 7549M (578M free)
TotalPageFile size 31101M (AvailPageFile size 5M)
current process WorkingSet (physical memory assigned to process): 257M, peak: 257M
current process commit charge ("private bytes"): 333M, peak: 334M

vm_info: OpenJDK 64-Bit Server VM (11.0.13+0-b1751.21-8125866) for windows-amd64 JRE (11.0.13+0-b1751.21-8125866), built on Feb  2 2022 03:00:22 by "builder" with MS VC++ 14.0 (VS2015)

END.
