#
# There is insufficient memory for the Java Runtime Environment to continue.
# Native memory allocation (malloc) failed to allocate 1202976 bytes for Chunk::new
# Possible reasons:
#   The system is out of physical RAM or swap space
#   The process is running with CompressedOops enabled, and the Java Heap may be blocking the growth of the native heap
# Possible solutions:
#   Reduce memory load on the system
#   Increase physical memory or swap space
#   Check if swap backing store is full
#   Decrease Java heap size (-Xmx/-Xms)
#   Decrease number of Java threads
#   Decrease Java thread stack sizes (-Xss)
#   Set larger code cache with -XX:ReservedCodeCacheSize=
#   JVM is running with Unscaled Compressed Oops mode in which the Java heap is
#     placed in the first 4GB address space. The Java Heap base address is the
#     maximum limit for the native heap growth. Please use -XX:HeapBaseMinAddress
#     to set the Java Heap base and to place the Java Heap above 4GB virtual address.
# This output file may be truncated or incomplete.
#
#  Out of Memory Error (./src/hotspot/share/memory/arena.cpp:197), pid=12528, tid=20780
#
# JRE version: OpenJDK Runtime Environment (11.0.13) (build 11.0.13+0-b1751.21-8125866)
# Java VM: OpenJDK 64-Bit Server VM (11.0.13+0-b1751.21-8125866, mixed mode, tiered, compressed oops, g1 gc, windows-amd64)
# No core dump will be written. Minidumps are not enabled by default on client versions of Windows
#

---------------  S U M M A R Y ------------

Command Line: --add-opens=java.base/java.util=ALL-UNNAMED --add-opens=java.base/java.lang=ALL-UNNAMED --add-opens=java.base/java.lang.invoke=ALL-UNNAMED --add-opens=java.base/java.util=ALL-UNNAMED --add-opens=java.prefs/java.util.prefs=ALL-UNNAMED --add-opens=java.prefs/java.util.prefs=ALL-UNNAMED --add-opens=java.base/java.nio.charset=ALL-UNNAMED --add-opens=java.base/java.net=ALL-UNNAMED --add-opens=java.base/java.util.concurrent.atomic=ALL-UNNAMED -Xmx2048m -Dfile.encoding=UTF-8 -Duser.country=AT -Duser.language=de -Duser.variant org.gradle.launcher.daemon.bootstrap.GradleDaemon 7.4

Host: AMD Ryzen 5 4500U with Radeon Graphics         , 6 cores, 7G,  Windows 10 , 64 bit Build 19041 (10.0.19041.2546)
Time: Fri Mar 10 12:59:03 2023 Mitteleuropäische Zeit elapsed time: 8.838475 seconds (0d 0h 0m 8s)

---------------  T H R E A D  ---------------

Current thread (0x000001197f40b000):  JavaThread "C2 CompilerThread0" daemon [_thread_in_native, id=20780, stack(0x00000002bce00000,0x00000002bcf00000)]


Current CompileTask:
C2:   8838 6910   !   4       org.codehaus.groovy.reflection.stdclasses.CachedSAMClass::hasUsableImplementation (72 bytes)

Stack: [0x00000002bce00000,0x00000002bcf00000]
Native frames: (J=compiled Java code, j=interpreted, Vv=VM code, C=native code)
V  [jvm.dll+0x6100fa]
V  [jvm.dll+0x747090]
V  [jvm.dll+0x7486ad]
V  [jvm.dll+0x748d83]
V  [jvm.dll+0x24ab48]
V  [jvm.dll+0xc04dc]
V  [jvm.dll+0xc0a0c]
V  [jvm.dll+0x2bfab4]
V  [jvm.dll+0x524238]
V  [jvm.dll+0x204a21]
V  [jvm.dll+0x2023c2]
V  [jvm.dll+0x188e01]
V  [jvm.dll+0x21106b]
V  [jvm.dll+0x20f8c1]
V  [jvm.dll+0x70de0f]
V  [jvm.dll+0x706a75]
V  [jvm.dll+0x60ed66]
C  [ucrtbase.dll+0x21bb2]
C  [KERNEL32.DLL+0x17614]
C  [ntdll.dll+0x526a1]


---------------  P R O C E S S  ---------------

Threads class SMR info:
_java_thread_list=0x00000119089e89e0, length=102, elements={
0x00000119693ff800, 0x000001197f3e6800, 0x000001197f3e9800, 0x0000011906042800,
0x0000011906043800, 0x000001197f40a000, 0x000001197f40b000, 0x000001197f40d000,
0x000001197f413800, 0x0000011906183000, 0x0000011907f1a000, 0x00000119063f8000,
0x0000011909294800, 0x0000011907a55000, 0x0000011908c41800, 0x0000011907ee7000,
0x0000011907ee8000, 0x00000119077ac800, 0x00000119077ad000, 0x0000011908279800,
0x0000011907a4a000, 0x0000011907a4d000, 0x0000011907a4b800, 0x0000011908361800,
0x0000011907a4e000, 0x0000011907a4c800, 0x0000011907a48800, 0x0000011907a4a800,
0x0000011907a4f000, 0x0000011907a49000, 0x0000011909d09000, 0x0000011909d08000,
0x0000011909d0d000, 0x0000011909d0d800, 0x0000011909d0e800, 0x0000011909d0f800,
0x0000011909d09800, 0x0000011909d0b800, 0x0000011909d10000, 0x0000011909d0a800,
0x0000011909d15000, 0x0000011909d13800, 0x0000011909d16000, 0x0000011909d12000,
0x0000011909d12800, 0x0000011909d16800, 0x0000011909d14800, 0x0000011909d11000,
0x0000011909a71000, 0x0000011909a71800, 0x0000011909a73800, 0x0000011909a72800,
0x0000011909a6d800, 0x0000011909a74000, 0x0000011909a6e800, 0x0000011909a70000,
0x0000011909a75000, 0x0000011909a6f800, 0x0000011909a76000, 0x0000011909a77800,
0x0000011909a78000, 0x0000011909a7b800, 0x0000011909a7a000, 0x0000011909a79000,
0x0000011909a76800, 0x0000011909a7a800, 0x0000011909a7c800, 0x0000011909cec000,
0x0000011909ce9800, 0x0000011909ce8000, 0x0000011909ced800, 0x0000011909cee800,
0x0000011909ce8800, 0x0000011909cec800, 0x0000011909cea800, 0x0000011909cf0000,
0x0000011909cf1000, 0x0000011909ceb000, 0x0000011909cf4000, 0x0000011909cf5000,
0x0000011909cf1800, 0x0000011909cef000, 0x0000011909cf3000, 0x0000011909cf5800,
0x0000011909cf6800, 0x0000011909cf2800, 0x000001190a02c000, 0x000001190a02d000,
0x000001190a028000, 0x000001190a02b800, 0x000001190a027800, 0x000001190a02e000,
0x000001190a02e800, 0x000001190a029000, 0x000001190a02f800, 0x000001190a029800,
0x000001190a030800, 0x000001190a02a800, 0x000001190a035000, 0x000001190a036000,
0x000001190a031000, 0x000001190a033800
}

Java Threads: ( => current thread )
  0x00000119693ff800 JavaThread "main" [_thread_blocked, id=7348, stack(0x00000002bc200000,0x00000002bc300000)]
  0x000001197f3e6800 JavaThread "Reference Handler" daemon [_thread_blocked, id=16612, stack(0x00000002bc900000,0x00000002bca00000)]
  0x000001197f3e9800 JavaThread "Finalizer" daemon [_thread_blocked, id=17588, stack(0x00000002bca00000,0x00000002bcb00000)]
  0x0000011906042800 JavaThread "Signal Dispatcher" daemon [_thread_blocked, id=5268, stack(0x00000002bcb00000,0x00000002bcc00000)]
  0x0000011906043800 JavaThread "Attach Listener" daemon [_thread_blocked, id=22164, stack(0x00000002bcc00000,0x00000002bcd00000)]
  0x000001197f40a000 JavaThread "Service Thread" daemon [_thread_blocked, id=19784, stack(0x00000002bcd00000,0x00000002bce00000)]
=>0x000001197f40b000 JavaThread "C2 CompilerThread0" daemon [_thread_in_native, id=20780, stack(0x00000002bce00000,0x00000002bcf00000)]
  0x000001197f40d000 JavaThread "C1 CompilerThread0" daemon [_thread_blocked, id=10228, stack(0x00000002bcf00000,0x00000002bd000000)]
  0x000001197f413800 JavaThread "Sweeper thread" daemon [_thread_blocked, id=5672, stack(0x00000002bd000000,0x00000002bd100000)]
  0x0000011906183000 JavaThread "Common-Cleaner" daemon [_thread_blocked, id=2292, stack(0x00000002bd100000,0x00000002bd200000)]
  0x0000011907f1a000 JavaThread "Daemon health stats" [_thread_blocked, id=7280, stack(0x00000002bd500000,0x00000002bd600000)]
  0x00000119063f8000 JavaThread "Incoming local TCP Connector on port 49701" [_thread_in_native, id=11344, stack(0x00000002bd300000,0x00000002bd400000)]
  0x0000011909294800 JavaThread "Daemon periodic checks" [_thread_blocked, id=17340, stack(0x00000002bd600000,0x00000002bd700000)]
  0x0000011907a55000 JavaThread "Daemon" [_thread_blocked, id=16904, stack(0x00000002bdb00000,0x00000002bdc00000)]
  0x0000011908c41800 JavaThread "Handler for socket connection from /127.0.0.1:49701 to /127.0.0.1:49702" [_thread_in_native, id=23352, stack(0x00000002bdc00000,0x00000002bdd00000)]
  0x0000011907ee7000 JavaThread "Cancel handler" [_thread_blocked, id=9848, stack(0x00000002bdd00000,0x00000002bde00000)]
  0x0000011907ee8000 JavaThread "Daemon worker" [_thread_in_vm, id=21768, stack(0x00000002bde00000,0x00000002bdf00000)]
  0x00000119077ac800 JavaThread "Asynchronous log dispatcher for DefaultDaemonConnection: socket connection from /127.0.0.1:49701 to /127.0.0.1:49702" [_thread_blocked, id=25276, stack(0x00000002bdf00000,0x00000002be000000)]
  0x00000119077ad000 JavaThread "Stdin handler" [_thread_blocked, id=27056, stack(0x00000002be000000,0x00000002be100000)]
  0x0000011908279800 JavaThread "Daemon client event forwarder" [_thread_blocked, id=5940, stack(0x00000002be100000,0x00000002be200000)]
  0x0000011907a4a000 JavaThread "Cache worker for journal cache (C:\Users\RAFRA\.gradle\caches\journal-1)" [_thread_blocked, id=22892, stack(0x00000002be200000,0x00000002be300000)]
  0x0000011907a4d000 JavaThread "File lock request listener" [_thread_in_native, id=7548, stack(0x00000002be300000,0x00000002be400000)]
  0x0000011907a4b800 JavaThread "Cache worker for file hash cache (C:\Users\RAFRA\.gradle\caches\7.4\fileHashes)" [_thread_blocked, id=21732, stack(0x00000002be400000,0x00000002be500000)]
  0x0000011908361800 JavaThread "C2 CompilerThread1" daemon [_thread_in_native, id=6156, stack(0x00000002be600000,0x00000002be700000)]
  0x0000011907a4e000 JavaThread "File watcher server" daemon [_thread_in_native, id=25064, stack(0x00000002be700000,0x00000002be800000)]
  0x0000011907a4c800 JavaThread "File watcher consumer" daemon [_thread_blocked, id=17080, stack(0x00000002be800000,0x00000002be900000)]
  0x0000011907a48800 JavaThread "Cache worker for checksums cache (C:\Users\RAFRA\Documents\EGD\EGD\AndroidProjekte\EGD\.gradle\7.4\checksums)" [_thread_blocked, id=5976, stack(0x00000002be900000,0x00000002bea00000)]
  0x0000011907a4a800 JavaThread "Cache worker for cache directory md-rule (C:\Users\RAFRA\.gradle\caches\7.4\md-rule)" [_thread_blocked, id=19928, stack(0x00000002bea00000,0x00000002beb00000)]
  0x0000011907a4f000 JavaThread "Cache worker for file hash cache (C:\Users\RAFRA\Documents\EGD\EGD\AndroidProjekte\EGD\.gradle\7.4\fileHashes)" [_thread_blocked, id=17016, stack(0x00000002beb00000,0x00000002bec00000)]
  0x0000011907a49000 JavaThread "Cache worker for cache directory md-supplier (C:\Users\RAFRA\.gradle\caches\7.4\md-supplier)" [_thread_blocked, id=19396, stack(0x00000002bec00000,0x00000002bed00000)]
  0x0000011909d09000 JavaThread "Cache worker for execution history cache (C:\Users\RAFRA\.gradle\caches\7.4\executionHistory)" [_thread_blocked, id=4240, stack(0x00000002bed00000,0x00000002bee00000)]
  0x0000011909d08000 JavaThread "jar transforms" [_thread_blocked, id=22500, stack(0x00000002bee00000,0x00000002bef00000)]
  0x0000011909d0d000 JavaThread "Cache worker for file content cache (C:\Users\RAFRA\.gradle\caches\7.4\fileContent)" [_thread_blocked, id=15600, stack(0x00000002bef00000,0x00000002bf000000)]
  0x0000011909d0d800 JavaThread "jar transforms Thread 2" [_thread_blocked, id=24464, stack(0x00000002bf000000,0x00000002bf100000)]
  0x0000011909d0e800 JavaThread "Cache worker for dependencies-accessors (C:\Users\RAFRA\Documents\EGD\EGD\AndroidProjekte\EGD\.gradle\7.4\dependencies-accessors)" [_thread_blocked, id=20820, stack(0x00000002bf100000,0x00000002bf200000)]
  0x0000011909d0f800 JavaThread "jar transforms Thread 3" [_thread_blocked, id=19300, stack(0x00000002bf200000,0x00000002bf300000)]
  0x0000011909d09800 JavaThread "Cache worker for Build Output Cleanup Cache (C:\Users\RAFRA\Documents\EGD\EGD\AndroidProjekte\EGD\.gradle\buildOutputCleanup)" [_thread_blocked, id=20060, stack(0x00000002bf300000,0x00000002bf400000)]
  0x0000011909d0b800 JavaThread "Unconstrained build operations" [_thread_blocked, id=2144, stack(0x00000002bf400000,0x00000002bf500000)]
  0x0000011909d10000 JavaThread "Unconstrained build operations Thread 2" [_thread_blocked, id=27208, stack(0x00000002bf500000,0x00000002bf600000)]
  0x0000011909d0a800 JavaThread "Unconstrained build operations Thread 3" [_thread_blocked, id=26240, stack(0x00000002bf600000,0x00000002bf700000)]
  0x0000011909d15000 JavaThread "Unconstrained build operations Thread 4" [_thread_blocked, id=24364, stack(0x00000002bf700000,0x00000002bf800000)]
  0x0000011909d13800 JavaThread "Unconstrained build operations Thread 5" [_thread_blocked, id=11680, stack(0x00000002bf800000,0x00000002bf900000)]
  0x0000011909d16000 JavaThread "Unconstrained build operations Thread 6" [_thread_blocked, id=4236, stack(0x00000002bf900000,0x00000002bfa00000)]
  0x0000011909d12000 JavaThread "Unconstrained build operations Thread 7" [_thread_blocked, id=1988, stack(0x00000002bfa00000,0x00000002bfb00000)]
  0x0000011909d12800 JavaThread "Unconstrained build operations Thread 8" [_thread_blocked, id=19680, stack(0x00000002bfb00000,0x00000002bfc00000)]
  0x0000011909d16800 JavaThread "Unconstrained build operations Thread 9" [_thread_blocked, id=19812, stack(0x00000002bfc00000,0x00000002bfd00000)]
  0x0000011909d14800 JavaThread "Unconstrained build operations Thread 10" [_thread_blocked, id=23000, stack(0x00000002bfd00000,0x00000002bfe00000)]
  0x0000011909d11000 JavaThread "Unconstrained build operations Thread 11" [_thread_blocked, id=26328, stack(0x00000002bfe00000,0x00000002bff00000)]
  0x0000011909a71000 JavaThread "Unconstrained build operations Thread 12" [_thread_blocked, id=28184, stack(0x00000002bff00000,0x00000002c0000000)]
  0x0000011909a71800 JavaThread "Unconstrained build operations Thread 13" [_thread_blocked, id=9284, stack(0x00000002c0000000,0x00000002c0100000)]
  0x0000011909a73800 JavaThread "Unconstrained build operations Thread 14" [_thread_blocked, id=11836, stack(0x00000002c0100000,0x00000002c0200000)]
  0x0000011909a72800 JavaThread "Unconstrained build operations Thread 15" [_thread_blocked, id=11784, stack(0x00000002c0200000,0x00000002c0300000)]
  0x0000011909a6d800 JavaThread "Unconstrained build operations Thread 16" [_thread_blocked, id=12588, stack(0x00000002c0300000,0x00000002c0400000)]
  0x0000011909a74000 JavaThread "Unconstrained build operations Thread 17" [_thread_blocked, id=26676, stack(0x00000002c0400000,0x00000002c0500000)]
  0x0000011909a6e800 JavaThread "Unconstrained build operations Thread 18" [_thread_blocked, id=14796, stack(0x00000002c0500000,0x00000002c0600000)]
  0x0000011909a70000 JavaThread "Unconstrained build operations Thread 19" [_thread_blocked, id=17212, stack(0x00000002c0600000,0x00000002c0700000)]
  0x0000011909a75000 JavaThread "Unconstrained build operations Thread 20" [_thread_blocked, id=1192, stack(0x00000002c0700000,0x00000002c0800000)]
  0x0000011909a6f800 JavaThread "Unconstrained build operations Thread 21" [_thread_blocked, id=17348, stack(0x00000002c0800000,0x00000002c0900000)]
  0x0000011909a76000 JavaThread "Unconstrained build operations Thread 22" [_thread_blocked, id=27200, stack(0x00000002c0900000,0x00000002c0a00000)]
  0x0000011909a77800 JavaThread "Unconstrained build operations Thread 23" [_thread_blocked, id=20172, stack(0x00000002c0a00000,0x00000002c0b00000)]
  0x0000011909a78000 JavaThread "Unconstrained build operations Thread 24" [_thread_blocked, id=25956, stack(0x00000002c0b00000,0x00000002c0c00000)]
  0x0000011909a7b800 JavaThread "Unconstrained build operations Thread 25" [_thread_blocked, id=24424, stack(0x00000002c0c00000,0x00000002c0d00000)]
  0x0000011909a7a000 JavaThread "Unconstrained build operations Thread 26" [_thread_blocked, id=21872, stack(0x00000002c0d00000,0x00000002c0e00000)]
  0x0000011909a79000 JavaThread "Unconstrained build operations Thread 27" [_thread_blocked, id=16780, stack(0x00000002c0e00000,0x00000002c0f00000)]
  0x0000011909a76800 JavaThread "Unconstrained build operations Thread 28" [_thread_blocked, id=27996, stack(0x00000002c0f00000,0x00000002c1000000)]
  0x0000011909a7a800 JavaThread "Unconstrained build operations Thread 29" [_thread_blocked, id=18428, stack(0x00000002c1000000,0x00000002c1100000)]
  0x0000011909a7c800 JavaThread "Unconstrained build operations Thread 30" [_thread_blocked, id=24196, stack(0x00000002c1100000,0x00000002c1200000)]
  0x0000011909cec000 JavaThread "Unconstrained build operations Thread 31" [_thread_blocked, id=28112, stack(0x00000002c1200000,0x00000002c1300000)]
  0x0000011909ce9800 JavaThread "Unconstrained build operations Thread 32" [_thread_blocked, id=6364, stack(0x00000002c1300000,0x00000002c1400000)]
  0x0000011909ce8000 JavaThread "Unconstrained build operations Thread 33" [_thread_blocked, id=26296, stack(0x00000002c1400000,0x00000002c1500000)]
  0x0000011909ced800 JavaThread "Unconstrained build operations Thread 34" [_thread_blocked, id=17296, stack(0x00000002c1500000,0x00000002c1600000)]
  0x0000011909cee800 JavaThread "Unconstrained build operations Thread 35" [_thread_blocked, id=20692, stack(0x00000002c1600000,0x00000002c1700000)]
  0x0000011909ce8800 JavaThread "Unconstrained build operations Thread 36" [_thread_blocked, id=27944, stack(0x00000002c1700000,0x00000002c1800000)]
  0x0000011909cec800 JavaThread "Unconstrained build operations Thread 37" [_thread_blocked, id=15528, stack(0x00000002c1800000,0x00000002c1900000)]
  0x0000011909cea800 JavaThread "Unconstrained build operations Thread 38" [_thread_blocked, id=19536, stack(0x00000002c1900000,0x00000002c1a00000)]
  0x0000011909cf0000 JavaThread "Unconstrained build operations Thread 39" [_thread_blocked, id=18772, stack(0x00000002c1a00000,0x00000002c1b00000)]
  0x0000011909cf1000 JavaThread "Unconstrained build operations Thread 40" [_thread_blocked, id=27736, stack(0x00000002c1b00000,0x00000002c1c00000)]
  0x0000011909ceb000 JavaThread "Unconstrained build operations Thread 41" [_thread_blocked, id=24476, stack(0x00000002c1c00000,0x00000002c1d00000)]
  0x0000011909cf4000 JavaThread "Unconstrained build operations Thread 42" [_thread_blocked, id=6948, stack(0x00000002c1d00000,0x00000002c1e00000)]
  0x0000011909cf5000 JavaThread "Unconstrained build operations Thread 43" [_thread_blocked, id=28312, stack(0x00000002c1e00000,0x00000002c1f00000)]
  0x0000011909cf1800 JavaThread "Unconstrained build operations Thread 44" [_thread_blocked, id=26500, stack(0x00000002c1f00000,0x00000002c2000000)]
  0x0000011909cef000 JavaThread "Unconstrained build operations Thread 45" [_thread_blocked, id=27676, stack(0x00000002c2000000,0x00000002c2100000)]
  0x0000011909cf3000 JavaThread "Unconstrained build operations Thread 46" [_thread_blocked, id=3492, stack(0x00000002c2100000,0x00000002c2200000)]
  0x0000011909cf5800 JavaThread "Unconstrained build operations Thread 47" [_thread_blocked, id=24668, stack(0x00000002c2200000,0x00000002c2300000)]
  0x0000011909cf6800 JavaThread "Unconstrained build operations Thread 48" [_thread_blocked, id=12932, stack(0x00000002c2300000,0x00000002c2400000)]
  0x0000011909cf2800 JavaThread "Unconstrained build operations Thread 49" [_thread_blocked, id=19988, stack(0x00000002c2400000,0x00000002c2500000)]
  0x000001190a02c000 JavaThread "Unconstrained build operations Thread 50" [_thread_blocked, id=20452, stack(0x00000002c2500000,0x00000002c2600000)]
  0x000001190a02d000 JavaThread "Unconstrained build operations Thread 51" [_thread_blocked, id=20380, stack(0x00000002c2600000,0x00000002c2700000)]
  0x000001190a028000 JavaThread "Unconstrained build operations Thread 52" [_thread_blocked, id=17496, stack(0x00000002c2700000,0x00000002c2800000)]
  0x000001190a02b800 JavaThread "Unconstrained build operations Thread 53" [_thread_blocked, id=7948, stack(0x00000002c2800000,0x00000002c2900000)]
  0x000001190a027800 JavaThread "Unconstrained build operations Thread 54" [_thread_blocked, id=15620, stack(0x00000002c2900000,0x00000002c2a00000)]
  0x000001190a02e000 JavaThread "Unconstrained build operations Thread 55" [_thread_blocked, id=26196, stack(0x00000002c2a00000,0x00000002c2b00000)]
  0x000001190a02e800 JavaThread "Unconstrained build operations Thread 56" [_thread_blocked, id=1136, stack(0x00000002c2b00000,0x00000002c2c00000)]
  0x000001190a029000 JavaThread "Unconstrained build operations Thread 57" [_thread_blocked, id=15300, stack(0x00000002c2c00000,0x00000002c2d00000)]
  0x000001190a02f800 JavaThread "Unconstrained build operations Thread 58" [_thread_blocked, id=10016, stack(0x00000002c2d00000,0x00000002c2e00000)]
  0x000001190a029800 JavaThread "Unconstrained build operations Thread 59" [_thread_blocked, id=9040, stack(0x00000002c2e00000,0x00000002c2f00000)]
  0x000001190a030800 JavaThread "Unconstrained build operations Thread 60" [_thread_blocked, id=11312, stack(0x00000002c2f00000,0x00000002c3000000)]
  0x000001190a02a800 JavaThread "jar transforms Thread 4" [_thread_blocked, id=3284, stack(0x00000002c3000000,0x00000002c3100000)]
  0x000001190a035000 JavaThread "jar transforms Thread 5" [_thread_blocked, id=26108, stack(0x00000002c3100000,0x00000002c3200000)]
  0x000001190a036000 JavaThread "jar transforms Thread 6" [_thread_blocked, id=16028, stack(0x00000002c3200000,0x00000002c3300000)]
  0x000001190a031000 JavaThread "Memory manager" [_thread_blocked, id=2052, stack(0x00000002c3300000,0x00000002c3400000)]
  0x000001190a033800 JavaThread "build event listener" [_thread_blocked, id=16668, stack(0x00000002c3400000,0x00000002c3500000)]

Other Threads:
  0x000001197f3e4800 VMThread "VM Thread" [stack: 0x00000002bc800000,0x00000002bc900000] [id=1564]
  0x00000119061c6800 WatcherThread [stack: 0x00000002bd200000,0x00000002bd300000] [id=13840]
  0x0000011969417000 GCTaskThread "GC Thread#0" [stack: 0x00000002bc300000,0x00000002bc400000] [id=19380]
  0x000001190708b000 GCTaskThread "GC Thread#1" [stack: 0x00000002bd400000,0x00000002bd500000] [id=3424]
  0x0000011907a69000 GCTaskThread "GC Thread#2" [stack: 0x00000002bd700000,0x00000002bd800000] [id=20556]
  0x0000011906e84000 GCTaskThread "GC Thread#3" [stack: 0x00000002bd800000,0x00000002bd900000] [id=1316]
  0x0000011907956800 GCTaskThread "GC Thread#4" [stack: 0x00000002bd900000,0x00000002bda00000] [id=20212]
  0x0000011907957800 GCTaskThread "GC Thread#5" [stack: 0x00000002bda00000,0x00000002bdb00000] [id=14188]
  0x000001196944a000 ConcurrentGCThread "G1 Main Marker" [stack: 0x00000002bc400000,0x00000002bc500000] [id=19740]
  0x000001196944c000 ConcurrentGCThread "G1 Conc#0" [stack: 0x00000002bc500000,0x00000002bc600000] [id=22564]
  0x0000011907363800 ConcurrentGCThread "G1 Conc#1" [stack: 0x00000002be500000,0x00000002be600000] [id=19096]
  0x00000119694cf000 ConcurrentGCThread "G1 Refine#0" [stack: 0x00000002bc600000,0x00000002bc700000] [id=27180]
  0x00000119694d0000 ConcurrentGCThread "G1 Young RemSet Sampling" [stack: 0x00000002bc700000,0x00000002bc800000] [id=19028]

Threads with active compile tasks:
C2 CompilerThread0   8865 6910   !   4       org.codehaus.groovy.reflection.stdclasses.CachedSAMClass::hasUsableImplementation (72 bytes)
C2 CompilerThread1   8865 6913       4       org.codehaus.groovy.runtime.metaclass.MetaMethodIndex::isMatchingMethod (61 bytes)

VM state:not at safepoint (normal execution)

VM Mutex/Monitor currently owned by a thread: None

Heap address: 0x0000000080000000, size: 2048 MB, Compressed Oops mode: 32-bit
Narrow klass base: 0x0000000000000000, Narrow klass shift: 3
Compressed class space size: 1073741824 Address: 0x0000000100000000

Heap:
 garbage-first heap   total 175104K, used 81253K [0x0000000080000000, 0x0000000100000000)
  region size 1024K, 25 young (25600K), 5 survivors (5120K)
 Metaspace       used 68422K, capacity 70018K, committed 70308K, reserved 1110016K
  class space    used 8592K, capacity 9206K, committed 9292K, reserved 1048576K
Heap Regions: E=young(eden), S=young(survivor), O=old, HS=humongous(starts), HC=humongous(continues), CS=collection set, F=free, A=archive, TAMS=top-at-mark-start (previous, next)
|   0|0x0000000080000000, 0x0000000080100000, 0x0000000080100000|100%| O|  |TAMS 0x0000000080100000, 0x0000000080000000| Untracked 
|   1|0x0000000080100000, 0x0000000080200000, 0x0000000080200000|100%| O|  |TAMS 0x0000000080200000, 0x0000000080100000| Untracked 
|   2|0x0000000080200000, 0x0000000080300000, 0x0000000080300000|100%| O|  |TAMS 0x0000000080300000, 0x0000000080200000| Untracked 
|   3|0x0000000080300000, 0x0000000080400000, 0x0000000080400000|100%|HS|  |TAMS 0x0000000080400000, 0x0000000080300000| Complete 
|   4|0x0000000080400000, 0x0000000080500000, 0x0000000080500000|100%|HC|  |TAMS 0x0000000080500000, 0x0000000080400000| Complete 
|   5|0x0000000080500000, 0x0000000080600000, 0x0000000080600000|100%|HC|  |TAMS 0x0000000080600000, 0x0000000080500000| Complete 
|   6|0x0000000080600000, 0x0000000080700000, 0x0000000080700000|100%| O|  |TAMS 0x0000000080700000, 0x0000000080600000| Untracked 
|   7|0x0000000080700000, 0x0000000080800000, 0x0000000080800000|100%| O|  |TAMS 0x0000000080800000, 0x0000000080700000| Untracked 
|   8|0x0000000080800000, 0x0000000080900000, 0x0000000080900000|100%| O|  |TAMS 0x0000000080900000, 0x0000000080800000| Untracked 
|   9|0x0000000080900000, 0x0000000080a00000, 0x0000000080a00000|100%| O|  |TAMS 0x0000000080a00000, 0x0000000080900000| Untracked 
|  10|0x0000000080a00000, 0x0000000080b00000, 0x0000000080b00000|100%| O|  |TAMS 0x0000000080b00000, 0x0000000080a00000| Untracked 
|  11|0x0000000080b00000, 0x0000000080c00000, 0x0000000080c00000|100%| O|  |TAMS 0x0000000080c00000, 0x0000000080b00000| Untracked 
|  12|0x0000000080c00000, 0x0000000080d00000, 0x0000000080d00000|100%| O|  |TAMS 0x0000000080d00000, 0x0000000080c00000| Untracked 
|  13|0x0000000080d00000, 0x0000000080e00000, 0x0000000080e00000|100%| O|  |TAMS 0x0000000080e00000, 0x0000000080d00000| Untracked 
|  14|0x0000000080e00000, 0x0000000080f00000, 0x0000000080f00000|100%| O|  |TAMS 0x0000000080f00000, 0x0000000080e00000| Untracked 
|  15|0x0000000080f00000, 0x0000000081000000, 0x0000000081000000|100%| O|  |TAMS 0x0000000081000000, 0x0000000080f00000| Untracked 
|  16|0x0000000081000000, 0x0000000081100000, 0x0000000081100000|100%|HS|  |TAMS 0x0000000081100000, 0x0000000081000000| Complete 
|  17|0x0000000081100000, 0x0000000081200000, 0x0000000081200000|100%| O|  |TAMS 0x0000000081200000, 0x0000000081100000| Untracked 
|  18|0x0000000081200000, 0x0000000081300000, 0x0000000081300000|100%| O|  |TAMS 0x0000000081300000, 0x0000000081200000| Untracked 
|  19|0x0000000081300000, 0x0000000081400000, 0x0000000081400000|100%| O|  |TAMS 0x0000000081400000, 0x0000000081300000| Untracked 
|  20|0x0000000081400000, 0x0000000081500000, 0x0000000081500000|100%| O|  |TAMS 0x0000000081500000, 0x0000000081400000| Untracked 
|  21|0x0000000081500000, 0x0000000081600000, 0x0000000081600000|100%| O|  |TAMS 0x0000000081600000, 0x0000000081500000| Untracked 
|  22|0x0000000081600000, 0x0000000081700000, 0x0000000081700000|100%| O|  |TAMS 0x0000000081700000, 0x0000000081600000| Untracked 
|  23|0x0000000081700000, 0x0000000081800000, 0x0000000081800000|100%| O|  |TAMS 0x0000000081800000, 0x0000000081700000| Untracked 
|  24|0x0000000081800000, 0x0000000081900000, 0x0000000081900000|100%|HS|  |TAMS 0x0000000081900000, 0x0000000081800000| Complete 
|  25|0x0000000081900000, 0x0000000081a00000, 0x0000000081a00000|100%|HS|  |TAMS 0x0000000081a00000, 0x0000000081900000| Complete 
|  26|0x0000000081a00000, 0x0000000081b00000, 0x0000000081b00000|100%|HS|  |TAMS 0x0000000081b00000, 0x0000000081a00000| Complete 
|  27|0x0000000081b00000, 0x0000000081c00000, 0x0000000081c00000|100%|HC|  |TAMS 0x0000000081c00000, 0x0000000081b00000| Complete 
|  28|0x0000000081c00000, 0x0000000081d00000, 0x0000000081d00000|100%|HC|  |TAMS 0x0000000081d00000, 0x0000000081c00000| Complete 
|  29|0x0000000081d00000, 0x0000000081e00000, 0x0000000081e00000|100%| O|  |TAMS 0x0000000081e00000, 0x0000000081d00000| Untracked 
|  30|0x0000000081e00000, 0x0000000081f00000, 0x0000000081f00000|100%|HS|  |TAMS 0x0000000081f00000, 0x0000000081e00000| Complete 
|  31|0x0000000081f00000, 0x0000000082000000, 0x0000000082000000|100%|HC|  |TAMS 0x0000000082000000, 0x0000000081f00000| Complete 
|  32|0x0000000082000000, 0x0000000082100000, 0x0000000082100000|100%| O|  |TAMS 0x0000000082100000, 0x0000000082000000| Untracked 
|  33|0x0000000082100000, 0x0000000082200000, 0x0000000082200000|100%| O|  |TAMS 0x0000000082200000, 0x0000000082100000| Untracked 
|  34|0x0000000082200000, 0x0000000082300000, 0x0000000082300000|100%| O|  |TAMS 0x0000000082300000, 0x0000000082200000| Untracked 
|  35|0x0000000082300000, 0x0000000082400000, 0x0000000082400000|100%| O|  |TAMS 0x0000000082400000, 0x0000000082300000| Untracked 
|  36|0x0000000082400000, 0x0000000082500000, 0x0000000082500000|100%| O|  |TAMS 0x0000000082500000, 0x0000000082400000| Untracked 
|  37|0x0000000082500000, 0x0000000082600000, 0x0000000082600000|100%| O|  |TAMS 0x0000000082600000, 0x0000000082500000| Untracked 
|  38|0x0000000082600000, 0x0000000082700000, 0x0000000082700000|100%| O|  |TAMS 0x0000000082700000, 0x0000000082600000| Untracked 
|  39|0x0000000082700000, 0x0000000082800000, 0x0000000082800000|100%| O|  |TAMS 0x0000000082800000, 0x0000000082700000| Untracked 
|  40|0x0000000082800000, 0x0000000082900000, 0x0000000082900000|100%| O|  |TAMS 0x0000000082900000, 0x0000000082800000| Untracked 
|  41|0x0000000082900000, 0x0000000082a00000, 0x0000000082a00000|100%| O|  |TAMS 0x0000000082a00000, 0x0000000082900000| Untracked 
|  42|0x0000000082a00000, 0x0000000082b00000, 0x0000000082b00000|100%| O|  |TAMS 0x0000000082b00000, 0x0000000082a00000| Untracked 
|  43|0x0000000082b00000, 0x0000000082c00000, 0x0000000082c00000|100%| O|  |TAMS 0x0000000082c00000, 0x0000000082b00000| Untracked 
|  44|0x0000000082c00000, 0x0000000082d00000, 0x0000000082d00000|100%| O|  |TAMS 0x0000000082d00000, 0x0000000082c00000| Untracked 
|  45|0x0000000082d00000, 0x0000000082e00000, 0x0000000082e00000|100%| O|  |TAMS 0x0000000082e00000, 0x0000000082d00000| Untracked 
|  46|0x0000000082e00000, 0x0000000082f00000, 0x0000000082f00000|100%| O|  |TAMS 0x0000000082f00000, 0x0000000082e00000| Untracked 
|  47|0x0000000082f00000, 0x0000000082f00000, 0x0000000083000000|  0%| F|  |TAMS 0x0000000082f00000, 0x0000000082f00000| Untracked 
|  48|0x0000000083000000, 0x0000000083100000, 0x0000000083100000|100%| O|  |TAMS 0x0000000083000000, 0x0000000083000000| Untracked 
|  49|0x0000000083100000, 0x0000000083200000, 0x0000000083200000|100%| O|  |TAMS 0x0000000083100000, 0x0000000083100000| Untracked 
|  50|0x0000000083200000, 0x0000000083300000, 0x0000000083300000|100%| O|  |TAMS 0x0000000083300000, 0x0000000083200000| Untracked 
|  51|0x0000000083300000, 0x0000000083400000, 0x0000000083400000|100%| O|  |TAMS 0x000000008332f600, 0x0000000083300000| Untracked 
|  52|0x0000000083400000, 0x0000000083500000, 0x0000000083500000|100%| O|  |TAMS 0x0000000083400000, 0x0000000083400000| Untracked 
|  53|0x0000000083500000, 0x0000000083600000, 0x0000000083600000|100%| O|  |TAMS 0x0000000083500000, 0x0000000083500000| Untracked 
|  54|0x0000000083600000, 0x0000000083700000, 0x0000000083700000|100%| O|  |TAMS 0x0000000083600000, 0x0000000083600000| Untracked 
|  55|0x0000000083700000, 0x0000000083800000, 0x0000000083800000|100%| O|  |TAMS 0x0000000083700000, 0x0000000083700000| Untracked 
|  56|0x0000000083800000, 0x0000000083888a00, 0x0000000083900000| 53%| O|  |TAMS 0x0000000083800000, 0x0000000083800000| Untracked 
|  57|0x0000000083900000, 0x0000000083900000, 0x0000000083a00000|  0%| F|  |TAMS 0x0000000083900000, 0x0000000083900000| Untracked 
|  58|0x0000000083a00000, 0x0000000083a00000, 0x0000000083b00000|  0%| F|  |TAMS 0x0000000083a00000, 0x0000000083a00000| Untracked 
|  59|0x0000000083b00000, 0x0000000083b00000, 0x0000000083c00000|  0%| F|  |TAMS 0x0000000083b00000, 0x0000000083b00000| Untracked 
|  60|0x0000000083c00000, 0x0000000083c00000, 0x0000000083d00000|  0%| F|  |TAMS 0x0000000083c00000, 0x0000000083c00000| Untracked 
|  61|0x0000000083d00000, 0x0000000083d00000, 0x0000000083e00000|  0%| F|  |TAMS 0x0000000083d00000, 0x0000000083d00000| Untracked 
|  62|0x0000000083e00000, 0x0000000083e00000, 0x0000000083f00000|  0%| F|  |TAMS 0x0000000083e00000, 0x0000000083e00000| Untracked 
|  63|0x0000000083f00000, 0x0000000083f00000, 0x0000000084000000|  0%| F|  |TAMS 0x0000000083f00000, 0x0000000083f00000| Untracked 
|  64|0x0000000084000000, 0x0000000084000000, 0x0000000084100000|  0%| F|  |TAMS 0x0000000084000000, 0x0000000084000000| Untracked 
|  65|0x0000000084100000, 0x0000000084100000, 0x0000000084200000|  0%| F|  |TAMS 0x0000000084100000, 0x0000000084100000| Untracked 
|  66|0x0000000084200000, 0x0000000084200000, 0x0000000084300000|  0%| F|  |TAMS 0x0000000084200000, 0x0000000084200000| Untracked 
|  67|0x0000000084300000, 0x0000000084300000, 0x0000000084400000|  0%| F|  |TAMS 0x0000000084300000, 0x0000000084300000| Untracked 
|  68|0x0000000084400000, 0x0000000084400000, 0x0000000084500000|  0%| F|  |TAMS 0x0000000084400000, 0x0000000084400000| Untracked 
|  69|0x0000000084500000, 0x0000000084500000, 0x0000000084600000|  0%| F|  |TAMS 0x0000000084500000, 0x0000000084500000| Untracked 
|  70|0x0000000084600000, 0x0000000084600000, 0x0000000084700000|  0%| F|  |TAMS 0x0000000084600000, 0x0000000084600000| Untracked 
|  71|0x0000000084700000, 0x0000000084700000, 0x0000000084800000|  0%| F|  |TAMS 0x0000000084700000, 0x0000000084700000| Untracked 
|  72|0x0000000084800000, 0x0000000084800000, 0x0000000084900000|  0%| F|  |TAMS 0x0000000084800000, 0x0000000084800000| Untracked 
|  73|0x0000000084900000, 0x0000000084900000, 0x0000000084a00000|  0%| F|  |TAMS 0x0000000084900000, 0x0000000084900000| Untracked 
|  74|0x0000000084a00000, 0x0000000084a00000, 0x0000000084b00000|  0%| F|  |TAMS 0x0000000084a00000, 0x0000000084a00000| Untracked 
|  75|0x0000000084b00000, 0x0000000084b00000, 0x0000000084c00000|  0%| F|  |TAMS 0x0000000084b00000, 0x0000000084b00000| Untracked 
|  76|0x0000000084c00000, 0x0000000084c00000, 0x0000000084d00000|  0%| F|  |TAMS 0x0000000084c00000, 0x0000000084c00000| Untracked 
|  77|0x0000000084d00000, 0x0000000084d00000, 0x0000000084e00000|  0%| F|  |TAMS 0x0000000084d00000, 0x0000000084d00000| Untracked 
|  78|0x0000000084e00000, 0x0000000084e00000, 0x0000000084f00000|  0%| F|  |TAMS 0x0000000084e00000, 0x0000000084e00000| Untracked 
|  79|0x0000000084f00000, 0x0000000084f00000, 0x0000000085000000|  0%| F|  |TAMS 0x0000000084f00000, 0x0000000084f00000| Untracked 
|  80|0x0000000085000000, 0x0000000085000000, 0x0000000085100000|  0%| F|  |TAMS 0x0000000085000000, 0x0000000085000000| Untracked 
|  81|0x0000000085100000, 0x0000000085100000, 0x0000000085200000|  0%| F|  |TAMS 0x0000000085100000, 0x0000000085100000| Untracked 
|  82|0x0000000085200000, 0x0000000085200000, 0x0000000085300000|  0%| F|  |TAMS 0x0000000085200000, 0x0000000085200000| Untracked 
|  83|0x0000000085300000, 0x0000000085300000, 0x0000000085400000|  0%| F|  |TAMS 0x0000000085300000, 0x0000000085300000| Untracked 
|  84|0x0000000085400000, 0x0000000085400000, 0x0000000085500000|  0%| F|  |TAMS 0x0000000085400000, 0x0000000085400000| Untracked 
|  85|0x0000000085500000, 0x0000000085500000, 0x0000000085600000|  0%| F|  |TAMS 0x0000000085500000, 0x0000000085500000| Untracked 
|  86|0x0000000085600000, 0x0000000085600000, 0x0000000085700000|  0%| F|  |TAMS 0x0000000085600000, 0x0000000085600000| Untracked 
|  87|0x0000000085700000, 0x0000000085700000, 0x0000000085800000|  0%| F|  |TAMS 0x0000000085700000, 0x0000000085700000| Untracked 
|  88|0x0000000085800000, 0x0000000085800000, 0x0000000085900000|  0%| F|  |TAMS 0x0000000085800000, 0x0000000085800000| Untracked 
|  89|0x0000000085900000, 0x0000000085900000, 0x0000000085a00000|  0%| F|  |TAMS 0x0000000085900000, 0x0000000085900000| Untracked 
|  90|0x0000000085a00000, 0x0000000085a00000, 0x0000000085b00000|  0%| F|  |TAMS 0x0000000085a00000, 0x0000000085a00000| Untracked 
|  91|0x0000000085b00000, 0x0000000085b00000, 0x0000000085c00000|  0%| F|  |TAMS 0x0000000085b00000, 0x0000000085b00000| Untracked 
|  92|0x0000000085c00000, 0x0000000085cd0ce0, 0x0000000085d00000| 81%| S|CS|TAMS 0x0000000085c00000, 0x0000000085c00000| Complete 
|  93|0x0000000085d00000, 0x0000000085d00000, 0x0000000085e00000|  0%| F|  |TAMS 0x0000000085d00000, 0x0000000085d00000| Untracked 
|  94|0x0000000085e00000, 0x0000000085e00000, 0x0000000085f00000|  0%| F|  |TAMS 0x0000000085e00000, 0x0000000085e00000| Untracked 
|  95|0x0000000085f00000, 0x0000000085f00000, 0x0000000086000000|  0%| F|  |TAMS 0x0000000085f00000, 0x0000000085f00000| Untracked 
|  96|0x0000000086000000, 0x0000000086000000, 0x0000000086100000|  0%| F|  |TAMS 0x0000000086000000, 0x0000000086000000| Untracked 
|  97|0x0000000086100000, 0x0000000086100000, 0x0000000086200000|  0%| F|  |TAMS 0x0000000086100000, 0x0000000086100000| Untracked 
|  98|0x0000000086200000, 0x0000000086200000, 0x0000000086300000|  0%| F|  |TAMS 0x0000000086200000, 0x0000000086200000| Untracked 
|  99|0x0000000086300000, 0x0000000086300000, 0x0000000086400000|  0%| F|  |TAMS 0x0000000086300000, 0x0000000086300000| Untracked 
| 100|0x0000000086400000, 0x0000000086400000, 0x0000000086500000|  0%| F|  |TAMS 0x0000000086400000, 0x0000000086400000| Untracked 
| 101|0x0000000086500000, 0x0000000086600000, 0x0000000086600000|100%| S|CS|TAMS 0x0000000086500000, 0x0000000086500000| Complete 
| 102|0x0000000086600000, 0x0000000086700000, 0x0000000086700000|100%| S|CS|TAMS 0x0000000086600000, 0x0000000086600000| Complete 
| 103|0x0000000086700000, 0x0000000086800000, 0x0000000086800000|100%| S|CS|TAMS 0x0000000086700000, 0x0000000086700000| Complete 
| 104|0x0000000086800000, 0x0000000086900000, 0x0000000086900000|100%| S|CS|TAMS 0x0000000086800000, 0x0000000086800000| Complete 
| 105|0x0000000086900000, 0x0000000086900000, 0x0000000086a00000|  0%| F|  |TAMS 0x0000000086900000, 0x0000000086900000| Untracked 
| 106|0x0000000086a00000, 0x0000000086a00000, 0x0000000086b00000|  0%| F|  |TAMS 0x0000000086a00000, 0x0000000086a00000| Untracked 
| 107|0x0000000086b00000, 0x0000000086b00000, 0x0000000086c00000|  0%| F|  |TAMS 0x0000000086b00000, 0x0000000086b00000| Untracked 
| 108|0x0000000086c00000, 0x0000000086c00000, 0x0000000086d00000|  0%| F|  |TAMS 0x0000000086c00000, 0x0000000086c00000| Untracked 
| 109|0x0000000086d00000, 0x0000000086d00000, 0x0000000086e00000|  0%| F|  |TAMS 0x0000000086d00000, 0x0000000086d00000| Untracked 
| 110|0x0000000086e00000, 0x0000000086e00000, 0x0000000086f00000|  0%| F|  |TAMS 0x0000000086e00000, 0x0000000086e00000| Untracked 
| 111|0x0000000086f00000, 0x0000000086f00000, 0x0000000087000000|  0%| F|  |TAMS 0x0000000086f00000, 0x0000000086f00000| Untracked 
| 112|0x0000000087000000, 0x0000000087000000, 0x0000000087100000|  0%| F|  |TAMS 0x0000000087000000, 0x0000000087000000| Untracked 
| 113|0x0000000087100000, 0x0000000087100000, 0x0000000087200000|  0%| F|  |TAMS 0x0000000087100000, 0x0000000087100000| Untracked 
| 114|0x0000000087200000, 0x0000000087200000, 0x0000000087300000|  0%| F|  |TAMS 0x0000000087200000, 0x0000000087200000| Untracked 
| 115|0x0000000087300000, 0x0000000087300000, 0x0000000087400000|  0%| F|  |TAMS 0x0000000087300000, 0x0000000087300000| Untracked 
| 116|0x0000000087400000, 0x0000000087400000, 0x0000000087500000|  0%| F|  |TAMS 0x0000000087400000, 0x0000000087400000| Untracked 
| 117|0x0000000087500000, 0x0000000087500000, 0x0000000087600000|  0%| F|  |TAMS 0x0000000087500000, 0x0000000087500000| Untracked 
| 118|0x0000000087600000, 0x0000000087600000, 0x0000000087700000|  0%| F|  |TAMS 0x0000000087600000, 0x0000000087600000| Untracked 
| 119|0x0000000087700000, 0x0000000087700000, 0x0000000087800000|  0%| F|  |TAMS 0x0000000087700000, 0x0000000087700000| Untracked 
| 120|0x0000000087800000, 0x0000000087800000, 0x0000000087900000|  0%| F|  |TAMS 0x0000000087800000, 0x0000000087800000| Untracked 
| 121|0x0000000087900000, 0x0000000087900000, 0x0000000087a00000|  0%| F|  |TAMS 0x0000000087900000, 0x0000000087900000| Untracked 
| 122|0x0000000087a00000, 0x0000000087a00000, 0x0000000087b00000|  0%| F|  |TAMS 0x0000000087a00000, 0x0000000087a00000| Untracked 
| 123|0x0000000087b00000, 0x0000000087b00000, 0x0000000087c00000|  0%| F|  |TAMS 0x0000000087b00000, 0x0000000087b00000| Untracked 
| 124|0x0000000087c00000, 0x0000000087c00000, 0x0000000087d00000|  0%| F|  |TAMS 0x0000000087c00000, 0x0000000087c00000| Untracked 
| 125|0x0000000087d00000, 0x0000000087d00000, 0x0000000087e00000|  0%| F|  |TAMS 0x0000000087d00000, 0x0000000087d00000| Untracked 
| 126|0x0000000087e00000, 0x0000000087e00000, 0x0000000087f00000|  0%| F|  |TAMS 0x0000000087e00000, 0x0000000087e00000| Untracked 
| 127|0x0000000087f00000, 0x0000000087f00000, 0x0000000088000000|  0%| F|  |TAMS 0x0000000087f00000, 0x0000000087f00000| Untracked 
| 128|0x0000000088000000, 0x0000000088000000, 0x0000000088100000|  0%| F|  |TAMS 0x0000000088000000, 0x0000000088000000| Untracked 
| 129|0x0000000088100000, 0x0000000088100000, 0x0000000088200000|  0%| F|  |TAMS 0x0000000088100000, 0x0000000088100000| Untracked 
| 130|0x0000000088200000, 0x0000000088200000, 0x0000000088300000|  0%| F|  |TAMS 0x0000000088200000, 0x0000000088200000| Untracked 
| 131|0x0000000088300000, 0x0000000088300000, 0x0000000088400000|  0%| F|  |TAMS 0x0000000088300000, 0x0000000088300000| Untracked 
| 132|0x0000000088400000, 0x0000000088400000, 0x0000000088500000|  0%| F|  |TAMS 0x0000000088400000, 0x0000000088400000| Untracked 
| 133|0x0000000088500000, 0x0000000088500000, 0x0000000088600000|  0%| F|  |TAMS 0x0000000088500000, 0x0000000088500000| Untracked 
| 134|0x0000000088600000, 0x0000000088600000, 0x0000000088700000|  0%| F|  |TAMS 0x0000000088600000, 0x0000000088600000| Untracked 
| 135|0x0000000088700000, 0x0000000088700000, 0x0000000088800000|  0%| F|  |TAMS 0x0000000088700000, 0x0000000088700000| Untracked 
| 136|0x0000000088800000, 0x0000000088800000, 0x0000000088900000|  0%| F|  |TAMS 0x0000000088800000, 0x0000000088800000| Untracked 
| 137|0x0000000088900000, 0x0000000088900000, 0x0000000088a00000|  0%| F|  |TAMS 0x0000000088900000, 0x0000000088900000| Untracked 
| 138|0x0000000088a00000, 0x0000000088a00000, 0x0000000088b00000|  0%| F|  |TAMS 0x0000000088a00000, 0x0000000088a00000| Untracked 
| 139|0x0000000088b00000, 0x0000000088b00000, 0x0000000088c00000|  0%| F|  |TAMS 0x0000000088b00000, 0x0000000088b00000| Untracked 
| 140|0x0000000088c00000, 0x0000000088c00000, 0x0000000088d00000|  0%| F|  |TAMS 0x0000000088c00000, 0x0000000088c00000| Untracked 
| 141|0x0000000088d00000, 0x0000000088d00000, 0x0000000088e00000|  0%| F|  |TAMS 0x0000000088d00000, 0x0000000088d00000| Untracked 
| 142|0x0000000088e00000, 0x0000000088e00000, 0x0000000088f00000|  0%| F|  |TAMS 0x0000000088e00000, 0x0000000088e00000| Untracked 
| 143|0x0000000088f00000, 0x0000000088f00000, 0x0000000089000000|  0%| F|  |TAMS 0x0000000088f00000, 0x0000000088f00000| Untracked 
| 144|0x0000000089000000, 0x0000000089000000, 0x0000000089100000|  0%| F|  |TAMS 0x0000000089000000, 0x0000000089000000| Untracked 
| 145|0x0000000089100000, 0x0000000089100000, 0x0000000089200000|  0%| F|  |TAMS 0x0000000089100000, 0x0000000089100000| Untracked 
| 146|0x0000000089200000, 0x0000000089200000, 0x0000000089300000|  0%| F|  |TAMS 0x0000000089200000, 0x0000000089200000| Untracked 
| 147|0x0000000089300000, 0x0000000089300000, 0x0000000089400000|  0%| F|  |TAMS 0x0000000089300000, 0x0000000089300000| Untracked 
| 148|0x0000000089400000, 0x0000000089400000, 0x0000000089500000|  0%| F|  |TAMS 0x0000000089400000, 0x0000000089400000| Untracked 
| 149|0x0000000089500000, 0x0000000089500000, 0x0000000089600000|  0%| F|  |TAMS 0x0000000089500000, 0x0000000089500000| Untracked 
| 150|0x0000000089600000, 0x0000000089680800, 0x0000000089700000| 50%| E|  |TAMS 0x0000000089600000, 0x0000000089600000| Complete 
| 151|0x0000000089700000, 0x0000000089800000, 0x0000000089800000|100%| E|CS|TAMS 0x0000000089700000, 0x0000000089700000| Complete 
| 152|0x0000000089800000, 0x0000000089900000, 0x0000000089900000|100%| E|CS|TAMS 0x0000000089800000, 0x0000000089800000| Complete 
| 153|0x0000000089900000, 0x0000000089a00000, 0x0000000089a00000|100%| E|CS|TAMS 0x0000000089900000, 0x0000000089900000| Complete 
| 154|0x0000000089a00000, 0x0000000089b00000, 0x0000000089b00000|100%| E|CS|TAMS 0x0000000089a00000, 0x0000000089a00000| Complete 
| 155|0x0000000089b00000, 0x0000000089c00000, 0x0000000089c00000|100%| E|CS|TAMS 0x0000000089b00000, 0x0000000089b00000| Complete 
| 156|0x0000000089c00000, 0x0000000089d00000, 0x0000000089d00000|100%| E|CS|TAMS 0x0000000089c00000, 0x0000000089c00000| Complete 
| 157|0x0000000089d00000, 0x0000000089e00000, 0x0000000089e00000|100%| E|CS|TAMS 0x0000000089d00000, 0x0000000089d00000| Complete 
| 158|0x0000000089e00000, 0x0000000089f00000, 0x0000000089f00000|100%| E|CS|TAMS 0x0000000089e00000, 0x0000000089e00000| Complete 
| 159|0x0000000089f00000, 0x000000008a000000, 0x000000008a000000|100%| E|CS|TAMS 0x0000000089f00000, 0x0000000089f00000| Complete 
| 160|0x000000008a000000, 0x000000008a100000, 0x000000008a100000|100%| E|CS|TAMS 0x000000008a000000, 0x000000008a000000| Complete 
| 161|0x000000008a100000, 0x000000008a200000, 0x000000008a200000|100%| E|CS|TAMS 0x000000008a100000, 0x000000008a100000| Complete 
| 162|0x000000008a200000, 0x000000008a300000, 0x000000008a300000|100%| E|CS|TAMS 0x000000008a200000, 0x000000008a200000| Complete 
| 163|0x000000008a300000, 0x000000008a400000, 0x000000008a400000|100%| E|CS|TAMS 0x000000008a300000, 0x000000008a300000| Complete 
| 164|0x000000008a400000, 0x000000008a500000, 0x000000008a500000|100%| E|CS|TAMS 0x000000008a400000, 0x000000008a400000| Complete 
| 165|0x000000008a500000, 0x000000008a600000, 0x000000008a600000|100%| E|CS|TAMS 0x000000008a500000, 0x000000008a500000| Complete 
| 166|0x000000008a600000, 0x000000008a700000, 0x000000008a700000|100%| E|CS|TAMS 0x000000008a600000, 0x000000008a600000| Complete 
| 167|0x000000008a700000, 0x000000008a800000, 0x000000008a800000|100%| E|CS|TAMS 0x000000008a700000, 0x000000008a700000| Complete 
| 168|0x000000008a800000, 0x000000008a900000, 0x000000008a900000|100%| E|CS|TAMS 0x000000008a800000, 0x000000008a800000| Complete 
| 169|0x000000008a900000, 0x000000008aa00000, 0x000000008aa00000|100%| E|CS|TAMS 0x000000008a900000, 0x000000008a900000| Complete 
| 170|0x000000008aa00000, 0x000000008ab00000, 0x000000008ab00000|100%| E|CS|TAMS 0x000000008aa00000, 0x000000008aa00000| Complete 

Card table byte_map: [0x000001197e350000,0x000001197e750000] _byte_map_base: 0x000001197df50000

Marking Bits (Prev, Next): (CMBitMap*) 0x0000011969441030, (CMBitMap*) 0x0000011969440ff8
 Prev Bits: [0x0000011902000000, 0x0000011904000000)
 Next Bits: [0x0000011900000000, 0x0000011902000000)

Polling page: 0x00000119694e0000

Metaspace:

Usage:
  Non-class:     59.39 MB capacity,    58.43 MB ( 98%) used,   804.30 KB (  1%) free+waste,   175.44 KB ( <1%) overhead. 
      Class:      8.99 MB capacity,     8.39 MB ( 93%) used,   531.88 KB (  6%) free+waste,    81.38 KB ( <1%) overhead. 
       Both:     68.38 MB capacity,    66.82 MB ( 98%) used,     1.30 MB (  2%) free+waste,   256.81 KB ( <1%) overhead. 

Virtual space:
  Non-class space:       60.00 MB reserved,      59.59 MB (>99%) committed 
      Class space:        1.00 GB reserved,       9.07 MB ( <1%) committed 
             Both:        1.06 GB reserved,      68.66 MB (  6%) committed 

Chunk freelists:
   Non-Class:  12.00 KB
       Class:  10.00 KB
        Both:  22.00 KB

MaxMetaspaceSize: 17179869184.00 GB
CompressedClassSpaceSize: 1.00 GB
Initial GC threshold: 20.80 MB
Current GC threshold: 98.81 MB
CDS: off

CodeHeap 'non-profiled nmethods': size=120064Kb used=4171Kb max_used=4171Kb free=115892Kb
 bounds [0x00000119761c0000, 0x00000119765e0000, 0x000001197d700000]
CodeHeap 'profiled nmethods': size=120000Kb used=14811Kb max_used=14811Kb free=105188Kb
 bounds [0x000001196ec90000, 0x000001196fb10000, 0x00000119761c0000]
CodeHeap 'non-nmethods': size=5696Kb used=2344Kb max_used=2399Kb free=3352Kb
 bounds [0x000001196e700000, 0x000001196e970000, 0x000001196ec90000]
 total_blobs=7782 nmethods=6924 adapters=770
 compilation: enabled
              stopped_count=0, restarted_count=0
 full_count=0

Compilation events (20 events):
Event: 8.816 Thread 0x000001197f40d000 6925       3       java.lang.Class::getDeclaredFields (27 bytes)
Event: 8.816 Thread 0x000001197f40d000 nmethod 6925 0x000001196fafd190 code [0x000001196fafd380, 0x000001196fafd618]
Event: 8.816 Thread 0x000001197f40d000 6923       3       com.sun.beans.util.Cache::hash (49 bytes)
Event: 8.816 Thread 0x000001197f40d000 nmethod 6923 0x000001196fafd710 code [0x000001196fafd8e0, 0x000001196fafdb38]
Event: 8.817 Thread 0x000001197f40d000 6926       1       org.codehaus.groovy.runtime.metaclass.MultipleSetterProperty::setGetter (6 bytes)
Event: 8.817 Thread 0x000001197f40d000 nmethod 6926 0x00000119765c9590 code [0x00000119765c9740, 0x00000119765c9838]
Event: 8.817 Thread 0x000001197f40d000 6927       1       groovy.lang.GroovyObjectSupport::getMetaClass (5 bytes)
Event: 8.817 Thread 0x000001197f40d000 nmethod 6927 0x00000119765c9890 code [0x00000119765c9a40, 0x00000119765c9af8]
Event: 8.822 Thread 0x000001197f40d000 6928       3       org.gradle.api.internal.provider.ValueSupplier$Present::<init> (6 bytes)
Event: 8.822 Thread 0x000001197f40d000 nmethod 6928 0x000001196fafdc10 code [0x000001196fafddc0, 0x000001196fafdfd8]
Event: 8.822 Thread 0x000001197f40d000 6929       3       org.gradle.api.internal.provider.ValueSupplier$Present::<init> (10 bytes)
Event: 8.822 Thread 0x000001197f40d000 nmethod 6929 0x000001196fafe110 code [0x000001196fafe2c0, 0x000001196fafe478]
Event: 8.823 Thread 0x000001197f40d000 6930       1       org.codehaus.groovy.runtime.callsite.AbstractCallSite::getName (5 bytes)
Event: 8.823 Thread 0x000001197f40d000 nmethod 6930 0x00000119765c9b90 code [0x00000119765c9d40, 0x00000119765c9df8]
Event: 8.826 Thread 0x000001197f40d000 6931       1       java.beans.GenericBeanInfo::getPropertyDescriptors (5 bytes)
Event: 8.826 Thread 0x000001197f40d000 nmethod 6931 0x00000119765c9e90 code [0x00000119765ca040, 0x00000119765ca0f8]
Event: 8.827 Thread 0x000001197f40d000 6932       1       java.beans.GenericBeanInfo::getEventSetDescriptors (5 bytes)
Event: 8.827 Thread 0x000001197f40d000 nmethod 6932 0x00000119765ca190 code [0x00000119765ca340, 0x00000119765ca3f8]
Event: 8.831 Thread 0x0000011908361800 nmethod 6888 0x00000119765ca490 code [0x00000119765ca8c0, 0x00000119765ce5e8]
Event: 8.831 Thread 0x0000011908361800 6920       4       org.codehaus.groovy.reflection.CachedMethod::compareTo (25 bytes)

GC Heap History (20 events):
Event: 2.375 GC heap before
{Heap before GC invocations=3 (full 0):
 garbage-first heap   total 120832K, used 53799K [0x0000000080000000, 0x0000000100000000)
  region size 1024K, 44 young (45056K), 6 survivors (6144K)
 Metaspace       used 20751K, capacity 21187K, committed 21296K, reserved 1069056K
  class space    used 2528K, capacity 2686K, committed 2688K, reserved 1048576K
}
Event: 2.381 GC heap after
{Heap after GC invocations=4 (full 0):
 garbage-first heap   total 120832K, used 17688K [0x0000000080000000, 0x0000000100000000)
  region size 1024K, 2 young (2048K), 2 survivors (2048K)
 Metaspace       used 20751K, capacity 21187K, committed 21296K, reserved 1069056K
  class space    used 2528K, capacity 2686K, committed 2688K, reserved 1048576K
}
Event: 2.915 GC heap before
{Heap before GC invocations=5 (full 0):
 garbage-first heap   total 120832K, used 67864K [0x0000000080000000, 0x0000000100000000)
  region size 1024K, 51 young (52224K), 2 survivors (2048K)
 Metaspace       used 26054K, capacity 26691K, committed 26876K, reserved 1073152K
  class space    used 3386K, capacity 3595K, committed 3660K, reserved 1048576K
}
Event: 2.920 GC heap after
{Heap after GC invocations=6 (full 0):
 garbage-first heap   total 120832K, used 19471K [0x0000000080000000, 0x0000000100000000)
  region size 1024K, 4 young (4096K), 4 survivors (4096K)
 Metaspace       used 26054K, capacity 26691K, committed 26876K, reserved 1073152K
  class space    used 3386K, capacity 3595K, committed 3660K, reserved 1048576K
}
Event: 3.462 GC heap before
{Heap before GC invocations=6 (full 0):
 garbage-first heap   total 120832K, used 73743K [0x0000000080000000, 0x0000000100000000)
  region size 1024K, 57 young (58368K), 4 survivors (4096K)
 Metaspace       used 31371K, capacity 32087K, committed 32252K, reserved 1077248K
  class space    used 4154K, capacity 4416K, committed 4428K, reserved 1048576K
}
Event: 3.467 GC heap after
{Heap after GC invocations=7 (full 0):
 garbage-first heap   total 145408K, used 21350K [0x0000000080000000, 0x0000000100000000)
  region size 1024K, 6 young (6144K), 6 survivors (6144K)
 Metaspace       used 31371K, capacity 32087K, committed 32252K, reserved 1077248K
  class space    used 4154K, capacity 4416K, committed 4428K, reserved 1048576K
}
Event: 3.757 GC heap before
{Heap before GC invocations=7 (full 0):
 garbage-first heap   total 145408K, used 32614K [0x0000000080000000, 0x0000000100000000)
  region size 1024K, 18 young (18432K), 6 survivors (6144K)
 Metaspace       used 35167K, capacity 35926K, committed 35964K, reserved 1081344K
  class space    used 4511K, capacity 4805K, committed 4812K, reserved 1048576K
}
Event: 3.766 GC heap after
{Heap after GC invocations=8 (full 0):
 garbage-first heap   total 145408K, used 23356K [0x0000000080000000, 0x0000000100000000)
  region size 1024K, 8 young (8192K), 8 survivors (8192K)
 Metaspace       used 35167K, capacity 35926K, committed 35964K, reserved 1081344K
  class space    used 4511K, capacity 4805K, committed 4812K, reserved 1048576K
}
Event: 4.532 GC heap before
{Heap before GC invocations=9 (full 0):
 garbage-first heap   total 145408K, used 98108K [0x0000000080000000, 0x0000000100000000)
  region size 1024K, 79 young (80896K), 8 survivors (8192K)
 Metaspace       used 40826K, capacity 41802K, committed 42108K, reserved 1085440K
  class space    used 5158K, capacity 5519K, committed 5580K, reserved 1048576K
}
Event: 4.544 GC heap after
{Heap after GC invocations=10 (full 0):
 garbage-first heap   total 145408K, used 29037K [0x0000000080000000, 0x0000000100000000)
  region size 1024K, 10 young (10240K), 10 survivors (10240K)
 Metaspace       used 40826K, capacity 41802K, committed 42108K, reserved 1085440K
  class space    used 5158K, capacity 5519K, committed 5580K, reserved 1048576K
}
Event: 5.294 GC heap before
{Heap before GC invocations=10 (full 0):
 garbage-first heap   total 145408K, used 103789K [0x0000000080000000, 0x0000000100000000)
  region size 1024K, 83 young (84992K), 10 survivors (10240K)
 Metaspace       used 47335K, capacity 48508K, committed 48636K, reserved 1091584K
  class space    used 6017K, capacity 6450K, committed 6476K, reserved 1048576K
}
Event: 5.302 GC heap after
{Heap after GC invocations=11 (full 0):
 garbage-first heap   total 145408K, used 31430K [0x0000000080000000, 0x0000000100000000)
  region size 1024K, 9 young (9216K), 9 survivors (9216K)
 Metaspace       used 47335K, capacity 48508K, committed 48636K, reserved 1091584K
  class space    used 6017K, capacity 6450K, committed 6476K, reserved 1048576K
}
Event: 6.430 GC heap before
{Heap before GC invocations=11 (full 0):
 garbage-first heap   total 145408K, used 116422K [0x0000000080000000, 0x0000000100000000)
  region size 1024K, 84 young (86016K), 9 survivors (9216K)
 Metaspace       used 51397K, capacity 52770K, committed 53116K, reserved 1095680K
  class space    used 6469K, capacity 6979K, committed 7116K, reserved 1048576K
}
Event: 6.442 GC heap after
{Heap after GC invocations=12 (full 0):
 garbage-first heap   total 175104K, used 49257K [0x0000000080000000, 0x0000000100000000)
  region size 1024K, 11 young (11264K), 11 survivors (11264K)
 Metaspace       used 51397K, capacity 52770K, committed 53116K, reserved 1095680K
  class space    used 6469K, capacity 6979K, committed 7116K, reserved 1048576K
}
Event: 7.179 GC heap before
{Heap before GC invocations=12 (full 0):
 garbage-first heap   total 175104K, used 101481K [0x0000000080000000, 0x0000000100000000)
  region size 1024K, 63 young (64512K), 11 survivors (11264K)
 Metaspace       used 58992K, capacity 60440K, committed 60580K, reserved 1101824K
  class space    used 7424K, capacity 7975K, committed 8012K, reserved 1048576K
}
Event: 7.197 GC heap after
{Heap after GC invocations=13 (full 0):
 garbage-first heap   total 175104K, used 52141K [0x0000000080000000, 0x0000000100000000)
  region size 1024K, 3 young (3072K), 3 survivors (3072K)
 Metaspace       used 58992K, capacity 60440K, committed 60580K, reserved 1101824K
  class space    used 7424K, capacity 7975K, committed 8012K, reserved 1048576K
}
Event: 8.002 GC heap before
{Heap before GC invocations=14 (full 0):
 garbage-first heap   total 175104K, used 126893K [0x0000000080000000, 0x0000000100000000)
  region size 1024K, 70 young (71680K), 3 survivors (3072K)
 Metaspace       used 64320K, capacity 65814K, committed 65956K, reserved 1105920K
  class space    used 8103K, capacity 8669K, committed 8780K, reserved 1048576K
}
Event: 8.008 GC heap after
{Heap after GC invocations=15 (full 0):
 garbage-first heap   total 175104K, used 57065K [0x0000000080000000, 0x0000000100000000)
  region size 1024K, 8 young (8192K), 8 survivors (8192K)
 Metaspace       used 64320K, capacity 65814K, committed 65956K, reserved 1105920K
  class space    used 8103K, capacity 8669K, committed 8780K, reserved 1048576K
}
Event: 8.761 GC heap before
{Heap before GC invocations=15 (full 0):
 garbage-first heap   total 175104K, used 125673K [0x0000000080000000, 0x0000000100000000)
  region size 1024K, 74 young (75776K), 8 survivors (8192K)
 Metaspace       used 68196K, capacity 69825K, committed 70052K, reserved 1110016K
  class space    used 8581K, capacity 9206K, committed 9292K, reserved 1048576K
}
Event: 8.769 GC heap after
{Heap after GC invocations=16 (full 0):
 garbage-first heap   total 175104K, used 61797K [0x0000000080000000, 0x0000000100000000)
  region size 1024K, 5 young (5120K), 5 survivors (5120K)
 Metaspace       used 68196K, capacity 69825K, committed 70052K, reserved 1110016K
  class space    used 8581K, capacity 9206K, committed 9292K, reserved 1048576K
}

Deoptimization events (20 events):
Event: 8.284 Thread 0x0000011907ee8000 Uncommon trap: trap_request=0xffffffde fr.pc=0x0000011976578ea4 relative=0x0000000000002d04
Event: 8.284 Thread 0x0000011907ee8000 Uncommon trap: reason=class_check action=maybe_recompile pc=0x0000011976578ea4 method=java.util.TreeMap.put(Ljava/lang/Object;Ljava/lang/Object;)Ljava/lang/Object; @ 127 c2
Event: 8.284 Thread 0x0000011907ee8000 DEOPT PACKING pc=0x0000011976578ea4 sp=0x00000002bdef7e10
Event: 8.284 Thread 0x0000011907ee8000 DEOPT UNPACKING pc=0x000001196e74a1af sp=0x00000002bdef7dc0 mode 2
Event: 8.335 Thread 0x0000011907ee8000 Uncommon trap: trap_request=0xffffff4d fr.pc=0x00000119762ab138 relative=0x0000000000000978
Event: 8.335 Thread 0x0000011907ee8000 Uncommon trap: reason=unstable_if action=reinterpret pc=0x00000119762ab138 method=java.lang.Integer.stringSize(I)I @ 19 c2
Event: 8.335 Thread 0x0000011907ee8000 DEOPT PACKING pc=0x00000119762ab138 sp=0x00000002bdef9040
Event: 8.335 Thread 0x0000011907ee8000 DEOPT UNPACKING pc=0x000001196e74a1af sp=0x00000002bdef8f40 mode 2
Event: 8.425 Thread 0x0000011907ee8000 Uncommon trap: trap_request=0xffffff4d fr.pc=0x000001197633ce98 relative=0x0000000000004e78
Event: 8.425 Thread 0x0000011907ee8000 Uncommon trap: reason=unstable_if action=reinterpret pc=0x000001197633ce98 method=sun.net.www.protocol.jar.Handler.parseURL(Ljava/net/URL;Ljava/lang/String;II)V @ 116 c2
Event: 8.425 Thread 0x0000011907ee8000 DEOPT PACKING pc=0x000001197633ce98 sp=0x00000002bdef7d60
Event: 8.425 Thread 0x0000011907ee8000 DEOPT UNPACKING pc=0x000001196e74a1af sp=0x00000002bdef7c58 mode 2
Event: 8.664 Thread 0x0000011907ee8000 Uncommon trap: trap_request=0xffffff4d fr.pc=0x0000011976376078 relative=0x0000000000000338
Event: 8.664 Thread 0x0000011907ee8000 Uncommon trap: reason=unstable_if action=reinterpret pc=0x0000011976376078 method=java.util.StringJoiner.add(Ljava/lang/CharSequence;)Ljava/util/StringJoiner; @ 33 c2
Event: 8.664 Thread 0x0000011907ee8000 DEOPT PACKING pc=0x0000011976376078 sp=0x00000002bdef56e0
Event: 8.664 Thread 0x0000011907ee8000 DEOPT UNPACKING pc=0x000001196e74a1af sp=0x00000002bdef5690 mode 2
Event: 8.741 Thread 0x0000011907ee8000 Uncommon trap: trap_request=0xffffff4d fr.pc=0x00000119763a7c1c relative=0x0000000000005cbc
Event: 8.741 Thread 0x0000011907ee8000 Uncommon trap: reason=unstable_if action=reinterpret pc=0x00000119763a7c1c method=org.codehaus.groovy.runtime.metaclass.MetaMethodIndex.isOverridden(Lgroovy/lang/MetaMethod;Lgroovy/lang/MetaMethod;)Z @ 33 c2
Event: 8.741 Thread 0x0000011907ee8000 DEOPT PACKING pc=0x00000119763a7c1c sp=0x00000002bdef3a60
Event: 8.741 Thread 0x0000011907ee8000 DEOPT UNPACKING pc=0x000001196e74a1af sp=0x00000002bdef3a78 mode 2

Classes redefined (0 events):
No events

Internal exceptions (20 events):
Event: 8.808 Thread 0x0000011907ee8000 Exception <a 'java/lang/ClassNotFoundException'{0x000000008a16e8e8}: com/android/build/gradle/internal/dsl/BuildType$AgpDecorated_DecoratedBeanInfo> (0x000000008a16e8e8) thrown at [./src/hotspot/share/classfile/systemDictionary.cpp, line 231]
Event: 8.808 Thread 0x0000011907ee8000 Exception <a 'java/lang/ClassNotFoundException'{0x000000008a1903b8}: com/android/build/gradle/internal/dsl/BuildType$AgpDecoratedBeanInfo> (0x000000008a1903b8) thrown at [./src/hotspot/share/classfile/systemDictionary.cpp, line 231]
Event: 8.808 Thread 0x0000011907ee8000 Exception <a 'java/lang/ClassNotFoundException'{0x000000008a1af8e0}: com/android/build/gradle/internal/dsl/BuildTypeBeanInfo> (0x000000008a1af8e0) thrown at [./src/hotspot/share/classfile/systemDictionary.cpp, line 231]
Event: 8.808 Thread 0x0000011907ee8000 Exception <a 'java/lang/ClassNotFoundException'{0x000000008a1cde10}: com/android/builder/core/AbstractBuildTypeBeanInfo> (0x000000008a1cde10) thrown at [./src/hotspot/share/classfile/systemDictionary.cpp, line 231]
Event: 8.809 Thread 0x0000011907ee8000 Exception <a 'java/lang/ClassNotFoundException'{0x000000008a1ecf18}: com/android/builder/core/AbstractBuildTypeCustomizer> (0x000000008a1ecf18) thrown at [./src/hotspot/share/classfile/systemDictionary.cpp, line 231]
Event: 8.810 Thread 0x0000011907ee8000 Exception <a 'java/lang/ClassNotFoundException'{0x000000008a028e30}: com/android/build/gradle/internal/dsl/BuildTypeCustomizer> (0x000000008a028e30) thrown at [./src/hotspot/share/classfile/systemDictionary.cpp, line 231]
Event: 8.812 Thread 0x0000011907ee8000 Exception <a 'java/lang/ClassNotFoundException'{0x000000008a0c1c50}: com/android/build/gradle/internal/dsl/BuildType$AgpDecoratedCustomizer> (0x000000008a0c1c50) thrown at [./src/hotspot/share/classfile/systemDictionary.cpp, line 231]
Event: 8.813 Thread 0x0000011907ee8000 Exception <a 'java/lang/ClassNotFoundException'{0x0000000089f26440}: com/android/build/gradle/internal/dsl/BuildType$AgpDecorated_DecoratedCustomizer> (0x0000000089f26440) thrown at [./src/hotspot/share/classfile/systemDictionary.cpp, line 231]
Event: 8.819 Thread 0x0000011907ee8000 Exception <a 'java/lang/ClassNotFoundException'{0x0000000089e01c10}: build_6slgizupfel416khwt8ehli5h$_run_closure1$_closure4BeanInfo> (0x0000000089e01c10) thrown at [./src/hotspot/share/classfile/systemDictionary.cpp, line 231]
Event: 8.819 Thread 0x0000011907ee8000 Exception <a 'java/lang/ClassNotFoundException'{0x0000000089e15568}: build_6slgizupfel416khwt8ehli5h$_run_closure1$_closure4Customizer> (0x0000000089e15568) thrown at [./src/hotspot/share/classfile/systemDictionary.cpp, line 231]
Event: 8.821 Thread 0x0000011907ee8000 Exception <a 'java/lang/ClassNotFoundException'{0x0000000089e418e8}: build_6slgizupfel416khwt8ehli5h$_run_closure1BeanInfo> (0x0000000089e418e8) thrown at [./src/hotspot/share/classfile/systemDictionary.cpp, line 231]
Event: 8.821 Thread 0x0000011907ee8000 Exception <a 'java/lang/ClassNotFoundException'{0x0000000089e54878}: build_6slgizupfel416khwt8ehli5h$_run_closure1Customizer> (0x0000000089e54878) thrown at [./src/hotspot/share/classfile/systemDictionary.cpp, line 231]
Event: 8.825 Thread 0x0000011907ee8000 Exception <a 'java/lang/ClassNotFoundException'{0x0000000089eba688}: org/gradle/api/JavaVersionBeanInfo> (0x0000000089eba688) thrown at [./src/hotspot/share/classfile/systemDictionary.cpp, line 231]
Event: 8.826 Thread 0x0000011907ee8000 Exception <a 'java/lang/ClassNotFoundException'{0x0000000089eea318}: org/gradle/api/JavaVersionCustomizer> (0x0000000089eea318) thrown at [./src/hotspot/share/classfile/systemDictionary.cpp, line 231]
Event: 8.829 Thread 0x0000011907ee8000 Exception <a 'java/lang/ClassNotFoundException'{0x0000000089d582d0}: com/android/build/gradle/internal/CompileOptions$AgpDecorated_DecoratedBeanInfo> (0x0000000089d582d0) thrown at [./src/hotspot/share/classfile/systemDictionary.cpp, line 231]
Event: 8.829 Thread 0x0000011907ee8000 Exception <a 'java/lang/ClassNotFoundException'{0x0000000089d791a8}: com/android/build/gradle/internal/CompileOptions$AgpDecoratedBeanInfo> (0x0000000089d791a8) thrown at [./src/hotspot/share/classfile/systemDictionary.cpp, line 231]
Event: 8.829 Thread 0x0000011907ee8000 Exception <a 'java/lang/ClassNotFoundException'{0x0000000089d976b0}: com/android/build/gradle/internal/CompileOptionsBeanInfo> (0x0000000089d976b0) thrown at [./src/hotspot/share/classfile/systemDictionary.cpp, line 231]
Event: 8.830 Thread 0x0000011907ee8000 Exception <a 'java/lang/ClassNotFoundException'{0x0000000089db6560}: com/android/build/gradle/internal/CompileOptionsCustomizer> (0x0000000089db6560) thrown at [./src/hotspot/share/classfile/systemDictionary.cpp, line 231]
Event: 8.830 Thread 0x0000011907ee8000 Exception <a 'java/lang/ClassNotFoundException'{0x0000000089de38a0}: com/android/build/gradle/internal/CompileOptions$AgpDecoratedCustomizer> (0x0000000089de38a0) thrown at [./src/hotspot/share/classfile/systemDictionary.cpp, line 231]
Event: 8.831 Thread 0x0000011907ee8000 Exception <a 'java/lang/ClassNotFoundException'{0x0000000089c13fc0}: com/android/build/gradle/internal/CompileOptions$AgpDecorated_DecoratedCustomizer> (0x0000000089c13fc0) thrown at [./src/hotspot/share/classfile/systemDictionary.cpp, line 231]

Events (20 events):
Event: 8.829 loading class com/android/build/gradle/internal/CompileOptionsBeanInfo
Event: 8.829 loading class com/android/build/gradle/internal/CompileOptionsBeanInfo done
Event: 8.830 loading class com/android/build/gradle/internal/CompileOptionsCustomizer
Event: 8.830 loading class com/android/build/gradle/internal/CompileOptionsCustomizer done
Event: 8.830 loading class com/android/build/gradle/internal/CompileOptionsCustomizer
Event: 8.830 loading class com/android/build/gradle/internal/CompileOptionsCustomizer done
Event: 8.830 loading class com/android/build/gradle/internal/CompileOptions$AgpDecoratedCustomizer
Event: 8.830 loading class com/android/build/gradle/internal/CompileOptions$AgpDecoratedCustomizer done
Event: 8.830 loading class com/android/build/gradle/internal/CompileOptions$AgpDecoratedCustomizer
Event: 8.830 loading class com/android/build/gradle/internal/CompileOptions$AgpDecoratedCustomizer done
Event: 8.831 loading class com/android/build/gradle/internal/CompileOptions$AgpDecorated_DecoratedCustomizer
Event: 8.831 loading class com/android/build/gradle/internal/CompileOptions$AgpDecorated_DecoratedCustomizer done
Event: 8.831 loading class com/android/build/gradle/internal/CompileOptions$AgpDecorated_DecoratedCustomizer
Event: 8.831 loading class com/android/build/gradle/internal/CompileOptions$AgpDecorated_DecoratedCustomizer done
Event: 8.833 loading class groovy/runtime/metaclass/build_6slgizupfel416khwt8ehli5h$_run_closure1$_closure6MetaClass
Event: 8.833 loading class groovy/runtime/metaclass/build_6slgizupfel416khwt8ehli5h$_run_closure1$_closure6MetaClass done
Event: 8.833 loading class groovy/runtime/metaclass/org/jetbrains/kotlin/gradle/dsl/KotlinJvmOptionsImplMetaClass
Event: 8.833 loading class groovy/runtime/metaclass/org/jetbrains/kotlin/gradle/dsl/KotlinJvmOptionsImplMetaClass done
Event: 8.834 loading class org/jetbrains/kotlin/cli/common/arguments/K2JVMCompilerArguments
Event: 8.834 loading class org/jetbrains/kotlin/cli/common/arguments/K2JVMCompilerArguments done


Dynamic libraries:
0x00007ff757620000 - 0x00007ff75762a000 	C:\Program Files\Android\Android Studio\jre\bin\java.exe
0x00007ffc9b390000 - 0x00007ffc9b588000 	C:\Windows\SYSTEM32\ntdll.dll
0x00007ffc9a880000 - 0x00007ffc9a93f000 	C:\Windows\System32\KERNEL32.DLL
0x00007ffc98ce0000 - 0x00007ffc98fb2000 	C:\Windows\System32\KERNELBASE.dll
0x00007ffc99170000 - 0x00007ffc99270000 	C:\Windows\System32\ucrtbase.dll
0x00007ffc918f0000 - 0x00007ffc91907000 	C:\Program Files\Android\Android Studio\jre\bin\VCRUNTIME140.dll
0x00007ffc73b80000 - 0x00007ffc73b99000 	C:\Program Files\Android\Android Studio\jre\bin\jli.dll
0x00007ffc9a080000 - 0x00007ffc9a221000 	C:\Windows\System32\USER32.dll
0x00007ffc99310000 - 0x00007ffc99332000 	C:\Windows\System32\win32u.dll
0x00007ffc99e60000 - 0x00007ffc99e8b000 	C:\Windows\System32\GDI32.dll
0x00007ffc84330000 - 0x00007ffc845ca000 	C:\Windows\WinSxS\amd64_microsoft.windows.common-controls_6595b64144ccf1df_6.0.19041.1110_none_60b5254171f9507e\COMCTL32.dll
0x00007ffc98b30000 - 0x00007ffc98c3f000 	C:\Windows\System32\gdi32full.dll
0x00007ffc99e90000 - 0x00007ffc99f2e000 	C:\Windows\System32\msvcrt.dll
0x00007ffc99270000 - 0x00007ffc9930d000 	C:\Windows\System32\msvcp_win.dll
0x00007ffc9b2b0000 - 0x00007ffc9b2e2000 	C:\Windows\System32\IMM32.DLL
0x00007ffc63490000 - 0x00007ffc6352d000 	C:\Program Files\Android\Android Studio\jre\bin\msvcp140.dll
0x00007ffc334f0000 - 0x00007ffc33ff2000 	C:\Program Files\Android\Android Studio\jre\bin\server\jvm.dll
0x00007ffc99d40000 - 0x00007ffc99dee000 	C:\Windows\System32\ADVAPI32.dll
0x00007ffc9a940000 - 0x00007ffc9a9dc000 	C:\Windows\System32\sechost.dll
0x00007ffc9a230000 - 0x00007ffc9a355000 	C:\Windows\System32\RPCRT4.dll
0x00007ffc99530000 - 0x00007ffc99538000 	C:\Windows\System32\PSAPI.DLL
0x00007ffc81460000 - 0x00007ffc81469000 	C:\Windows\SYSTEM32\WSOCK32.dll
0x00007ffc9ab00000 - 0x00007ffc9ab6b000 	C:\Windows\System32\WS2_32.dll
0x00007ffc8c910000 - 0x00007ffc8c937000 	C:\Windows\SYSTEM32\WINMM.dll
0x00007ffc8c940000 - 0x00007ffc8c94a000 	C:\Windows\SYSTEM32\VERSION.dll
0x00007ffc972a0000 - 0x00007ffc972b2000 	C:\Windows\SYSTEM32\kernel.appcore.dll
0x00007ffc73290000 - 0x00007ffc732a1000 	C:\Program Files\Android\Android Studio\jre\bin\verify.dll
0x00007ffc95cb0000 - 0x00007ffc95e94000 	C:\Windows\SYSTEM32\DBGHELP.DLL
0x00007ffc83d00000 - 0x00007ffc83d35000 	C:\Windows\SYSTEM32\dbgcore.DLL
0x00007ffc99340000 - 0x00007ffc993c2000 	C:\Windows\System32\bcryptPrimitives.dll
0x00007ffc64ff0000 - 0x00007ffc65019000 	C:\Program Files\Android\Android Studio\jre\bin\java.dll
0x00007ffc93650000 - 0x00007ffc9365b000 	C:\Program Files\Android\Android Studio\jre\bin\jimage.dll
0x00007ffc623a0000 - 0x00007ffc623b8000 	C:\Program Files\Android\Android Studio\jre\bin\zip.dll
0x00007ffc995f0000 - 0x00007ffc99d35000 	C:\Windows\System32\SHELL32.dll
0x00007ffc967c0000 - 0x00007ffc96f52000 	C:\Windows\SYSTEM32\windows.storage.dll
0x00007ffc9ad40000 - 0x00007ffc9b095000 	C:\Windows\System32\combase.dll
0x00007ffc98470000 - 0x00007ffc984a0000 	C:\Windows\SYSTEM32\Wldp.dll
0x00007ffc99540000 - 0x00007ffc995ed000 	C:\Windows\System32\SHCORE.dll
0x00007ffc9ab70000 - 0x00007ffc9abc5000 	C:\Windows\System32\shlwapi.dll
0x00007ffc989c0000 - 0x00007ffc989df000 	C:\Windows\SYSTEM32\profapi.dll
0x00007ffc60210000 - 0x00007ffc6022a000 	C:\Program Files\Android\Android Studio\jre\bin\net.dll
0x00007ffc94390000 - 0x00007ffc9449c000 	C:\Windows\SYSTEM32\WINHTTP.dll
0x00007ffc981d0000 - 0x00007ffc9823a000 	C:\Windows\system32\mswsock.dll
0x00007ffc601f0000 - 0x00007ffc60204000 	C:\Program Files\Android\Android Studio\jre\bin\nio.dll
0x00007ffc5d270000 - 0x00007ffc5d297000 	C:\Users\RAFRA\.gradle\native\e1d6ef7f7dcc3fd88c89a11ec53ec762bb8ba0a96d01ffa2cd45eb1d1d8dd5c5\windows-amd64\native-platform.dll
0x00007ffc58c50000 - 0x00007ffc58d94000 	C:\Users\RAFRA\.gradle\native\0d407fdbe67a94daf76414ababcb853783967236a71b16ec16e742cd7a986fd3\windows-amd64\native-platform-file-events.dll
0x00007ffc92900000 - 0x00007ffc9290a000 	C:\Program Files\Android\Android Studio\jre\bin\management.dll
0x00007ffc74b40000 - 0x00007ffc74b4d000 	C:\Program Files\Android\Android Studio\jre\bin\management_ext.dll
0x00007ffc983c0000 - 0x00007ffc983d8000 	C:\Windows\SYSTEM32\CRYPTSP.dll
0x00007ffc97a80000 - 0x00007ffc97ab4000 	C:\Windows\system32\rsaenh.dll
0x00007ffc98c40000 - 0x00007ffc98c67000 	C:\Windows\System32\bcrypt.dll
0x00007ffc98980000 - 0x00007ffc989ae000 	C:\Windows\SYSTEM32\USERENV.dll
0x00007ffc983e0000 - 0x00007ffc983ec000 	C:\Windows\SYSTEM32\CRYPTBASE.dll
0x00007ffc97ec0000 - 0x00007ffc97efb000 	C:\Windows\SYSTEM32\IPHLPAPI.DLL
0x00007ffc99e50000 - 0x00007ffc99e58000 	C:\Windows\System32\NSI.dll
0x00007ffc93190000 - 0x00007ffc931a7000 	C:\Windows\SYSTEM32\dhcpcsvc6.DLL
0x00007ffc93170000 - 0x00007ffc9318d000 	C:\Windows\SYSTEM32\dhcpcsvc.DLL
0x00007ffc97f00000 - 0x00007ffc97fcb000 	C:\Windows\SYSTEM32\DNSAPI.dll

dbghelp: loaded successfully - version: 4.0.5 - missing functions: none
symbol engine: initialized successfully - sym options: 0x614 - pdb path: .;C:\Program Files\Android\Android Studio\jre\bin;C:\Windows\SYSTEM32;C:\Windows\WinSxS\amd64_microsoft.windows.common-controls_6595b64144ccf1df_6.0.19041.1110_none_60b5254171f9507e;C:\Program Files\Android\Android Studio\jre\bin\server;C:\Users\RAFRA\.gradle\native\e1d6ef7f7dcc3fd88c89a11ec53ec762bb8ba0a96d01ffa2cd45eb1d1d8dd5c5\windows-amd64;C:\Users\RAFRA\.gradle\native\0d407fdbe67a94daf76414ababcb853783967236a71b16ec16e742cd7a986fd3\windows-amd64

VM Arguments:
jvm_args: --add-opens=java.base/java.util=ALL-UNNAMED --add-opens=java.base/java.lang=ALL-UNNAMED --add-opens=java.base/java.lang.invoke=ALL-UNNAMED --add-opens=java.base/java.util=ALL-UNNAMED --add-opens=java.prefs/java.util.prefs=ALL-UNNAMED --add-opens=java.prefs/java.util.prefs=ALL-UNNAMED --add-opens=java.base/java.nio.charset=ALL-UNNAMED --add-opens=java.base/java.net=ALL-UNNAMED --add-opens=java.base/java.util.concurrent.atomic=ALL-UNNAMED -Xmx2048m -Dfile.encoding=UTF-8 -Duser.country=AT -Duser.language=de -Duser.variant 
java_command: org.gradle.launcher.daemon.bootstrap.GradleDaemon 7.4
java_class_path (initial): C:\Users\RAFRA\.gradle\wrapper\dists\gradle-7.4-bin\c0gwcg53nkjbqw7r0h0umtfvt\gradle-7.4\lib\gradle-launcher-7.4.jar
Launcher Type: SUN_STANDARD

[Global flags]
     intx CICompilerCount                          = 3                                         {product} {ergonomic}
     uint ConcGCThreads                            = 2                                         {product} {ergonomic}
     uint G1ConcRefinementThreads                  = 6                                         {product} {ergonomic}
   size_t G1HeapRegionSize                         = 1048576                                   {product} {ergonomic}
    uintx GCDrainStackTargetSize                   = 64                                        {product} {ergonomic}
   size_t InitialHeapSize                          = 123731968                                 {product} {ergonomic}
   size_t MarkStackSize                            = 4194304                                   {product} {ergonomic}
   size_t MaxHeapSize                              = 2147483648                                {product} {command line}
   size_t MaxNewSize                               = 1287651328                                {product} {ergonomic}
   size_t MinHeapDeltaBytes                        = 1048576                                   {product} {ergonomic}
    uintx NonNMethodCodeHeapSize                   = 5830732                                {pd product} {ergonomic}
    uintx NonProfiledCodeHeapSize                  = 122913754                              {pd product} {ergonomic}
    uintx ProfiledCodeHeapSize                     = 122913754                              {pd product} {ergonomic}
    uintx ReservedCodeCacheSize                    = 251658240                              {pd product} {ergonomic}
     bool SegmentedCodeCache                       = true                                      {product} {ergonomic}
     bool UseCompressedClassPointers               = true                                 {lp64_product} {ergonomic}
     bool UseCompressedOops                        = true                                 {lp64_product} {ergonomic}
     bool UseG1GC                                  = true                                      {product} {ergonomic}
     bool UseLargePagesIndividualAllocation        = false                                  {pd product} {ergonomic}

Logging:
Log output configuration:
 #0: stdout all=warning uptime,level,tags
 #1: stderr all=off uptime,level,tags

Environment Variables:
JAVA_HOME=C:\Program Files\Java\jdk-17.0.4.1
PATH=C:\Program Files\Common Files\Oracle\Java\javapath;C:\Program Files (x86)\Common Files\Oracle\Java\javapath;C:\Program Files (x86)\NVIDIA Corporation\PhysX\Common;C:\app\RAFRA\product\18.0.0\dbhomeXE\bin;C:\Windows\system32;C:\Windows;C:\Windows\System32\Wbem;C:\Windows\System32\WindowsPowerShell\v1.0\;C:\Windows\System32\OpenSSH\;C:\Program Files\Git\cmd;C:\Program Files\Docker\Docker\resources\bin;C:\ProgramData\DockerDesktop\version-bin;C:\Program Files\dotnet\;C:\Program Files\Microsoft SQL Server\150\Tools\Binn\;C:\ProgramData\chocolatey\bin;C:\Program Files\nodejs\;C:\Users\RAFRA\.jbang\bin;C:\Users\RAFRA\Downloads\apache-maven-3.8.5-bin\apache-maven-3.8.5\bin;C:\Users\RAFRA\AppData\Local\Programs\Microsoft VS Code\bin;C:\Users\RAFRA\.dotnet\tools;C:\Users\RAFRA\OneDrive\Dokumente\Schule\4_Klasse\NVS\apache-maven-3.8.6-bin\apache-maven-3.8.6\bin;C:\Program Files\Java\jdk-17.0.4.1\bin;C:\Program Files\JetBrains\IntelliJ IDEA Community Edition 2022.2.2\bin;;C:\Users\RAFRA\.krew\bin;C:\Users\RAFRA\AppData\Local\Google\Cloud SDK\google-cloud-sdk\bin;C:\Users\RAFRA\AppData\Roaming\npm
USERNAME=RAFRA
OS=Windows_NT
PROCESSOR_IDENTIFIER=AMD64 Family 23 Model 96 Stepping 1, AuthenticAMD



---------------  S Y S T E M  ---------------

OS: Windows 10 , 64 bit Build 19041 (10.0.19041.2546)
OS uptime: 1 days 1:15 hours
Hyper-V role detected

CPU:total 6 (initial active 6) (6 cores per cpu, 1 threads per core) family 23 model 96 stepping 1 microcode 0x0, cmov, cx8, fxsr, mmx, sse, sse2, sse3, ssse3, sse4.1, sse4.2, popcnt, avx, avx2, aes, clmul, mmxext, 3dnowpref, lzcnt, sse4a, tsc, tscinvbit, tscinv, bmi1, bmi2, adx, sha, fma

Memory: 4k page, system-wide physical 7549M (455M free)
TotalPageFile size 31101M (AvailPageFile size 5M)
current process WorkingSet (physical memory assigned to process): 384M, peak: 385M
current process commit charge ("private bytes"): 418M, peak: 421M

vm_info: OpenJDK 64-Bit Server VM (11.0.13+0-b1751.21-8125866) for windows-amd64 JRE (11.0.13+0-b1751.21-8125866), built on Feb  2 2022 03:00:22 by "builder" with MS VC++ 14.0 (VS2015)

END.
