#
# There is insufficient memory for the Java Runtime Environment to continue.
# Native memory allocation (mmap) failed to map 36700160 bytes for Failed to commit area from 0x000000008ab00000 to 0x000000008ce00000 of length 36700160.
# Possible reasons:
#   The system is out of physical RAM or swap space
#   The process is running with CompressedOops enabled, and the Java Heap may be blocking the growth of the native heap
# Possible solutions:
#   Reduce memory load on the system
#   Increase physical memory or swap space
#   Check if swap backing store is full
#   Decrease Java heap size (-Xmx/-Xms)
#   Decrease number of Java threads
#   Decrease Java thread stack sizes (-Xss)
#   Set larger code cache with -XX:ReservedCodeCacheSize=
#   JVM is running with Unscaled Compressed Oops mode in which the Java heap is
#     placed in the first 4GB address space. The Java Heap base address is the
#     maximum limit for the native heap growth. Please use -XX:HeapBaseMinAddress
#     to set the Java Heap base and to place the Java Heap above 4GB virtual address.
# This output file may be truncated or incomplete.
#
#  Out of Memory Error (./src/hotspot/os/windows/os_windows.cpp:3619), pid=17936, tid=6360
#
# JRE version: OpenJDK Runtime Environment (11.0.13) (build 11.0.13+0-b1751.21-8125866)
# Java VM: OpenJDK 64-Bit Server VM (11.0.13+0-b1751.21-8125866, mixed mode, tiered, compressed oops, g1 gc, windows-amd64)
# No core dump will be written. Minidumps are not enabled by default on client versions of Windows
#

---------------  S U M M A R Y ------------

Command Line: --add-opens=java.base/java.util=ALL-UNNAMED --add-opens=java.base/java.lang=ALL-UNNAMED --add-opens=java.base/java.lang.invoke=ALL-UNNAMED --add-opens=java.base/java.util=ALL-UNNAMED --add-opens=java.prefs/java.util.prefs=ALL-UNNAMED --add-opens=java.prefs/java.util.prefs=ALL-UNNAMED --add-opens=java.base/java.nio.charset=ALL-UNNAMED --add-opens=java.base/java.net=ALL-UNNAMED --add-opens=java.base/java.util.concurrent.atomic=ALL-UNNAMED -Xmx2048m -Dfile.encoding=UTF-8 -Duser.country=AT -Duser.language=de -Duser.variant org.gradle.launcher.daemon.bootstrap.GradleDaemon 7.4

Host: AMD Ryzen 5 4500U with Radeon Graphics         , 6 cores, 7G,  Windows 10 , 64 bit Build 19041 (10.0.19041.2546)
Time: Fri Mar 10 12:58:47 2023 Mitteleuropäische Zeit elapsed time: 48.321530 seconds (0d 0h 0m 48s)

---------------  T H R E A D  ---------------

Current thread (0x00000232faed4000):  VMThread "VM Thread" [stack: 0x000000feed200000,0x000000feed300000] [id=6360]

Stack: [0x000000feed200000,0x000000feed300000]
[error occurred during error reporting (printing stack bounds), id 0xc0000005, EXCEPTION_ACCESS_VIOLATION (0xc0000005) at pc=0x000002328000112d]

Native frames: (J=compiled Java code, j=interpreted, Vv=VM code, C=native code)
V  [jvm.dll+0x6100fa]
V  [jvm.dll+0x747090]
V  [jvm.dll+0x7486ad]
V  [jvm.dll+0x748ce5]
V  [jvm.dll+0x748c9b]
V  [jvm.dll+0x60f224]
V  [jvm.dll+0x60f9b8]
C  [ntdll.dll+0xa241f]
C  [ntdll.dll+0x514a4]
C  [ntdll.dll+0xa0f4e]
C  0x000002328000112d

VM_Operation (0x000000feeecfdd00): G1CollectForAllocation, mode: safepoint, requested by thread 0x00000232fcf5e000


---------------  P R O C E S S  ---------------

Threads class SMR info:
_java_thread_list=0x000002328f83fbf0, length=101, elements={
0x00000232efe92800, 0x00000232faed6000, 0x00000232faee1800, 0x00000232faef2000,
0x00000232faef2800, 0x00000232faef8000, 0x00000232faef9000, 0x00000232faefb000,
0x00000232faefe800, 0x00000232fb9dd000, 0x00000232fd194000, 0x00000232fd161000,
0x00000232fd25c800, 0x00000232fcac4800, 0x00000232fd190800, 0x00000232fcf5e000,
0x00000232fcf5c800, 0x00000232fcf5d800, 0x00000232fcf5f000, 0x00000232fdeea800,
0x00000232fdee7800, 0x00000232fdeee800, 0x00000232fdeec800, 0x00000232fdeef800,
0x00000232fdef1000, 0x0000023290a9a800, 0x0000023290a9c800, 0x0000023290a97800,
0x00000232fe75d800, 0x00000232fe75f800, 0x00000232fe75c000, 0x00000232fe75e800,
0x00000232fe75a800, 0x00000232fe760000, 0x00000232fe761000, 0x00000232fe75b800,
0x00000232fe762800, 0x00000232fe762000, 0x00000232fe75d000, 0x00000232fe768800,
0x00000232fe764800, 0x00000232fe763800, 0x00000232fe769000, 0x00000232fe766800,
0x00000232fe766000, 0x00000232fe767800, 0x00000232fe765000, 0x0000023290a92800,
0x0000023290a92000, 0x0000023290a8e800, 0x0000023290a91000, 0x0000023290a93800,
0x0000023290a90000, 0x0000023290a94000, 0x0000023290a95000, 0x0000023290a8f800,
0x0000023290a9b800, 0x0000023290a98800, 0x0000023290a96800, 0x0000023290a99000,
0x0000023290a96000, 0x0000023290a9a000, 0x0000023290a9d000, 0x00000232fdee9000,
0x00000232fdee8000, 0x00000232fdeee000, 0x00000232fdeea000, 0x00000232fdef0800,
0x00000232fdeeb800, 0x00000232fdef5800, 0x00000232fdef2000, 0x00000232fdef3000,
0x00000232fdef4800, 0x00000232fdef6000, 0x00000232fdef3800, 0x00000232910a6000,
0x00000232910a5000, 0x00000232910a9000, 0x00000232910a8800, 0x00000232910a6800,
0x00000232910aa000, 0x00000232910a4000, 0x00000232910ab800, 0x00000232910aa800,
0x00000232910ac800, 0x00000232910ad000, 0x00000232910a7800, 0x00000232910ae000,
0x00000232910af000, 0x00000232910af800, 0x00000232910b1800, 0x00000232910b2000,
0x00000232910b0800, 0x00000232910b3000, 0x0000023290e58000, 0x0000023290e57800,
0x0000023290e5a000, 0x0000023290e56800, 0x0000023290e55000, 0x0000023290e5b800,
0x0000023290e5a800
}

Java Threads: ( => current thread )
  0x00000232efe92800 JavaThread "main" [_thread_blocked, id=28540, stack(0x000000feecc00000,0x000000feecd00000)]
  0x00000232faed6000 JavaThread "Reference Handler" daemon [_thread_blocked, id=4704, stack(0x000000feed300000,0x000000feed400000)]
  0x00000232faee1800 JavaThread "Finalizer" daemon [_thread_blocked, id=18228, stack(0x000000feed400000,0x000000feed500000)]
  0x00000232faef2000 JavaThread "Signal Dispatcher" daemon [_thread_blocked, id=24012, stack(0x000000feed500000,0x000000feed600000)]
  0x00000232faef2800 JavaThread "Attach Listener" daemon [_thread_blocked, id=16040, stack(0x000000feed600000,0x000000feed700000)]
  0x00000232faef8000 JavaThread "Service Thread" daemon [_thread_blocked, id=16768, stack(0x000000feed700000,0x000000feed800000)]
  0x00000232faef9000 JavaThread "C2 CompilerThread0" daemon [_thread_in_native, id=3172, stack(0x000000feed800000,0x000000feed900000)]
  0x00000232faefb000 JavaThread "C1 CompilerThread0" daemon [_thread_blocked, id=14284, stack(0x000000feed900000,0x000000feeda00000)]
  0x00000232faefe800 JavaThread "Sweeper thread" daemon [_thread_blocked, id=7748, stack(0x000000feeda00000,0x000000feedb00000)]
  0x00000232fb9dd000 JavaThread "Common-Cleaner" daemon [_thread_blocked, id=22620, stack(0x000000feedb00000,0x000000feedc00000)]
  0x00000232fd194000 JavaThread "Daemon health stats" [_thread_blocked, id=27112, stack(0x000000feede00000,0x000000feedf00000)]
  0x00000232fd161000 JavaThread "Incoming local TCP Connector on port 58775" [_thread_in_native, id=5156, stack(0x000000feedf00000,0x000000feee000000)]
  0x00000232fd25c800 JavaThread "Daemon periodic checks" [_thread_blocked, id=15908, stack(0x000000feee000000,0x000000feee100000)]
  0x00000232fcac4800 JavaThread "Daemon" [_thread_blocked, id=10460, stack(0x000000feee100000,0x000000feee200000)]
  0x00000232fd190800 JavaThread "Daemon worker" [_thread_blocked, id=22932, stack(0x000000feee800000,0x000000feee900000)]
  0x00000232fcf5e000 JavaThread "Cache worker for journal cache (C:\Users\RAFRA\.gradle\caches\journal-1)" [_thread_blocked, id=4208, stack(0x000000feeec00000,0x000000feeed00000)]
  0x00000232fcf5c800 JavaThread "File lock request listener" [_thread_in_native, id=1032, stack(0x000000feeed00000,0x000000feeee00000)]
  0x00000232fcf5d800 JavaThread "Cache worker for file hash cache (C:\Users\RAFRA\.gradle\caches\7.4\fileHashes)" [_thread_blocked, id=15128, stack(0x000000feeee00000,0x000000feeef00000)]
  0x00000232fcf5f000 JavaThread "File watcher server" daemon [_thread_blocked, id=18508, stack(0x000000feef000000,0x000000feef100000)]
  0x00000232fdeea800 JavaThread "File watcher consumer" daemon [_thread_blocked, id=13388, stack(0x000000feef100000,0x000000feef200000)]
  0x00000232fdee7800 JavaThread "Cache worker for execution history cache (C:\Users\RAFRA\.gradle\caches\7.4\executionHistory)" [_thread_blocked, id=28560, stack(0x000000feef700000,0x000000feef800000)]
  0x00000232fdeee800 JavaThread "jar transforms" [_thread_blocked, id=20644, stack(0x000000feef800000,0x000000feef900000)]
  0x00000232fdeec800 JavaThread "Cache worker for file content cache (C:\Users\RAFRA\.gradle\caches\7.4\fileContent)" [_thread_blocked, id=27812, stack(0x000000feef900000,0x000000feefa00000)]
  0x00000232fdeef800 JavaThread "jar transforms Thread 2" [_thread_blocked, id=27184, stack(0x000000feefa00000,0x000000feefb00000)]
  0x00000232fdef1000 JavaThread "jar transforms Thread 3" [_thread_blocked, id=28512, stack(0x000000feefc00000,0x000000feefd00000)]
  0x0000023290a9a800 JavaThread "jar transforms Thread 4" [_thread_blocked, id=16084, stack(0x000000fef3a00000,0x000000fef3b00000)]
  0x0000023290a9c800 JavaThread "jar transforms Thread 5" [_thread_blocked, id=27336, stack(0x000000fef3b00000,0x000000fef3c00000)]
  0x0000023290a97800 JavaThread "jar transforms Thread 6" [_thread_blocked, id=3544, stack(0x000000fef3c00000,0x000000fef3d00000)]
  0x00000232fe75d800 JavaThread "Memory manager" [_thread_blocked, id=24300, stack(0x000000fef3d00000,0x000000fef3e00000)]
  0x00000232fe75f800 JavaThread "included builds" [_thread_blocked, id=4816, stack(0x000000fef4000000,0x000000fef4100000)]
  0x00000232fe75c000 JavaThread "Handler for socket connection from /127.0.0.1:58775 to /127.0.0.1:49695" [_thread_in_native, id=20384, stack(0x000000feee700000,0x000000feee800000)]
  0x00000232fe75e800 JavaThread "Cancel handler" [_thread_blocked, id=18852, stack(0x000000feee900000,0x000000feeea00000)]
  0x00000232fe75a800 JavaThread "Asynchronous log dispatcher for DefaultDaemonConnection: socket connection from /127.0.0.1:58775 to /127.0.0.1:49695" [_thread_blocked, id=6660, stack(0x000000feeea00000,0x000000feeeb00000)]
  0x00000232fe760000 JavaThread "Stdin handler" [_thread_blocked, id=8452, stack(0x000000feeeb00000,0x000000feeec00000)]
  0x00000232fe761000 JavaThread "Daemon client event forwarder" [_thread_blocked, id=5920, stack(0x000000feef200000,0x000000feef300000)]
  0x00000232fe75b800 JavaThread "Cache worker for checksums cache (C:\Users\RAFRA\Documents\EGD\EGD\AndroidProjekte\EGD\.gradle\7.4\checksums)" [_thread_blocked, id=23600, stack(0x000000feef300000,0x000000feef400000)]
  0x00000232fe762800 JavaThread "Cache worker for cache directory md-rule (C:\Users\RAFRA\.gradle\caches\7.4\md-rule)" [_thread_blocked, id=27568, stack(0x000000feef400000,0x000000feef500000)]
  0x00000232fe762000 JavaThread "Cache worker for file hash cache (C:\Users\RAFRA\Documents\EGD\EGD\AndroidProjekte\EGD\.gradle\7.4\fileHashes)" [_thread_blocked, id=4164, stack(0x000000feef500000,0x000000feef600000)]
  0x00000232fe75d000 JavaThread "Cache worker for cache directory md-supplier (C:\Users\RAFRA\.gradle\caches\7.4\md-supplier)" [_thread_blocked, id=5944, stack(0x000000feef600000,0x000000feef700000)]
  0x00000232fe768800 JavaThread "Cache worker for dependencies-accessors (C:\Users\RAFRA\Documents\EGD\EGD\AndroidProjekte\EGD\.gradle\7.4\dependencies-accessors)" [_thread_blocked, id=26712, stack(0x000000feefb00000,0x000000feefc00000)]
  0x00000232fe764800 JavaThread "Cache worker for Build Output Cleanup Cache (C:\Users\RAFRA\Documents\EGD\EGD\AndroidProjekte\EGD\.gradle\buildOutputCleanup)" [_thread_blocked, id=16724, stack(0x000000feefd00000,0x000000feefe00000)]
  0x00000232fe763800 JavaThread "Unconstrained build operations" [_thread_blocked, id=27212, stack(0x000000feefe00000,0x000000feeff00000)]
  0x00000232fe769000 JavaThread "Unconstrained build operations Thread 2" [_thread_blocked, id=26812, stack(0x000000feeff00000,0x000000fef0000000)]
  0x00000232fe766800 JavaThread "Unconstrained build operations Thread 3" [_thread_blocked, id=7968, stack(0x000000fef0000000,0x000000fef0100000)]
  0x00000232fe766000 JavaThread "Unconstrained build operations Thread 4" [_thread_blocked, id=21780, stack(0x000000fef0100000,0x000000fef0200000)]
  0x00000232fe767800 JavaThread "Unconstrained build operations Thread 5" [_thread_blocked, id=19944, stack(0x000000fef0200000,0x000000fef0300000)]
  0x00000232fe765000 JavaThread "Unconstrained build operations Thread 6" [_thread_blocked, id=20052, stack(0x000000fef0300000,0x000000fef0400000)]
  0x0000023290a92800 JavaThread "Unconstrained build operations Thread 7" [_thread_blocked, id=1792, stack(0x000000fef0400000,0x000000fef0500000)]
  0x0000023290a92000 JavaThread "Unconstrained build operations Thread 8" [_thread_blocked, id=5716, stack(0x000000fef0500000,0x000000fef0600000)]
  0x0000023290a8e800 JavaThread "Unconstrained build operations Thread 9" [_thread_blocked, id=22304, stack(0x000000fef0600000,0x000000fef0700000)]
  0x0000023290a91000 JavaThread "Unconstrained build operations Thread 10" [_thread_blocked, id=22812, stack(0x000000fef0700000,0x000000fef0800000)]
  0x0000023290a93800 JavaThread "Unconstrained build operations Thread 11" [_thread_blocked, id=26836, stack(0x000000fef0800000,0x000000fef0900000)]
  0x0000023290a90000 JavaThread "Unconstrained build operations Thread 12" [_thread_blocked, id=10668, stack(0x000000fef0900000,0x000000fef0a00000)]
  0x0000023290a94000 JavaThread "Unconstrained build operations Thread 13" [_thread_blocked, id=18352, stack(0x000000fef0a00000,0x000000fef0b00000)]
  0x0000023290a95000 JavaThread "Unconstrained build operations Thread 14" [_thread_blocked, id=25180, stack(0x000000fef0b00000,0x000000fef0c00000)]
  0x0000023290a8f800 JavaThread "Unconstrained build operations Thread 15" [_thread_blocked, id=10524, stack(0x000000fef0c00000,0x000000fef0d00000)]
  0x0000023290a9b800 JavaThread "Unconstrained build operations Thread 16" [_thread_blocked, id=3364, stack(0x000000fef0d00000,0x000000fef0e00000)]
  0x0000023290a98800 JavaThread "Unconstrained build operations Thread 17" [_thread_blocked, id=19148, stack(0x000000fef0e00000,0x000000fef0f00000)]
  0x0000023290a96800 JavaThread "Unconstrained build operations Thread 18" [_thread_blocked, id=19544, stack(0x000000fef0f00000,0x000000fef1000000)]
  0x0000023290a99000 JavaThread "Unconstrained build operations Thread 19" [_thread_blocked, id=17968, stack(0x000000fef1000000,0x000000fef1100000)]
  0x0000023290a96000 JavaThread "Unconstrained build operations Thread 20" [_thread_blocked, id=24676, stack(0x000000fef1100000,0x000000fef1200000)]
  0x0000023290a9a000 JavaThread "Unconstrained build operations Thread 21" [_thread_blocked, id=24076, stack(0x000000fef1200000,0x000000fef1300000)]
  0x0000023290a9d000 JavaThread "Unconstrained build operations Thread 22" [_thread_blocked, id=20200, stack(0x000000fef1300000,0x000000fef1400000)]
  0x00000232fdee9000 JavaThread "Unconstrained build operations Thread 23" [_thread_blocked, id=19444, stack(0x000000fef1400000,0x000000fef1500000)]
  0x00000232fdee8000 JavaThread "Unconstrained build operations Thread 24" [_thread_blocked, id=7944, stack(0x000000fef1500000,0x000000fef1600000)]
  0x00000232fdeee000 JavaThread "Unconstrained build operations Thread 25" [_thread_blocked, id=26068, stack(0x000000fef1600000,0x000000fef1700000)]
  0x00000232fdeea000 JavaThread "Unconstrained build operations Thread 26" [_thread_blocked, id=14708, stack(0x000000fef1700000,0x000000fef1800000)]
  0x00000232fdef0800 JavaThread "Unconstrained build operations Thread 27" [_thread_blocked, id=18076, stack(0x000000fef1800000,0x000000fef1900000)]
  0x00000232fdeeb800 JavaThread "Unconstrained build operations Thread 28" [_thread_blocked, id=19284, stack(0x000000fef1900000,0x000000fef1a00000)]
  0x00000232fdef5800 JavaThread "Unconstrained build operations Thread 29" [_thread_blocked, id=17392, stack(0x000000fef1a00000,0x000000fef1b00000)]
  0x00000232fdef2000 JavaThread "Unconstrained build operations Thread 30" [_thread_blocked, id=12192, stack(0x000000fef1b00000,0x000000fef1c00000)]
  0x00000232fdef3000 JavaThread "Unconstrained build operations Thread 31" [_thread_blocked, id=22468, stack(0x000000fef1c00000,0x000000fef1d00000)]
  0x00000232fdef4800 JavaThread "Unconstrained build operations Thread 32" [_thread_blocked, id=12024, stack(0x000000fef1d00000,0x000000fef1e00000)]
  0x00000232fdef6000 JavaThread "Unconstrained build operations Thread 33" [_thread_blocked, id=13420, stack(0x000000fef1e00000,0x000000fef1f00000)]
  0x00000232fdef3800 JavaThread "Unconstrained build operations Thread 34" [_thread_blocked, id=7216, stack(0x000000fef1f00000,0x000000fef2000000)]
  0x00000232910a6000 JavaThread "Unconstrained build operations Thread 35" [_thread_blocked, id=26556, stack(0x000000fef2000000,0x000000fef2100000)]
  0x00000232910a5000 JavaThread "Unconstrained build operations Thread 36" [_thread_blocked, id=11288, stack(0x000000fef2100000,0x000000fef2200000)]
  0x00000232910a9000 JavaThread "Unconstrained build operations Thread 37" [_thread_blocked, id=27640, stack(0x000000fef2200000,0x000000fef2300000)]
  0x00000232910a8800 JavaThread "Unconstrained build operations Thread 38" [_thread_blocked, id=25744, stack(0x000000fef2300000,0x000000fef2400000)]
  0x00000232910a6800 JavaThread "Unconstrained build operations Thread 39" [_thread_blocked, id=23932, stack(0x000000fef2400000,0x000000fef2500000)]
  0x00000232910aa000 JavaThread "Unconstrained build operations Thread 40" [_thread_blocked, id=20412, stack(0x000000fef2500000,0x000000fef2600000)]
  0x00000232910a4000 JavaThread "Unconstrained build operations Thread 41" [_thread_blocked, id=7264, stack(0x000000fef2600000,0x000000fef2700000)]
  0x00000232910ab800 JavaThread "Unconstrained build operations Thread 42" [_thread_blocked, id=22244, stack(0x000000fef2700000,0x000000fef2800000)]
  0x00000232910aa800 JavaThread "Unconstrained build operations Thread 43" [_thread_blocked, id=16696, stack(0x000000fef2800000,0x000000fef2900000)]
  0x00000232910ac800 JavaThread "Unconstrained build operations Thread 44" [_thread_blocked, id=5040, stack(0x000000fef2900000,0x000000fef2a00000)]
  0x00000232910ad000 JavaThread "Unconstrained build operations Thread 45" [_thread_blocked, id=27016, stack(0x000000fef2a00000,0x000000fef2b00000)]
  0x00000232910a7800 JavaThread "Unconstrained build operations Thread 46" [_thread_blocked, id=16160, stack(0x000000fef2b00000,0x000000fef2c00000)]
  0x00000232910ae000 JavaThread "Unconstrained build operations Thread 47" [_thread_blocked, id=6580, stack(0x000000fef2c00000,0x000000fef2d00000)]
  0x00000232910af000 JavaThread "Unconstrained build operations Thread 48" [_thread_blocked, id=17208, stack(0x000000fef2d00000,0x000000fef2e00000)]
  0x00000232910af800 JavaThread "Unconstrained build operations Thread 49" [_thread_blocked, id=16076, stack(0x000000fef2e00000,0x000000fef2f00000)]
  0x00000232910b1800 JavaThread "Unconstrained build operations Thread 50" [_thread_blocked, id=9100, stack(0x000000fef2f00000,0x000000fef3000000)]
  0x00000232910b2000 JavaThread "Unconstrained build operations Thread 51" [_thread_blocked, id=6132, stack(0x000000fef3000000,0x000000fef3100000)]
  0x00000232910b0800 JavaThread "Unconstrained build operations Thread 52" [_thread_blocked, id=24236, stack(0x000000fef3100000,0x000000fef3200000)]
  0x00000232910b3000 JavaThread "Unconstrained build operations Thread 53" [_thread_blocked, id=11572, stack(0x000000fef3200000,0x000000fef3300000)]
  0x0000023290e58000 JavaThread "Unconstrained build operations Thread 54" [_thread_blocked, id=14932, stack(0x000000fef3300000,0x000000fef3400000)]
  0x0000023290e57800 JavaThread "Unconstrained build operations Thread 55" [_thread_blocked, id=14616, stack(0x000000fef3400000,0x000000fef3500000)]
  0x0000023290e5a000 JavaThread "Unconstrained build operations Thread 56" [_thread_blocked, id=19352, stack(0x000000fef3500000,0x000000fef3600000)]
  0x0000023290e56800 JavaThread "Unconstrained build operations Thread 57" [_thread_blocked, id=4860, stack(0x000000fef3600000,0x000000fef3700000)]
  0x0000023290e55000 JavaThread "Unconstrained build operations Thread 58" [_thread_blocked, id=11028, stack(0x000000fef3700000,0x000000fef3800000)]
  0x0000023290e5b800 JavaThread "Unconstrained build operations Thread 59" [_thread_blocked, id=14320, stack(0x000000fef3800000,0x000000fef3900000)]
  0x0000023290e5a800 JavaThread "Unconstrained build operations Thread 60" [_thread_blocked, id=5372, stack(0x000000fef3900000,0x000000fef3a00000)]

Other Threads:
=>0x00000232faed4000 VMThread "VM Thread" [stack: 0x000000feed200000,0x000000feed300000] [id=6360]
  0x00000232fba09000 WatcherThread [stack: 0x000000feedc00000,0x000000feedd00000] [id=16928]
  0x00000232efea7800 GCTaskThread "GC Thread#0" [stack: 0x000000feecd00000,0x000000feece00000] [id=23640]
  0x00000232fbd21800 GCTaskThread "GC Thread#1" [stack: 0x000000feedd00000,0x000000feede00000] [id=14096]
  0x00000232fcb77800 GCTaskThread "GC Thread#2" [stack: 0x000000feee300000,0x000000feee400000] [id=18272]
  0x00000232fcb78000 GCTaskThread "GC Thread#3" [stack: 0x000000feee400000,0x000000feee500000] [id=22156]
  0x00000232fd369800 GCTaskThread "GC Thread#4" [stack: 0x000000feee500000,0x000000feee600000] [id=10728]
  0x00000232fd1d9000 GCTaskThread "GC Thread#5" [stack: 0x000000feee600000,0x000000feee700000] [id=12044]
  0x00000232efedc000 ConcurrentGCThread "G1 Main Marker" [stack: 0x000000feece00000,0x000000feecf00000] [id=12584]
  0x00000232efedd000 ConcurrentGCThread "G1 Conc#0" [stack: 0x000000feecf00000,0x000000feed000000] [id=5428]
  0x00000232fd1d6800 ConcurrentGCThread "G1 Conc#1" [stack: 0x000000feeef00000,0x000000feef000000] [id=27284]
  0x00000232eff62000 ConcurrentGCThread "G1 Refine#0" [stack: 0x000000feed000000,0x000000feed100000] [id=14444]
  0x00000232eff63000 ConcurrentGCThread "G1 Young RemSet Sampling" [stack: 0x000000feed100000,0x000000feed200000] [id=12968]

Threads with active compile tasks:
C2 CompilerThread0  48341 12465       4       org.gradle.internal.service.DefaultServiceRegistry$SingletonService::get (5 bytes)
C1 CompilerThread0  48341 12673       2       org.gradle.api.internal.artifacts.ivyservice.modulecache.artifacts.DefaultModuleArtifactCache$ArtifactAtRepositoryKeySerializer::write (25 bytes)

VM state:at safepoint (normal execution)

VM Mutex/Monitor currently owned by a thread:  ([mutex/lock_event])
[0x00000232efe8db30] Threads_lock - owner thread: 0x00000232faed4000
[0x00000232efe8e3a0] Heap_lock - owner thread: 0x00000232fcf5e000

Heap address: 0x0000000080000000, size: 2048 MB, Compressed Oops mode: 32-bit
Narrow klass base: 0x0000000000000000, Narrow klass shift: 3
Compressed class space size: 1073741824 Address: 0x0000000100000000

Heap:
 garbage-first heap   total 210944K, used 96677K [0x0000000080000000, 0x0000000100000000)
  region size 1024K, 7 young (7168K), 7 survivors (7168K)
 Metaspace       used 96942K, capacity 99239K, committed 99280K, reserved 1134592K
  class space    used 12476K, capacity 13349K, committed 13388K, reserved 1048576K
Heap Regions: E=young(eden), S=young(survivor), O=old, HS=humongous(starts), HC=humongous(continues), CS=collection set, F=free, A=archive, TAMS=top-at-mark-start (previous, next)
|   0|0x0000000080000000, 0x0000000080100000, 0x0000000080100000|100%| O|  |TAMS 0x0000000080100000, 0x0000000080000000| Untracked 
|   1|0x0000000080100000, 0x0000000080200000, 0x0000000080200000|100%| O|  |TAMS 0x0000000080200000, 0x0000000080100000| Untracked 
|   2|0x0000000080200000, 0x0000000080300000, 0x0000000080300000|100%| O|  |TAMS 0x0000000080300000, 0x0000000080200000| Untracked 
|   3|0x0000000080300000, 0x0000000080400000, 0x0000000080400000|100%|HS|  |TAMS 0x0000000080400000, 0x0000000080300000| Complete 
|   4|0x0000000080400000, 0x0000000080500000, 0x0000000080500000|100%|HC|  |TAMS 0x0000000080500000, 0x0000000080400000| Complete 
|   5|0x0000000080500000, 0x0000000080600000, 0x0000000080600000|100%|HC|  |TAMS 0x0000000080600000, 0x0000000080500000| Complete 
|   6|0x0000000080600000, 0x0000000080700000, 0x0000000080700000|100%| O|  |TAMS 0x0000000080700000, 0x0000000080600000| Untracked 
|   7|0x0000000080700000, 0x0000000080800000, 0x0000000080800000|100%| O|  |TAMS 0x0000000080800000, 0x0000000080700000| Untracked 
|   8|0x0000000080800000, 0x0000000080900000, 0x0000000080900000|100%| O|  |TAMS 0x0000000080900000, 0x0000000080800000| Untracked 
|   9|0x0000000080900000, 0x0000000080a00000, 0x0000000080a00000|100%| O|  |TAMS 0x0000000080a00000, 0x0000000080900000| Untracked 
|  10|0x0000000080a00000, 0x0000000080b00000, 0x0000000080b00000|100%| O|  |TAMS 0x0000000080b00000, 0x0000000080a00000| Untracked 
|  11|0x0000000080b00000, 0x0000000080c00000, 0x0000000080c00000|100%| O|  |TAMS 0x0000000080c00000, 0x0000000080b00000| Untracked 
|  12|0x0000000080c00000, 0x0000000080d00000, 0x0000000080d00000|100%| O|  |TAMS 0x0000000080d00000, 0x0000000080c00000| Untracked 
|  13|0x0000000080d00000, 0x0000000080e00000, 0x0000000080e00000|100%| O|  |TAMS 0x0000000080e00000, 0x0000000080d00000| Untracked 
|  14|0x0000000080e00000, 0x0000000080f00000, 0x0000000080f00000|100%| O|  |TAMS 0x0000000080f00000, 0x0000000080e00000| Untracked 
|  15|0x0000000080f00000, 0x0000000081000000, 0x0000000081000000|100%| O|  |TAMS 0x0000000081000000, 0x0000000080f00000| Untracked 
|  16|0x0000000081000000, 0x0000000081100000, 0x0000000081100000|100%| O|  |TAMS 0x0000000081100000, 0x0000000081000000| Untracked 
|  17|0x0000000081100000, 0x0000000081200000, 0x0000000081200000|100%| O|  |TAMS 0x0000000081200000, 0x0000000081100000| Untracked 
|  18|0x0000000081200000, 0x0000000081300000, 0x0000000081300000|100%| O|  |TAMS 0x0000000081300000, 0x0000000081200000| Untracked 
|  19|0x0000000081300000, 0x0000000081400000, 0x0000000081400000|100%| O|  |TAMS 0x0000000081400000, 0x0000000081300000| Untracked 
|  20|0x0000000081400000, 0x0000000081500000, 0x0000000081500000|100%| O|  |TAMS 0x0000000081500000, 0x0000000081400000| Untracked 
|  21|0x0000000081500000, 0x0000000081600000, 0x0000000081600000|100%| O|  |TAMS 0x0000000081600000, 0x0000000081500000| Untracked 
|  22|0x0000000081600000, 0x0000000081700000, 0x0000000081700000|100%| O|  |TAMS 0x0000000081700000, 0x0000000081600000| Untracked 
|  23|0x0000000081700000, 0x0000000081800000, 0x0000000081800000|100%| O|  |TAMS 0x0000000081800000, 0x0000000081700000| Untracked 
|  24|0x0000000081800000, 0x0000000081900000, 0x0000000081900000|100%| O|  |TAMS 0x0000000081900000, 0x0000000081800000| Untracked 
|  25|0x0000000081900000, 0x0000000081a00000, 0x0000000081a00000|100%| O|  |TAMS 0x0000000081a00000, 0x0000000081900000| Untracked 
|  26|0x0000000081a00000, 0x0000000081b00000, 0x0000000081b00000|100%|HS|  |TAMS 0x0000000081b00000, 0x0000000081a00000| Complete 
|  27|0x0000000081b00000, 0x0000000081c00000, 0x0000000081c00000|100%|HS|  |TAMS 0x0000000081c00000, 0x0000000081b00000| Complete 
|  28|0x0000000081c00000, 0x0000000081d00000, 0x0000000081d00000|100%|HS|  |TAMS 0x0000000081d00000, 0x0000000081c00000| Complete 
|  29|0x0000000081d00000, 0x0000000081e00000, 0x0000000081e00000|100%|HS|  |TAMS 0x0000000081e00000, 0x0000000081d00000| Complete 
|  30|0x0000000081e00000, 0x0000000081f00000, 0x0000000081f00000|100%|HC|  |TAMS 0x0000000081f00000, 0x0000000081e00000| Complete 
|  31|0x0000000081f00000, 0x0000000082000000, 0x0000000082000000|100%|HC|  |TAMS 0x0000000082000000, 0x0000000081f00000| Complete 
|  32|0x0000000082000000, 0x0000000082100000, 0x0000000082100000|100%| O|  |TAMS 0x0000000082100000, 0x0000000082000000| Untracked 
|  33|0x0000000082100000, 0x0000000082200000, 0x0000000082200000|100%|HS|  |TAMS 0x0000000082200000, 0x0000000082100000| Complete 
|  34|0x0000000082200000, 0x0000000082300000, 0x0000000082300000|100%|HC|  |TAMS 0x0000000082300000, 0x0000000082200000| Complete 
|  35|0x0000000082300000, 0x0000000082400000, 0x0000000082400000|100%| O|  |TAMS 0x0000000082400000, 0x0000000082300000| Untracked 
|  36|0x0000000082400000, 0x0000000082500000, 0x0000000082500000|100%| O|  |TAMS 0x0000000082500000, 0x0000000082400000| Untracked 
|  37|0x0000000082500000, 0x0000000082600000, 0x0000000082600000|100%| O|  |TAMS 0x0000000082600000, 0x0000000082500000| Untracked 
|  38|0x0000000082600000, 0x0000000082700000, 0x0000000082700000|100%| O|  |TAMS 0x0000000082700000, 0x0000000082600000| Untracked 
|  39|0x0000000082700000, 0x0000000082800000, 0x0000000082800000|100%| O|  |TAMS 0x0000000082800000, 0x0000000082700000| Untracked 
|  40|0x0000000082800000, 0x0000000082900000, 0x0000000082900000|100%| O|  |TAMS 0x0000000082900000, 0x0000000082800000| Untracked 
|  41|0x0000000082900000, 0x0000000082a00000, 0x0000000082a00000|100%| O|  |TAMS 0x0000000082a00000, 0x0000000082900000| Untracked 
|  42|0x0000000082a00000, 0x0000000082b00000, 0x0000000082b00000|100%| O|  |TAMS 0x0000000082b00000, 0x0000000082a00000| Untracked 
|  43|0x0000000082b00000, 0x0000000082c00000, 0x0000000082c00000|100%| O|  |TAMS 0x0000000082c00000, 0x0000000082b00000| Untracked 
|  44|0x0000000082c00000, 0x0000000082d00000, 0x0000000082d00000|100%| O|  |TAMS 0x0000000082d00000, 0x0000000082c00000| Untracked 
|  45|0x0000000082d00000, 0x0000000082e00000, 0x0000000082e00000|100%| O|  |TAMS 0x0000000082e00000, 0x0000000082d00000| Untracked 
|  46|0x0000000082e00000, 0x0000000082f00000, 0x0000000082f00000|100%| O|  |TAMS 0x0000000082f00000, 0x0000000082e00000| Untracked 
|  47|0x0000000082f00000, 0x0000000083000000, 0x0000000083000000|100%| O|  |TAMS 0x0000000083000000, 0x0000000082f00000| Untracked 
|  48|0x0000000083000000, 0x0000000083100000, 0x0000000083100000|100%| O|  |TAMS 0x0000000083100000, 0x0000000083000000| Untracked 
|  49|0x0000000083100000, 0x0000000083200000, 0x0000000083200000|100%| O|  |TAMS 0x0000000083200000, 0x0000000083100000| Untracked 
|  50|0x0000000083200000, 0x0000000083300000, 0x0000000083300000|100%| O|  |TAMS 0x0000000083300000, 0x0000000083200000| Untracked 
|  51|0x0000000083300000, 0x0000000083400000, 0x0000000083400000|100%| O|  |TAMS 0x0000000083400000, 0x0000000083300000| Untracked 
|  52|0x0000000083400000, 0x0000000083500000, 0x0000000083500000|100%| O|  |TAMS 0x0000000083500000, 0x0000000083400000| Untracked 
|  53|0x0000000083500000, 0x0000000083600000, 0x0000000083600000|100%| O|  |TAMS 0x0000000083600000, 0x0000000083500000| Untracked 
|  54|0x0000000083600000, 0x0000000083700000, 0x0000000083700000|100%| O|  |TAMS 0x0000000083700000, 0x0000000083600000| Untracked 
|  55|0x0000000083700000, 0x0000000083800000, 0x0000000083800000|100%| O|  |TAMS 0x0000000083800000, 0x0000000083700000| Untracked 
|  56|0x0000000083800000, 0x0000000083900000, 0x0000000083900000|100%| O|  |TAMS 0x0000000083900000, 0x0000000083800000| Untracked 
|  57|0x0000000083900000, 0x0000000083a00000, 0x0000000083a00000|100%| O|  |TAMS 0x0000000083a00000, 0x0000000083900000| Untracked 
|  58|0x0000000083a00000, 0x0000000083b00000, 0x0000000083b00000|100%| O|  |TAMS 0x0000000083b00000, 0x0000000083a00000| Untracked 
|  59|0x0000000083b00000, 0x0000000083c00000, 0x0000000083c00000|100%| O|  |TAMS 0x0000000083c00000, 0x0000000083b00000| Untracked 
|  60|0x0000000083c00000, 0x0000000083d00000, 0x0000000083d00000|100%| O|  |TAMS 0x0000000083d00000, 0x0000000083c00000| Untracked 
|  61|0x0000000083d00000, 0x0000000083e00000, 0x0000000083e00000|100%| O|  |TAMS 0x0000000083e00000, 0x0000000083d00000| Untracked 
|  62|0x0000000083e00000, 0x0000000083f00000, 0x0000000083f00000|100%| O|  |TAMS 0x0000000083f00000, 0x0000000083e00000| Untracked 
|  63|0x0000000083f00000, 0x0000000084000000, 0x0000000084000000|100%| O|  |TAMS 0x0000000084000000, 0x0000000083f00000| Untracked 
|  64|0x0000000084000000, 0x0000000084100000, 0x0000000084100000|100%| O|  |TAMS 0x0000000084100000, 0x0000000084000000| Untracked 
|  65|0x0000000084100000, 0x0000000084200000, 0x0000000084200000|100%| O|  |TAMS 0x0000000084200000, 0x0000000084100000| Untracked 
|  66|0x0000000084200000, 0x0000000084300000, 0x0000000084300000|100%| O|  |TAMS 0x0000000084300000, 0x0000000084200000| Untracked 
|  67|0x0000000084300000, 0x0000000084400000, 0x0000000084400000|100%| O|  |TAMS 0x0000000084400000, 0x0000000084300000| Untracked 
|  68|0x0000000084400000, 0x0000000084500000, 0x0000000084500000|100%| O|  |TAMS 0x0000000084500000, 0x0000000084400000| Untracked 
|  69|0x0000000084500000, 0x0000000084600000, 0x0000000084600000|100%| O|  |TAMS 0x0000000084600000, 0x0000000084500000| Untracked 
|  70|0x0000000084600000, 0x0000000084700000, 0x0000000084700000|100%| O|  |TAMS 0x0000000084700000, 0x0000000084600000| Untracked 
|  71|0x0000000084700000, 0x0000000084800000, 0x0000000084800000|100%| O|  |TAMS 0x0000000084800000, 0x0000000084700000| Untracked 
|  72|0x0000000084800000, 0x0000000084900000, 0x0000000084900000|100%| O|  |TAMS 0x0000000084900000, 0x0000000084800000| Untracked 
|  73|0x0000000084900000, 0x0000000084a00000, 0x0000000084a00000|100%| O|  |TAMS 0x0000000084a00000, 0x0000000084900000| Untracked 
|  74|0x0000000084a00000, 0x0000000084b00000, 0x0000000084b00000|100%| O|  |TAMS 0x0000000084b00000, 0x0000000084a00000| Untracked 
|  75|0x0000000084b00000, 0x0000000084c00000, 0x0000000084c00000|100%| O|  |TAMS 0x0000000084c00000, 0x0000000084b00000| Untracked 
|  76|0x0000000084c00000, 0x0000000084d00000, 0x0000000084d00000|100%| O|  |TAMS 0x0000000084d00000, 0x0000000084c00000| Untracked 
|  77|0x0000000084d00000, 0x0000000084e00000, 0x0000000084e00000|100%| O|  |TAMS 0x0000000084e00000, 0x0000000084d00000| Untracked 
|  78|0x0000000084e00000, 0x0000000084f00000, 0x0000000084f00000|100%| O|  |TAMS 0x0000000084f00000, 0x0000000084e00000| Untracked 
|  79|0x0000000084f00000, 0x0000000085000000, 0x0000000085000000|100%| O|  |TAMS 0x0000000085000000, 0x0000000084f00000| Untracked 
|  80|0x0000000085000000, 0x0000000085100000, 0x0000000085100000|100%| O|  |TAMS 0x0000000085100000, 0x0000000085000000| Untracked 
|  81|0x0000000085100000, 0x0000000085200000, 0x0000000085200000|100%| O|  |TAMS 0x0000000085200000, 0x0000000085100000| Untracked 
|  82|0x0000000085200000, 0x0000000085300000, 0x0000000085300000|100%| O|  |TAMS 0x0000000085300000, 0x0000000085200000| Untracked 
|  83|0x0000000085300000, 0x0000000085400000, 0x0000000085400000|100%| O|  |TAMS 0x0000000085400000, 0x0000000085300000| Untracked 
|  84|0x0000000085400000, 0x0000000085500000, 0x0000000085500000|100%| O|  |TAMS 0x0000000085500000, 0x0000000085400000| Untracked 
|  85|0x0000000085500000, 0x0000000085600000, 0x0000000085600000|100%| O|  |TAMS 0x0000000085535e00, 0x0000000085500000| Untracked 
|  86|0x0000000085600000, 0x0000000085700000, 0x0000000085700000|100%| O|  |TAMS 0x0000000085600000, 0x0000000085600000| Untracked 
|  87|0x0000000085700000, 0x0000000085800000, 0x0000000085800000|100%| O|  |TAMS 0x0000000085700000, 0x0000000085700000| Untracked 
|  88|0x0000000085800000, 0x000000008580f400, 0x0000000085900000|  5%| O|  |TAMS 0x0000000085800000, 0x0000000085800000| Untracked 
|  89|0x0000000085900000, 0x0000000085900000, 0x0000000085a00000|  0%| F|  |TAMS 0x0000000085900000, 0x0000000085900000| Untracked 
|  90|0x0000000085a00000, 0x0000000085a00000, 0x0000000085b00000|  0%| F|  |TAMS 0x0000000085a00000, 0x0000000085a00000| Untracked 
|  91|0x0000000085b00000, 0x0000000085b00000, 0x0000000085c00000|  0%| F|  |TAMS 0x0000000085b00000, 0x0000000085b00000| Untracked 
|  92|0x0000000085c00000, 0x0000000085c00000, 0x0000000085d00000|  0%| F|  |TAMS 0x0000000085c00000, 0x0000000085c00000| Untracked 
|  93|0x0000000085d00000, 0x0000000085d00000, 0x0000000085e00000|  0%| F|  |TAMS 0x0000000085d00000, 0x0000000085d00000| Untracked 
|  94|0x0000000085e00000, 0x0000000085e00000, 0x0000000085f00000|  0%| F|  |TAMS 0x0000000085e00000, 0x0000000085e00000| Untracked 
|  95|0x0000000085f00000, 0x0000000085f00000, 0x0000000086000000|  0%| F|  |TAMS 0x0000000085f00000, 0x0000000085f00000| Untracked 
|  96|0x0000000086000000, 0x0000000086000000, 0x0000000086100000|  0%| F|  |TAMS 0x0000000086000000, 0x0000000086000000| Untracked 
|  97|0x0000000086100000, 0x0000000086100000, 0x0000000086200000|  0%| F|  |TAMS 0x0000000086100000, 0x0000000086100000| Untracked 
|  98|0x0000000086200000, 0x0000000086200000, 0x0000000086300000|  0%| F|  |TAMS 0x0000000086200000, 0x0000000086200000| Untracked 
|  99|0x0000000086300000, 0x0000000086300000, 0x0000000086400000|  0%| F|  |TAMS 0x0000000086300000, 0x0000000086300000| Untracked 
| 100|0x0000000086400000, 0x0000000086400000, 0x0000000086500000|  0%| F|  |TAMS 0x0000000086400000, 0x0000000086400000| Untracked 
| 101|0x0000000086500000, 0x0000000086500000, 0x0000000086600000|  0%| F|  |TAMS 0x0000000086500000, 0x0000000086500000| Untracked 
| 102|0x0000000086600000, 0x0000000086600000, 0x0000000086700000|  0%| F|  |TAMS 0x0000000086600000, 0x0000000086600000| Untracked 
| 103|0x0000000086700000, 0x0000000086700000, 0x0000000086800000|  0%| F|  |TAMS 0x0000000086700000, 0x0000000086700000| Untracked 
| 104|0x0000000086800000, 0x0000000086800000, 0x0000000086900000|  0%| F|  |TAMS 0x0000000086800000, 0x0000000086800000| Untracked 
| 105|0x0000000086900000, 0x0000000086900000, 0x0000000086a00000|  0%| F|  |TAMS 0x0000000086900000, 0x0000000086900000| Untracked 
| 106|0x0000000086a00000, 0x0000000086a00000, 0x0000000086b00000|  0%| F|  |TAMS 0x0000000086a00000, 0x0000000086a00000| Untracked 
| 107|0x0000000086b00000, 0x0000000086b00000, 0x0000000086c00000|  0%| F|  |TAMS 0x0000000086b00000, 0x0000000086b00000| Untracked 
| 108|0x0000000086c00000, 0x0000000086c5a2b0, 0x0000000086d00000| 35%| S|CS|TAMS 0x0000000086c00000, 0x0000000086c00000| Complete 
| 109|0x0000000086d00000, 0x0000000086e00000, 0x0000000086e00000|100%| S|CS|TAMS 0x0000000086d00000, 0x0000000086d00000| Complete 
| 110|0x0000000086e00000, 0x0000000086f00000, 0x0000000086f00000|100%| S|CS|TAMS 0x0000000086e00000, 0x0000000086e00000| Complete 
| 111|0x0000000086f00000, 0x0000000087000000, 0x0000000087000000|100%| S|CS|TAMS 0x0000000086f00000, 0x0000000086f00000| Complete 
| 112|0x0000000087000000, 0x0000000087100000, 0x0000000087100000|100%| S|CS|TAMS 0x0000000087000000, 0x0000000087000000| Complete 
| 113|0x0000000087100000, 0x0000000087200000, 0x0000000087200000|100%| S|CS|TAMS 0x0000000087100000, 0x0000000087100000| Complete 
| 114|0x0000000087200000, 0x0000000087200000, 0x0000000087300000|  0%| F|  |TAMS 0x0000000087200000, 0x0000000087200000| Untracked 
| 115|0x0000000087300000, 0x0000000087300000, 0x0000000087400000|  0%| F|  |TAMS 0x0000000087300000, 0x0000000087300000| Untracked 
| 116|0x0000000087400000, 0x0000000087400000, 0x0000000087500000|  0%| F|  |TAMS 0x0000000087400000, 0x0000000087400000| Untracked 
| 117|0x0000000087500000, 0x0000000087500000, 0x0000000087600000|  0%| F|  |TAMS 0x0000000087500000, 0x0000000087500000| Untracked 
| 118|0x0000000087600000, 0x0000000087600000, 0x0000000087700000|  0%| F|  |TAMS 0x0000000087600000, 0x0000000087600000| Untracked 
| 119|0x0000000087700000, 0x0000000087700000, 0x0000000087800000|  0%| F|  |TAMS 0x0000000087700000, 0x0000000087700000| Untracked 
| 120|0x0000000087800000, 0x0000000087900000, 0x0000000087900000|100%| S|CS|TAMS 0x0000000087800000, 0x0000000087800000| Complete 
| 121|0x0000000087900000, 0x0000000087900000, 0x0000000087a00000|  0%| F|  |TAMS 0x0000000087900000, 0x0000000087900000| Untracked 
| 122|0x0000000087a00000, 0x0000000087a00000, 0x0000000087b00000|  0%| F|  |TAMS 0x0000000087a00000, 0x0000000087a00000| Untracked 
| 123|0x0000000087b00000, 0x0000000087b00000, 0x0000000087c00000|  0%| F|  |TAMS 0x0000000087b00000, 0x0000000087b00000| Untracked 
| 124|0x0000000087c00000, 0x0000000087c00000, 0x0000000087d00000|  0%| F|  |TAMS 0x0000000087c00000, 0x0000000087c00000| Untracked 
| 125|0x0000000087d00000, 0x0000000087d00000, 0x0000000087e00000|  0%| F|  |TAMS 0x0000000087d00000, 0x0000000087d00000| Untracked 
| 126|0x0000000087e00000, 0x0000000087e00000, 0x0000000087f00000|  0%| F|  |TAMS 0x0000000087e00000, 0x0000000087e00000| Untracked 
| 127|0x0000000087f00000, 0x0000000087f00000, 0x0000000088000000|  0%| F|  |TAMS 0x0000000087f00000, 0x0000000087f00000| Untracked 
| 128|0x0000000088000000, 0x0000000088000000, 0x0000000088100000|  0%| F|  |TAMS 0x0000000088000000, 0x0000000088000000| Untracked 
| 129|0x0000000088100000, 0x0000000088100000, 0x0000000088200000|  0%| F|  |TAMS 0x0000000088100000, 0x0000000088100000| Untracked 
| 130|0x0000000088200000, 0x0000000088200000, 0x0000000088300000|  0%| F|  |TAMS 0x0000000088200000, 0x0000000088200000| Untracked 
| 131|0x0000000088300000, 0x0000000088300000, 0x0000000088400000|  0%| F|  |TAMS 0x0000000088300000, 0x0000000088300000| Untracked 
| 132|0x0000000088400000, 0x0000000088400000, 0x0000000088500000|  0%| F|  |TAMS 0x0000000088400000, 0x0000000088400000| Untracked 
| 133|0x0000000088500000, 0x0000000088500000, 0x0000000088600000|  0%| F|  |TAMS 0x0000000088500000, 0x0000000088500000| Untracked 
| 134|0x0000000088600000, 0x0000000088600000, 0x0000000088700000|  0%| F|  |TAMS 0x0000000088600000, 0x0000000088600000| Untracked 
| 135|0x0000000088700000, 0x0000000088700000, 0x0000000088800000|  0%| F|  |TAMS 0x0000000088700000, 0x0000000088700000| Untracked 
| 136|0x0000000088800000, 0x0000000088800000, 0x0000000088900000|  0%| F|  |TAMS 0x0000000088800000, 0x0000000088800000| Untracked 
| 137|0x0000000088900000, 0x0000000088900000, 0x0000000088a00000|  0%| F|  |TAMS 0x0000000088900000, 0x0000000088900000| Untracked 
| 138|0x0000000088a00000, 0x0000000088a00000, 0x0000000088b00000|  0%| F|  |TAMS 0x0000000088a00000, 0x0000000088a00000| Untracked 
| 139|0x0000000088b00000, 0x0000000088b00000, 0x0000000088c00000|  0%| F|  |TAMS 0x0000000088b00000, 0x0000000088b00000| Untracked 
| 140|0x0000000088c00000, 0x0000000088c00000, 0x0000000088d00000|  0%| F|  |TAMS 0x0000000088c00000, 0x0000000088c00000| Untracked 
| 141|0x0000000088d00000, 0x0000000088d00000, 0x0000000088e00000|  0%| F|  |TAMS 0x0000000088d00000, 0x0000000088d00000| Untracked 
| 142|0x0000000088e00000, 0x0000000088e00000, 0x0000000088f00000|  0%| F|  |TAMS 0x0000000088e00000, 0x0000000088e00000| Untracked 
| 143|0x0000000088f00000, 0x0000000088f00000, 0x0000000089000000|  0%| F|  |TAMS 0x0000000088f00000, 0x0000000088f00000| Untracked 
| 144|0x0000000089000000, 0x0000000089000000, 0x0000000089100000|  0%| F|  |TAMS 0x0000000089000000, 0x0000000089000000| Untracked 
| 145|0x0000000089100000, 0x0000000089100000, 0x0000000089200000|  0%| F|  |TAMS 0x0000000089100000, 0x0000000089100000| Untracked 
| 146|0x0000000089200000, 0x0000000089200000, 0x0000000089300000|  0%| F|  |TAMS 0x0000000089200000, 0x0000000089200000| Untracked 
| 147|0x0000000089300000, 0x0000000089300000, 0x0000000089400000|  0%| F|  |TAMS 0x0000000089300000, 0x0000000089300000| Untracked 
| 148|0x0000000089400000, 0x0000000089400000, 0x0000000089500000|  0%| F|  |TAMS 0x0000000089400000, 0x0000000089400000| Untracked 
| 149|0x0000000089500000, 0x0000000089500000, 0x0000000089600000|  0%| F|  |TAMS 0x0000000089500000, 0x0000000089500000| Untracked 
| 150|0x0000000089600000, 0x0000000089600000, 0x0000000089700000|  0%| F|  |TAMS 0x0000000089600000, 0x0000000089600000| Untracked 
| 151|0x0000000089700000, 0x0000000089700000, 0x0000000089800000|  0%| F|  |TAMS 0x0000000089700000, 0x0000000089700000| Untracked 
| 152|0x0000000089800000, 0x0000000089800000, 0x0000000089900000|  0%| F|  |TAMS 0x0000000089800000, 0x0000000089800000| Untracked 
| 153|0x0000000089900000, 0x0000000089900000, 0x0000000089a00000|  0%| F|  |TAMS 0x0000000089900000, 0x0000000089900000| Untracked 
| 154|0x0000000089a00000, 0x0000000089a00000, 0x0000000089b00000|  0%| F|  |TAMS 0x0000000089a00000, 0x0000000089a00000| Untracked 
| 155|0x0000000089b00000, 0x0000000089b00000, 0x0000000089c00000|  0%| F|  |TAMS 0x0000000089b00000, 0x0000000089b00000| Untracked 
| 156|0x0000000089c00000, 0x0000000089c00000, 0x0000000089d00000|  0%| F|  |TAMS 0x0000000089c00000, 0x0000000089c00000| Untracked 
| 157|0x0000000089d00000, 0x0000000089d00000, 0x0000000089e00000|  0%| F|  |TAMS 0x0000000089d00000, 0x0000000089d00000| Untracked 
| 158|0x0000000089e00000, 0x0000000089e00000, 0x0000000089f00000|  0%| F|  |TAMS 0x0000000089e00000, 0x0000000089e00000| Untracked 
| 159|0x0000000089f00000, 0x0000000089f00000, 0x000000008a000000|  0%| F|  |TAMS 0x0000000089f00000, 0x0000000089f00000| Untracked 
| 160|0x000000008a000000, 0x000000008a000000, 0x000000008a100000|  0%| F|  |TAMS 0x000000008a000000, 0x000000008a000000| Untracked 
| 161|0x000000008a100000, 0x000000008a100000, 0x000000008a200000|  0%| F|  |TAMS 0x000000008a100000, 0x000000008a100000| Untracked 
| 162|0x000000008a200000, 0x000000008a200000, 0x000000008a300000|  0%| F|  |TAMS 0x000000008a200000, 0x000000008a200000| Untracked 
| 163|0x000000008a300000, 0x000000008a300000, 0x000000008a400000|  0%| F|  |TAMS 0x000000008a300000, 0x000000008a300000| Untracked 
| 164|0x000000008a400000, 0x000000008a400000, 0x000000008a500000|  0%| F|  |TAMS 0x000000008a400000, 0x000000008a400000| Untracked 
| 165|0x000000008a500000, 0x000000008a500000, 0x000000008a600000|  0%| F|  |TAMS 0x000000008a500000, 0x000000008a500000| Untracked 
| 166|0x000000008a600000, 0x000000008a600000, 0x000000008a700000|  0%| F|  |TAMS 0x000000008a600000, 0x000000008a600000| Untracked 
| 167|0x000000008a700000, 0x000000008a700000, 0x000000008a800000|  0%| F|  |TAMS 0x000000008a700000, 0x000000008a700000| Untracked 
| 168|0x000000008a800000, 0x000000008a800000, 0x000000008a900000|  0%| F|  |TAMS 0x000000008a800000, 0x000000008a800000| Untracked 
| 169|0x000000008a900000, 0x000000008a900000, 0x000000008aa00000|  0%| F|  |TAMS 0x000000008a900000, 0x000000008a900000| Untracked 
| 170|0x000000008aa00000, 0x000000008aa00000, 0x000000008ab00000|  0%| F|  |TAMS 0x000000008aa00000, 0x000000008aa00000| Untracked 

Card table byte_map: [0x00000232f3ec0000,0x00000232f42c0000] _byte_map_base: 0x00000232f3ac0000

Marking Bits (Prev, Next): (CMBitMap*) 0x00000232efed30b8, (CMBitMap*) 0x00000232efed30f0
 Prev Bits: [0x00000232f46c0000, 0x00000232f66c0000)
 Next Bits: [0x00000232f66c0000, 0x00000232f86c0000)

Polling page: 0x00000232edde0000

Metaspace:

Usage:
  Non-class:     83.88 MB capacity,    82.49 MB ( 98%) used,     1.12 MB (  1%) free+waste,   274.88 KB ( <1%) overhead. 
      Class:     13.04 MB capacity,    12.18 MB ( 93%) used,   751.24 KB (  6%) free+waste,   121.38 KB ( <1%) overhead. 
       Both:     96.91 MB capacity,    94.67 MB ( 98%) used,     1.86 MB (  2%) free+waste,   396.25 KB ( <1%) overhead. 

Virtual space:
  Non-class space:       84.00 MB reserved,      83.88 MB (>99%) committed 
      Class space:        1.00 GB reserved,      13.07 MB (  1%) committed 
             Both:        1.08 GB reserved,      96.95 MB (  9%) committed 

Chunk freelists:
   Non-Class:  2.00 KB
       Class:  0 bytes
        Both:  2.00 KB

MaxMetaspaceSize: 17179869184.00 GB
CompressedClassSpaceSize: 1.00 GB
Initial GC threshold: 20.80 MB
Current GC threshold: 159.71 MB
CDS: off

CodeHeap 'non-profiled nmethods': size=120064Kb used=7821Kb max_used=7821Kb free=112243Kb
 bounds [0x0000023287ac0000, 0x0000023288270000, 0x000002328f000000]
CodeHeap 'profiled nmethods': size=120000Kb used=27662Kb max_used=27662Kb free=92338Kb
 bounds [0x0000023280590000, 0x00000232820a0000, 0x0000023287ac0000]
CodeHeap 'non-nmethods': size=5696Kb used=2397Kb max_used=2447Kb free=3299Kb
 bounds [0x0000023280000000, 0x0000023280270000, 0x0000023280590000]
 total_blobs=13541 nmethods=12617 adapters=836
 compilation: enabled
              stopped_count=0, restarted_count=0
 full_count=0

Compilation events (20 events):
Event: 48.303 Thread 0x00000232faefb000 nmethod 12663 0x0000023282090410 code [0x00000232820905c0, 0x00000232820906e8]
Event: 48.303 Thread 0x00000232faefb000 12664       2       org.gradle.api.internal.artifacts.ivyservice.ivyresolve.CachingModuleComponentRepository::artifactCacheKey (18 bytes)
Event: 48.304 Thread 0x00000232faefb000 nmethod 12664 0x0000023282090790 code [0x0000023282090960, 0x0000023282090ba8]
Event: 48.304 Thread 0x00000232faefb000 12665       2       org.gradle.api.internal.artifacts.ivyservice.modulecache.artifacts.InMemoryModuleArtifactCache::lookup (54 bytes)
Event: 48.304 Thread 0x00000232faefb000 nmethod 12665 0x0000023282090c90 code [0x0000023282090e60, 0x0000023282091088]
Event: 48.304 Thread 0x00000232faefb000 12666       2       org.gradle.api.internal.artifacts.ivyservice.ivyresolve.ErrorHandlingModuleComponentRepository$ErrorHandlingModuleComponentRepositoryAccess$$Lambda$557/0x000000010065a040::<init> (26 bytes)
Event: 48.304 Thread 0x00000232faefb000 nmethod 12666 0x0000023282091190 code [0x0000023282091340, 0x00000232820915b8]
Event: 48.304 Thread 0x00000232faefb000 12668       2       org.gradle.api.internal.artifacts.ivyservice.resolutionstrategy.DefaultCachePolicy::artifactExpiry (97 bytes)
Event: 48.304 Thread 0x00000232faefb000 nmethod 12668 0x0000023282091690 code [0x00000232820918a0, 0x0000023282091cb8]
Event: 48.304 Thread 0x00000232faefb000 12667       2       org.gradle.api.internal.artifacts.ivyservice.ivyresolve.CachingModuleComponentRepository::access$1200 (6 bytes)
Event: 48.305 Thread 0x00000232faefb000 nmethod 12667 0x0000023282091f90 code [0x0000023282092160, 0x0000023282092388]
Event: 48.305 Thread 0x00000232faefb000 12671       2       org.gradle.api.internal.artifacts.ivyservice.resolutionstrategy.DefaultCachePolicy$$Lambda$459/0x00000001005cb840::execute (16 bytes)
Event: 48.305 Thread 0x00000232faefb000 nmethod 12671 0x0000023282092490 code [0x0000023282092660, 0x0000023282092848]
Event: 48.305 Thread 0x00000232faefb000 12669       2       org.gradle.api.internal.artifacts.ivyservice.resolutionstrategy.DefaultCachePolicy$CachedArtifactResolutionControl::<init> (14 bytes)
Event: 48.305 Thread 0x00000232faefb000 nmethod 12669 0x0000023282092990 code [0x0000023282092b40, 0x0000023282092ce8]
Event: 48.305 Thread 0x00000232faefb000 12670       2       org.gradle.api.internal.artifacts.ivyservice.resolutionstrategy.DefaultCachePolicy$CachedArtifactResolutionControl::<init> (23 bytes)
Event: 48.305 Thread 0x00000232faefb000 nmethod 12670 0x0000023282092e10 code [0x0000023282092fc0, 0x0000023282093218]
Event: 48.305 Thread 0x00000232faefb000 12672       2       org.gradle.api.internal.artifacts.ivyservice.modulecache.artifacts.DefaultModuleArtifactCache$ArtifactAtRepositoryKeySerializer::write (10 bytes)
Event: 48.305 Thread 0x00000232faefb000 nmethod 12672 0x0000023282093310 code [0x00000232820934e0, 0x0000023282093698]
Event: 48.305 Thread 0x00000232faefb000 12673       2       org.gradle.api.internal.artifacts.ivyservice.modulecache.artifacts.DefaultModuleArtifactCache$ArtifactAtRepositoryKeySerializer::write (25 bytes)

GC Heap History (20 events):
Event: 13.353 GC heap after
{Heap after GC invocations=21 (full 0):
 garbage-first heap   total 145408K, used 67231K [0x0000000080000000, 0x0000000100000000)
  region size 1024K, 7 young (7168K), 7 survivors (7168K)
 Metaspace       used 74045K, capacity 75666K, committed 75856K, reserved 1116160K
  class space    used 9490K, capacity 10096K, committed 10188K, reserved 1048576K
}
Event: 13.952 GC heap before
{Heap before GC invocations=21 (full 0):
 garbage-first heap   total 145408K, used 111263K [0x0000000080000000, 0x0000000100000000)
  region size 1024K, 50 young (51200K), 7 survivors (7168K)
 Metaspace       used 77612K, capacity 79302K, committed 79440K, reserved 1118208K
  class space    used 9985K, capacity 10627K, committed 10700K, reserved 1048576K
}
Event: 13.959 GC heap after
{Heap after GC invocations=22 (full 0):
 garbage-first heap   total 145408K, used 70122K [0x0000000080000000, 0x0000000100000000)
  region size 1024K, 6 young (6144K), 6 survivors (6144K)
 Metaspace       used 77612K, capacity 79302K, committed 79440K, reserved 1118208K
  class space    used 9985K, capacity 10627K, committed 10700K, reserved 1048576K
}
Event: 14.602 GC heap before
{Heap before GC invocations=22 (full 0):
 garbage-first heap   total 145408K, used 114154K [0x0000000080000000, 0x0000000100000000)
  region size 1024K, 49 young (50176K), 6 survivors (6144K)
 Metaspace       used 82573K, capacity 84335K, committed 84432K, reserved 1122304K
  class space    used 10656K, capacity 11311K, committed 11340K, reserved 1048576K
}
Event: 14.610 GC heap after
{Heap after GC invocations=23 (full 0):
 garbage-first heap   total 145408K, used 72789K [0x0000000080000000, 0x0000000100000000)
  region size 1024K, 6 young (6144K), 6 survivors (6144K)
 Metaspace       used 82573K, capacity 84335K, committed 84432K, reserved 1122304K
  class space    used 10656K, capacity 11311K, committed 11340K, reserved 1048576K
}
Event: 15.144 GC heap before
{Heap before GC invocations=23 (full 0):
 garbage-first heap   total 145408K, used 115797K [0x0000000080000000, 0x0000000100000000)
  region size 1024K, 48 young (49152K), 6 survivors (6144K)
 Metaspace       used 85745K, capacity 87771K, committed 87888K, reserved 1126400K
  class space    used 11150K, capacity 11916K, committed 11980K, reserved 1048576K
}
Event: 15.154 GC heap after
{Heap after GC invocations=24 (full 0):
 garbage-first heap   total 145408K, used 75862K [0x0000000080000000, 0x0000000100000000)
  region size 1024K, 6 young (6144K), 6 survivors (6144K)
 Metaspace       used 85745K, capacity 87771K, committed 87888K, reserved 1126400K
  class space    used 11150K, capacity 11916K, committed 11980K, reserved 1048576K
}
Event: 15.959 GC heap before
{Heap before GC invocations=25 (full 0):
 garbage-first heap   total 145408K, used 116822K [0x0000000080000000, 0x0000000100000000)
  region size 1024K, 47 young (48128K), 6 survivors (6144K)
 Metaspace       used 87126K, capacity 89233K, committed 89296K, reserved 1126400K
  class space    used 11314K, capacity 12104K, committed 12108K, reserved 1048576K
}
Event: 15.971 GC heap after
{Heap after GC invocations=26 (full 0):
 garbage-first heap   total 175104K, used 79419K [0x0000000080000000, 0x0000000100000000)
  region size 1024K, 4 young (4096K), 4 survivors (4096K)
 Metaspace       used 87126K, capacity 89233K, committed 89296K, reserved 1126400K
  class space    used 11314K, capacity 12104K, committed 12108K, reserved 1048576K
}
Event: 16.653 GC heap before
{Heap before GC invocations=26 (full 0):
 garbage-first heap   total 175104K, used 131643K [0x0000000080000000, 0x0000000100000000)
  region size 1024K, 56 young (57344K), 4 survivors (4096K)
 Metaspace       used 87810K, capacity 89928K, committed 90192K, reserved 1128448K
  class space    used 11360K, capacity 12159K, committed 12236K, reserved 1048576K
}
Event: 16.658 GC heap after
{Heap after GC invocations=27 (full 0):
 garbage-first heap   total 175104K, used 82447K [0x0000000080000000, 0x0000000100000000)
  region size 1024K, 7 young (7168K), 7 survivors (7168K)
 Metaspace       used 87810K, capacity 89928K, committed 90192K, reserved 1128448K
  class space    used 11360K, capacity 12159K, committed 12236K, reserved 1048576K
}
Event: 17.419 GC heap before
{Heap before GC invocations=27 (full 0):
 garbage-first heap   total 175104K, used 134671K [0x0000000080000000, 0x0000000100000000)
  region size 1024K, 59 young (60416K), 7 survivors (7168K)
 Metaspace       used 88605K, capacity 90704K, committed 90832K, reserved 1128448K
  class space    used 11440K, capacity 12268K, committed 12364K, reserved 1048576K
}
Event: 17.429 GC heap after
{Heap after GC invocations=28 (full 0):
 garbage-first heap   total 175104K, used 85934K [0x0000000080000000, 0x0000000100000000)
  region size 1024K, 8 young (8192K), 8 survivors (8192K)
 Metaspace       used 88605K, capacity 90704K, committed 90832K, reserved 1128448K
  class space    used 11440K, capacity 12268K, committed 12364K, reserved 1048576K
}
Event: 17.859 GC heap before
{Heap before GC invocations=28 (full 0):
 garbage-first heap   total 175104K, used 138158K [0x0000000080000000, 0x0000000100000000)
  region size 1024K, 59 young (60416K), 8 survivors (8192K)
 Metaspace       used 92485K, capacity 94576K, committed 94928K, reserved 1132544K
  class space    used 11938K, capacity 12748K, committed 12876K, reserved 1048576K
}
Event: 17.867 GC heap after
{Heap after GC invocations=29 (full 0):
 garbage-first heap   total 175104K, used 87604K [0x0000000080000000, 0x0000000100000000)
  region size 1024K, 6 young (6144K), 6 survivors (6144K)
 Metaspace       used 92485K, capacity 94576K, committed 94928K, reserved 1132544K
  class space    used 11938K, capacity 12748K, committed 12876K, reserved 1048576K
}
Event: 19.148 GC heap before
{Heap before GC invocations=30 (full 0):
 garbage-first heap   total 175104K, used 139828K [0x0000000080000000, 0x0000000100000000)
  region size 1024K, 57 young (58368K), 6 survivors (6144K)
 Metaspace       used 95439K, capacity 97629K, committed 97872K, reserved 1134592K
  class space    used 12292K, capacity 13118K, committed 13260K, reserved 1048576K
}
Event: 19.155 GC heap after
{Heap after GC invocations=31 (full 0):
 garbage-first heap   total 175104K, used 90372K [0x0000000080000000, 0x0000000100000000)
  region size 1024K, 5 young (5120K), 5 survivors (5120K)
 Metaspace       used 95439K, capacity 97629K, committed 97872K, reserved 1134592K
  class space    used 12292K, capacity 13118K, committed 13260K, reserved 1048576K
}
Event: 19.738 GC heap before
{Heap before GC invocations=31 (full 0):
 garbage-first heap   total 175104K, used 141572K [0x0000000080000000, 0x0000000100000000)
  region size 1024K, 56 young (57344K), 5 survivors (5120K)
 Metaspace       used 95804K, capacity 97944K, committed 98128K, reserved 1134592K
  class space    used 12344K, capacity 13171K, committed 13260K, reserved 1048576K
}
Event: 19.747 GC heap after
{Heap after GC invocations=32 (full 0):
 garbage-first heap   total 175104K, used 93277K [0x0000000080000000, 0x0000000100000000)
  region size 1024K, 6 young (6144K), 6 survivors (6144K)
 Metaspace       used 95804K, capacity 97944K, committed 98128K, reserved 1134592K
  class space    used 12344K, capacity 13171K, committed 13260K, reserved 1048576K
}
Event: 48.306 GC heap before
{Heap before GC invocations=33 (full 0):
 garbage-first heap   total 175104K, used 143453K [0x0000000080000000, 0x0000000100000000)
  region size 1024K, 56 young (57344K), 6 survivors (6144K)
 Metaspace       used 96942K, capacity 99239K, committed 99280K, reserved 1134592K
  class space    used 12476K, capacity 13349K, committed 13388K, reserved 1048576K
}

Deoptimization events (20 events):
Event: 48.113 Thread 0x00000232fd190800 Uncommon trap: trap_request=0xffffff4d fr.pc=0x0000023287f38190 relative=0x0000000000000070
Event: 48.113 Thread 0x00000232fd190800 Uncommon trap: reason=unstable_if action=reinterpret pc=0x0000023287f38190 method=com.google.common.math.IntMath.log2(ILjava/math/RoundingMode;)I @ 15 c2
Event: 48.113 Thread 0x00000232fd190800 DEOPT PACKING pc=0x0000023287f38190 sp=0x000000feee8f8a40
Event: 48.113 Thread 0x00000232fd190800 DEOPT UNPACKING pc=0x000002328004a1af sp=0x000000feee8f89c8 mode 2
Event: 48.115 Thread 0x00000232fd190800 Uncommon trap: trap_request=0xffffff4d fr.pc=0x0000023288089468 relative=0x0000000000000728
Event: 48.115 Thread 0x00000232fd190800 Uncommon trap: reason=unstable_if action=reinterpret pc=0x0000023288089468 method=org.gradle.tooling.internal.provider.runner.PluginApplicationTracker.started(Lorg/gradle/internal/operations/BuildOperationDescriptor;Lorg/gradle/internal/operations/Operati
Event: 48.116 Thread 0x00000232fd190800 DEOPT PACKING pc=0x0000023288089468 sp=0x000000feee8fa5a0
Event: 48.116 Thread 0x00000232fd190800 DEOPT UNPACKING pc=0x000002328004a1af sp=0x000000feee8fa540 mode 2
Event: 48.119 Thread 0x00000232fd190800 Uncommon trap: trap_request=0xffffffc6 fr.pc=0x0000023288022a2c relative=0x000000000000074c
Event: 48.119 Thread 0x00000232fd190800 Uncommon trap: reason=bimorphic_or_optimized_type_check action=maybe_recompile pc=0x0000023288022a2c method=org.gradle.internal.operations.DefaultBuildOperationListenerManager$ProgressShieldingBuildOperationListener.finished(Lorg/gradle/internal/operation
Event: 48.119 Thread 0x00000232fd190800 DEOPT PACKING pc=0x0000023288022a2c sp=0x000000feee8fa690
Event: 48.119 Thread 0x00000232fd190800 DEOPT UNPACKING pc=0x000002328004a1af sp=0x000000feee8fa658 mode 2
Event: 48.120 Thread 0x00000232fd190800 Uncommon trap: trap_request=0xffffffc6 fr.pc=0x0000023288022a2c relative=0x000000000000074c
Event: 48.120 Thread 0x00000232fd190800 Uncommon trap: reason=bimorphic_or_optimized_type_check action=maybe_recompile pc=0x0000023288022a2c method=org.gradle.internal.operations.DefaultBuildOperationListenerManager$ProgressShieldingBuildOperationListener.finished(Lorg/gradle/internal/operation
Event: 48.120 Thread 0x00000232fd190800 DEOPT PACKING pc=0x0000023288022a2c sp=0x000000feee8f9950
Event: 48.120 Thread 0x00000232fd190800 DEOPT UNPACKING pc=0x000002328004a1af sp=0x000000feee8f9918 mode 2
Event: 48.120 Thread 0x00000232fd190800 Uncommon trap: trap_request=0xffffffc6 fr.pc=0x0000023288022a2c relative=0x000000000000074c
Event: 48.120 Thread 0x00000232fd190800 Uncommon trap: reason=bimorphic_or_optimized_type_check action=maybe_recompile pc=0x0000023288022a2c method=org.gradle.internal.operations.DefaultBuildOperationListenerManager$ProgressShieldingBuildOperationListener.finished(Lorg/gradle/internal/operation
Event: 48.120 Thread 0x00000232fd190800 DEOPT PACKING pc=0x0000023288022a2c sp=0x000000feee8fae90
Event: 48.120 Thread 0x00000232fd190800 DEOPT UNPACKING pc=0x000002328004a1af sp=0x000000feee8fae58 mode 2

Classes redefined (0 events):
No events

Internal exceptions (20 events):
Event: 18.833 Thread 0x00000232fe75c000 Exception <a 'java/lang/NoSuchMethodError'{0x0000000087ae0f80}: 'java.lang.Object java.lang.invoke.DirectMethodHandle$Holder.invokeStatic(java.lang.Object, java.lang.Object, long)'> (0x0000000087ae0f80) thrown at [./src/hotspot/share/interpreter/linkResolver.cpp, line 773]
Event: 18.834 Thread 0x00000232fe75c000 Exception <a 'java/lang/NoSuchMethodError'{0x0000000087ae7cf0}: 'java.lang.Object java.lang.invoke.Invokers$Holder.linkToTargetMethod(java.lang.Object, long, java.lang.Object)'> (0x0000000087ae7cf0) thrown at [./src/hotspot/share/interpreter/linkResolver.cpp, line 773]
Event: 19.235 Thread 0x00000232fe75c000 Exception <a 'java/lang/reflect/InvocationTargetException'{0x000000008aa31218}> (0x000000008aa31218) thrown at [./src/hotspot/share/runtime/reflection.cpp, line 1247]
Event: 19.248 Thread 0x00000232fe75c000 Exception <a 'java/lang/NoSuchMethodError'{0x000000008a901080}: 'java.lang.Object java.lang.invoke.DirectMethodHandle$Holder.newInvokeSpecial(java.lang.Object, java.lang.Object, java.lang.Object, java.lang.Object)'> (0x000000008a901080) thrown at [./src/hotspot/share/interpreter/linkResolver.cpp, line 773]
Event: 19.258 Thread 0x00000232fd1e8000 Exception <a 'java/lang/NoSuchMethodError'{0x000000008a7a58f8}: <clinit>> (0x000000008a7a58f8) thrown at [./src/hotspot/share/prims/jni.cpp, line 1366]
Event: 19.260 Thread 0x00000232fd1e8000 Exception <a 'java/lang/NoSuchMethodError'{0x000000008a7ca858}: <clinit>> (0x000000008a7ca858) thrown at [./src/hotspot/share/prims/jni.cpp, line 1366]
Event: 19.262 Thread 0x00000232fd1e8000 Exception <a 'java/lang/NoSuchMethodError'{0x000000008a614250}: <clinit>> (0x000000008a614250) thrown at [./src/hotspot/share/prims/jni.cpp, line 1366]
Event: 20.102 Thread 0x00000232fd190800 Exception <a 'sun/nio/fs/WindowsException'{0x0000000089242fd8}> (0x0000000089242fd8) thrown at [./src/hotspot/share/prims/jni.cpp, line 616]
Event: 20.102 Thread 0x00000232fd190800 Exception <a 'sun/nio/fs/WindowsException'{0x0000000089243058}> (0x0000000089243058) thrown at [./src/hotspot/share/prims/jni.cpp, line 616]
Event: 20.103 Thread 0x00000232fd190800 Exception <a 'sun/nio/fs/WindowsException'{0x0000000089254b50}> (0x0000000089254b50) thrown at [./src/hotspot/share/prims/jni.cpp, line 616]
Event: 20.222 Thread 0x00000232fd190800 Implicit null exception at 0x00000232881eaa2f to 0x00000232881eaa7c
Event: 20.323 Thread 0x00000232efe92800 Implicit null exception at 0x0000023288242b5b to 0x0000023288244e94
Event: 20.331 Thread 0x00000232fcac4800 Exception <a 'java/lang/NoSuchMethodError'{0x0000000088903210}: <clinit>> (0x0000000088903210) thrown at [./src/hotspot/share/prims/jni.cpp, line 1366]
Event: 20.332 Thread 0x00000232fcac4800 Exception <a 'java/lang/NoSuchMethodError'{0x0000000088913fb8}: <clinit>> (0x0000000088913fb8) thrown at [./src/hotspot/share/prims/jni.cpp, line 1366]
Event: 20.332 Thread 0x00000232fcac4800 Exception <a 'java/lang/NoSuchMethodError'{0x00000000889156a0}: <clinit>> (0x00000000889156a0) thrown at [./src/hotspot/share/prims/jni.cpp, line 1366]
Event: 20.334 Thread 0x00000232fcac4800 Exception <a 'java/lang/NoSuchMethodError'{0x0000000088927800}: <clinit>> (0x0000000088927800) thrown at [./src/hotspot/share/prims/jni.cpp, line 1366]
Event: 20.334 Thread 0x00000232fcac4800 Exception <a 'java/lang/NoSuchMethodError'{0x0000000088933e40}: <clinit>> (0x0000000088933e40) thrown at [./src/hotspot/share/prims/jni.cpp, line 1366]
Event: 23.736 Thread 0x00000232fd25c800 Implicit null exception at 0x0000023287e03577 to 0x0000023287e03bc0
Event: 23.736 Thread 0x00000232fd25c800 Implicit null exception at 0x0000023287df8974 to 0x0000023287df8fe4
Event: 48.076 Thread 0x00000232fd190800 Implicit null exception at 0x00000232881e9a76 to 0x00000232881e9d94

Events (20 events):
Event: 48.289 Thread 0x00000232910ab800 Thread added: 0x00000232910ab800
Event: 48.289 Thread 0x00000232910aa800 Thread added: 0x00000232910aa800
Event: 48.289 Thread 0x00000232910ac800 Thread added: 0x00000232910ac800
Event: 48.289 Thread 0x00000232910ad000 Thread added: 0x00000232910ad000
Event: 48.289 Thread 0x00000232910a7800 Thread added: 0x00000232910a7800
Event: 48.289 Thread 0x00000232910ae000 Thread added: 0x00000232910ae000
Event: 48.290 Thread 0x00000232910af000 Thread added: 0x00000232910af000
Event: 48.290 Thread 0x00000232910af800 Thread added: 0x00000232910af800
Event: 48.290 Thread 0x00000232910b1800 Thread added: 0x00000232910b1800
Event: 48.290 Thread 0x00000232910b2000 Thread added: 0x00000232910b2000
Event: 48.290 Thread 0x00000232910b0800 Thread added: 0x00000232910b0800
Event: 48.290 Thread 0x00000232910b3000 Thread added: 0x00000232910b3000
Event: 48.290 Thread 0x0000023290e58000 Thread added: 0x0000023290e58000
Event: 48.291 Thread 0x0000023290e57800 Thread added: 0x0000023290e57800
Event: 48.291 Thread 0x0000023290e5a000 Thread added: 0x0000023290e5a000
Event: 48.291 Thread 0x0000023290e56800 Thread added: 0x0000023290e56800
Event: 48.291 Thread 0x0000023290e55000 Thread added: 0x0000023290e55000
Event: 48.291 Thread 0x0000023290e5b800 Thread added: 0x0000023290e5b800
Event: 48.291 Thread 0x0000023290e5a800 Thread added: 0x0000023290e5a800
Event: 48.305 Executing VM operation: G1CollectForAllocation


Dynamic libraries:
0x00007ff757620000 - 0x00007ff75762a000 	C:\Program Files\Android\Android Studio\jre\bin\java.exe
0x00007ffc9b390000 - 0x00007ffc9b588000 	C:\Windows\SYSTEM32\ntdll.dll
0x00007ffc9a880000 - 0x00007ffc9a93f000 	C:\Windows\System32\KERNEL32.DLL
0x00007ffc98ce0000 - 0x00007ffc98fb2000 	C:\Windows\System32\KERNELBASE.dll
0x00007ffc99170000 - 0x00007ffc99270000 	C:\Windows\System32\ucrtbase.dll
0x00007ffc918f0000 - 0x00007ffc91909000 	C:\Program Files\Android\Android Studio\jre\bin\jli.dll
0x00007ffc73b80000 - 0x00007ffc73b97000 	C:\Program Files\Android\Android Studio\jre\bin\VCRUNTIME140.dll
0x00007ffc9a080000 - 0x00007ffc9a221000 	C:\Windows\System32\USER32.dll
0x00007ffc99310000 - 0x00007ffc99332000 	C:\Windows\System32\win32u.dll
0x00007ffc99e60000 - 0x00007ffc99e8b000 	C:\Windows\System32\GDI32.dll
0x00007ffc98b30000 - 0x00007ffc98c3f000 	C:\Windows\System32\gdi32full.dll
0x00007ffc99270000 - 0x00007ffc9930d000 	C:\Windows\System32\msvcp_win.dll
0x00007ffc84330000 - 0x00007ffc845ca000 	C:\Windows\WinSxS\amd64_microsoft.windows.common-controls_6595b64144ccf1df_6.0.19041.1110_none_60b5254171f9507e\COMCTL32.dll
0x00007ffc99e90000 - 0x00007ffc99f2e000 	C:\Windows\System32\msvcrt.dll
0x00007ffc9b2b0000 - 0x00007ffc9b2e2000 	C:\Windows\System32\IMM32.DLL
0x00007ffc63490000 - 0x00007ffc6352d000 	C:\Program Files\Android\Android Studio\jre\bin\msvcp140.dll
0x00007ffc334f0000 - 0x00007ffc33ff2000 	C:\Program Files\Android\Android Studio\jre\bin\server\jvm.dll
0x00007ffc99d40000 - 0x00007ffc99dee000 	C:\Windows\System32\ADVAPI32.dll
0x00007ffc9a940000 - 0x00007ffc9a9dc000 	C:\Windows\System32\sechost.dll
0x00007ffc9a230000 - 0x00007ffc9a355000 	C:\Windows\System32\RPCRT4.dll
0x00007ffc99530000 - 0x00007ffc99538000 	C:\Windows\System32\PSAPI.DLL
0x00007ffc81460000 - 0x00007ffc81469000 	C:\Windows\SYSTEM32\WSOCK32.dll
0x00007ffc8c910000 - 0x00007ffc8c937000 	C:\Windows\SYSTEM32\WINMM.dll
0x00007ffc8c940000 - 0x00007ffc8c94a000 	C:\Windows\SYSTEM32\VERSION.dll
0x00007ffc9ab00000 - 0x00007ffc9ab6b000 	C:\Windows\System32\WS2_32.dll
0x00007ffc972a0000 - 0x00007ffc972b2000 	C:\Windows\SYSTEM32\kernel.appcore.dll
0x00007ffc73290000 - 0x00007ffc732a1000 	C:\Program Files\Android\Android Studio\jre\bin\verify.dll
0x00007ffc95cb0000 - 0x00007ffc95e94000 	C:\Windows\SYSTEM32\DBGHELP.DLL
0x00007ffc83d00000 - 0x00007ffc83d35000 	C:\Windows\SYSTEM32\dbgcore.DLL
0x00007ffc99340000 - 0x00007ffc993c2000 	C:\Windows\System32\bcryptPrimitives.dll
0x00007ffc64ff0000 - 0x00007ffc65019000 	C:\Program Files\Android\Android Studio\jre\bin\java.dll
0x00007ffc93650000 - 0x00007ffc9365b000 	C:\Program Files\Android\Android Studio\jre\bin\jimage.dll
0x00007ffc623a0000 - 0x00007ffc623b8000 	C:\Program Files\Android\Android Studio\jre\bin\zip.dll
0x00007ffc995f0000 - 0x00007ffc99d35000 	C:\Windows\System32\SHELL32.dll
0x00007ffc967c0000 - 0x00007ffc96f52000 	C:\Windows\SYSTEM32\windows.storage.dll
0x00007ffc9ad40000 - 0x00007ffc9b095000 	C:\Windows\System32\combase.dll
0x00007ffc98470000 - 0x00007ffc984a0000 	C:\Windows\SYSTEM32\Wldp.dll
0x00007ffc99540000 - 0x00007ffc995ed000 	C:\Windows\System32\SHCORE.dll
0x00007ffc9ab70000 - 0x00007ffc9abc5000 	C:\Windows\System32\shlwapi.dll
0x00007ffc989c0000 - 0x00007ffc989df000 	C:\Windows\SYSTEM32\profapi.dll
0x00007ffc60210000 - 0x00007ffc6022a000 	C:\Program Files\Android\Android Studio\jre\bin\net.dll
0x00007ffc94390000 - 0x00007ffc9449c000 	C:\Windows\SYSTEM32\WINHTTP.dll
0x00007ffc981d0000 - 0x00007ffc9823a000 	C:\Windows\system32\mswsock.dll
0x00007ffc601f0000 - 0x00007ffc60204000 	C:\Program Files\Android\Android Studio\jre\bin\nio.dll
0x00007ffc5d270000 - 0x00007ffc5d297000 	C:\Users\RAFRA\.gradle\native\e1d6ef7f7dcc3fd88c89a11ec53ec762bb8ba0a96d01ffa2cd45eb1d1d8dd5c5\windows-amd64\native-platform.dll
0x00007ffc58c50000 - 0x00007ffc58d94000 	C:\Users\RAFRA\.gradle\native\0d407fdbe67a94daf76414ababcb853783967236a71b16ec16e742cd7a986fd3\windows-amd64\native-platform-file-events.dll
0x00007ffc92900000 - 0x00007ffc9290a000 	C:\Program Files\Android\Android Studio\jre\bin\management.dll
0x00007ffc74b40000 - 0x00007ffc74b4d000 	C:\Program Files\Android\Android Studio\jre\bin\management_ext.dll
0x00007ffc983c0000 - 0x00007ffc983d8000 	C:\Windows\SYSTEM32\CRYPTSP.dll
0x00007ffc97a80000 - 0x00007ffc97ab4000 	C:\Windows\system32\rsaenh.dll
0x00007ffc98c40000 - 0x00007ffc98c67000 	C:\Windows\System32\bcrypt.dll
0x00007ffc98980000 - 0x00007ffc989ae000 	C:\Windows\SYSTEM32\USERENV.dll
0x00007ffc983e0000 - 0x00007ffc983ec000 	C:\Windows\SYSTEM32\CRYPTBASE.dll
0x00007ffc97ec0000 - 0x00007ffc97efb000 	C:\Windows\SYSTEM32\IPHLPAPI.DLL
0x00007ffc99e50000 - 0x00007ffc99e58000 	C:\Windows\System32\NSI.dll
0x00007ffc93190000 - 0x00007ffc931a7000 	C:\Windows\SYSTEM32\dhcpcsvc6.DLL
0x00007ffc93170000 - 0x00007ffc9318d000 	C:\Windows\SYSTEM32\dhcpcsvc.DLL
0x00007ffc97f00000 - 0x00007ffc97fcb000 	C:\Windows\SYSTEM32\DNSAPI.dll
0x00007ffc6fc70000 - 0x00007ffc6fc8e000 	C:\Users\RAFRA\AppData\Local\Temp\native-platform14292184325931812863dir\native-platform.dll
0x00007ffc72ed0000 - 0x00007ffc72ee7000 	C:\Windows\system32\napinsp.dll
0x00007ffc72eb0000 - 0x00007ffc72ecb000 	C:\Windows\system32\pnrpnsp.dll
0x00007ffc94340000 - 0x00007ffc94355000 	C:\Windows\system32\wshbth.dll
0x00007ffc94320000 - 0x00007ffc9433d000 	C:\Windows\system32\NLAapi.dll
0x00007ffc72e70000 - 0x00007ffc72e82000 	C:\Windows\System32\winrnr.dll
0x00007ffc8ec40000 - 0x00007ffc8ec4a000 	C:\Windows\System32\rasadhlp.dll
0x00007ffc8d870000 - 0x00007ffc8d8f0000 	C:\Windows\System32\fwpuclnt.dll

dbghelp: loaded successfully - version: 4.0.5 - missing functions: none
symbol engine: initialized successfully - sym options: 0x614 - pdb path: .;C:\Program Files\Android\Android Studio\jre\bin;C:\Windows\SYSTEM32;C:\Windows\WinSxS\amd64_microsoft.windows.common-controls_6595b64144ccf1df_6.0.19041.1110_none_60b5254171f9507e;C:\Program Files\Android\Android Studio\jre\bin\server;C:\Users\RAFRA\.gradle\native\e1d6ef7f7dcc3fd88c89a11ec53ec762bb8ba0a96d01ffa2cd45eb1d1d8dd5c5\windows-amd64;C:\Users\RAFRA\.gradle\native\0d407fdbe67a94daf76414ababcb853783967236a71b16ec16e742cd7a986fd3\windows-amd64;C:\Users\RAFRA\AppData\Local\Temp\native-platform14292184325931812863dir

VM Arguments:
jvm_args: --add-opens=java.base/java.util=ALL-UNNAMED --add-opens=java.base/java.lang=ALL-UNNAMED --add-opens=java.base/java.lang.invoke=ALL-UNNAMED --add-opens=java.base/java.util=ALL-UNNAMED --add-opens=java.prefs/java.util.prefs=ALL-UNNAMED --add-opens=java.prefs/java.util.prefs=ALL-UNNAMED --add-opens=java.base/java.nio.charset=ALL-UNNAMED --add-opens=java.base/java.net=ALL-UNNAMED --add-opens=java.base/java.util.concurrent.atomic=ALL-UNNAMED -Xmx2048m -Dfile.encoding=UTF-8 -Duser.country=AT -Duser.language=de -Duser.variant 
java_command: org.gradle.launcher.daemon.bootstrap.GradleDaemon 7.4
java_class_path (initial): C:\Users\RAFRA\.gradle\wrapper\dists\gradle-7.4-bin\c0gwcg53nkjbqw7r0h0umtfvt\gradle-7.4\lib\gradle-launcher-7.4.jar
Launcher Type: SUN_STANDARD

[Global flags]
     intx CICompilerCount                          = 3                                         {product} {ergonomic}
     uint ConcGCThreads                            = 2                                         {product} {ergonomic}
     uint G1ConcRefinementThreads                  = 6                                         {product} {ergonomic}
   size_t G1HeapRegionSize                         = 1048576                                   {product} {ergonomic}
    uintx GCDrainStackTargetSize                   = 64                                        {product} {ergonomic}
   size_t InitialHeapSize                          = 123731968                                 {product} {ergonomic}
   size_t MarkStackSize                            = 4194304                                   {product} {ergonomic}
   size_t MaxHeapSize                              = 2147483648                                {product} {command line}
   size_t MaxNewSize                               = 1287651328                                {product} {ergonomic}
   size_t MinHeapDeltaBytes                        = 1048576                                   {product} {ergonomic}
    uintx NonNMethodCodeHeapSize                   = 5830732                                {pd product} {ergonomic}
    uintx NonProfiledCodeHeapSize                  = 122913754                              {pd product} {ergonomic}
    uintx ProfiledCodeHeapSize                     = 122913754                              {pd product} {ergonomic}
    uintx ReservedCodeCacheSize                    = 251658240                              {pd product} {ergonomic}
     bool SegmentedCodeCache                       = true                                      {product} {ergonomic}
     bool UseCompressedClassPointers               = true                                 {lp64_product} {ergonomic}
     bool UseCompressedOops                        = true                                 {lp64_product} {ergonomic}
     bool UseG1GC                                  = true                                      {product} {ergonomic}
     bool UseLargePagesIndividualAllocation        = false                                  {pd product} {ergonomic}

Logging:
Log output configuration:
 #0: stdout all=warning uptime,level,tags
 #1: stderr all=off uptime,level,tags

Environment Variables:
JAVA_HOME=C:\Program Files\Java\jdk-17.0.4.1
PATH=C:\Program Files\Common Files\Oracle\Java\javapath;C:\Program Files (x86)\Common Files\Oracle\Java\javapath;C:\Program Files (x86)\NVIDIA Corporation\PhysX\Common;C:\app\RAFRA\product\18.0.0\dbhomeXE\bin;C:\Windows\system32;C:\Windows;C:\Windows\System32\Wbem;C:\Windows\System32\WindowsPowerShell\v1.0\;C:\Windows\System32\OpenSSH\;C:\Program Files\Git\cmd;C:\Program Files\Docker\Docker\resources\bin;C:\ProgramData\DockerDesktop\version-bin;C:\Program Files\dotnet\;C:\Program Files\Microsoft SQL Server\150\Tools\Binn\;C:\ProgramData\chocolatey\bin;C:\Program Files\nodejs\;C:\Users\RAFRA\.jbang\bin;C:\Users\RAFRA\Downloads\apache-maven-3.8.5-bin\apache-maven-3.8.5\bin;C:\Users\RAFRA\AppData\Local\Programs\Microsoft VS Code\bin;C:\Users\RAFRA\.dotnet\tools;C:\Users\RAFRA\OneDrive\Dokumente\Schule\4_Klasse\NVS\apache-maven-3.8.6-bin\apache-maven-3.8.6\bin;C:\Program Files\Java\jdk-17.0.4.1\bin;C:\Program Files\JetBrains\IntelliJ IDEA Community Edition 2022.2.2\bin;;C:\Users\RAFRA\.krew\bin;C:\Users\RAFRA\AppData\Local\Google\Cloud SDK\google-cloud-sdk\bin;C:\Users\RAFRA\AppData\Roaming\npm
USERNAME=RAFRA
OS=Windows_NT
PROCESSOR_IDENTIFIER=AMD64 Family 23 Model 96 Stepping 1, AuthenticAMD



---------------  S Y S T E M  ---------------

OS: Windows 10 , 64 bit Build 19041 (10.0.19041.2546)
OS uptime: 1 days 1:15 hours
Hyper-V role detected

CPU:total 6 (initial active 6) (6 cores per cpu, 1 threads per core) family 23 model 96 stepping 1 microcode 0x0, cmov, cx8, fxsr, mmx, sse, sse2, sse3, ssse3, sse4.1, sse4.2, popcnt, avx, avx2, aes, clmul, mmxext, 3dnowpref, lzcnt, sse4a, tsc, tscinvbit, tscinv, bmi1, bmi2, adx, sha, fma

Memory: 4k page, system-wide physical 7549M (376M free)
TotalPageFile size 31101M (AvailPageFile size 29M)
current process WorkingSet (physical memory assigned to process): 388M, peak: 451M
current process commit charge ("private bytes"): 477M, peak: 512M

vm_info: OpenJDK 64-Bit Server VM (11.0.13+0-b1751.21-8125866) for windows-amd64 JRE (11.0.13+0-b1751.21-8125866), built on Feb  2 2022 03:00:22 by "builder" with MS VC++ 14.0 (VS2015)

END.
