#
# There is insufficient memory for the Java Runtime Environment to continue.
# Native memory allocation (malloc) failed to allocate 1100016 bytes for Chunk::new
# Possible reasons:
#   The system is out of physical RAM or swap space
#   The process is running with CompressedOops enabled, and the Java Heap may be blocking the growth of the native heap
# Possible solutions:
#   Reduce memory load on the system
#   Increase physical memory or swap space
#   Check if swap backing store is full
#   Decrease Java heap size (-Xmx/-Xms)
#   Decrease number of Java threads
#   Decrease Java thread stack sizes (-Xss)
#   Set larger code cache with -XX:ReservedCodeCacheSize=
#   JVM is running with Unscaled Compressed Oops mode in which the Java heap is
#     placed in the first 4GB address space. The Java Heap base address is the
#     maximum limit for the native heap growth. Please use -XX:HeapBaseMinAddress
#     to set the Java Heap base and to place the Java Heap above 4GB virtual address.
# This output file may be truncated or incomplete.
#
#  Out of Memory Error (./src/hotspot/share/memory/arena.cpp:197), pid=15800, tid=1236
#
# JRE version: OpenJDK Runtime Environment (11.0.13) (build 11.0.13+0-b1751.21-8125866)
# Java VM: OpenJDK 64-Bit Server VM (11.0.13+0-b1751.21-8125866, mixed mode, tiered, compressed oops, g1 gc, windows-amd64)
# No core dump will be written. Minidumps are not enabled by default on client versions of Windows
#

---------------  S U M M A R Y ------------

Command Line: --add-opens=java.base/java.util=ALL-UNNAMED --add-opens=java.base/java.lang=ALL-UNNAMED --add-opens=java.base/java.lang.invoke=ALL-UNNAMED --add-opens=java.base/java.util=ALL-UNNAMED --add-opens=java.prefs/java.util.prefs=ALL-UNNAMED --add-opens=java.prefs/java.util.prefs=ALL-UNNAMED --add-opens=java.base/java.nio.charset=ALL-UNNAMED --add-opens=java.base/java.net=ALL-UNNAMED --add-opens=java.base/java.util.concurrent.atomic=ALL-UNNAMED -Xmx2048m -Dfile.encoding=UTF-8 -Duser.country=AT -Duser.language=de -Duser.variant org.gradle.launcher.daemon.bootstrap.GradleDaemon 7.4

Host: AMD Ryzen 5 4500U with Radeon Graphics         , 6 cores, 7G,  Windows 10 , 64 bit Build 19041 (10.0.19041.2546)
Time: Fri Mar 10 12:59:19 2023 Mitteleuropäische Zeit elapsed time: 5.320936 seconds (0d 0h 0m 5s)

---------------  T H R E A D  ---------------

Current thread (0x000001e2a6669800):  JavaThread "C2 CompilerThread0" daemon [_thread_in_native, id=1236, stack(0x000000b9ecb00000,0x000000b9ecc00000)]


Current CompileTask:
C2:   5321 3931       4       org.objectweb.asm.Frame::execute (2318 bytes)

Stack: [0x000000b9ecb00000,0x000000b9ecc00000]
Native frames: (J=compiled Java code, j=interpreted, Vv=VM code, C=native code)
V  [jvm.dll+0x6100fa]
V  [jvm.dll+0x747090]
V  [jvm.dll+0x7486ad]
V  [jvm.dll+0x748d83]
V  [jvm.dll+0x24ab48]
V  [jvm.dll+0xc04dc]
V  [jvm.dll+0xc0a0c]
V  [jvm.dll+0x35eb5b]
V  [jvm.dll+0x19d7bc]
V  [jvm.dll+0x2033be]
V  [jvm.dll+0x202437]
V  [jvm.dll+0x188e01]
V  [jvm.dll+0x21106b]
V  [jvm.dll+0x20f8c1]
V  [jvm.dll+0x70de0f]
V  [jvm.dll+0x706a75]
V  [jvm.dll+0x60ed66]
C  [ucrtbase.dll+0x21bb2]
C  [KERNEL32.DLL+0x17614]
C  [ntdll.dll+0x526a1]


---------------  P R O C E S S  ---------------

Threads class SMR info:
_java_thread_list=0x000001e2aae9a980, length=37, elements={
0x000001e289d8e000, 0x000001e2a5e09000, 0x000001e2a5e00000, 0x000001e2a5e13000,
0x000001e2a5e14800, 0x000001e2a6667800, 0x000001e2a6669800, 0x000001e2a666c000,
0x000001e2a6673000, 0x000001e2a67cb800, 0x000001e2a809d800, 0x000001e2a8f16800,
0x000001e2a8acf000, 0x000001e2a8262800, 0x000001e2a8b72000, 0x000001e2a8993000,
0x000001e2a88ca000, 0x000001e2a80e2800, 0x000001e2a80e3000, 0x000001e2a8b66800,
0x000001e2a8b54800, 0x000001e2a8154800, 0x000001e2a8ec4800, 0x000001e2a95c1800,
0x000001e2a8ec3000, 0x000001e2a8ec9800, 0x000001e2a8ec7000, 0x000001e2a8ec5800,
0x000001e2a8ec6000, 0x000001e2a8ec8000, 0x000001e2a8ec8800, 0x000001e2a8ec3800,
0x000001e2aa9d6800, 0x000001e2aa9d4800, 0x000001e2aa9d8800, 0x000001e2aa9d9000,
0x000001e2aa9da000
}

Java Threads: ( => current thread )
  0x000001e289d8e000 JavaThread "main" [_thread_blocked, id=26292, stack(0x000000b9ebf00000,0x000000b9ec000000)]
  0x000001e2a5e09000 JavaThread "Reference Handler" daemon [_thread_blocked, id=15040, stack(0x000000b9ec600000,0x000000b9ec700000)]
  0x000001e2a5e00000 JavaThread "Finalizer" daemon [_thread_blocked, id=25416, stack(0x000000b9ec700000,0x000000b9ec800000)]
  0x000001e2a5e13000 JavaThread "Signal Dispatcher" daemon [_thread_blocked, id=5956, stack(0x000000b9ec800000,0x000000b9ec900000)]
  0x000001e2a5e14800 JavaThread "Attach Listener" daemon [_thread_blocked, id=9324, stack(0x000000b9ec900000,0x000000b9eca00000)]
  0x000001e2a6667800 JavaThread "Service Thread" daemon [_thread_blocked, id=25816, stack(0x000000b9eca00000,0x000000b9ecb00000)]
=>0x000001e2a6669800 JavaThread "C2 CompilerThread0" daemon [_thread_in_native, id=1236, stack(0x000000b9ecb00000,0x000000b9ecc00000)]
  0x000001e2a666c000 JavaThread "C1 CompilerThread0" daemon [_thread_in_native, id=1484, stack(0x000000b9ecc00000,0x000000b9ecd00000)]
  0x000001e2a6673000 JavaThread "Sweeper thread" daemon [_thread_blocked, id=10136, stack(0x000000b9ecd00000,0x000000b9ece00000)]
  0x000001e2a67cb800 JavaThread "Common-Cleaner" daemon [_thread_blocked, id=21784, stack(0x000000b9ece00000,0x000000b9ecf00000)]
  0x000001e2a809d800 JavaThread "Daemon health stats" [_thread_blocked, id=18048, stack(0x000000b9ed200000,0x000000b9ed300000)]
  0x000001e2a8f16800 JavaThread "Incoming local TCP Connector on port 49708" [_thread_in_native, id=21376, stack(0x000000b9ed000000,0x000000b9ed100000)]
  0x000001e2a8acf000 JavaThread "Daemon periodic checks" [_thread_blocked, id=6308, stack(0x000000b9ed300000,0x000000b9ed400000)]
  0x000001e2a8262800 JavaThread "Daemon" [_thread_blocked, id=16432, stack(0x000000b9ed800000,0x000000b9ed900000)]
  0x000001e2a8b72000 JavaThread "Handler for socket connection from /127.0.0.1:49708 to /127.0.0.1:49709" [_thread_in_native, id=24756, stack(0x000000b9ed900000,0x000000b9eda00000)]
  0x000001e2a8993000 JavaThread "Cancel handler" [_thread_blocked, id=13332, stack(0x000000b9eda00000,0x000000b9edb00000)]
  0x000001e2a88ca000 JavaThread "Daemon worker" [_thread_in_vm, id=19908, stack(0x000000b9edb00000,0x000000b9edc00000)]
  0x000001e2a80e2800 JavaThread "Asynchronous log dispatcher for DefaultDaemonConnection: socket connection from /127.0.0.1:49708 to /127.0.0.1:49709" [_thread_blocked, id=14644, stack(0x000000b9edc00000,0x000000b9edd00000)]
  0x000001e2a80e3000 JavaThread "Stdin handler" [_thread_blocked, id=28264, stack(0x000000b9edd00000,0x000000b9ede00000)]
  0x000001e2a8b66800 JavaThread "Daemon client event forwarder" [_thread_blocked, id=12008, stack(0x000000b9ede00000,0x000000b9edf00000)]
  0x000001e2a8b54800 JavaThread "Cache worker for journal cache (C:\Users\RAFRA\.gradle\caches\journal-1)" [_thread_blocked, id=1824, stack(0x000000b9edf00000,0x000000b9ee000000)]
  0x000001e2a8154800 JavaThread "File lock request listener" [_thread_in_native, id=27300, stack(0x000000b9ee000000,0x000000b9ee100000)]
  0x000001e2a8ec4800 JavaThread "Cache worker for file hash cache (C:\Users\RAFRA\.gradle\caches\7.4\fileHashes)" [_thread_blocked, id=14112, stack(0x000000b9ee100000,0x000000b9ee200000)]
  0x000001e2a95c1800 JavaThread "C2 CompilerThread1" daemon [_thread_in_native, id=24184, stack(0x000000b9ee300000,0x000000b9ee400000)]
  0x000001e2a8ec3000 JavaThread "File watcher server" daemon [_thread_in_native, id=28420, stack(0x000000b9ee400000,0x000000b9ee500000)]
  0x000001e2a8ec9800 JavaThread "File watcher consumer" daemon [_thread_blocked, id=9604, stack(0x000000b9ee500000,0x000000b9ee600000)]
  0x000001e2a8ec7000 JavaThread "Cache worker for checksums cache (C:\Users\RAFRA\Documents\EGD\EGD\AndroidProjekte\EGD\.gradle\7.4\checksums)" [_thread_blocked, id=18892, stack(0x000000b9ee600000,0x000000b9ee700000)]
  0x000001e2a8ec5800 JavaThread "Cache worker for cache directory md-rule (C:\Users\RAFRA\.gradle\caches\7.4\md-rule)" [_thread_blocked, id=19872, stack(0x000000b9ee700000,0x000000b9ee800000)]
  0x000001e2a8ec6000 JavaThread "Cache worker for file hash cache (C:\Users\RAFRA\Documents\EGD\EGD\AndroidProjekte\EGD\.gradle\7.4\fileHashes)" [_thread_blocked, id=14860, stack(0x000000b9ee800000,0x000000b9ee900000)]
  0x000001e2a8ec8000 JavaThread "Cache worker for cache directory md-supplier (C:\Users\RAFRA\.gradle\caches\7.4\md-supplier)" [_thread_blocked, id=11896, stack(0x000000b9ee900000,0x000000b9eea00000)]
  0x000001e2a8ec8800 JavaThread "Cache worker for execution history cache (C:\Users\RAFRA\.gradle\caches\7.4\executionHistory)" [_thread_blocked, id=25776, stack(0x000000b9eea00000,0x000000b9eeb00000)]
  0x000001e2a8ec3800 JavaThread "jar transforms" [_thread_blocked, id=17072, stack(0x000000b9eeb00000,0x000000b9eec00000)]
  0x000001e2aa9d6800 JavaThread "Cache worker for file content cache (C:\Users\RAFRA\.gradle\caches\7.4\fileContent)" [_thread_blocked, id=22804, stack(0x000000b9eec00000,0x000000b9eed00000)]
  0x000001e2aa9d4800 JavaThread "jar transforms Thread 2" [_thread_blocked, id=18300, stack(0x000000b9eed00000,0x000000b9eee00000)]
  0x000001e2aa9d8800 JavaThread "Cache worker for dependencies-accessors (C:\Users\RAFRA\Documents\EGD\EGD\AndroidProjekte\EGD\.gradle\7.4\dependencies-accessors)" [_thread_blocked, id=15312, stack(0x000000b9eee00000,0x000000b9eef00000)]
  0x000001e2aa9d9000 JavaThread "jar transforms Thread 3" [_thread_blocked, id=28084, stack(0x000000b9eef00000,0x000000b9ef000000)]
  0x000001e2aa9da000 JavaThread "Cache worker for Build Output Cleanup Cache (C:\Users\RAFRA\Documents\EGD\EGD\AndroidProjekte\EGD\.gradle\buildOutputCleanup)" [_thread_blocked, id=21724, stack(0x000000b9ef000000,0x000000b9ef100000)]

Other Threads:
  0x000001e2a5df7000 VMThread "VM Thread" [stack: 0x000000b9ec500000,0x000000b9ec600000] [id=7084]
  0x000001e2a67d7000 WatcherThread [stack: 0x000000b9ecf00000,0x000000b9ed000000] [id=6552]
  0x000001e289da6000 GCTaskThread "GC Thread#0" [stack: 0x000000b9ec000000,0x000000b9ec100000] [id=18452]
  0x000001e2a75bb800 GCTaskThread "GC Thread#1" [stack: 0x000000b9ed100000,0x000000b9ed200000] [id=27628]
  0x000001e2a75bd000 GCTaskThread "GC Thread#2" [stack: 0x000000b9ed400000,0x000000b9ed500000] [id=22148]
  0x000001e2a75ba800 GCTaskThread "GC Thread#3" [stack: 0x000000b9ed500000,0x000000b9ed600000] [id=26628]
  0x000001e2a75b7800 GCTaskThread "GC Thread#4" [stack: 0x000000b9ed600000,0x000000b9ed700000] [id=27516]
  0x000001e2a75be800 GCTaskThread "GC Thread#5" [stack: 0x000000b9ed700000,0x000000b9ed800000] [id=13816]
  0x000001e289dd9800 ConcurrentGCThread "G1 Main Marker" [stack: 0x000000b9ec100000,0x000000b9ec200000] [id=10288]
  0x000001e289dda800 ConcurrentGCThread "G1 Conc#0" [stack: 0x000000b9ec200000,0x000000b9ec300000] [id=22556]
  0x000001e2a75b8000 ConcurrentGCThread "G1 Conc#1" [stack: 0x000000b9ee200000,0x000000b9ee300000] [id=17632]
  0x000001e289e6e800 ConcurrentGCThread "G1 Refine#0" [stack: 0x000000b9ec300000,0x000000b9ec400000] [id=13676]
  0x000001e2a5c46800 ConcurrentGCThread "G1 Young RemSet Sampling" [stack: 0x000000b9ec400000,0x000000b9ec500000] [id=3760]

Threads with active compile tasks:
C2 CompilerThread0   5335 3931       4       org.objectweb.asm.Frame::execute (2318 bytes)
C2 CompilerThread1   5335 3949       4       java.lang.invoke.LambdaForm$Name::replaceNames (174 bytes)

VM state:not at safepoint (normal execution)

VM Mutex/Monitor currently owned by a thread: None

Heap address: 0x0000000080000000, size: 2048 MB, Compressed Oops mode: 32-bit
Narrow klass base: 0x0000000000000000, Narrow klass shift: 3
Compressed class space size: 1073741824 Address: 0x0000000100000000

Heap:
 garbage-first heap   total 145408K, used 81182K [0x0000000080000000, 0x0000000100000000)
  region size 1024K, 55 young (56320K), 4 survivors (4096K)
 Metaspace       used 47937K, capacity 49084K, committed 49276K, reserved 1091584K
  class space    used 6069K, capacity 6534K, committed 6604K, reserved 1048576K
Heap Regions: E=young(eden), S=young(survivor), O=old, HS=humongous(starts), HC=humongous(continues), CS=collection set, F=free, A=archive, TAMS=top-at-mark-start (previous, next)
|   0|0x0000000080000000, 0x0000000080100000, 0x0000000080100000|100%| O|  |TAMS 0x0000000080100000, 0x0000000080000000| Untracked 
|   1|0x0000000080100000, 0x0000000080200000, 0x0000000080200000|100%| O|  |TAMS 0x0000000080200000, 0x0000000080100000| Untracked 
|   2|0x0000000080200000, 0x0000000080300000, 0x0000000080300000|100%| O|  |TAMS 0x0000000080300000, 0x0000000080200000| Untracked 
|   3|0x0000000080300000, 0x0000000080400000, 0x0000000080400000|100%|HS|  |TAMS 0x0000000080400000, 0x0000000080300000| Complete 
|   4|0x0000000080400000, 0x0000000080500000, 0x0000000080500000|100%|HC|  |TAMS 0x0000000080500000, 0x0000000080400000| Complete 
|   5|0x0000000080500000, 0x0000000080600000, 0x0000000080600000|100%|HC|  |TAMS 0x0000000080600000, 0x0000000080500000| Complete 
|   6|0x0000000080600000, 0x0000000080700000, 0x0000000080700000|100%| O|  |TAMS 0x0000000080700000, 0x0000000080600000| Untracked 
|   7|0x0000000080700000, 0x0000000080800000, 0x0000000080800000|100%| O|  |TAMS 0x0000000080800000, 0x0000000080700000| Untracked 
|   8|0x0000000080800000, 0x0000000080900000, 0x0000000080900000|100%| O|  |TAMS 0x0000000080900000, 0x0000000080800000| Untracked 
|   9|0x0000000080900000, 0x0000000080a00000, 0x0000000080a00000|100%| O|  |TAMS 0x0000000080a00000, 0x0000000080900000| Untracked 
|  10|0x0000000080a00000, 0x0000000080b00000, 0x0000000080b00000|100%| O|  |TAMS 0x0000000080b00000, 0x0000000080a00000| Untracked 
|  11|0x0000000080b00000, 0x0000000080c00000, 0x0000000080c00000|100%| O|  |TAMS 0x0000000080c00000, 0x0000000080b00000| Untracked 
|  12|0x0000000080c00000, 0x0000000080d00000, 0x0000000080d00000|100%| O|  |TAMS 0x0000000080d00000, 0x0000000080c00000| Untracked 
|  13|0x0000000080d00000, 0x0000000080e00000, 0x0000000080e00000|100%| O|  |TAMS 0x0000000080e00000, 0x0000000080d00000| Untracked 
|  14|0x0000000080e00000, 0x0000000080f00000, 0x0000000080f00000|100%| O|  |TAMS 0x0000000080f00000, 0x0000000080e00000| Untracked 
|  15|0x0000000080f00000, 0x0000000081000000, 0x0000000081000000|100%| O|  |TAMS 0x0000000081000000, 0x0000000080f00000| Untracked 
|  16|0x0000000081000000, 0x0000000081100000, 0x0000000081100000|100%| O|  |TAMS 0x0000000081055c00, 0x0000000081000000| Untracked 
|  17|0x0000000081100000, 0x0000000081100000, 0x0000000081200000|  0%| F|  |TAMS 0x0000000081100000, 0x0000000081100000| Untracked 
|  18|0x0000000081200000, 0x0000000081300000, 0x0000000081300000|100%| O|  |TAMS 0x0000000081200000, 0x0000000081200000| Untracked 
|  19|0x0000000081300000, 0x0000000081400000, 0x0000000081400000|100%| O|  |TAMS 0x0000000081300000, 0x0000000081300000| Untracked 
|  20|0x0000000081400000, 0x0000000081500000, 0x0000000081500000|100%| O|  |TAMS 0x0000000081400000, 0x0000000081400000| Untracked 
|  21|0x0000000081500000, 0x0000000081600000, 0x0000000081600000|100%| O|  |TAMS 0x0000000081500000, 0x0000000081500000| Untracked 
|  22|0x0000000081600000, 0x0000000081700000, 0x0000000081700000|100%| O|  |TAMS 0x0000000081600000, 0x0000000081600000| Untracked 
|  23|0x0000000081700000, 0x0000000081800000, 0x0000000081800000|100%| O|  |TAMS 0x0000000081700000, 0x0000000081700000| Untracked 
|  24|0x0000000081800000, 0x0000000081900000, 0x0000000081900000|100%| O|  |TAMS 0x0000000081800000, 0x0000000081800000| Untracked 
|  25|0x0000000081900000, 0x0000000081a00000, 0x0000000081a00000|100%| O|  |TAMS 0x0000000081900000, 0x0000000081900000| Untracked 
|  26|0x0000000081a00000, 0x0000000081a6ba00, 0x0000000081b00000| 42%| O|  |TAMS 0x0000000081a00000, 0x0000000081a00000| Untracked 
|  27|0x0000000081b00000, 0x0000000081b00000, 0x0000000081c00000|  0%| F|  |TAMS 0x0000000081b00000, 0x0000000081b00000| Untracked 
|  28|0x0000000081c00000, 0x0000000081c00000, 0x0000000081d00000|  0%| F|  |TAMS 0x0000000081c00000, 0x0000000081c00000| Untracked 
|  29|0x0000000081d00000, 0x0000000081d00000, 0x0000000081e00000|  0%| F|  |TAMS 0x0000000081d00000, 0x0000000081d00000| Untracked 
|  30|0x0000000081e00000, 0x0000000081e00000, 0x0000000081f00000|  0%| F|  |TAMS 0x0000000081e00000, 0x0000000081e00000| Untracked 
|  31|0x0000000081f00000, 0x0000000081f00000, 0x0000000082000000|  0%| F|  |TAMS 0x0000000081f00000, 0x0000000081f00000| Untracked 
|  32|0x0000000082000000, 0x0000000082000000, 0x0000000082100000|  0%| F|  |TAMS 0x0000000082000000, 0x0000000082000000| Untracked 
|  33|0x0000000082100000, 0x0000000082100000, 0x0000000082200000|  0%| F|  |TAMS 0x0000000082100000, 0x0000000082100000| Untracked 
|  34|0x0000000082200000, 0x0000000082200000, 0x0000000082300000|  0%| F|  |TAMS 0x0000000082200000, 0x0000000082200000| Untracked 
|  35|0x0000000082300000, 0x0000000082300000, 0x0000000082400000|  0%| F|  |TAMS 0x0000000082300000, 0x0000000082300000| Untracked 
|  36|0x0000000082400000, 0x0000000082400000, 0x0000000082500000|  0%| F|  |TAMS 0x0000000082400000, 0x0000000082400000| Untracked 
|  37|0x0000000082500000, 0x0000000082500000, 0x0000000082600000|  0%| F|  |TAMS 0x0000000082500000, 0x0000000082500000| Untracked 
|  38|0x0000000082600000, 0x0000000082600000, 0x0000000082700000|  0%| F|  |TAMS 0x0000000082600000, 0x0000000082600000| Untracked 
|  39|0x0000000082700000, 0x0000000082700000, 0x0000000082800000|  0%| F|  |TAMS 0x0000000082700000, 0x0000000082700000| Untracked 
|  40|0x0000000082800000, 0x0000000082800000, 0x0000000082900000|  0%| F|  |TAMS 0x0000000082800000, 0x0000000082800000| Untracked 
|  41|0x0000000082900000, 0x0000000082900000, 0x0000000082a00000|  0%| F|  |TAMS 0x0000000082900000, 0x0000000082900000| Untracked 
|  42|0x0000000082a00000, 0x0000000082a00000, 0x0000000082b00000|  0%| F|  |TAMS 0x0000000082a00000, 0x0000000082a00000| Untracked 
|  43|0x0000000082b00000, 0x0000000082b00000, 0x0000000082c00000|  0%| F|  |TAMS 0x0000000082b00000, 0x0000000082b00000| Untracked 
|  44|0x0000000082c00000, 0x0000000082c00000, 0x0000000082d00000|  0%| F|  |TAMS 0x0000000082c00000, 0x0000000082c00000| Untracked 
|  45|0x0000000082d00000, 0x0000000082d00000, 0x0000000082e00000|  0%| F|  |TAMS 0x0000000082d00000, 0x0000000082d00000| Untracked 
|  46|0x0000000082e00000, 0x0000000082e00000, 0x0000000082f00000|  0%| F|  |TAMS 0x0000000082e00000, 0x0000000082e00000| Untracked 
|  47|0x0000000082f00000, 0x0000000082f00000, 0x0000000083000000|  0%| F|  |TAMS 0x0000000082f00000, 0x0000000082f00000| Untracked 
|  48|0x0000000083000000, 0x0000000083000000, 0x0000000083100000|  0%| F|  |TAMS 0x0000000083000000, 0x0000000083000000| Untracked 
|  49|0x0000000083100000, 0x0000000083100000, 0x0000000083200000|  0%| F|  |TAMS 0x0000000083100000, 0x0000000083100000| Untracked 
|  50|0x0000000083200000, 0x0000000083200000, 0x0000000083300000|  0%| F|  |TAMS 0x0000000083200000, 0x0000000083200000| Untracked 
|  51|0x0000000083300000, 0x0000000083300000, 0x0000000083400000|  0%| F|  |TAMS 0x0000000083300000, 0x0000000083300000| Untracked 
|  52|0x0000000083400000, 0x0000000083400000, 0x0000000083500000|  0%| F|  |TAMS 0x0000000083400000, 0x0000000083400000| Untracked 
|  53|0x0000000083500000, 0x0000000083500000, 0x0000000083600000|  0%| F|  |TAMS 0x0000000083500000, 0x0000000083500000| Untracked 
|  54|0x0000000083600000, 0x0000000083600000, 0x0000000083700000|  0%| F|  |TAMS 0x0000000083600000, 0x0000000083600000| Untracked 
|  55|0x0000000083700000, 0x0000000083700000, 0x0000000083800000|  0%| F|  |TAMS 0x0000000083700000, 0x0000000083700000| Untracked 
|  56|0x0000000083800000, 0x0000000083800000, 0x0000000083900000|  0%| F|  |TAMS 0x0000000083800000, 0x0000000083800000| Untracked 
|  57|0x0000000083900000, 0x0000000083900000, 0x0000000083a00000|  0%| F|  |TAMS 0x0000000083900000, 0x0000000083900000| Untracked 
|  58|0x0000000083a00000, 0x0000000083a00000, 0x0000000083b00000|  0%| F|  |TAMS 0x0000000083a00000, 0x0000000083a00000| Untracked 
|  59|0x0000000083b00000, 0x0000000083b00000, 0x0000000083c00000|  0%| F|  |TAMS 0x0000000083b00000, 0x0000000083b00000| Untracked 
|  60|0x0000000083c00000, 0x0000000083c00000, 0x0000000083d00000|  0%| F|  |TAMS 0x0000000083c00000, 0x0000000083c00000| Untracked 
|  61|0x0000000083d00000, 0x0000000083d00000, 0x0000000083e00000|  0%| F|  |TAMS 0x0000000083d00000, 0x0000000083d00000| Untracked 
|  62|0x0000000083e00000, 0x0000000083e00000, 0x0000000083f00000|  0%| F|  |TAMS 0x0000000083e00000, 0x0000000083e00000| Untracked 
|  63|0x0000000083f00000, 0x0000000083f00000, 0x0000000084000000|  0%| F|  |TAMS 0x0000000083f00000, 0x0000000083f00000| Untracked 
|  64|0x0000000084000000, 0x0000000084000000, 0x0000000084100000|  0%| F|  |TAMS 0x0000000084000000, 0x0000000084000000| Untracked 
|  65|0x0000000084100000, 0x0000000084100000, 0x0000000084200000|  0%| F|  |TAMS 0x0000000084100000, 0x0000000084100000| Untracked 
|  66|0x0000000084200000, 0x0000000084200000, 0x0000000084300000|  0%| F|  |TAMS 0x0000000084200000, 0x0000000084200000| Untracked 
|  67|0x0000000084300000, 0x0000000084300000, 0x0000000084400000|  0%| F|  |TAMS 0x0000000084300000, 0x0000000084300000| Untracked 
|  68|0x0000000084400000, 0x0000000084400000, 0x0000000084500000|  0%| F|  |TAMS 0x0000000084400000, 0x0000000084400000| Untracked 
|  69|0x0000000084500000, 0x0000000084500000, 0x0000000084600000|  0%| F|  |TAMS 0x0000000084500000, 0x0000000084500000| Untracked 
|  70|0x0000000084600000, 0x0000000084600000, 0x0000000084700000|  0%| F|  |TAMS 0x0000000084600000, 0x0000000084600000| Untracked 
|  71|0x0000000084700000, 0x0000000084700000, 0x0000000084800000|  0%| F|  |TAMS 0x0000000084700000, 0x0000000084700000| Untracked 
|  72|0x0000000084800000, 0x0000000084800000, 0x0000000084900000|  0%| F|  |TAMS 0x0000000084800000, 0x0000000084800000| Untracked 
|  73|0x0000000084900000, 0x0000000084900000, 0x0000000084a00000|  0%| F|  |TAMS 0x0000000084900000, 0x0000000084900000| Untracked 
|  74|0x0000000084a00000, 0x0000000084a00000, 0x0000000084b00000|  0%| F|  |TAMS 0x0000000084a00000, 0x0000000084a00000| Untracked 
|  75|0x0000000084b00000, 0x0000000084b00000, 0x0000000084c00000|  0%| F|  |TAMS 0x0000000084b00000, 0x0000000084b00000| Untracked 
|  76|0x0000000084c00000, 0x0000000084c00000, 0x0000000084d00000|  0%| F|  |TAMS 0x0000000084c00000, 0x0000000084c00000| Untracked 
|  77|0x0000000084d00000, 0x0000000084d00000, 0x0000000084e00000|  0%| F|  |TAMS 0x0000000084d00000, 0x0000000084d00000| Untracked 
|  78|0x0000000084e00000, 0x0000000084e00000, 0x0000000084f00000|  0%| F|  |TAMS 0x0000000084e00000, 0x0000000084e00000| Untracked 
|  79|0x0000000084f00000, 0x0000000084f00000, 0x0000000085000000|  0%| F|  |TAMS 0x0000000084f00000, 0x0000000084f00000| Untracked 
|  80|0x0000000085000000, 0x0000000085000000, 0x0000000085100000|  0%| F|  |TAMS 0x0000000085000000, 0x0000000085000000| Untracked 
|  81|0x0000000085100000, 0x0000000085100000, 0x0000000085200000|  0%| F|  |TAMS 0x0000000085100000, 0x0000000085100000| Untracked 
|  82|0x0000000085200000, 0x0000000085200000, 0x0000000085300000|  0%| F|  |TAMS 0x0000000085200000, 0x0000000085200000| Untracked 
|  83|0x0000000085300000, 0x0000000085300000, 0x0000000085400000|  0%| F|  |TAMS 0x0000000085300000, 0x0000000085300000| Untracked 
|  84|0x0000000085400000, 0x0000000085400000, 0x0000000085500000|  0%| F|  |TAMS 0x0000000085400000, 0x0000000085400000| Untracked 
|  85|0x0000000085500000, 0x00000000855dbec0, 0x0000000085600000| 85%| S|CS|TAMS 0x0000000085500000, 0x0000000085500000| Complete 
|  86|0x0000000085600000, 0x0000000085700000, 0x0000000085700000|100%| S|CS|TAMS 0x0000000085600000, 0x0000000085600000| Complete 
|  87|0x0000000085700000, 0x0000000085800000, 0x0000000085800000|100%| S|CS|TAMS 0x0000000085700000, 0x0000000085700000| Complete 
|  88|0x0000000085800000, 0x0000000085900000, 0x0000000085900000|100%| S|CS|TAMS 0x0000000085800000, 0x0000000085800000| Complete 
|  89|0x0000000085900000, 0x0000000085900000, 0x0000000085a00000|  0%| F|  |TAMS 0x0000000085900000, 0x0000000085900000| Untracked 
|  90|0x0000000085a00000, 0x0000000085a00000, 0x0000000085b00000|  0%| F|  |TAMS 0x0000000085a00000, 0x0000000085a00000| Untracked 
|  91|0x0000000085b00000, 0x0000000085c00000, 0x0000000085c00000|100%| E|  |TAMS 0x0000000085b00000, 0x0000000085b00000| Complete 
|  92|0x0000000085c00000, 0x0000000085d00000, 0x0000000085d00000|100%| E|CS|TAMS 0x0000000085c00000, 0x0000000085c00000| Complete 
|  93|0x0000000085d00000, 0x0000000085e00000, 0x0000000085e00000|100%| E|CS|TAMS 0x0000000085d00000, 0x0000000085d00000| Complete 
|  94|0x0000000085e00000, 0x0000000085f00000, 0x0000000085f00000|100%| E|CS|TAMS 0x0000000085e00000, 0x0000000085e00000| Complete 
|  95|0x0000000085f00000, 0x0000000086000000, 0x0000000086000000|100%| E|CS|TAMS 0x0000000085f00000, 0x0000000085f00000| Complete 
|  96|0x0000000086000000, 0x0000000086100000, 0x0000000086100000|100%| E|CS|TAMS 0x0000000086000000, 0x0000000086000000| Complete 
|  97|0x0000000086100000, 0x0000000086200000, 0x0000000086200000|100%| E|CS|TAMS 0x0000000086100000, 0x0000000086100000| Complete 
|  98|0x0000000086200000, 0x0000000086300000, 0x0000000086300000|100%| E|CS|TAMS 0x0000000086200000, 0x0000000086200000| Complete 
|  99|0x0000000086300000, 0x0000000086400000, 0x0000000086400000|100%| E|CS|TAMS 0x0000000086300000, 0x0000000086300000| Complete 
| 100|0x0000000086400000, 0x0000000086500000, 0x0000000086500000|100%| E|CS|TAMS 0x0000000086400000, 0x0000000086400000| Complete 
| 101|0x0000000086500000, 0x0000000086600000, 0x0000000086600000|100%| E|CS|TAMS 0x0000000086500000, 0x0000000086500000| Complete 
| 102|0x0000000086600000, 0x0000000086700000, 0x0000000086700000|100%| E|CS|TAMS 0x0000000086600000, 0x0000000086600000| Complete 
| 103|0x0000000086700000, 0x0000000086800000, 0x0000000086800000|100%| E|CS|TAMS 0x0000000086700000, 0x0000000086700000| Complete 
| 104|0x0000000086800000, 0x0000000086900000, 0x0000000086900000|100%| E|CS|TAMS 0x0000000086800000, 0x0000000086800000| Complete 
| 105|0x0000000086900000, 0x0000000086a00000, 0x0000000086a00000|100%| E|CS|TAMS 0x0000000086900000, 0x0000000086900000| Complete 
| 106|0x0000000086a00000, 0x0000000086b00000, 0x0000000086b00000|100%| E|CS|TAMS 0x0000000086a00000, 0x0000000086a00000| Complete 
| 107|0x0000000086b00000, 0x0000000086c00000, 0x0000000086c00000|100%| E|CS|TAMS 0x0000000086b00000, 0x0000000086b00000| Complete 
| 108|0x0000000086c00000, 0x0000000086d00000, 0x0000000086d00000|100%| E|CS|TAMS 0x0000000086c00000, 0x0000000086c00000| Complete 
| 109|0x0000000086d00000, 0x0000000086e00000, 0x0000000086e00000|100%| E|CS|TAMS 0x0000000086d00000, 0x0000000086d00000| Complete 
| 110|0x0000000086e00000, 0x0000000086f00000, 0x0000000086f00000|100%| E|CS|TAMS 0x0000000086e00000, 0x0000000086e00000| Complete 
| 111|0x0000000086f00000, 0x0000000087000000, 0x0000000087000000|100%| E|CS|TAMS 0x0000000086f00000, 0x0000000086f00000| Complete 
| 112|0x0000000087000000, 0x0000000087100000, 0x0000000087100000|100%| E|CS|TAMS 0x0000000087000000, 0x0000000087000000| Complete 
| 113|0x0000000087100000, 0x0000000087200000, 0x0000000087200000|100%| E|CS|TAMS 0x0000000087100000, 0x0000000087100000| Complete 
| 114|0x0000000087200000, 0x0000000087300000, 0x0000000087300000|100%| E|CS|TAMS 0x0000000087200000, 0x0000000087200000| Complete 
| 115|0x0000000087300000, 0x0000000087400000, 0x0000000087400000|100%| E|CS|TAMS 0x0000000087300000, 0x0000000087300000| Complete 
| 116|0x0000000087400000, 0x0000000087500000, 0x0000000087500000|100%| E|CS|TAMS 0x0000000087400000, 0x0000000087400000| Complete 
| 117|0x0000000087500000, 0x0000000087600000, 0x0000000087600000|100%| E|CS|TAMS 0x0000000087500000, 0x0000000087500000| Complete 
| 118|0x0000000087600000, 0x0000000087700000, 0x0000000087700000|100%| E|CS|TAMS 0x0000000087600000, 0x0000000087600000| Complete 
| 119|0x0000000087700000, 0x0000000087800000, 0x0000000087800000|100%| E|CS|TAMS 0x0000000087700000, 0x0000000087700000| Complete 
| 120|0x0000000087800000, 0x0000000087900000, 0x0000000087900000|100%| E|CS|TAMS 0x0000000087800000, 0x0000000087800000| Complete 
| 121|0x0000000087900000, 0x0000000087a00000, 0x0000000087a00000|100%| E|CS|TAMS 0x0000000087900000, 0x0000000087900000| Complete 
| 122|0x0000000087a00000, 0x0000000087b00000, 0x0000000087b00000|100%| E|CS|TAMS 0x0000000087a00000, 0x0000000087a00000| Complete 
| 123|0x0000000087b00000, 0x0000000087c00000, 0x0000000087c00000|100%| E|CS|TAMS 0x0000000087b00000, 0x0000000087b00000| Complete 
| 124|0x0000000087c00000, 0x0000000087d00000, 0x0000000087d00000|100%| E|CS|TAMS 0x0000000087c00000, 0x0000000087c00000| Complete 
| 125|0x0000000087d00000, 0x0000000087e00000, 0x0000000087e00000|100%| E|CS|TAMS 0x0000000087d00000, 0x0000000087d00000| Complete 
| 126|0x0000000087e00000, 0x0000000087f00000, 0x0000000087f00000|100%| E|CS|TAMS 0x0000000087e00000, 0x0000000087e00000| Complete 
| 127|0x0000000087f00000, 0x0000000088000000, 0x0000000088000000|100%| E|CS|TAMS 0x0000000087f00000, 0x0000000087f00000| Complete 
| 128|0x0000000088000000, 0x0000000088100000, 0x0000000088100000|100%| E|CS|TAMS 0x0000000088000000, 0x0000000088000000| Complete 
| 129|0x0000000088100000, 0x0000000088200000, 0x0000000088200000|100%| E|CS|TAMS 0x0000000088100000, 0x0000000088100000| Complete 
| 130|0x0000000088200000, 0x0000000088300000, 0x0000000088300000|100%| E|CS|TAMS 0x0000000088200000, 0x0000000088200000| Complete 
| 131|0x0000000088300000, 0x0000000088400000, 0x0000000088400000|100%| E|CS|TAMS 0x0000000088300000, 0x0000000088300000| Complete 
| 132|0x0000000088400000, 0x0000000088500000, 0x0000000088500000|100%| E|CS|TAMS 0x0000000088400000, 0x0000000088400000| Complete 
| 133|0x0000000088500000, 0x0000000088600000, 0x0000000088600000|100%| E|CS|TAMS 0x0000000088500000, 0x0000000088500000| Complete 
| 134|0x0000000088600000, 0x0000000088700000, 0x0000000088700000|100%| E|CS|TAMS 0x0000000088600000, 0x0000000088600000| Complete 
| 135|0x0000000088700000, 0x0000000088800000, 0x0000000088800000|100%| E|CS|TAMS 0x0000000088700000, 0x0000000088700000| Complete 
| 136|0x0000000088800000, 0x0000000088900000, 0x0000000088900000|100%| E|CS|TAMS 0x0000000088800000, 0x0000000088800000| Complete 
| 137|0x0000000088900000, 0x0000000088a00000, 0x0000000088a00000|100%| E|CS|TAMS 0x0000000088900000, 0x0000000088900000| Complete 
| 138|0x0000000088a00000, 0x0000000088b00000, 0x0000000088b00000|100%| E|CS|TAMS 0x0000000088a00000, 0x0000000088a00000| Complete 
| 139|0x0000000088b00000, 0x0000000088c00000, 0x0000000088c00000|100%| E|CS|TAMS 0x0000000088b00000, 0x0000000088b00000| Complete 
| 140|0x0000000088c00000, 0x0000000088d00000, 0x0000000088d00000|100%| E|CS|TAMS 0x0000000088c00000, 0x0000000088c00000| Complete 
| 141|0x0000000088d00000, 0x0000000088e00000, 0x0000000088e00000|100%| E|CS|TAMS 0x0000000088d00000, 0x0000000088d00000| Complete 

Card table byte_map: [0x000001e29ed20000,0x000001e29f120000] _byte_map_base: 0x000001e29e920000

Marking Bits (Prev, Next): (CMBitMap*) 0x000001e289dd0af8, (CMBitMap*) 0x000001e289dd0b30
 Prev Bits: [0x000001e29f520000, 0x000001e2a1520000)
 Next Bits: [0x000001e2a1520000, 0x000001e2a3520000)

Polling page: 0x000001e289c60000

Metaspace:

Usage:
  Non-class:     41.63 MB capacity,    40.92 MB ( 98%) used,   608.69 KB (  1%) free+waste,   123.13 KB ( <1%) overhead. 
      Class:      6.39 MB capacity,     5.94 MB ( 93%) used,   403.73 KB (  6%) free+waste,    59.00 KB ( <1%) overhead. 
       Both:     48.02 MB capacity,    46.85 MB ( 98%) used,  1012.42 KB (  2%) free+waste,   182.13 KB ( <1%) overhead. 

Virtual space:
  Non-class space:       42.00 MB reserved,      41.67 MB (>99%) committed 
      Class space:        1.00 GB reserved,       6.45 MB ( <1%) committed 
             Both:        1.04 GB reserved,      48.12 MB (  5%) committed 

Chunk freelists:
   Non-Class:  39.00 KB
       Class:  16.00 KB
        Both:  55.00 KB

MaxMetaspaceSize: 17179869184.00 GB
CompressedClassSpaceSize: 1.00 GB
Initial GC threshold: 20.80 MB
Current GC threshold: 59.16 MB
CDS: off

CodeHeap 'non-profiled nmethods': size=120064Kb used=2326Kb max_used=2326Kb free=117737Kb
 bounds [0x000001e296ba0000, 0x000001e296e10000, 0x000001e29e0e0000]
CodeHeap 'profiled nmethods': size=120000Kb used=8877Kb max_used=8877Kb free=111122Kb
 bounds [0x000001e28f670000, 0x000001e28ff20000, 0x000001e296ba0000]
CodeHeap 'non-nmethods': size=5696Kb used=2288Kb max_used=2329Kb free=3407Kb
 bounds [0x000001e28f0e0000, 0x000001e28f350000, 0x000001e28f670000]
 total_blobs=5261 nmethods=4473 adapters=700
 compilation: enabled
              stopped_count=0, restarted_count=0
 full_count=0

Compilation events (20 events):
Event: 5.310 Thread 0x000001e2a666c000 4413       2       org.gradle.api.internal.artifacts.repositories.resolver.ExternalResourceResolver::getId (26 bytes)
Event: 5.310 Thread 0x000001e2a666c000 nmethod 4413 0x000001e28ff08610 code [0x000001e28ff087c0, 0x000001e28ff08948]
Event: 5.311 Thread 0x000001e2a666c000 4414       2       com.google.common.collect.AbstractIterator::<init> (12 bytes)
Event: 5.311 Thread 0x000001e2a666c000 nmethod 4414 0x000001e28ff08a10 code [0x000001e28ff08bc0, 0x000001e28ff08d18]
Event: 5.312 Thread 0x000001e2a666c000 4415       2       com.google.common.collect.Sets$SetView::<init> (5 bytes)
Event: 5.312 Thread 0x000001e2a666c000 nmethod 4415 0x000001e28ff08d90 code [0x000001e28ff08f40, 0x000001e28ff09038]
Event: 5.312 Thread 0x000001e2a666c000 4416       2       com.google.common.collect.Sets$SetView::<init> (5 bytes)
Event: 5.312 Thread 0x000001e2a666c000 nmethod 4416 0x000001e28ff09110 code [0x000001e28ff092c0, 0x000001e28ff093b8]
Event: 5.312 Thread 0x000001e2a666c000 4417       2       org.gradle.api.internal.attributes.DefaultMutableAttributeContainer::attribute (13 bytes)
Event: 5.313 Thread 0x000001e2a666c000 nmethod 4417 0x000001e28ff09490 code [0x000001e28ff09680, 0x000001e28ff09958]
Event: 5.313 Thread 0x000001e2a666c000 4418       2       org.gradle.internal.component.external.model.DefaultConfigurationMetadata::<init> (41 bytes)
Event: 5.314 Thread 0x000001e2a666c000 nmethod 4418 0x000001e28ff09b10 code [0x000001e28ff09ce0, 0x000001e28ff0a078]
Event: 5.314 Thread 0x000001e2a666c000 4419       2       org.gradle.internal.resolve.result.DefaultBuildableComponentResolveResult::assertHasResult (18 bytes)
Event: 5.314 Thread 0x000001e2a666c000 nmethod 4419 0x000001e28ff0a290 code [0x000001e28ff0a460, 0x000001e28ff0a648]
Event: 5.314 Thread 0x000001e2a666c000 4420       2       org.gradle.api.internal.attributes.DefaultImmutableAttributes::isEmpty (13 bytes)
Event: 5.314 Thread 0x000001e2a666c000 nmethod 4420 0x000001e28ff0a790 code [0x000001e28ff0a940, 0x000001e28ff0aa58]
Event: 5.314 Thread 0x000001e2a666c000 4421       2       com.google.common.collect.Lists::newLinkedList (8 bytes)
Event: 5.314 Thread 0x000001e2a666c000 nmethod 4421 0x000001e28ff0ab10 code [0x000001e28ff0acc0, 0x000001e28ff0adf8]
Event: 5.316 Thread 0x000001e2a666c000 4422       2       org.gradle.internal.component.external.model.AbstractLazyModuleComponentResolveMetadata::getSources (5 bytes)
Event: 5.316 Thread 0x000001e2a666c000 nmethod 4422 0x000001e28ff0ae90 code [0x000001e28ff0b040, 0x000001e28ff0b138]

GC Heap History (18 events):
Event: 0.549 GC heap before
{Heap before GC invocations=0 (full 0):
 garbage-first heap   total 120832K, used 27648K [0x0000000080000000, 0x0000000100000000)
  region size 1024K, 22 young (22528K), 0 survivors (0K)
 Metaspace       used 9830K, capacity 10102K, committed 10368K, reserved 1058816K
  class space    used 984K, capacity 1075K, committed 1152K, reserved 1048576K
}
Event: 0.553 GC heap after
{Heap after GC invocations=1 (full 0):
 garbage-first heap   total 120832K, used 9043K [0x0000000080000000, 0x0000000100000000)
  region size 1024K, 3 young (3072K), 3 survivors (3072K)
 Metaspace       used 9830K, capacity 10102K, committed 10368K, reserved 1058816K
  class space    used 984K, capacity 1075K, committed 1152K, reserved 1048576K
}
Event: 0.842 GC heap before
{Heap before GC invocations=1 (full 0):
 garbage-first heap   total 120832K, used 28499K [0x0000000080000000, 0x0000000100000000)
  region size 1024K, 22 young (22528K), 3 survivors (3072K)
 Metaspace       used 11174K, capacity 11446K, committed 11520K, reserved 1058816K
  class space    used 1153K, capacity 1246K, committed 1280K, reserved 1048576K
}
Event: 0.846 GC heap after
{Heap after GC invocations=2 (full 0):
 garbage-first heap   total 120832K, used 9825K [0x0000000080000000, 0x0000000100000000)
  region size 1024K, 1 young (1024K), 1 survivors (1024K)
 Metaspace       used 11174K, capacity 11446K, committed 11520K, reserved 1058816K
  class space    used 1153K, capacity 1246K, committed 1280K, reserved 1048576K
}
Event: 1.855 GC heap before
{Heap before GC invocations=2 (full 0):
 garbage-first heap   total 120832K, used 58977K [0x0000000080000000, 0x0000000100000000)
  region size 1024K, 48 young (49152K), 1 survivors (1024K)
 Metaspace       used 16128K, capacity 16513K, committed 16640K, reserved 1064960K
  class space    used 1818K, capacity 1935K, committed 2048K, reserved 1048576K
}
Event: 1.859 GC heap after
{Heap after GC invocations=3 (full 0):
 garbage-first heap   total 120832K, used 15583K [0x0000000080000000, 0x0000000100000000)
  region size 1024K, 6 young (6144K), 6 survivors (6144K)
 Metaspace       used 16128K, capacity 16513K, committed 16640K, reserved 1064960K
  class space    used 1818K, capacity 1935K, committed 2048K, reserved 1048576K
}
Event: 2.230 GC heap before
{Heap before GC invocations=3 (full 0):
 garbage-first heap   total 120832K, used 54495K [0x0000000080000000, 0x0000000100000000)
  region size 1024K, 45 young (46080K), 6 survivors (6144K)
 Metaspace       used 20755K, capacity 21187K, committed 21296K, reserved 1069056K
  class space    used 2528K, capacity 2686K, committed 2688K, reserved 1048576K
}
Event: 2.236 GC heap after
{Heap after GC invocations=4 (full 0):
 garbage-first heap   total 120832K, used 17116K [0x0000000080000000, 0x0000000100000000)
  region size 1024K, 2 young (2048K), 2 survivors (2048K)
 Metaspace       used 20755K, capacity 21187K, committed 21296K, reserved 1069056K
  class space    used 2528K, capacity 2686K, committed 2688K, reserved 1048576K
}
Event: 2.756 GC heap before
{Heap before GC invocations=5 (full 0):
 garbage-first heap   total 120832K, used 68316K [0x0000000080000000, 0x0000000100000000)
  region size 1024K, 52 young (53248K), 2 survivors (2048K)
 Metaspace       used 26174K, capacity 26822K, committed 26876K, reserved 1073152K
  class space    used 3405K, capacity 3639K, committed 3660K, reserved 1048576K
}
Event: 2.762 GC heap after
{Heap after GC invocations=6 (full 0):
 garbage-first heap   total 120832K, used 18840K [0x0000000080000000, 0x0000000100000000)
  region size 1024K, 4 young (4096K), 4 survivors (4096K)
 Metaspace       used 26174K, capacity 26822K, committed 26876K, reserved 1073152K
  class space    used 3405K, capacity 3639K, committed 3660K, reserved 1048576K
}
Event: 3.268 GC heap before
{Heap before GC invocations=6 (full 0):
 garbage-first heap   total 120832K, used 73112K [0x0000000080000000, 0x0000000100000000)
  region size 1024K, 57 young (58368K), 4 survivors (4096K)
 Metaspace       used 31532K, capacity 32250K, committed 32380K, reserved 1077248K
  class space    used 4183K, capacity 4449K, committed 4556K, reserved 1048576K
}
Event: 3.277 GC heap after
{Heap after GC invocations=7 (full 0):
 garbage-first heap   total 145408K, used 20424K [0x0000000080000000, 0x0000000100000000)
  region size 1024K, 5 young (5120K), 5 survivors (5120K)
 Metaspace       used 31532K, capacity 32250K, committed 32380K, reserved 1077248K
  class space    used 4183K, capacity 4449K, committed 4556K, reserved 1048576K
}
Event: 3.513 GC heap before
{Heap before GC invocations=7 (full 0):
 garbage-first heap   total 145408K, used 30664K [0x0000000080000000, 0x0000000100000000)
  region size 1024K, 16 young (16384K), 5 survivors (5120K)
 Metaspace       used 35180K, capacity 35929K, committed 35964K, reserved 1081344K
  class space    used 4518K, capacity 4806K, committed 4812K, reserved 1048576K
}
Event: 3.520 GC heap after
{Heap after GC invocations=8 (full 0):
 garbage-first heap   total 145408K, used 22765K [0x0000000080000000, 0x0000000100000000)
  region size 1024K, 6 young (6144K), 6 survivors (6144K)
 Metaspace       used 35180K, capacity 35929K, committed 35964K, reserved 1081344K
  class space    used 4518K, capacity 4806K, committed 4812K, reserved 1048576K
}
Event: 4.139 GC heap before
{Heap before GC invocations=9 (full 0):
 garbage-first heap   total 145408K, used 78061K [0x0000000080000000, 0x0000000100000000)
  region size 1024K, 57 young (58368K), 6 survivors (6144K)
 Metaspace       used 39313K, capacity 40129K, committed 40316K, reserved 1085440K
  class space    used 4954K, capacity 5262K, committed 5324K, reserved 1048576K
}
Event: 4.147 GC heap after
{Heap after GC invocations=10 (full 0):
 garbage-first heap   total 145408K, used 26840K [0x0000000080000000, 0x0000000100000000)
  region size 1024K, 8 young (8192K), 8 survivors (8192K)
 Metaspace       used 39313K, capacity 40129K, committed 40316K, reserved 1085440K
  class space    used 4954K, capacity 5262K, committed 5324K, reserved 1048576K
}
Event: 4.730 GC heap before
{Heap before GC invocations=10 (full 0):
 garbage-first heap   total 145408K, used 82136K [0x0000000080000000, 0x0000000100000000)
  region size 1024K, 61 young (62464K), 8 survivors (8192K)
 Metaspace       used 44247K, capacity 45305K, committed 45564K, reserved 1089536K
  class space    used 5564K, capacity 5932K, committed 5964K, reserved 1048576K
}
Event: 4.741 GC heap after
{Heap after GC invocations=11 (full 0):
 garbage-first heap   total 145408K, used 29982K [0x0000000080000000, 0x0000000100000000)
  region size 1024K, 4 young (4096K), 4 survivors (4096K)
 Metaspace       used 44247K, capacity 45305K, committed 45564K, reserved 1089536K
  class space    used 5564K, capacity 5932K, committed 5964K, reserved 1048576K
}

Deoptimization events (20 events):
Event: 4.783 Thread 0x000001e2a88ca000 Uncommon trap: trap_request=0xffffff4d fr.pc=0x000001e296bc43e8 relative=0x0000000000000048
Event: 4.783 Thread 0x000001e2a88ca000 Uncommon trap: reason=unstable_if action=reinterpret pc=0x000001e296bc43e8 method=java.net.URI.match(CJJ)Z @ 19 c2
Event: 4.783 Thread 0x000001e2a88ca000 DEOPT PACKING pc=0x000001e296bc43e8 sp=0x000000b9edbf8e00
Event: 4.783 Thread 0x000001e2a88ca000 DEOPT UNPACKING pc=0x000001e28f12a1af sp=0x000000b9edbf8db0 mode 2
Event: 5.049 Thread 0x000001e2a88ca000 Uncommon trap: trap_request=0xffffff4d fr.pc=0x000001e296bff7b4 relative=0x00000000000001f4
Event: 5.049 Thread 0x000001e2a88ca000 Uncommon trap: reason=unstable_if action=reinterpret pc=0x000001e296bff7b4 method=java.net.URI$Parser.scan(IILjava/lang/String;)I @ 26 c2
Event: 5.049 Thread 0x000001e2a88ca000 DEOPT PACKING pc=0x000001e296bff7b4 sp=0x000000b9edbf8bf0
Event: 5.049 Thread 0x000001e2a88ca000 DEOPT UNPACKING pc=0x000001e28f12a1af sp=0x000000b9edbf8ba0 mode 2
Event: 5.213 Thread 0x000001e2a88ca000 DEOPT PACKING pc=0x000001e28f72e11b sp=0x000000b9edbf8550
Event: 5.213 Thread 0x000001e2a88ca000 DEOPT UNPACKING pc=0x000001e28f12a95e sp=0x000000b9edbf7a90 mode 0
Event: 5.213 Thread 0x000001e2a88ca000 Uncommon trap: trap_request=0xffffff4d fr.pc=0x000001e296bc7d80 relative=0x0000000000000060
Event: 5.213 Thread 0x000001e2a88ca000 Uncommon trap: reason=unstable_if action=reinterpret pc=0x000001e296bc7d80 method=java.io.WinNTFileSystem.isSlash(C)Z @ 9 c2
Event: 5.213 Thread 0x000001e2a88ca000 DEOPT PACKING pc=0x000001e296bc7d80 sp=0x000000b9edbf8590
Event: 5.213 Thread 0x000001e2a88ca000 DEOPT UNPACKING pc=0x000001e28f12a1af sp=0x000000b9edbf8518 mode 2
Event: 5.265 Thread 0x000001e2a88ca000 Uncommon trap: trap_request=0xffffff4d fr.pc=0x000001e296ce0388 relative=0x00000000000008e8
Event: 5.265 Thread 0x000001e2a88ca000 Uncommon trap: reason=unstable_if action=reinterpret pc=0x000001e296ce0388 method=java.io.WinNTFileSystem.resolve(Ljava/lang/String;Ljava/lang/String;)Ljava/lang/String; @ 70 c2
Event: 5.265 Thread 0x000001e2a88ca000 DEOPT PACKING pc=0x000001e296ce0388 sp=0x000000b9edbf8a30
Event: 5.265 Thread 0x000001e2a88ca000 DEOPT UNPACKING pc=0x000001e28f12a1af sp=0x000000b9edbf89c0 mode 2
Event: 5.293 Thread 0x000001e2a88ca000 DEOPT PACKING pc=0x000001e28f72e11b sp=0x000000b9edbf84f0
Event: 5.293 Thread 0x000001e2a88ca000 DEOPT UNPACKING pc=0x000001e28f12a95e sp=0x000000b9edbf7a30 mode 0

Classes redefined (0 events):
No events

Internal exceptions (20 events):
Event: 4.660 Thread 0x000001e2a88ca000 Exception <a 'java/lang/ClassNotFoundException'{0x0000000085f06928}: org/gradle/api/internal/initialization/DefaultScriptHandlerBeanInfo> (0x0000000085f06928) thrown at [./src/hotspot/share/classfile/systemDictionary.cpp, line 231]
Event: 4.661 Thread 0x000001e2a88ca000 Exception <a 'java/lang/ClassNotFoundException'{0x0000000085f30d78}: org/gradle/api/internal/initialization/DefaultScriptHandlerCustomizer> (0x0000000085f30d78) thrown at [./src/hotspot/share/classfile/systemDictionary.cpp, line 231]
Event: 4.667 Thread 0x000001e2a88ca000 Exception <a 'java/lang/ClassNotFoundException'{0x0000000085e34420}: org/gradle/api/internal/project/DefaultProject_DecoratedBeanInfo> (0x0000000085e34420) thrown at [./src/hotspot/share/classfile/systemDictionary.cpp, line 231]
Event: 4.668 Thread 0x000001e2a88ca000 Exception <a 'java/lang/ClassNotFoundException'{0x0000000085e5a968}: org/gradle/api/internal/project/DefaultProjectBeanInfo> (0x0000000085e5a968) thrown at [./src/hotspot/share/classfile/systemDictionary.cpp, line 231]
Event: 4.668 Thread 0x000001e2a88ca000 Exception <a 'java/lang/ClassNotFoundException'{0x0000000085e81238}: org/gradle/api/internal/project/DefaultProjectCustomizer> (0x0000000085e81238) thrown at [./src/hotspot/share/classfile/systemDictionary.cpp, line 231]
Event: 4.672 Thread 0x000001e2a88ca000 Exception <a 'java/lang/ClassNotFoundException'{0x0000000085d3d390}: org/gradle/api/internal/project/DefaultProject_DecoratedCustomizer> (0x0000000085d3d390) thrown at [./src/hotspot/share/classfile/systemDictionary.cpp, line 231]
Event: 4.685 Thread 0x000001e2a88ca000 Exception <a 'java/lang/ClassNotFoundException'{0x0000000085c52570}: org/gradle/plugin/use/internal/PluginRequestCollector$PluginDependenciesSpecImplBeanInfo> (0x0000000085c52570) thrown at [./src/hotspot/share/classfile/systemDictionary.cpp, line 231]
Event: 4.685 Thread 0x000001e2a88ca000 Exception <a 'java/lang/ClassNotFoundException'{0x0000000085c81c98}: org/gradle/plugin/use/internal/PluginRequestCollector$PluginDependenciesSpecImplCustomizer> (0x0000000085c81c98) thrown at [./src/hotspot/share/classfile/systemDictionary.cpp, line 231]
Event: 4.690 Thread 0x000001e2a88ca000 Exception <a 'java/lang/ClassNotFoundException'{0x0000000085cec240}: org/gradle/plugin/use/internal/PluginRequestCollector$PluginDependencySpecImplBeanInfo> (0x0000000085cec240) thrown at [./src/hotspot/share/classfile/systemDictionary.cpp, line 231]
Event: 4.690 Thread 0x000001e2a88ca000 Exception <a 'java/lang/ClassNotFoundException'{0x0000000085b1add0}: org/gradle/plugin/use/internal/PluginRequestCollector$PluginDependencySpecImplCustomizer> (0x0000000085b1add0) thrown at [./src/hotspot/share/classfile/systemDictionary.cpp, line 231]
Event: 4.922 Thread 0x000001e2a88ca000 Exception <a 'java/lang/NoSuchMethodError'{0x00000000878ccb80}: 'int java.lang.invoke.DirectMethodHandle$Holder.invokeInterface(java.lang.Object, java.lang.Object)'> (0x00000000878ccb80) thrown at [./src/hotspot/share/interpreter/linkResolver.cpp, line 773]
Event: 4.922 Thread 0x000001e2a88ca000 Exception <a 'java/lang/IncompatibleClassChangeError'{0x00000000878d0660}: Found class java.lang.Object, but interface was expected> (0x00000000878d0660) thrown at [./src/hotspot/share/interpreter/linkResolver.cpp, line 839]
Event: 5.002 Thread 0x000001e2a88ca000 Exception <a 'java/lang/NoSuchMethodError'{0x00000000870e0ae8}: 'int java.lang.invoke.DirectMethodHandle$Holder.invokeStaticInit(java.lang.Object)'> (0x00000000870e0ae8) thrown at [./src/hotspot/share/interpreter/linkResolver.cpp, line 773]
Event: 5.029 Thread 0x000001e2a88ca000 Exception <a 'java/lang/NoSuchMethodError'{0x0000000086da22c8}: 'void java.lang.invoke.DirectMethodHandle$Holder.invokeStatic(java.lang.Object, java.lang.Object, java.lang.Object, int, java.lang.Object)'> (0x0000000086da22c8) thrown at [./src/hotspot/share/interpreter/linkResolver.cpp, line 773]
Event: 5.124 Thread 0x000001e2a88ca000 Exception <a 'java/lang/NoSuchMethodError'{0x00000000866765a0}: 'java.lang.Object java.lang.invoke.DelegatingMethodHandle$Holder.reinvoke_L(java.lang.Object, java.lang.Object, java.lang.Object, java.lang.Object, java.lang.Object, java.lang.Object, java.lang.Object, java.lang.Object, java.lang.Object, java.lang.Object, java.lang.Object, java.lang.Object, java.lang.Object, java.lang.Object, java.lang.Object, java.lang.Object, java.lang.Object, java.lang.Object, java.lang.Object, java.lang.Object, java.lang.O
Event: 5.124 Thread 0x000001e2a88ca000 Exception <a 'java/lang/NoSuchMethodError'{0x00000000866a61d0}: 'java.lang.Object java.lang.invoke.Invokers$Holder.invoker(java.lang.Object, java.lang.Object, java.lang.Object, java.lang.Object, java.lang.Object, java.lang.Object, java.lang.Object, java.lang.Object, java.lang.Object, java.lang.Object, java.lang.Object, java.lang.Object, java.lang.Object, java.lang.Object, java.lang.Object, java.lang.Object, java.lang.Object, java.lang.Object, java.lang.Object, java.lang.Object, java.lang.Object)'> (0x00000
Event: 5.124 Thread 0x000001e2a88ca000 Exception <a 'java/lang/NoSuchMethodError'{0x00000000866ad540}: 'java.lang.Object java.lang.invoke.DelegatingMethodHandle$Holder.delegate(java.lang.Object, java.lang.Object, java.lang.Object, java.lang.Object, java.lang.Object, java.lang.Object, java.lang.Object, java.lang.Object, java.lang.Object, java.lang.Object, java.lang.Object, java.lang.Object, java.lang.Object, java.lang.Object, java.lang.Object, java.lang.Object, java.lang.Object, java.lang.Object, java.lang.Object, java.lang.Object, java.lang.Obj
Event: 5.128 Thread 0x000001e2a88ca000 Exception <a 'java/lang/NoSuchMethodError'{0x00000000866f6560}: 'java.lang.Object java.lang.invoke.DirectMethodHandle$Holder.invokeStatic(java.lang.Object, java.lang.Object, java.lang.Object, java.lang.Object, java.lang.Object, java.lang.Object, java.lang.Object, java.lang.Object, java.lang.Object, java.lang.Object, java.lang.Object, java.lang.Object, java.lang.Object, java.lang.Object, java.lang.Object)'> (0x00000000866f6560) thrown at [./src/hotspot/share/interpreter/linkResolver.cpp, line 773]
Event: 5.129 Thread 0x000001e2a88ca000 Exception <a 'java/lang/NoSuchMethodError'{0x00000000865070b0}: 'java.lang.Object java.lang.invoke.DirectMethodHandle$Holder.invokeStatic(java.lang.Object, java.lang.Object, java.lang.Object, java.lang.Object, java.lang.Object, java.lang.Object, java.lang.Object, java.lang.Object, java.lang.Object, java.lang.Object, java.lang.Object, java.lang.Object, java.lang.Object, java.lang.Object, java.lang.Object, java.lang.Object)'> (0x00000000865070b0) thrown at [./src/hotspot/share/interpreter/linkResolver.cpp, l
Event: 5.130 Thread 0x000001e2a88ca000 Exception <a 'java/lang/NoSuchMethodError'{0x00000000865175f8}: 'java.lang.Object java.lang.invoke.DelegatingMethodHandle$Holder.reinvoke_L(java.lang.Object, java.lang.Object, java.lang.Object, java.lang.Object, java.lang.Object, java.lang.Object, java.lang.Object, java.lang.Object, java.lang.Object, java.lang.Object, java.lang.Object, java.lang.Object, java.lang.Object, java.lang.Object, java.lang.Object, java.lang.Object, java.lang.Object, java.lang.Object, java.lang.Object, java.lang.Object)'> (0x000000

Events (20 events):
Event: 5.173 loading class org/gradle/internal/component/external/model/LazyVariantBackedConfigurationMetadata$RuleAwareVariant
Event: 5.173 loading class org/gradle/internal/component/external/model/LazyVariantBackedConfigurationMetadata$RuleAwareVariant done
Event: 5.174 loading class org/gradle/internal/component/external/model/GradleDependencyMetadata
Event: 5.174 loading class org/gradle/internal/component/external/model/GradleDependencyMetadata done
Event: 5.176 loading class org/gradle/internal/component/external/descriptor/DefaultExclude
Event: 5.176 loading class org/gradle/internal/component/external/descriptor/DefaultExclude done
Event: 5.177 loading class org/gradle/internal/component/model/Exclude
Event: 5.177 loading class org/gradle/internal/component/model/Exclude done
Event: 5.253 loading class org/gradle/api/internal/artifacts/ivyservice/ivyresolve/strategy/LatestVersionSelector
Event: 5.253 loading class org/gradle/api/internal/artifacts/ivyservice/ivyresolve/strategy/LatestVersionSelector done
Event: 5.254 Executing VM operation: RevokeBias
Event: 5.254 Executing VM operation: RevokeBias done
Event: 5.254 loading class com/google/common/primitives/Longs$AsciiDigits
Event: 5.254 loading class com/google/common/primitives/Longs$AsciiDigits done
Event: 5.255 loading class org/gradle/api/internal/artifacts/ivyservice/resolveengine/graph/selectors/SelectorStateResolverResults$Registration
Event: 5.255 loading class org/gradle/api/internal/artifacts/ivyservice/resolveengine/graph/selectors/SelectorStateResolverResults$Registration done
Event: 5.256 loading class org/gradle/api/internal/artifacts/ivyservice/resolveengine/graph/conflicts/DefaultConflictResolverDetails
Event: 5.256 loading class org/gradle/api/internal/artifacts/ivyservice/resolveengine/graph/conflicts/DefaultConflictResolverDetails done
Event: 5.257 loading class org/gradle/api/internal/artifacts/ivyservice/resolveengine/graph/conflicts/CompositeConflictResolver$CompositeDetails
Event: 5.257 loading class org/gradle/api/internal/artifacts/ivyservice/resolveengine/graph/conflicts/CompositeConflictResolver$CompositeDetails done


Dynamic libraries:
0x00007ff757620000 - 0x00007ff75762a000 	C:\Program Files\Android\Android Studio\jre\bin\java.exe
0x00007ffc9b390000 - 0x00007ffc9b588000 	C:\Windows\SYSTEM32\ntdll.dll
0x00007ffc9a880000 - 0x00007ffc9a93f000 	C:\Windows\System32\KERNEL32.DLL
0x00007ffc98ce0000 - 0x00007ffc98fb2000 	C:\Windows\System32\KERNELBASE.dll
0x00007ffc99170000 - 0x00007ffc99270000 	C:\Windows\System32\ucrtbase.dll
0x00007ffc918f0000 - 0x00007ffc91907000 	C:\Program Files\Android\Android Studio\jre\bin\VCRUNTIME140.dll
0x00007ffc73b80000 - 0x00007ffc73b99000 	C:\Program Files\Android\Android Studio\jre\bin\jli.dll
0x00007ffc9a080000 - 0x00007ffc9a221000 	C:\Windows\System32\USER32.dll
0x00007ffc99310000 - 0x00007ffc99332000 	C:\Windows\System32\win32u.dll
0x00007ffc84330000 - 0x00007ffc845ca000 	C:\Windows\WinSxS\amd64_microsoft.windows.common-controls_6595b64144ccf1df_6.0.19041.1110_none_60b5254171f9507e\COMCTL32.dll
0x00007ffc99e60000 - 0x00007ffc99e8b000 	C:\Windows\System32\GDI32.dll
0x00007ffc99e90000 - 0x00007ffc99f2e000 	C:\Windows\System32\msvcrt.dll
0x00007ffc98b30000 - 0x00007ffc98c3f000 	C:\Windows\System32\gdi32full.dll
0x00007ffc99270000 - 0x00007ffc9930d000 	C:\Windows\System32\msvcp_win.dll
0x00007ffc9b2b0000 - 0x00007ffc9b2e2000 	C:\Windows\System32\IMM32.DLL
0x00007ffc63490000 - 0x00007ffc6352d000 	C:\Program Files\Android\Android Studio\jre\bin\msvcp140.dll
0x00007ffc334f0000 - 0x00007ffc33ff2000 	C:\Program Files\Android\Android Studio\jre\bin\server\jvm.dll
0x00007ffc99d40000 - 0x00007ffc99dee000 	C:\Windows\System32\ADVAPI32.dll
0x00007ffc9a940000 - 0x00007ffc9a9dc000 	C:\Windows\System32\sechost.dll
0x00007ffc9a230000 - 0x00007ffc9a355000 	C:\Windows\System32\RPCRT4.dll
0x00007ffc99530000 - 0x00007ffc99538000 	C:\Windows\System32\PSAPI.DLL
0x00007ffc8c910000 - 0x00007ffc8c937000 	C:\Windows\SYSTEM32\WINMM.dll
0x00007ffc8c940000 - 0x00007ffc8c94a000 	C:\Windows\SYSTEM32\VERSION.dll
0x00007ffc81460000 - 0x00007ffc81469000 	C:\Windows\SYSTEM32\WSOCK32.dll
0x00007ffc9ab00000 - 0x00007ffc9ab6b000 	C:\Windows\System32\WS2_32.dll
0x00007ffc972a0000 - 0x00007ffc972b2000 	C:\Windows\SYSTEM32\kernel.appcore.dll
0x00007ffc73290000 - 0x00007ffc732a1000 	C:\Program Files\Android\Android Studio\jre\bin\verify.dll
0x00007ffc95cb0000 - 0x00007ffc95e94000 	C:\Windows\SYSTEM32\DBGHELP.DLL
0x00007ffc83d00000 - 0x00007ffc83d35000 	C:\Windows\SYSTEM32\dbgcore.DLL
0x00007ffc99340000 - 0x00007ffc993c2000 	C:\Windows\System32\bcryptPrimitives.dll
0x00007ffc64ff0000 - 0x00007ffc65019000 	C:\Program Files\Android\Android Studio\jre\bin\java.dll
0x00007ffc93650000 - 0x00007ffc9365b000 	C:\Program Files\Android\Android Studio\jre\bin\jimage.dll
0x00007ffc623a0000 - 0x00007ffc623b8000 	C:\Program Files\Android\Android Studio\jre\bin\zip.dll
0x00007ffc995f0000 - 0x00007ffc99d35000 	C:\Windows\System32\SHELL32.dll
0x00007ffc967c0000 - 0x00007ffc96f52000 	C:\Windows\SYSTEM32\windows.storage.dll
0x00007ffc9ad40000 - 0x00007ffc9b095000 	C:\Windows\System32\combase.dll
0x00007ffc98470000 - 0x00007ffc984a0000 	C:\Windows\SYSTEM32\Wldp.dll
0x00007ffc99540000 - 0x00007ffc995ed000 	C:\Windows\System32\SHCORE.dll
0x00007ffc9ab70000 - 0x00007ffc9abc5000 	C:\Windows\System32\shlwapi.dll
0x00007ffc989c0000 - 0x00007ffc989df000 	C:\Windows\SYSTEM32\profapi.dll
0x00007ffc60210000 - 0x00007ffc6022a000 	C:\Program Files\Android\Android Studio\jre\bin\net.dll
0x00007ffc94390000 - 0x00007ffc9449c000 	C:\Windows\SYSTEM32\WINHTTP.dll
0x00007ffc981d0000 - 0x00007ffc9823a000 	C:\Windows\system32\mswsock.dll
0x00007ffc601f0000 - 0x00007ffc60204000 	C:\Program Files\Android\Android Studio\jre\bin\nio.dll
0x00007ffc5d270000 - 0x00007ffc5d297000 	C:\Users\RAFRA\.gradle\native\e1d6ef7f7dcc3fd88c89a11ec53ec762bb8ba0a96d01ffa2cd45eb1d1d8dd5c5\windows-amd64\native-platform.dll
0x00007ffc58c50000 - 0x00007ffc58d94000 	C:\Users\RAFRA\.gradle\native\0d407fdbe67a94daf76414ababcb853783967236a71b16ec16e742cd7a986fd3\windows-amd64\native-platform-file-events.dll
0x00007ffc92900000 - 0x00007ffc9290a000 	C:\Program Files\Android\Android Studio\jre\bin\management.dll
0x00007ffc74b40000 - 0x00007ffc74b4d000 	C:\Program Files\Android\Android Studio\jre\bin\management_ext.dll
0x00007ffc983c0000 - 0x00007ffc983d8000 	C:\Windows\SYSTEM32\CRYPTSP.dll
0x00007ffc97a80000 - 0x00007ffc97ab4000 	C:\Windows\system32\rsaenh.dll
0x00007ffc98c40000 - 0x00007ffc98c67000 	C:\Windows\System32\bcrypt.dll
0x00007ffc98980000 - 0x00007ffc989ae000 	C:\Windows\SYSTEM32\USERENV.dll
0x00007ffc983e0000 - 0x00007ffc983ec000 	C:\Windows\SYSTEM32\CRYPTBASE.dll
0x00007ffc97ec0000 - 0x00007ffc97efb000 	C:\Windows\SYSTEM32\IPHLPAPI.DLL
0x00007ffc99e50000 - 0x00007ffc99e58000 	C:\Windows\System32\NSI.dll
0x00007ffc93190000 - 0x00007ffc931a7000 	C:\Windows\SYSTEM32\dhcpcsvc6.DLL
0x00007ffc93170000 - 0x00007ffc9318d000 	C:\Windows\SYSTEM32\dhcpcsvc.DLL
0x00007ffc97f00000 - 0x00007ffc97fcb000 	C:\Windows\SYSTEM32\DNSAPI.dll

dbghelp: loaded successfully - version: 4.0.5 - missing functions: none
symbol engine: initialized successfully - sym options: 0x614 - pdb path: .;C:\Program Files\Android\Android Studio\jre\bin;C:\Windows\SYSTEM32;C:\Windows\WinSxS\amd64_microsoft.windows.common-controls_6595b64144ccf1df_6.0.19041.1110_none_60b5254171f9507e;C:\Program Files\Android\Android Studio\jre\bin\server;C:\Users\RAFRA\.gradle\native\e1d6ef7f7dcc3fd88c89a11ec53ec762bb8ba0a96d01ffa2cd45eb1d1d8dd5c5\windows-amd64;C:\Users\RAFRA\.gradle\native\0d407fdbe67a94daf76414ababcb853783967236a71b16ec16e742cd7a986fd3\windows-amd64

VM Arguments:
jvm_args: --add-opens=java.base/java.util=ALL-UNNAMED --add-opens=java.base/java.lang=ALL-UNNAMED --add-opens=java.base/java.lang.invoke=ALL-UNNAMED --add-opens=java.base/java.util=ALL-UNNAMED --add-opens=java.prefs/java.util.prefs=ALL-UNNAMED --add-opens=java.prefs/java.util.prefs=ALL-UNNAMED --add-opens=java.base/java.nio.charset=ALL-UNNAMED --add-opens=java.base/java.net=ALL-UNNAMED --add-opens=java.base/java.util.concurrent.atomic=ALL-UNNAMED -Xmx2048m -Dfile.encoding=UTF-8 -Duser.country=AT -Duser.language=de -Duser.variant 
java_command: org.gradle.launcher.daemon.bootstrap.GradleDaemon 7.4
java_class_path (initial): C:\Users\RAFRA\.gradle\wrapper\dists\gradle-7.4-bin\c0gwcg53nkjbqw7r0h0umtfvt\gradle-7.4\lib\gradle-launcher-7.4.jar
Launcher Type: SUN_STANDARD

[Global flags]
     intx CICompilerCount                          = 3                                         {product} {ergonomic}
     uint ConcGCThreads                            = 2                                         {product} {ergonomic}
     uint G1ConcRefinementThreads                  = 6                                         {product} {ergonomic}
   size_t G1HeapRegionSize                         = 1048576                                   {product} {ergonomic}
    uintx GCDrainStackTargetSize                   = 64                                        {product} {ergonomic}
   size_t InitialHeapSize                          = 123731968                                 {product} {ergonomic}
   size_t MarkStackSize                            = 4194304                                   {product} {ergonomic}
   size_t MaxHeapSize                              = 2147483648                                {product} {command line}
   size_t MaxNewSize                               = 1287651328                                {product} {ergonomic}
   size_t MinHeapDeltaBytes                        = 1048576                                   {product} {ergonomic}
    uintx NonNMethodCodeHeapSize                   = 5830732                                {pd product} {ergonomic}
    uintx NonProfiledCodeHeapSize                  = 122913754                              {pd product} {ergonomic}
    uintx ProfiledCodeHeapSize                     = 122913754                              {pd product} {ergonomic}
    uintx ReservedCodeCacheSize                    = 251658240                              {pd product} {ergonomic}
     bool SegmentedCodeCache                       = true                                      {product} {ergonomic}
     bool UseCompressedClassPointers               = true                                 {lp64_product} {ergonomic}
     bool UseCompressedOops                        = true                                 {lp64_product} {ergonomic}
     bool UseG1GC                                  = true                                      {product} {ergonomic}
     bool UseLargePagesIndividualAllocation        = false                                  {pd product} {ergonomic}

Logging:
Log output configuration:
 #0: stdout all=warning uptime,level,tags
 #1: stderr all=off uptime,level,tags

Environment Variables:
JAVA_HOME=C:\Program Files\Java\jdk-17.0.4.1
PATH=C:\Program Files\Common Files\Oracle\Java\javapath;C:\Program Files (x86)\Common Files\Oracle\Java\javapath;C:\Program Files (x86)\NVIDIA Corporation\PhysX\Common;C:\app\RAFRA\product\18.0.0\dbhomeXE\bin;C:\Windows\system32;C:\Windows;C:\Windows\System32\Wbem;C:\Windows\System32\WindowsPowerShell\v1.0\;C:\Windows\System32\OpenSSH\;C:\Program Files\Git\cmd;C:\Program Files\Docker\Docker\resources\bin;C:\ProgramData\DockerDesktop\version-bin;C:\Program Files\dotnet\;C:\Program Files\Microsoft SQL Server\150\Tools\Binn\;C:\ProgramData\chocolatey\bin;C:\Program Files\nodejs\;C:\Users\RAFRA\.jbang\bin;C:\Users\RAFRA\Downloads\apache-maven-3.8.5-bin\apache-maven-3.8.5\bin;C:\Users\RAFRA\AppData\Local\Programs\Microsoft VS Code\bin;C:\Users\RAFRA\.dotnet\tools;C:\Users\RAFRA\OneDrive\Dokumente\Schule\4_Klasse\NVS\apache-maven-3.8.6-bin\apache-maven-3.8.6\bin;C:\Program Files\Java\jdk-17.0.4.1\bin;C:\Program Files\JetBrains\IntelliJ IDEA Community Edition 2022.2.2\bin;;C:\Users\RAFRA\.krew\bin;C:\Users\RAFRA\AppData\Local\Google\Cloud SDK\google-cloud-sdk\bin;C:\Users\RAFRA\AppData\Roaming\npm
USERNAME=RAFRA
OS=Windows_NT
PROCESSOR_IDENTIFIER=AMD64 Family 23 Model 96 Stepping 1, AuthenticAMD



---------------  S Y S T E M  ---------------

OS: Windows 10 , 64 bit Build 19041 (10.0.19041.2546)
OS uptime: 1 days 1:16 hours
Hyper-V role detected

CPU:total 6 (initial active 6) (6 cores per cpu, 1 threads per core) family 23 model 96 stepping 1 microcode 0x0, cmov, cx8, fxsr, mmx, sse, sse2, sse3, ssse3, sse4.1, sse4.2, popcnt, avx, avx2, aes, clmul, mmxext, 3dnowpref, lzcnt, sse4a, tsc, tscinvbit, tscinv, bmi1, bmi2, adx, sha, fma

Memory: 4k page, system-wide physical 7549M (528M free)
TotalPageFile size 31101M (AvailPageFile size 5M)
current process WorkingSet (physical memory assigned to process): 283M, peak: 286M
current process commit charge ("private bytes"): 347M, peak: 349M

vm_info: OpenJDK 64-Bit Server VM (11.0.13+0-b1751.21-8125866) for windows-amd64 JRE (11.0.13+0-b1751.21-8125866), built on Feb  2 2022 03:00:22 by "builder" with MS VC++ 14.0 (VS2015)

END.
