#
# There is insufficient memory for the Java Runtime Environment to continue.
# Native memory allocation (malloc) failed to allocate 2158256 bytes for Chunk::new
# Possible reasons:
#   The system is out of physical RAM or swap space
#   The process is running with CompressedOops enabled, and the Java Heap may be blocking the growth of the native heap
# Possible solutions:
#   Reduce memory load on the system
#   Increase physical memory or swap space
#   Check if swap backing store is full
#   Decrease Java heap size (-Xmx/-Xms)
#   Decrease number of Java threads
#   Decrease Java thread stack sizes (-Xss)
#   Set larger code cache with -XX:ReservedCodeCacheSize=
#   JVM is running with Unscaled Compressed Oops mode in which the Java heap is
#     placed in the first 4GB address space. The Java Heap base address is the
#     maximum limit for the native heap growth. Please use -XX:HeapBaseMinAddress
#     to set the Java Heap base and to place the Java Heap above 4GB virtual address.
# This output file may be truncated or incomplete.
#
#  Out of Memory Error (./src/hotspot/share/memory/arena.cpp:197), pid=24932, tid=7676
#
# JRE version: OpenJDK Runtime Environment (11.0.13) (build 11.0.13+0-b1751.21-8125866)
# Java VM: OpenJDK 64-Bit Server VM (11.0.13+0-b1751.21-8125866, mixed mode, tiered, compressed oops, g1 gc, windows-amd64)
# No core dump will be written. Minidumps are not enabled by default on client versions of Windows
#

---------------  S U M M A R Y ------------

Command Line: --add-opens=java.base/java.util=ALL-UNNAMED --add-opens=java.base/java.lang=ALL-UNNAMED --add-opens=java.base/java.lang.invoke=ALL-UNNAMED --add-opens=java.base/java.util=ALL-UNNAMED --add-opens=java.prefs/java.util.prefs=ALL-UNNAMED --add-opens=java.prefs/java.util.prefs=ALL-UNNAMED --add-opens=java.base/java.nio.charset=ALL-UNNAMED --add-opens=java.base/java.net=ALL-UNNAMED --add-opens=java.base/java.util.concurrent.atomic=ALL-UNNAMED -Xmx2048m -Dfile.encoding=UTF-8 -Duser.country=AT -Duser.language=de -Duser.variant org.gradle.launcher.daemon.bootstrap.GradleDaemon 7.4

Host: AMD Ryzen 5 4500U with Radeon Graphics         , 6 cores, 7G,  Windows 10 , 64 bit Build 19041 (10.0.19041.2546)
Time: Fri Mar 10 13:00:19 2023 Mitteleuropäische Zeit elapsed time: 8.135982 seconds (0d 0h 0m 8s)

---------------  T H R E A D  ---------------

Current thread (0x0000019cb1c96800):  JavaThread "C2 CompilerThread0" daemon [_thread_in_native, id=7676, stack(0x000000263ec00000,0x000000263ed00000)]


Current CompileTask:
C2:   8136 3969       4       java.lang.invoke.LambdaForm$Name::replaceNames (174 bytes)

Stack: [0x000000263ec00000,0x000000263ed00000]
Native frames: (J=compiled Java code, j=interpreted, Vv=VM code, C=native code)
V  [jvm.dll+0x6100fa]
V  [jvm.dll+0x747090]
V  [jvm.dll+0x7486ad]
V  [jvm.dll+0x748d83]
V  [jvm.dll+0x24ab48]
V  [jvm.dll+0xc04dc]
V  [jvm.dll+0xc0a0c]
V  [jvm.dll+0x35eb9d]
V  [jvm.dll+0x32b833]
V  [jvm.dll+0x32ad2a]
V  [jvm.dll+0x2032b2]
V  [jvm.dll+0x202437]
V  [jvm.dll+0x188e01]
V  [jvm.dll+0x21106b]
V  [jvm.dll+0x20f8c1]
V  [jvm.dll+0x70de0f]
V  [jvm.dll+0x706a75]
V  [jvm.dll+0x60ed66]
C  [ucrtbase.dll+0x21bb2]
C  [KERNEL32.DLL+0x17614]
C  [ntdll.dll+0x526a1]


---------------  P R O C E S S  ---------------

Threads class SMR info:
_java_thread_list=0x0000019cb4b0be60, length=37, elements={
0x0000019c95c8f000, 0x0000019cb1c75000, 0x0000019cb1c80800, 0x0000019cb2652800,
0x0000019cb1c92800, 0x0000019cb1c95800, 0x0000019cb1c96800, 0x0000019cb1c9a800,
0x0000019cb1c9e800, 0x0000019cb2786000, 0x0000019cb48ce000, 0x0000019cb3ead000,
0x0000019cb3f80800, 0x0000019cb490c000, 0x0000019cb490d000, 0x0000019cb47ab000,
0x0000019cb47a6800, 0x0000019cb47ac800, 0x0000019cb47a3000, 0x0000019cb47a4800,
0x0000019cb4733800, 0x0000019cb4736000, 0x0000019cb4734000, 0x0000019cb524b000,
0x0000019cb4735000, 0x0000019cb4732800, 0x0000019cb4730000, 0x0000019cb4736800,
0x0000019cb4731000, 0x0000019cb4731800, 0x0000019cb51a5800, 0x0000019cb51a9800,
0x0000019cb51a6000, 0x0000019cb51a8000, 0x0000019cb51aa000, 0x0000019cb51a7000,
0x0000019cb51a4800
}

Java Threads: ( => current thread )
  0x0000019c95c8f000 JavaThread "main" [_thread_blocked, id=2468, stack(0x000000263e000000,0x000000263e100000)]
  0x0000019cb1c75000 JavaThread "Reference Handler" daemon [_thread_blocked, id=25100, stack(0x000000263e700000,0x000000263e800000)]
  0x0000019cb1c80800 JavaThread "Finalizer" daemon [_thread_blocked, id=21716, stack(0x000000263e800000,0x000000263e900000)]
  0x0000019cb2652800 JavaThread "Signal Dispatcher" daemon [_thread_blocked, id=15832, stack(0x000000263e900000,0x000000263ea00000)]
  0x0000019cb1c92800 JavaThread "Attach Listener" daemon [_thread_blocked, id=492, stack(0x000000263ea00000,0x000000263eb00000)]
  0x0000019cb1c95800 JavaThread "Service Thread" daemon [_thread_blocked, id=21112, stack(0x000000263eb00000,0x000000263ec00000)]
=>0x0000019cb1c96800 JavaThread "C2 CompilerThread0" daemon [_thread_in_native, id=7676, stack(0x000000263ec00000,0x000000263ed00000)]
  0x0000019cb1c9a800 JavaThread "C1 CompilerThread0" daemon [_thread_in_native, id=27856, stack(0x000000263ed00000,0x000000263ee00000)]
  0x0000019cb1c9e800 JavaThread "Sweeper thread" daemon [_thread_blocked, id=19980, stack(0x000000263ee00000,0x000000263ef00000)]
  0x0000019cb2786000 JavaThread "Common-Cleaner" daemon [_thread_blocked, id=7796, stack(0x000000263ef00000,0x000000263f000000)]
  0x0000019cb48ce000 JavaThread "Daemon health stats" [_thread_blocked, id=17800, stack(0x000000263f300000,0x000000263f400000)]
  0x0000019cb3ead000 JavaThread "Incoming local TCP Connector on port 49732" [_thread_in_native, id=3692, stack(0x000000263f200000,0x000000263f300000)]
  0x0000019cb3f80800 JavaThread "Daemon periodic checks" [_thread_blocked, id=18356, stack(0x000000263f800000,0x000000263f900000)]
  0x0000019cb490c000 JavaThread "Daemon" [_thread_blocked, id=18284, stack(0x000000263f900000,0x000000263fa00000)]
  0x0000019cb490d000 JavaThread "Handler for socket connection from /127.0.0.1:49732 to /127.0.0.1:49733" [_thread_in_native, id=18620, stack(0x000000263fa00000,0x000000263fb00000)]
  0x0000019cb47ab000 JavaThread "Cancel handler" [_thread_blocked, id=27672, stack(0x000000263fb00000,0x000000263fc00000)]
  0x0000019cb47a6800 JavaThread "Daemon worker" [_thread_in_native, id=10976, stack(0x000000263fc00000,0x000000263fd00000)]
  0x0000019cb47ac800 JavaThread "Asynchronous log dispatcher for DefaultDaemonConnection: socket connection from /127.0.0.1:49732 to /127.0.0.1:49733" [_thread_blocked, id=5252, stack(0x000000263fd00000,0x000000263fe00000)]
  0x0000019cb47a3000 JavaThread "Stdin handler" [_thread_blocked, id=488, stack(0x000000263fe00000,0x000000263ff00000)]
  0x0000019cb47a4800 JavaThread "Daemon client event forwarder" [_thread_blocked, id=8944, stack(0x000000263ff00000,0x0000002640000000)]
  0x0000019cb4733800 JavaThread "Cache worker for journal cache (C:\Users\RAFRA\.gradle\caches\journal-1)" [_thread_blocked, id=19360, stack(0x0000002640000000,0x0000002640100000)]
  0x0000019cb4736000 JavaThread "File lock request listener" [_thread_in_native, id=3584, stack(0x0000002640100000,0x0000002640200000)]
  0x0000019cb4734000 JavaThread "Cache worker for file hash cache (C:\Users\RAFRA\.gradle\caches\7.4\fileHashes)" [_thread_blocked, id=6200, stack(0x0000002640200000,0x0000002640300000)]
  0x0000019cb524b000 JavaThread "C2 CompilerThread1" daemon [_thread_in_native, id=11092, stack(0x0000002640400000,0x0000002640500000)]
  0x0000019cb4735000 JavaThread "File watcher server" daemon [_thread_in_native, id=1520, stack(0x0000002640500000,0x0000002640600000)]
  0x0000019cb4732800 JavaThread "File watcher consumer" daemon [_thread_blocked, id=14348, stack(0x0000002640600000,0x0000002640700000)]
  0x0000019cb4730000 JavaThread "Cache worker for checksums cache (C:\Users\RAFRA\Documents\EGD\EGD\AndroidProjekte\EGD\.gradle\7.4\checksums)" [_thread_blocked, id=14016, stack(0x0000002640700000,0x0000002640800000)]
  0x0000019cb4736800 JavaThread "Cache worker for cache directory md-rule (C:\Users\RAFRA\.gradle\caches\7.4\md-rule)" [_thread_blocked, id=676, stack(0x0000002640800000,0x0000002640900000)]
  0x0000019cb4731000 JavaThread "Cache worker for file hash cache (C:\Users\RAFRA\Documents\EGD\EGD\AndroidProjekte\EGD\.gradle\7.4\fileHashes)" [_thread_blocked, id=20508, stack(0x0000002640900000,0x0000002640a00000)]
  0x0000019cb4731800 JavaThread "Cache worker for cache directory md-supplier (C:\Users\RAFRA\.gradle\caches\7.4\md-supplier)" [_thread_blocked, id=21000, stack(0x0000002640a00000,0x0000002640b00000)]
  0x0000019cb51a5800 JavaThread "Cache worker for execution history cache (C:\Users\RAFRA\.gradle\caches\7.4\executionHistory)" [_thread_blocked, id=3752, stack(0x0000002640b00000,0x0000002640c00000)]
  0x0000019cb51a9800 JavaThread "jar transforms" [_thread_blocked, id=22796, stack(0x0000002640c00000,0x0000002640d00000)]
  0x0000019cb51a6000 JavaThread "Cache worker for file content cache (C:\Users\RAFRA\.gradle\caches\7.4\fileContent)" [_thread_blocked, id=28284, stack(0x0000002640d00000,0x0000002640e00000)]
  0x0000019cb51a8000 JavaThread "jar transforms Thread 2" [_thread_blocked, id=26912, stack(0x0000002640e00000,0x0000002640f00000)]
  0x0000019cb51aa000 JavaThread "Cache worker for dependencies-accessors (C:\Users\RAFRA\Documents\EGD\EGD\AndroidProjekte\EGD\.gradle\7.4\dependencies-accessors)" [_thread_blocked, id=6568, stack(0x0000002640f00000,0x0000002641000000)]
  0x0000019cb51a7000 JavaThread "jar transforms Thread 3" [_thread_blocked, id=9352, stack(0x0000002641000000,0x0000002641100000)]
  0x0000019cb51a4800 JavaThread "Cache worker for Build Output Cleanup Cache (C:\Users\RAFRA\Documents\EGD\EGD\AndroidProjekte\EGD\.gradle\buildOutputCleanup)" [_thread_blocked, id=21552, stack(0x0000002641100000,0x0000002641200000)]

Other Threads:
  0x0000019cb1c72800 VMThread "VM Thread" [stack: 0x000000263e600000,0x000000263e700000] [id=14136]
  0x0000019cb27ae000 WatcherThread [stack: 0x000000263f000000,0x000000263f100000] [id=5352]
  0x0000019c95ca5000 GCTaskThread "GC Thread#0" [stack: 0x000000263e100000,0x000000263e200000] [id=27144]
  0x0000019cb308c800 GCTaskThread "GC Thread#1" [stack: 0x000000263f100000,0x000000263f200000] [id=25008]
  0x0000019cb3977800 GCTaskThread "GC Thread#2" [stack: 0x000000263f400000,0x000000263f500000] [id=22588]
  0x0000019cb3488800 GCTaskThread "GC Thread#3" [stack: 0x000000263f500000,0x000000263f600000] [id=23616]
  0x0000019cb3cd0800 GCTaskThread "GC Thread#4" [stack: 0x000000263f600000,0x000000263f700000] [id=2172]
  0x0000019cb3a8c000 GCTaskThread "GC Thread#5" [stack: 0x000000263f700000,0x000000263f800000] [id=4268]
  0x0000019c95cd9800 ConcurrentGCThread "G1 Main Marker" [stack: 0x000000263e200000,0x000000263e300000] [id=18224]
  0x0000019c95cda800 ConcurrentGCThread "G1 Conc#0" [stack: 0x000000263e300000,0x000000263e400000] [id=23812]
  0x0000019cb3ec4000 ConcurrentGCThread "G1 Conc#1" [stack: 0x0000002640300000,0x0000002640400000] [id=3404]
  0x0000019c95d61800 ConcurrentGCThread "G1 Refine#0" [stack: 0x000000263e400000,0x000000263e500000] [id=17492]
  0x0000019c95d62800 ConcurrentGCThread "G1 Young RemSet Sampling" [stack: 0x000000263e500000,0x000000263e600000] [id=27800]

Threads with active compile tasks:
C2 CompilerThread0   8159 3969       4       java.lang.invoke.LambdaForm$Name::replaceNames (174 bytes)
C1 CompilerThread0   8159 4240       2       com.google.common.cache.LocalCache$Segment::scheduleRefresh (66 bytes)
C2 CompilerThread1   8159 3977       4       java.lang.invoke.MethodType::makeImpl (108 bytes)

VM state:not at safepoint (normal execution)

VM Mutex/Monitor currently owned by a thread: None

Heap address: 0x0000000080000000, size: 2048 MB, Compressed Oops mode: 32-bit
Narrow klass base: 0x0000000000000000, Narrow klass shift: 3
Compressed class space size: 1073741824 Address: 0x0000000100000000

Heap:
 garbage-first heap   total 147456K, used 64597K [0x0000000080000000, 0x0000000100000000)
  region size 1024K, 38 young (38912K), 4 survivors (4096K)
 Metaspace       used 47733K, capacity 49010K, committed 49276K, reserved 1091584K
  class space    used 6064K, capacity 6532K, committed 6604K, reserved 1048576K
Heap Regions: E=young(eden), S=young(survivor), O=old, HS=humongous(starts), HC=humongous(continues), CS=collection set, F=free, A=archive, TAMS=top-at-mark-start (previous, next)
|   0|0x0000000080000000, 0x0000000080100000, 0x0000000080100000|100%| O|  |TAMS 0x0000000080100000, 0x0000000080000000| Untracked 
|   1|0x0000000080100000, 0x0000000080200000, 0x0000000080200000|100%| O|  |TAMS 0x0000000080200000, 0x0000000080100000| Untracked 
|   2|0x0000000080200000, 0x0000000080300000, 0x0000000080300000|100%| O|  |TAMS 0x0000000080300000, 0x0000000080200000| Untracked 
|   3|0x0000000080300000, 0x0000000080400000, 0x0000000080400000|100%|HS|  |TAMS 0x0000000080400000, 0x0000000080300000| Complete 
|   4|0x0000000080400000, 0x0000000080500000, 0x0000000080500000|100%|HC|  |TAMS 0x0000000080500000, 0x0000000080400000| Complete 
|   5|0x0000000080500000, 0x0000000080600000, 0x0000000080600000|100%|HC|  |TAMS 0x0000000080600000, 0x0000000080500000| Complete 
|   6|0x0000000080600000, 0x0000000080700000, 0x0000000080700000|100%| O|  |TAMS 0x0000000080700000, 0x0000000080600000| Untracked 
|   7|0x0000000080700000, 0x0000000080800000, 0x0000000080800000|100%| O|  |TAMS 0x0000000080800000, 0x0000000080700000| Untracked 
|   8|0x0000000080800000, 0x0000000080900000, 0x0000000080900000|100%| O|  |TAMS 0x0000000080900000, 0x0000000080800000| Untracked 
|   9|0x0000000080900000, 0x0000000080a00000, 0x0000000080a00000|100%| O|  |TAMS 0x0000000080a00000, 0x0000000080900000| Untracked 
|  10|0x0000000080a00000, 0x0000000080b00000, 0x0000000080b00000|100%| O|  |TAMS 0x0000000080b00000, 0x0000000080a00000| Untracked 
|  11|0x0000000080b00000, 0x0000000080c00000, 0x0000000080c00000|100%| O|  |TAMS 0x0000000080c00000, 0x0000000080b00000| Untracked 
|  12|0x0000000080c00000, 0x0000000080d00000, 0x0000000080d00000|100%| O|  |TAMS 0x0000000080d00000, 0x0000000080c00000| Untracked 
|  13|0x0000000080d00000, 0x0000000080e00000, 0x0000000080e00000|100%| O|  |TAMS 0x0000000080e00000, 0x0000000080d00000| Untracked 
|  14|0x0000000080e00000, 0x0000000080f00000, 0x0000000080f00000|100%| O|  |TAMS 0x0000000080f00000, 0x0000000080e00000| Untracked 
|  15|0x0000000080f00000, 0x0000000081000000, 0x0000000081000000|100%| O|  |TAMS 0x0000000081000000, 0x0000000080f00000| Untracked 
|  16|0x0000000081000000, 0x0000000081100000, 0x0000000081100000|100%| O|  |TAMS 0x00000000810fd800, 0x0000000081000000| Untracked 
|  17|0x0000000081100000, 0x0000000081100000, 0x0000000081200000|  0%| F|  |TAMS 0x0000000081100000, 0x0000000081100000| Untracked 
|  18|0x0000000081200000, 0x0000000081300000, 0x0000000081300000|100%| O|  |TAMS 0x0000000081200000, 0x0000000081200000| Untracked 
|  19|0x0000000081300000, 0x0000000081400000, 0x0000000081400000|100%| O|  |TAMS 0x0000000081300000, 0x0000000081300000| Untracked 
|  20|0x0000000081400000, 0x0000000081500000, 0x0000000081500000|100%| O|  |TAMS 0x0000000081400000, 0x0000000081400000| Untracked 
|  21|0x0000000081500000, 0x0000000081600000, 0x0000000081600000|100%| O|  |TAMS 0x0000000081500000, 0x0000000081500000| Untracked 
|  22|0x0000000081600000, 0x0000000081700000, 0x0000000081700000|100%| O|  |TAMS 0x0000000081600000, 0x0000000081600000| Untracked 
|  23|0x0000000081700000, 0x0000000081800000, 0x0000000081800000|100%| O|  |TAMS 0x0000000081700000, 0x0000000081700000| Untracked 
|  24|0x0000000081800000, 0x0000000081900000, 0x0000000081900000|100%| O|  |TAMS 0x0000000081800000, 0x0000000081800000| Untracked 
|  25|0x0000000081900000, 0x0000000081a00000, 0x0000000081a00000|100%| O|  |TAMS 0x0000000081900000, 0x0000000081900000| Untracked 
|  26|0x0000000081a00000, 0x0000000081b00000, 0x0000000081b00000|100%| O|  |TAMS 0x0000000081a00000, 0x0000000081a00000| Untracked 
|  27|0x0000000081b00000, 0x0000000081ba2600, 0x0000000081c00000| 63%| O|  |TAMS 0x0000000081b00000, 0x0000000081b00000| Untracked 
|  28|0x0000000081c00000, 0x0000000081c00000, 0x0000000081d00000|  0%| F|  |TAMS 0x0000000081c00000, 0x0000000081c00000| Untracked 
|  29|0x0000000081d00000, 0x0000000081d00000, 0x0000000081e00000|  0%| F|  |TAMS 0x0000000081d00000, 0x0000000081d00000| Untracked 
|  30|0x0000000081e00000, 0x0000000081e00000, 0x0000000081f00000|  0%| F|  |TAMS 0x0000000081e00000, 0x0000000081e00000| Untracked 
|  31|0x0000000081f00000, 0x0000000081f00000, 0x0000000082000000|  0%| F|  |TAMS 0x0000000081f00000, 0x0000000081f00000| Untracked 
|  32|0x0000000082000000, 0x0000000082000000, 0x0000000082100000|  0%| F|  |TAMS 0x0000000082000000, 0x0000000082000000| Untracked 
|  33|0x0000000082100000, 0x0000000082100000, 0x0000000082200000|  0%| F|  |TAMS 0x0000000082100000, 0x0000000082100000| Untracked 
|  34|0x0000000082200000, 0x0000000082200000, 0x0000000082300000|  0%| F|  |TAMS 0x0000000082200000, 0x0000000082200000| Untracked 
|  35|0x0000000082300000, 0x0000000082300000, 0x0000000082400000|  0%| F|  |TAMS 0x0000000082300000, 0x0000000082300000| Untracked 
|  36|0x0000000082400000, 0x0000000082400000, 0x0000000082500000|  0%| F|  |TAMS 0x0000000082400000, 0x0000000082400000| Untracked 
|  37|0x0000000082500000, 0x0000000082500000, 0x0000000082600000|  0%| F|  |TAMS 0x0000000082500000, 0x0000000082500000| Untracked 
|  38|0x0000000082600000, 0x0000000082600000, 0x0000000082700000|  0%| F|  |TAMS 0x0000000082600000, 0x0000000082600000| Untracked 
|  39|0x0000000082700000, 0x0000000082700000, 0x0000000082800000|  0%| F|  |TAMS 0x0000000082700000, 0x0000000082700000| Untracked 
|  40|0x0000000082800000, 0x0000000082800000, 0x0000000082900000|  0%| F|  |TAMS 0x0000000082800000, 0x0000000082800000| Untracked 
|  41|0x0000000082900000, 0x0000000082900000, 0x0000000082a00000|  0%| F|  |TAMS 0x0000000082900000, 0x0000000082900000| Untracked 
|  42|0x0000000082a00000, 0x0000000082a00000, 0x0000000082b00000|  0%| F|  |TAMS 0x0000000082a00000, 0x0000000082a00000| Untracked 
|  43|0x0000000082b00000, 0x0000000082b00000, 0x0000000082c00000|  0%| F|  |TAMS 0x0000000082b00000, 0x0000000082b00000| Untracked 
|  44|0x0000000082c00000, 0x0000000082c00000, 0x0000000082d00000|  0%| F|  |TAMS 0x0000000082c00000, 0x0000000082c00000| Untracked 
|  45|0x0000000082d00000, 0x0000000082d00000, 0x0000000082e00000|  0%| F|  |TAMS 0x0000000082d00000, 0x0000000082d00000| Untracked 
|  46|0x0000000082e00000, 0x0000000082e00000, 0x0000000082f00000|  0%| F|  |TAMS 0x0000000082e00000, 0x0000000082e00000| Untracked 
|  47|0x0000000082f00000, 0x0000000082f00000, 0x0000000083000000|  0%| F|  |TAMS 0x0000000082f00000, 0x0000000082f00000| Untracked 
|  48|0x0000000083000000, 0x0000000083000000, 0x0000000083100000|  0%| F|  |TAMS 0x0000000083000000, 0x0000000083000000| Untracked 
|  49|0x0000000083100000, 0x0000000083100000, 0x0000000083200000|  0%| F|  |TAMS 0x0000000083100000, 0x0000000083100000| Untracked 
|  50|0x0000000083200000, 0x0000000083200000, 0x0000000083300000|  0%| F|  |TAMS 0x0000000083200000, 0x0000000083200000| Untracked 
|  51|0x0000000083300000, 0x0000000083300000, 0x0000000083400000|  0%| F|  |TAMS 0x0000000083300000, 0x0000000083300000| Untracked 
|  52|0x0000000083400000, 0x0000000083400000, 0x0000000083500000|  0%| F|  |TAMS 0x0000000083400000, 0x0000000083400000| Untracked 
|  53|0x0000000083500000, 0x0000000083500000, 0x0000000083600000|  0%| F|  |TAMS 0x0000000083500000, 0x0000000083500000| Untracked 
|  54|0x0000000083600000, 0x0000000083600000, 0x0000000083700000|  0%| F|  |TAMS 0x0000000083600000, 0x0000000083600000| Untracked 
|  55|0x0000000083700000, 0x0000000083700000, 0x0000000083800000|  0%| F|  |TAMS 0x0000000083700000, 0x0000000083700000| Untracked 
|  56|0x0000000083800000, 0x0000000083872e60, 0x0000000083900000| 44%| S|CS|TAMS 0x0000000083800000, 0x0000000083800000| Complete 
|  57|0x0000000083900000, 0x0000000083a00000, 0x0000000083a00000|100%| S|CS|TAMS 0x0000000083900000, 0x0000000083900000| Complete 
|  58|0x0000000083a00000, 0x0000000083b00000, 0x0000000083b00000|100%| S|CS|TAMS 0x0000000083a00000, 0x0000000083a00000| Complete 
|  59|0x0000000083b00000, 0x0000000083c00000, 0x0000000083c00000|100%| S|CS|TAMS 0x0000000083b00000, 0x0000000083b00000| Complete 
|  60|0x0000000083c00000, 0x0000000083c00000, 0x0000000083d00000|  0%| F|  |TAMS 0x0000000083c00000, 0x0000000083c00000| Untracked 
|  61|0x0000000083d00000, 0x0000000083d00000, 0x0000000083e00000|  0%| F|  |TAMS 0x0000000083d00000, 0x0000000083d00000| Untracked 
|  62|0x0000000083e00000, 0x0000000083e00000, 0x0000000083f00000|  0%| F|  |TAMS 0x0000000083e00000, 0x0000000083e00000| Untracked 
|  63|0x0000000083f00000, 0x0000000083f00000, 0x0000000084000000|  0%| F|  |TAMS 0x0000000083f00000, 0x0000000083f00000| Untracked 
|  64|0x0000000084000000, 0x0000000084000000, 0x0000000084100000|  0%| F|  |TAMS 0x0000000084000000, 0x0000000084000000| Untracked 
|  65|0x0000000084100000, 0x0000000084100000, 0x0000000084200000|  0%| F|  |TAMS 0x0000000084100000, 0x0000000084100000| Untracked 
|  66|0x0000000084200000, 0x0000000084200000, 0x0000000084300000|  0%| F|  |TAMS 0x0000000084200000, 0x0000000084200000| Untracked 
|  67|0x0000000084300000, 0x0000000084300000, 0x0000000084400000|  0%| F|  |TAMS 0x0000000084300000, 0x0000000084300000| Untracked 
|  68|0x0000000084400000, 0x0000000084400000, 0x0000000084500000|  0%| F|  |TAMS 0x0000000084400000, 0x0000000084400000| Untracked 
|  69|0x0000000084500000, 0x0000000084500000, 0x0000000084600000|  0%| F|  |TAMS 0x0000000084500000, 0x0000000084500000| Untracked 
|  70|0x0000000084600000, 0x0000000084600000, 0x0000000084700000|  0%| F|  |TAMS 0x0000000084600000, 0x0000000084600000| Untracked 
|  71|0x0000000084700000, 0x0000000084700000, 0x0000000084800000|  0%| F|  |TAMS 0x0000000084700000, 0x0000000084700000| Untracked 
|  72|0x0000000084800000, 0x0000000084800000, 0x0000000084900000|  0%| F|  |TAMS 0x0000000084800000, 0x0000000084800000| Untracked 
|  73|0x0000000084900000, 0x0000000084900000, 0x0000000084a00000|  0%| F|  |TAMS 0x0000000084900000, 0x0000000084900000| Untracked 
|  74|0x0000000084a00000, 0x0000000084a00000, 0x0000000084b00000|  0%| F|  |TAMS 0x0000000084a00000, 0x0000000084a00000| Untracked 
|  75|0x0000000084b00000, 0x0000000084b00000, 0x0000000084c00000|  0%| F|  |TAMS 0x0000000084b00000, 0x0000000084b00000| Untracked 
|  76|0x0000000084c00000, 0x0000000084c00000, 0x0000000084d00000|  0%| F|  |TAMS 0x0000000084c00000, 0x0000000084c00000| Untracked 
|  77|0x0000000084d00000, 0x0000000084d00000, 0x0000000084e00000|  0%| F|  |TAMS 0x0000000084d00000, 0x0000000084d00000| Untracked 
|  78|0x0000000084e00000, 0x0000000084e00000, 0x0000000084f00000|  0%| F|  |TAMS 0x0000000084e00000, 0x0000000084e00000| Untracked 
|  79|0x0000000084f00000, 0x0000000084f00000, 0x0000000085000000|  0%| F|  |TAMS 0x0000000084f00000, 0x0000000084f00000| Untracked 
|  80|0x0000000085000000, 0x0000000085000000, 0x0000000085100000|  0%| F|  |TAMS 0x0000000085000000, 0x0000000085000000| Untracked 
|  81|0x0000000085100000, 0x0000000085100000, 0x0000000085200000|  0%| F|  |TAMS 0x0000000085100000, 0x0000000085100000| Untracked 
|  82|0x0000000085200000, 0x0000000085200000, 0x0000000085300000|  0%| F|  |TAMS 0x0000000085200000, 0x0000000085200000| Untracked 
|  83|0x0000000085300000, 0x0000000085300000, 0x0000000085400000|  0%| F|  |TAMS 0x0000000085300000, 0x0000000085300000| Untracked 
|  84|0x0000000085400000, 0x0000000085400000, 0x0000000085500000|  0%| F|  |TAMS 0x0000000085400000, 0x0000000085400000| Untracked 
|  85|0x0000000085500000, 0x0000000085500000, 0x0000000085600000|  0%| F|  |TAMS 0x0000000085500000, 0x0000000085500000| Untracked 
|  86|0x0000000085600000, 0x0000000085600000, 0x0000000085700000|  0%| F|  |TAMS 0x0000000085600000, 0x0000000085600000| Untracked 
|  87|0x0000000085700000, 0x0000000085700000, 0x0000000085800000|  0%| F|  |TAMS 0x0000000085700000, 0x0000000085700000| Untracked 
|  88|0x0000000085800000, 0x0000000085800000, 0x0000000085900000|  0%| F|  |TAMS 0x0000000085800000, 0x0000000085800000| Untracked 
|  89|0x0000000085900000, 0x0000000085900000, 0x0000000085a00000|  0%| F|  |TAMS 0x0000000085900000, 0x0000000085900000| Untracked 
|  90|0x0000000085a00000, 0x0000000085a00000, 0x0000000085b00000|  0%| F|  |TAMS 0x0000000085a00000, 0x0000000085a00000| Untracked 
|  91|0x0000000085b00000, 0x0000000085b00000, 0x0000000085c00000|  0%| F|  |TAMS 0x0000000085b00000, 0x0000000085b00000| Untracked 
|  92|0x0000000085c00000, 0x0000000085c00000, 0x0000000085d00000|  0%| F|  |TAMS 0x0000000085c00000, 0x0000000085c00000| Untracked 
|  93|0x0000000085d00000, 0x0000000085d00000, 0x0000000085e00000|  0%| F|  |TAMS 0x0000000085d00000, 0x0000000085d00000| Untracked 
|  94|0x0000000085e00000, 0x0000000085e00000, 0x0000000085f00000|  0%| F|  |TAMS 0x0000000085e00000, 0x0000000085e00000| Untracked 
|  95|0x0000000085f00000, 0x0000000085f00000, 0x0000000086000000|  0%| F|  |TAMS 0x0000000085f00000, 0x0000000085f00000| Untracked 
|  96|0x0000000086000000, 0x0000000086000000, 0x0000000086100000|  0%| F|  |TAMS 0x0000000086000000, 0x0000000086000000| Untracked 
|  97|0x0000000086100000, 0x0000000086100000, 0x0000000086200000|  0%| F|  |TAMS 0x0000000086100000, 0x0000000086100000| Untracked 
|  98|0x0000000086200000, 0x0000000086200000, 0x0000000086300000|  0%| F|  |TAMS 0x0000000086200000, 0x0000000086200000| Untracked 
|  99|0x0000000086300000, 0x0000000086300000, 0x0000000086400000|  0%| F|  |TAMS 0x0000000086300000, 0x0000000086300000| Untracked 
| 100|0x0000000086400000, 0x0000000086400000, 0x0000000086500000|  0%| F|  |TAMS 0x0000000086400000, 0x0000000086400000| Untracked 
| 101|0x0000000086500000, 0x0000000086500000, 0x0000000086600000|  0%| F|  |TAMS 0x0000000086500000, 0x0000000086500000| Untracked 
| 102|0x0000000086600000, 0x0000000086600000, 0x0000000086700000|  0%| F|  |TAMS 0x0000000086600000, 0x0000000086600000| Untracked 
| 103|0x0000000086700000, 0x0000000086700000, 0x0000000086800000|  0%| F|  |TAMS 0x0000000086700000, 0x0000000086700000| Untracked 
| 104|0x0000000086800000, 0x0000000086800000, 0x0000000086900000|  0%| F|  |TAMS 0x0000000086800000, 0x0000000086800000| Untracked 
| 105|0x0000000086900000, 0x0000000086900000, 0x0000000086a00000|  0%| F|  |TAMS 0x0000000086900000, 0x0000000086900000| Untracked 
| 106|0x0000000086a00000, 0x0000000086a00000, 0x0000000086b00000|  0%| F|  |TAMS 0x0000000086a00000, 0x0000000086a00000| Untracked 
| 107|0x0000000086b00000, 0x0000000086b00000, 0x0000000086c00000|  0%| F|  |TAMS 0x0000000086b00000, 0x0000000086b00000| Untracked 
| 108|0x0000000086c00000, 0x0000000086c00000, 0x0000000086d00000|  0%| F|  |TAMS 0x0000000086c00000, 0x0000000086c00000| Untracked 
| 109|0x0000000086d00000, 0x0000000086d00000, 0x0000000086e00000|  0%| F|  |TAMS 0x0000000086d00000, 0x0000000086d00000| Untracked 
| 110|0x0000000086e00000, 0x0000000086e81010, 0x0000000086f00000| 50%| E|  |TAMS 0x0000000086e00000, 0x0000000086e00000| Complete 
| 111|0x0000000086f00000, 0x0000000087000000, 0x0000000087000000|100%| E|CS|TAMS 0x0000000086f00000, 0x0000000086f00000| Complete 
| 112|0x0000000087000000, 0x0000000087100000, 0x0000000087100000|100%| E|CS|TAMS 0x0000000087000000, 0x0000000087000000| Complete 
| 113|0x0000000087100000, 0x0000000087200000, 0x0000000087200000|100%| E|CS|TAMS 0x0000000087100000, 0x0000000087100000| Complete 
| 114|0x0000000087200000, 0x0000000087300000, 0x0000000087300000|100%| E|CS|TAMS 0x0000000087200000, 0x0000000087200000| Complete 
| 115|0x0000000087300000, 0x0000000087400000, 0x0000000087400000|100%| E|CS|TAMS 0x0000000087300000, 0x0000000087300000| Complete 
| 116|0x0000000087400000, 0x0000000087500000, 0x0000000087500000|100%| E|CS|TAMS 0x0000000087400000, 0x0000000087400000| Complete 
| 117|0x0000000087500000, 0x0000000087600000, 0x0000000087600000|100%| E|CS|TAMS 0x0000000087500000, 0x0000000087500000| Complete 
| 118|0x0000000087600000, 0x0000000087700000, 0x0000000087700000|100%| E|CS|TAMS 0x0000000087600000, 0x0000000087600000| Complete 
| 119|0x0000000087700000, 0x0000000087800000, 0x0000000087800000|100%| E|CS|TAMS 0x0000000087700000, 0x0000000087700000| Complete 
| 120|0x0000000087800000, 0x0000000087900000, 0x0000000087900000|100%| E|CS|TAMS 0x0000000087800000, 0x0000000087800000| Complete 
| 121|0x0000000087900000, 0x0000000087a00000, 0x0000000087a00000|100%| E|CS|TAMS 0x0000000087900000, 0x0000000087900000| Complete 
| 122|0x0000000087a00000, 0x0000000087b00000, 0x0000000087b00000|100%| E|CS|TAMS 0x0000000087a00000, 0x0000000087a00000| Complete 
| 123|0x0000000087b00000, 0x0000000087c00000, 0x0000000087c00000|100%| E|CS|TAMS 0x0000000087b00000, 0x0000000087b00000| Complete 
| 124|0x0000000087c00000, 0x0000000087d00000, 0x0000000087d00000|100%| E|CS|TAMS 0x0000000087c00000, 0x0000000087c00000| Complete 
| 125|0x0000000087d00000, 0x0000000087e00000, 0x0000000087e00000|100%| E|CS|TAMS 0x0000000087d00000, 0x0000000087d00000| Complete 
| 126|0x0000000087e00000, 0x0000000087f00000, 0x0000000087f00000|100%| E|CS|TAMS 0x0000000087e00000, 0x0000000087e00000| Complete 
| 127|0x0000000087f00000, 0x0000000088000000, 0x0000000088000000|100%| E|CS|TAMS 0x0000000087f00000, 0x0000000087f00000| Complete 
| 128|0x0000000088000000, 0x0000000088100000, 0x0000000088100000|100%| E|CS|TAMS 0x0000000088000000, 0x0000000088000000| Complete 
| 129|0x0000000088100000, 0x0000000088200000, 0x0000000088200000|100%| E|CS|TAMS 0x0000000088100000, 0x0000000088100000| Complete 
| 130|0x0000000088200000, 0x0000000088300000, 0x0000000088300000|100%| E|CS|TAMS 0x0000000088200000, 0x0000000088200000| Complete 
| 131|0x0000000088300000, 0x0000000088400000, 0x0000000088400000|100%| E|CS|TAMS 0x0000000088300000, 0x0000000088300000| Complete 
| 132|0x0000000088400000, 0x0000000088500000, 0x0000000088500000|100%| E|CS|TAMS 0x0000000088400000, 0x0000000088400000| Complete 
| 133|0x0000000088500000, 0x0000000088600000, 0x0000000088600000|100%| E|CS|TAMS 0x0000000088500000, 0x0000000088500000| Complete 
| 134|0x0000000088600000, 0x0000000088700000, 0x0000000088700000|100%| E|CS|TAMS 0x0000000088600000, 0x0000000088600000| Complete 
| 135|0x0000000088700000, 0x0000000088800000, 0x0000000088800000|100%| E|CS|TAMS 0x0000000088700000, 0x0000000088700000| Complete 
| 136|0x0000000088800000, 0x0000000088900000, 0x0000000088900000|100%| E|CS|TAMS 0x0000000088800000, 0x0000000088800000| Complete 
| 137|0x0000000088900000, 0x0000000088a00000, 0x0000000088a00000|100%| E|CS|TAMS 0x0000000088900000, 0x0000000088900000| Complete 
| 138|0x0000000088a00000, 0x0000000088b00000, 0x0000000088b00000|100%| E|CS|TAMS 0x0000000088a00000, 0x0000000088a00000| Complete 
| 139|0x0000000088b00000, 0x0000000088c00000, 0x0000000088c00000|100%| E|CS|TAMS 0x0000000088b00000, 0x0000000088b00000| Complete 
| 140|0x0000000088c00000, 0x0000000088d00000, 0x0000000088d00000|100%| E|CS|TAMS 0x0000000088c00000, 0x0000000088c00000| Complete 
| 141|0x0000000088d00000, 0x0000000088e00000, 0x0000000088e00000|100%| E|CS|TAMS 0x0000000088d00000, 0x0000000088d00000| Complete 
| 142|0x0000000088e00000, 0x0000000088f00000, 0x0000000088f00000|100%| E|CS|TAMS 0x0000000088e00000, 0x0000000088e00000| Complete 
| 143|0x0000000088f00000, 0x0000000089000000, 0x0000000089000000|100%| E|CS|TAMS 0x0000000088f00000, 0x0000000088f00000| Complete 

Card table byte_map: [0x0000019caabe0000,0x0000019caafe0000] _byte_map_base: 0x0000019caa7e0000

Marking Bits (Prev, Next): (CMBitMap*) 0x0000019c95cd0b58, (CMBitMap*) 0x0000019c95cd0b90
 Prev Bits: [0x0000019cab3e0000, 0x0000019cad3e0000)
 Next Bits: [0x0000019cad3e0000, 0x0000019caf3e0000)

Polling page: 0x0000019c95d70000

Metaspace:

Usage:
  Non-class:     41.48 MB capacity,    40.71 MB ( 98%) used,   672.24 KB (  2%) free+waste,   121.63 KB ( <1%) overhead. 
      Class:      6.38 MB capacity,     5.92 MB ( 93%) used,   407.89 KB (  6%) free+waste,    58.31 KB ( <1%) overhead. 
       Both:     47.86 MB capacity,    46.63 MB ( 97%) used,     1.05 MB (  2%) free+waste,   179.94 KB ( <1%) overhead. 

Virtual space:
  Non-class space:       42.00 MB reserved,      41.67 MB (>99%) committed 
      Class space:        1.00 GB reserved,       6.45 MB ( <1%) committed 
             Both:        1.04 GB reserved,      48.12 MB (  5%) committed 

Chunk freelists:
   Non-Class:  1.00 KB
       Class:  28.00 KB
        Both:  29.00 KB

MaxMetaspaceSize: 17179869184.00 GB
CompressedClassSpaceSize: 1.00 GB
Initial GC threshold: 20.80 MB
Current GC threshold: 59.16 MB
CDS: off

CodeHeap 'non-profiled nmethods': size=120064Kb used=2362Kb max_used=2362Kb free=117701Kb
 bounds [0x0000019ca2a40000, 0x0000019ca2cb0000, 0x0000019ca9f80000]
CodeHeap 'profiled nmethods': size=120000Kb used=8690Kb max_used=8690Kb free=111309Kb
 bounds [0x0000019c9b510000, 0x0000019c9bd90000, 0x0000019ca2a40000]
CodeHeap 'non-nmethods': size=5696Kb used=2289Kb max_used=2333Kb free=3406Kb
 bounds [0x0000019c9af80000, 0x0000019c9b1f0000, 0x0000019c9b510000]
 total_blobs=5023 nmethods=4235 adapters=700
 compilation: enabled
              stopped_count=0, restarted_count=0
 full_count=0

Compilation events (20 events):
Event: 8.123 Thread 0x0000019cb1c9a800 nmethod 4148 0x0000019c9bd6e810 code [0x0000019c9bd6ebc0, 0x0000019c9bd70778]
Event: 8.123 Thread 0x0000019cb1c9a800 4149       3       com.google.common.cache.LocalCache$Segment::getFirst (21 bytes)
Event: 8.124 Thread 0x0000019cb1c9a800 nmethod 4149 0x0000019c9bd71010 code [0x0000019c9bd712a0, 0x0000019c9bd72048]
Event: 8.124 Thread 0x0000019cb1c9a800 4150       3       java.lang.Math::abs (13 bytes)
Event: 8.124 Thread 0x0000019cb1c9a800 nmethod 4150 0x0000019c9bd72410 code [0x0000019c9bd725c0, 0x0000019c9bd72718]
Event: 8.124 Thread 0x0000019cb1c9a800 4151       1       org.gradle.internal.component.external.model.DefaultModuleComponentSelector::getAttributes (5 bytes)
Event: 8.125 Thread 0x0000019cb1c9a800 nmethod 4151 0x0000019ca2c85890 code [0x0000019ca2c85a40, 0x0000019ca2c85af8]
Event: 8.125 Thread 0x0000019cb1c9a800 4152       1       org.gradle.internal.component.external.model.DefaultModuleComponentSelector::getRequestedCapabilities (5 bytes)
Event: 8.125 Thread 0x0000019cb1c9a800 nmethod 4152 0x0000019ca2c85b90 code [0x0000019ca2c85d40, 0x0000019ca2c85df8]
Event: 8.125 Thread 0x0000019cb1c9a800 4153       3       com.google.common.cache.LocalCache::isExpired (57 bytes)
Event: 8.126 Thread 0x0000019cb1c9a800 nmethod 4153 0x0000019c9bd72790 code [0x0000019c9bd729a0, 0x0000019c9bd73068]
Event: 8.127 Thread 0x0000019cb1c9a800 4154       3       org.gradle.api.internal.artifacts.ivyservice.modulecache.StringDeduplicatingDecoder::readByte (10 bytes)
Event: 8.127 Thread 0x0000019cb1c9a800 nmethod 4154 0x0000019c9bd73290 code [0x0000019c9bd73440, 0x0000019c9bd73608]
Event: 8.129 Thread 0x0000019cb1c9a800 4155       1       org.gradle.api.internal.artifacts.ivyservice.ivyresolve.CachingModuleComponentRepository::access$800 (5 bytes)
Event: 8.130 Thread 0x0000019cb1c9a800 nmethod 4155 0x0000019ca2c85e90 code [0x0000019ca2c86040, 0x0000019ca2c860d8]
Event: 8.130 Thread 0x0000019cb1c9a800 4156       1       org.gradle.api.internal.artifacts.ivyservice.modulecache.DefaultCachedMetadata::getMetadata (5 bytes)
Event: 8.130 Thread 0x0000019cb1c9a800 nmethod 4156 0x0000019ca2c86190 code [0x0000019ca2c86340, 0x0000019ca2c863f8]
Event: 8.130 Thread 0x0000019cb1c9a800 4157       1       org.gradle.internal.component.external.model.AbstractConfigurationMetadata::getName (5 bytes)
Event: 8.130 Thread 0x0000019cb1c9a800 nmethod 4157 0x0000019ca2c86490 code [0x0000019ca2c86640, 0x0000019ca2c866f8]
Event: 8.130 Thread 0x0000019cb1c9a800 4158       3       java.util.concurrent.locks.AbstractQueuedSynchronizer$ConditionObject::awaitNanos (181 bytes)

GC Heap History (18 events):
Event: 1.185 GC heap before
{Heap before GC invocations=0 (full 0):
 garbage-first heap   total 120832K, used 27648K [0x0000000080000000, 0x0000000100000000)
  region size 1024K, 22 young (22528K), 0 survivors (0K)
 Metaspace       used 9906K, capacity 10230K, committed 10368K, reserved 1058816K
  class space    used 997K, capacity 1075K, committed 1152K, reserved 1048576K
}
Event: 1.208 GC heap after
{Heap after GC invocations=1 (full 0):
 garbage-first heap   total 120832K, used 9446K [0x0000000080000000, 0x0000000100000000)
  region size 1024K, 3 young (3072K), 3 survivors (3072K)
 Metaspace       used 9906K, capacity 10230K, committed 10368K, reserved 1058816K
  class space    used 997K, capacity 1075K, committed 1152K, reserved 1048576K
}
Event: 1.877 GC heap before
{Heap before GC invocations=1 (full 0):
 garbage-first heap   total 120832K, used 28902K [0x0000000080000000, 0x0000000100000000)
  region size 1024K, 22 young (22528K), 3 survivors (3072K)
 Metaspace       used 11132K, capacity 11382K, committed 11520K, reserved 1058816K
  class space    used 1153K, capacity 1246K, committed 1280K, reserved 1048576K
}
Event: 1.881 GC heap after
{Heap after GC invocations=2 (full 0):
 garbage-first heap   total 120832K, used 10423K [0x0000000080000000, 0x0000000100000000)
  region size 1024K, 1 young (1024K), 1 survivors (1024K)
 Metaspace       used 11132K, capacity 11382K, committed 11520K, reserved 1058816K
  class space    used 1153K, capacity 1246K, committed 1280K, reserved 1048576K
}
Event: 3.682 GC heap before
{Heap before GC invocations=2 (full 0):
 garbage-first heap   total 120832K, used 58551K [0x0000000080000000, 0x0000000100000000)
  region size 1024K, 47 young (48128K), 1 survivors (1024K)
 Metaspace       used 16026K, capacity 16385K, committed 16640K, reserved 1064960K
  class space    used 1807K, capacity 1935K, committed 2048K, reserved 1048576K
}
Event: 3.722 GC heap after
{Heap after GC invocations=3 (full 0):
 garbage-first heap   total 120832K, used 16417K [0x0000000080000000, 0x0000000100000000)
  region size 1024K, 6 young (6144K), 6 survivors (6144K)
 Metaspace       used 16026K, capacity 16385K, committed 16640K, reserved 1064960K
  class space    used 1807K, capacity 1935K, committed 2048K, reserved 1048576K
}
Event: 4.834 GC heap before
{Heap before GC invocations=3 (full 0):
 garbage-first heap   total 120832K, used 56353K [0x0000000080000000, 0x0000000100000000)
  region size 1024K, 46 young (47104K), 6 survivors (6144K)
 Metaspace       used 20769K, capacity 21187K, committed 21296K, reserved 1069056K
  class space    used 2527K, capacity 2686K, committed 2688K, reserved 1048576K
}
Event: 4.841 GC heap after
{Heap after GC invocations=4 (full 0):
 garbage-first heap   total 120832K, used 17744K [0x0000000080000000, 0x0000000100000000)
  region size 1024K, 2 young (2048K), 2 survivors (2048K)
 Metaspace       used 20769K, capacity 21187K, committed 21296K, reserved 1069056K
  class space    used 2527K, capacity 2686K, committed 2688K, reserved 1048576K
}
Event: 5.446 GC heap before
{Heap before GC invocations=5 (full 0):
 garbage-first heap   total 120832K, used 67920K [0x0000000080000000, 0x0000000100000000)
  region size 1024K, 51 young (52224K), 2 survivors (2048K)
 Metaspace       used 26088K, capacity 26691K, committed 26876K, reserved 1073152K
  class space    used 3384K, capacity 3595K, committed 3660K, reserved 1048576K
}
Event: 5.449 GC heap after
{Heap after GC invocations=6 (full 0):
 garbage-first heap   total 120832K, used 19465K [0x0000000080000000, 0x0000000100000000)
  region size 1024K, 4 young (4096K), 4 survivors (4096K)
 Metaspace       used 26088K, capacity 26691K, committed 26876K, reserved 1073152K
  class space    used 3384K, capacity 3595K, committed 3660K, reserved 1048576K
}
Event: 6.003 GC heap before
{Heap before GC invocations=6 (full 0):
 garbage-first heap   total 120832K, used 73737K [0x0000000080000000, 0x0000000100000000)
  region size 1024K, 57 young (58368K), 4 survivors (4096K)
 Metaspace       used 31372K, capacity 32087K, committed 32252K, reserved 1077248K
  class space    used 4156K, capacity 4416K, committed 4428K, reserved 1048576K
}
Event: 6.007 GC heap after
{Heap after GC invocations=7 (full 0):
 garbage-first heap   total 120832K, used 21421K [0x0000000080000000, 0x0000000100000000)
  region size 1024K, 6 young (6144K), 6 survivors (6144K)
 Metaspace       used 31372K, capacity 32087K, committed 32252K, reserved 1077248K
  class space    used 4156K, capacity 4416K, committed 4428K, reserved 1048576K
}
Event: 6.352 GC heap before
{Heap before GC invocations=7 (full 0):
 garbage-first heap   total 120832K, used 32685K [0x0000000080000000, 0x0000000100000000)
  region size 1024K, 18 young (18432K), 6 survivors (6144K)
 Metaspace       used 35184K, capacity 35929K, committed 35964K, reserved 1081344K
  class space    used 4519K, capacity 4806K, committed 4812K, reserved 1048576K
}
Event: 6.361 GC heap after
{Heap after GC invocations=8 (full 0):
 garbage-first heap   total 120832K, used 23258K [0x0000000080000000, 0x0000000100000000)
  region size 1024K, 6 young (6144K), 6 survivors (6144K)
 Metaspace       used 35184K, capacity 35929K, committed 35964K, reserved 1081344K
  class space    used 4519K, capacity 4806K, committed 4812K, reserved 1048576K
}
Event: 7.032 GC heap before
{Heap before GC invocations=9 (full 0):
 garbage-first heap   total 120832K, used 85722K [0x0000000080000000, 0x0000000100000000)
  region size 1024K, 65 young (66560K), 6 survivors (6144K)
 Metaspace       used 39810K, capacity 40658K, committed 40956K, reserved 1085440K
  class space    used 5039K, capacity 5373K, committed 5452K, reserved 1048576K
}
Event: 7.043 GC heap after
{Heap after GC invocations=10 (full 0):
 garbage-first heap   total 120832K, used 28119K [0x0000000080000000, 0x0000000100000000)
  region size 1024K, 9 young (9216K), 9 survivors (9216K)
 Metaspace       used 39810K, capacity 40658K, committed 40956K, reserved 1085440K
  class space    used 5039K, capacity 5373K, committed 5452K, reserved 1048576K
}
Event: 7.732 GC heap before
{Heap before GC invocations=10 (full 0):
 garbage-first heap   total 120832K, used 87511K [0x0000000080000000, 0x0000000100000000)
  region size 1024K, 67 young (68608K), 9 survivors (9216K)
 Metaspace       used 45184K, capacity 46225K, committed 46588K, reserved 1089536K
  class space    used 5731K, capacity 6112K, committed 6220K, reserved 1048576K
}
Event: 7.741 GC heap after
{Heap after GC invocations=11 (full 0):
 garbage-first heap   total 147456K, used 30805K [0x0000000080000000, 0x0000000100000000)
  region size 1024K, 4 young (4096K), 4 survivors (4096K)
 Metaspace       used 45184K, capacity 46225K, committed 46588K, reserved 1089536K
  class space    used 5731K, capacity 6112K, committed 6220K, reserved 1048576K
}

Deoptimization events (20 events):
Event: 8.031 Thread 0x0000019cb47a6800 DEOPT PACKING pc=0x0000019ca2c74824 sp=0x000000263fcf8790
Event: 8.031 Thread 0x0000019cb47a6800 DEOPT UNPACKING pc=0x0000019c9afca1af sp=0x000000263fcf8730 mode 2
Event: 8.031 Thread 0x0000019cb47a6800 Uncommon trap: trap_request=0xffffffbe fr.pc=0x0000019ca2c74824 relative=0x0000000000000344
Event: 8.031 Thread 0x0000019cb47a6800 Uncommon trap: reason=profile_predicate action=maybe_recompile pc=0x0000019ca2c74824 method=java.util.stream.ReferencePipeline.forEachWithCancel(Ljava/util/Spliterator;Ljava/util/stream/Sink;)Z @ 8 c2
Event: 8.031 Thread 0x0000019cb47a6800 DEOPT PACKING pc=0x0000019ca2c74824 sp=0x000000263fcf8790
Event: 8.031 Thread 0x0000019cb47a6800 DEOPT UNPACKING pc=0x0000019c9afca1af sp=0x000000263fcf8730 mode 2
Event: 8.034 Thread 0x0000019cb47a6800 Uncommon trap: trap_request=0xffffffbe fr.pc=0x0000019ca2c74824 relative=0x0000000000000344
Event: 8.034 Thread 0x0000019cb47a6800 Uncommon trap: reason=profile_predicate action=maybe_recompile pc=0x0000019ca2c74824 method=java.util.stream.ReferencePipeline.forEachWithCancel(Ljava/util/Spliterator;Ljava/util/stream/Sink;)Z @ 8 c2
Event: 8.034 Thread 0x0000019cb47a6800 DEOPT PACKING pc=0x0000019ca2c74824 sp=0x000000263fcf8790
Event: 8.034 Thread 0x0000019cb47a6800 DEOPT UNPACKING pc=0x0000019c9afca1af sp=0x000000263fcf8730 mode 2
Event: 8.034 Thread 0x0000019cb47a6800 Uncommon trap: trap_request=0xffffffbe fr.pc=0x0000019ca2c74824 relative=0x0000000000000344
Event: 8.034 Thread 0x0000019cb47a6800 Uncommon trap: reason=profile_predicate action=maybe_recompile pc=0x0000019ca2c74824 method=java.util.stream.ReferencePipeline.forEachWithCancel(Ljava/util/Spliterator;Ljava/util/stream/Sink;)Z @ 8 c2
Event: 8.034 Thread 0x0000019cb47a6800 DEOPT PACKING pc=0x0000019ca2c74824 sp=0x000000263fcf8790
Event: 8.034 Thread 0x0000019cb47a6800 DEOPT UNPACKING pc=0x0000019c9afca1af sp=0x000000263fcf8730 mode 2
Event: 8.098 Thread 0x0000019cb47a6800 DEOPT PACKING pc=0x0000019c9b5be09b sp=0x000000263fcf8100
Event: 8.098 Thread 0x0000019cb47a6800 DEOPT UNPACKING pc=0x0000019c9afca95e sp=0x000000263fcf7640 mode 0
Event: 8.098 Thread 0x0000019cb47a6800 Uncommon trap: trap_request=0xffffff4d fr.pc=0x0000019ca2a68400 relative=0x0000000000000060
Event: 8.098 Thread 0x0000019cb47a6800 Uncommon trap: reason=unstable_if action=reinterpret pc=0x0000019ca2a68400 method=java.io.WinNTFileSystem.isSlash(C)Z @ 9 c2
Event: 8.098 Thread 0x0000019cb47a6800 DEOPT PACKING pc=0x0000019ca2a68400 sp=0x000000263fcf8140
Event: 8.098 Thread 0x0000019cb47a6800 DEOPT UNPACKING pc=0x0000019c9afca1af sp=0x000000263fcf80c8 mode 2

Classes redefined (0 events):
No events

Internal exceptions (20 events):
Event: 7.527 Thread 0x0000019cb47a6800 Exception <a 'java/lang/ClassNotFoundException'{0x0000000085089c28}: org/gradle/api/internal/initialization/DefaultScriptHandlerBeanInfo> (0x0000000085089c28) thrown at [./src/hotspot/share/classfile/systemDictionary.cpp, line 231]
Event: 7.528 Thread 0x0000019cb47a6800 Exception <a 'java/lang/ClassNotFoundException'{0x00000000850b4078}: org/gradle/api/internal/initialization/DefaultScriptHandlerCustomizer> (0x00000000850b4078) thrown at [./src/hotspot/share/classfile/systemDictionary.cpp, line 231]
Event: 7.540 Thread 0x0000019cb47a6800 Exception <a 'java/lang/ClassNotFoundException'{0x0000000084fa5540}: org/gradle/api/internal/project/DefaultProject_DecoratedBeanInfo> (0x0000000084fa5540) thrown at [./src/hotspot/share/classfile/systemDictionary.cpp, line 231]
Event: 7.541 Thread 0x0000019cb47a6800 Exception <a 'java/lang/ClassNotFoundException'{0x0000000084fcba88}: org/gradle/api/internal/project/DefaultProjectBeanInfo> (0x0000000084fcba88) thrown at [./src/hotspot/share/classfile/systemDictionary.cpp, line 231]
Event: 7.542 Thread 0x0000019cb47a6800 Exception <a 'java/lang/ClassNotFoundException'{0x0000000084ff20c8}: org/gradle/api/internal/project/DefaultProjectCustomizer> (0x0000000084ff20c8) thrown at [./src/hotspot/share/classfile/systemDictionary.cpp, line 231]
Event: 7.546 Thread 0x0000019cb47a6800 Exception <a 'java/lang/ClassNotFoundException'{0x0000000084eae490}: org/gradle/api/internal/project/DefaultProject_DecoratedCustomizer> (0x0000000084eae490) thrown at [./src/hotspot/share/classfile/systemDictionary.cpp, line 231]
Event: 7.562 Thread 0x0000019cb47a6800 Exception <a 'java/lang/ClassNotFoundException'{0x0000000084dc16c8}: org/gradle/plugin/use/internal/PluginRequestCollector$PluginDependenciesSpecImplBeanInfo> (0x0000000084dc16c8) thrown at [./src/hotspot/share/classfile/systemDictionary.cpp, line 231]
Event: 7.562 Thread 0x0000019cb47a6800 Exception <a 'java/lang/ClassNotFoundException'{0x0000000084df0b78}: org/gradle/plugin/use/internal/PluginRequestCollector$PluginDependenciesSpecImplCustomizer> (0x0000000084df0b78) thrown at [./src/hotspot/share/classfile/systemDictionary.cpp, line 231]
Event: 7.568 Thread 0x0000019cb47a6800 Exception <a 'java/lang/ClassNotFoundException'{0x0000000084c5a448}: org/gradle/plugin/use/internal/PluginRequestCollector$PluginDependencySpecImplBeanInfo> (0x0000000084c5a448) thrown at [./src/hotspot/share/classfile/systemDictionary.cpp, line 231]
Event: 7.569 Thread 0x0000019cb47a6800 Exception <a 'java/lang/ClassNotFoundException'{0x0000000084c88d90}: org/gradle/plugin/use/internal/PluginRequestCollector$PluginDependencySpecImplCustomizer> (0x0000000084c88d90) thrown at [./src/hotspot/share/classfile/systemDictionary.cpp, line 231]
Event: 7.801 Thread 0x0000019cb47a6800 Exception <a 'java/lang/NoSuchMethodError'{0x00000000887297f0}: 'int java.lang.invoke.DirectMethodHandle$Holder.invokeInterface(java.lang.Object, java.lang.Object)'> (0x00000000887297f0) thrown at [./src/hotspot/share/interpreter/linkResolver.cpp, line 773]
Event: 7.802 Thread 0x0000019cb47a6800 Exception <a 'java/lang/IncompatibleClassChangeError'{0x000000008872d2d0}: Found class java.lang.Object, but interface was expected> (0x000000008872d2d0) thrown at [./src/hotspot/share/interpreter/linkResolver.cpp, line 839]
Event: 7.884 Thread 0x0000019cb47a6800 Exception <a 'java/lang/NoSuchMethodError'{0x0000000087f39990}: 'int java.lang.invoke.DirectMethodHandle$Holder.invokeStaticInit(java.lang.Object)'> (0x0000000087f39990) thrown at [./src/hotspot/share/interpreter/linkResolver.cpp, line 773]
Event: 7.915 Thread 0x0000019cb47a6800 Exception <a 'java/lang/NoSuchMethodError'{0x0000000087dfc670}: 'void java.lang.invoke.DirectMethodHandle$Holder.invokeStatic(java.lang.Object, java.lang.Object, java.lang.Object, int, java.lang.Object)'> (0x0000000087dfc670) thrown at [./src/hotspot/share/interpreter/linkResolver.cpp, line 773]
Event: 7.996 Thread 0x0000019cb47a6800 Exception <a 'java/lang/NoSuchMethodError'{0x00000000876e1b30}: 'java.lang.Object java.lang.invoke.DelegatingMethodHandle$Holder.reinvoke_L(java.lang.Object, java.lang.Object, java.lang.Object, java.lang.Object, java.lang.Object, java.lang.Object, java.lang.Object, java.lang.Object, java.lang.Object, java.lang.Object, java.lang.Object, java.lang.Object, java.lang.Object, java.lang.Object, java.lang.Object, java.lang.Object, java.lang.Object, java.lang.Object, java.lang.Object, java.lang.Object, java.lang.O
Event: 7.997 Thread 0x0000019cb47a6800 Exception <a 'java/lang/NoSuchMethodError'{0x00000000876f3500}: 'java.lang.Object java.lang.invoke.Invokers$Holder.invoker(java.lang.Object, java.lang.Object, java.lang.Object, java.lang.Object, java.lang.Object, java.lang.Object, java.lang.Object, java.lang.Object, java.lang.Object, java.lang.Object, java.lang.Object, java.lang.Object, java.lang.Object, java.lang.Object, java.lang.Object, java.lang.Object, java.lang.Object, java.lang.Object, java.lang.Object, java.lang.Object, java.lang.Object)'> (0x00000
Event: 7.997 Thread 0x0000019cb47a6800 Exception <a 'java/lang/NoSuchMethodError'{0x00000000876fa870}: 'java.lang.Object java.lang.invoke.DelegatingMethodHandle$Holder.delegate(java.lang.Object, java.lang.Object, java.lang.Object, java.lang.Object, java.lang.Object, java.lang.Object, java.lang.Object, java.lang.Object, java.lang.Object, java.lang.Object, java.lang.Object, java.lang.Object, java.lang.Object, java.lang.Object, java.lang.Object, java.lang.Object, java.lang.Object, java.lang.Object, java.lang.Object, java.lang.Object, java.lang.Obj
Event: 8.001 Thread 0x0000019cb47a6800 Exception <a 'java/lang/NoSuchMethodError'{0x0000000087543ff8}: 'java.lang.Object java.lang.invoke.DirectMethodHandle$Holder.invokeStatic(java.lang.Object, java.lang.Object, java.lang.Object, java.lang.Object, java.lang.Object, java.lang.Object, java.lang.Object, java.lang.Object, java.lang.Object, java.lang.Object, java.lang.Object, java.lang.Object, java.lang.Object, java.lang.Object, java.lang.Object)'> (0x0000000087543ff8) thrown at [./src/hotspot/share/interpreter/linkResolver.cpp, line 773]
Event: 8.002 Thread 0x0000019cb47a6800 Exception <a 'java/lang/NoSuchMethodError'{0x0000000087554710}: 'java.lang.Object java.lang.invoke.DirectMethodHandle$Holder.invokeStatic(java.lang.Object, java.lang.Object, java.lang.Object, java.lang.Object, java.lang.Object, java.lang.Object, java.lang.Object, java.lang.Object, java.lang.Object, java.lang.Object, java.lang.Object, java.lang.Object, java.lang.Object, java.lang.Object, java.lang.Object, java.lang.Object)'> (0x0000000087554710) thrown at [./src/hotspot/share/interpreter/linkResolver.cpp, l
Event: 8.003 Thread 0x0000019cb47a6800 Exception <a 'java/lang/NoSuchMethodError'{0x0000000087564c58}: 'java.lang.Object java.lang.invoke.DelegatingMethodHandle$Holder.reinvoke_L(java.lang.Object, java.lang.Object, java.lang.Object, java.lang.Object, java.lang.Object, java.lang.Object, java.lang.Object, java.lang.Object, java.lang.Object, java.lang.Object, java.lang.Object, java.lang.Object, java.lang.Object, java.lang.Object, java.lang.Object, java.lang.Object, java.lang.Object, java.lang.Object, java.lang.Object, java.lang.Object)'> (0x000000

Events (20 events):
Event: 8.042 loading class org/gradle/internal/component/external/model/AbstractMutableModuleComponentResolveMetadata$FileImpl
Event: 8.042 loading class org/gradle/internal/component/external/model/AbstractMutableModuleComponentResolveMetadata$FileImpl done
Event: 8.042 loading class org/gradle/internal/component/external/model/ComponentVariant$File
Event: 8.042 loading class org/gradle/internal/component/external/model/ComponentVariant$File done
Event: 8.044 loading class org/gradle/internal/component/external/model/AbstractMutableModuleComponentResolveMetadata$ImmutableVariantImpl
Event: 8.044 loading class org/gradle/internal/component/external/model/AbstractMutableModuleComponentResolveMetadata$ImmutableVariantImpl done
Event: 8.044 loading class org/gradle/internal/component/external/model/ComponentVariant
Event: 8.044 loading class org/gradle/internal/component/external/model/ComponentVariant done
Event: 8.045 loading class org/gradle/internal/component/external/model/LazyVariantBackedConfigurationMetadata
Event: 8.045 loading class org/gradle/internal/component/external/model/LazyVariantBackedConfigurationMetadata done
Event: 8.045 loading class org/gradle/internal/component/external/model/AbstractVariantBackedConfigurationMetadata
Event: 8.045 loading class org/gradle/internal/component/external/model/AbstractVariantBackedConfigurationMetadata done
Event: 8.046 loading class org/gradle/internal/component/external/model/LazyVariantBackedConfigurationMetadata$RuleAwareVariant
Event: 8.046 loading class org/gradle/internal/component/external/model/LazyVariantBackedConfigurationMetadata$RuleAwareVariant done
Event: 8.047 loading class org/gradle/internal/component/external/model/GradleDependencyMetadata
Event: 8.047 loading class org/gradle/internal/component/external/model/GradleDependencyMetadata done
Event: 8.052 loading class org/gradle/internal/component/external/descriptor/DefaultExclude
Event: 8.052 loading class org/gradle/internal/component/external/descriptor/DefaultExclude done
Event: 8.053 loading class org/gradle/internal/component/model/Exclude
Event: 8.053 loading class org/gradle/internal/component/model/Exclude done


Dynamic libraries:
0x00007ff778660000 - 0x00007ff77866a000 	C:\Program Files\Android\Android Studio\jre\bin\java.exe
0x00007ffc9b390000 - 0x00007ffc9b588000 	C:\Windows\SYSTEM32\ntdll.dll
0x00007ffc9a880000 - 0x00007ffc9a93f000 	C:\Windows\System32\KERNEL32.DLL
0x00007ffc98ce0000 - 0x00007ffc98fb2000 	C:\Windows\System32\KERNELBASE.dll
0x00007ffc99170000 - 0x00007ffc99270000 	C:\Windows\System32\ucrtbase.dll
0x00007ffc93d90000 - 0x00007ffc93da9000 	C:\Program Files\Android\Android Studio\jre\bin\jli.dll
0x00007ffc92a40000 - 0x00007ffc92a57000 	C:\Program Files\Android\Android Studio\jre\bin\VCRUNTIME140.dll
0x00007ffc9a080000 - 0x00007ffc9a221000 	C:\Windows\System32\USER32.dll
0x00007ffc99310000 - 0x00007ffc99332000 	C:\Windows\System32\win32u.dll
0x00007ffc99e60000 - 0x00007ffc99e8b000 	C:\Windows\System32\GDI32.dll
0x00007ffc84330000 - 0x00007ffc845ca000 	C:\Windows\WinSxS\amd64_microsoft.windows.common-controls_6595b64144ccf1df_6.0.19041.1110_none_60b5254171f9507e\COMCTL32.dll
0x00007ffc98b30000 - 0x00007ffc98c3f000 	C:\Windows\System32\gdi32full.dll
0x00007ffc99e90000 - 0x00007ffc99f2e000 	C:\Windows\System32\msvcrt.dll
0x00007ffc99270000 - 0x00007ffc9930d000 	C:\Windows\System32\msvcp_win.dll
0x00007ffc9b2b0000 - 0x00007ffc9b2e2000 	C:\Windows\System32\IMM32.DLL
0x00007ffc5bef0000 - 0x00007ffc5bf8d000 	C:\Program Files\Android\Android Studio\jre\bin\msvcp140.dll
0x00007ffc334f0000 - 0x00007ffc33ff2000 	C:\Program Files\Android\Android Studio\jre\bin\server\jvm.dll
0x00007ffc99d40000 - 0x00007ffc99dee000 	C:\Windows\System32\ADVAPI32.dll
0x00007ffc9a940000 - 0x00007ffc9a9dc000 	C:\Windows\System32\sechost.dll
0x00007ffc9a230000 - 0x00007ffc9a355000 	C:\Windows\System32\RPCRT4.dll
0x00007ffc99530000 - 0x00007ffc99538000 	C:\Windows\System32\PSAPI.DLL
0x00007ffc8c910000 - 0x00007ffc8c937000 	C:\Windows\SYSTEM32\WINMM.dll
0x00007ffc8c940000 - 0x00007ffc8c94a000 	C:\Windows\SYSTEM32\VERSION.dll
0x00007ffc81460000 - 0x00007ffc81469000 	C:\Windows\SYSTEM32\WSOCK32.dll
0x00007ffc9ab00000 - 0x00007ffc9ab6b000 	C:\Windows\System32\ws2_32.DLL
0x00007ffc972a0000 - 0x00007ffc972b2000 	C:\Windows\SYSTEM32\kernel.appcore.dll
0x00007ffc73290000 - 0x00007ffc732a1000 	C:\Program Files\Android\Android Studio\jre\bin\verify.dll
0x00007ffc95cb0000 - 0x00007ffc95e94000 	C:\Windows\SYSTEM32\DBGHELP.DLL
0x00007ffc83d00000 - 0x00007ffc83d35000 	C:\Windows\SYSTEM32\dbgcore.DLL
0x00007ffc99340000 - 0x00007ffc993c2000 	C:\Windows\System32\bcryptPrimitives.dll
0x00007ffc64ff0000 - 0x00007ffc65019000 	C:\Program Files\Android\Android Studio\jre\bin\java.dll
0x00007ffc93650000 - 0x00007ffc9365b000 	C:\Program Files\Android\Android Studio\jre\bin\jimage.dll
0x00007ffc623a0000 - 0x00007ffc623b8000 	C:\Program Files\Android\Android Studio\jre\bin\zip.dll
0x00007ffc995f0000 - 0x00007ffc99d35000 	C:\Windows\System32\SHELL32.dll
0x00007ffc967c0000 - 0x00007ffc96f52000 	C:\Windows\SYSTEM32\windows.storage.dll
0x00007ffc9ad40000 - 0x00007ffc9b095000 	C:\Windows\System32\combase.dll
0x00007ffc98470000 - 0x00007ffc984a0000 	C:\Windows\SYSTEM32\Wldp.dll
0x00007ffc99540000 - 0x00007ffc995ed000 	C:\Windows\System32\SHCORE.dll
0x00007ffc9ab70000 - 0x00007ffc9abc5000 	C:\Windows\System32\shlwapi.dll
0x00007ffc989c0000 - 0x00007ffc989df000 	C:\Windows\SYSTEM32\profapi.dll
0x00007ffc60210000 - 0x00007ffc6022a000 	C:\Program Files\Android\Android Studio\jre\bin\net.dll
0x00007ffc94390000 - 0x00007ffc9449c000 	C:\Windows\SYSTEM32\WINHTTP.dll
0x00007ffc981d0000 - 0x00007ffc9823a000 	C:\Windows\system32\mswsock.dll
0x00007ffc601f0000 - 0x00007ffc60204000 	C:\Program Files\Android\Android Studio\jre\bin\nio.dll
0x00007ffc5d270000 - 0x00007ffc5d297000 	C:\Users\RAFRA\.gradle\native\e1d6ef7f7dcc3fd88c89a11ec53ec762bb8ba0a96d01ffa2cd45eb1d1d8dd5c5\windows-amd64\native-platform.dll
0x00007ffc57150000 - 0x00007ffc57294000 	C:\Users\RAFRA\.gradle\native\0d407fdbe67a94daf76414ababcb853783967236a71b16ec16e742cd7a986fd3\windows-amd64\native-platform-file-events.dll
0x00007ffc92900000 - 0x00007ffc9290a000 	C:\Program Files\Android\Android Studio\jre\bin\management.dll
0x00007ffc74b40000 - 0x00007ffc74b4d000 	C:\Program Files\Android\Android Studio\jre\bin\management_ext.dll
0x00007ffc983c0000 - 0x00007ffc983d8000 	C:\Windows\SYSTEM32\CRYPTSP.dll
0x00007ffc97a80000 - 0x00007ffc97ab4000 	C:\Windows\system32\rsaenh.dll
0x00007ffc98c40000 - 0x00007ffc98c67000 	C:\Windows\System32\bcrypt.dll
0x00007ffc98980000 - 0x00007ffc989ae000 	C:\Windows\SYSTEM32\USERENV.dll
0x00007ffc983e0000 - 0x00007ffc983ec000 	C:\Windows\SYSTEM32\CRYPTBASE.dll
0x00007ffc97ec0000 - 0x00007ffc97efb000 	C:\Windows\SYSTEM32\IPHLPAPI.DLL
0x00007ffc99e50000 - 0x00007ffc99e58000 	C:\Windows\System32\NSI.dll
0x00007ffc93190000 - 0x00007ffc931a7000 	C:\Windows\SYSTEM32\dhcpcsvc6.DLL
0x00007ffc93170000 - 0x00007ffc9318d000 	C:\Windows\SYSTEM32\dhcpcsvc.DLL
0x00007ffc97f00000 - 0x00007ffc97fcb000 	C:\Windows\SYSTEM32\DNSAPI.dll

dbghelp: loaded successfully - version: 4.0.5 - missing functions: none
symbol engine: initialized successfully - sym options: 0x614 - pdb path: .;C:\Program Files\Android\Android Studio\jre\bin;C:\Windows\SYSTEM32;C:\Windows\WinSxS\amd64_microsoft.windows.common-controls_6595b64144ccf1df_6.0.19041.1110_none_60b5254171f9507e;C:\Program Files\Android\Android Studio\jre\bin\server;C:\Users\RAFRA\.gradle\native\e1d6ef7f7dcc3fd88c89a11ec53ec762bb8ba0a96d01ffa2cd45eb1d1d8dd5c5\windows-amd64;C:\Users\RAFRA\.gradle\native\0d407fdbe67a94daf76414ababcb853783967236a71b16ec16e742cd7a986fd3\windows-amd64

VM Arguments:
jvm_args: --add-opens=java.base/java.util=ALL-UNNAMED --add-opens=java.base/java.lang=ALL-UNNAMED --add-opens=java.base/java.lang.invoke=ALL-UNNAMED --add-opens=java.base/java.util=ALL-UNNAMED --add-opens=java.prefs/java.util.prefs=ALL-UNNAMED --add-opens=java.prefs/java.util.prefs=ALL-UNNAMED --add-opens=java.base/java.nio.charset=ALL-UNNAMED --add-opens=java.base/java.net=ALL-UNNAMED --add-opens=java.base/java.util.concurrent.atomic=ALL-UNNAMED -Xmx2048m -Dfile.encoding=UTF-8 -Duser.country=AT -Duser.language=de -Duser.variant 
java_command: org.gradle.launcher.daemon.bootstrap.GradleDaemon 7.4
java_class_path (initial): C:\Users\RAFRA\.gradle\wrapper\dists\gradle-7.4-bin\c0gwcg53nkjbqw7r0h0umtfvt\gradle-7.4\lib\gradle-launcher-7.4.jar
Launcher Type: SUN_STANDARD

[Global flags]
     intx CICompilerCount                          = 3                                         {product} {ergonomic}
     uint ConcGCThreads                            = 2                                         {product} {ergonomic}
     uint G1ConcRefinementThreads                  = 6                                         {product} {ergonomic}
   size_t G1HeapRegionSize                         = 1048576                                   {product} {ergonomic}
    uintx GCDrainStackTargetSize                   = 64                                        {product} {ergonomic}
   size_t InitialHeapSize                          = 123731968                                 {product} {ergonomic}
   size_t MarkStackSize                            = 4194304                                   {product} {ergonomic}
   size_t MaxHeapSize                              = 2147483648                                {product} {command line}
   size_t MaxNewSize                               = 1287651328                                {product} {ergonomic}
   size_t MinHeapDeltaBytes                        = 1048576                                   {product} {ergonomic}
    uintx NonNMethodCodeHeapSize                   = 5830732                                {pd product} {ergonomic}
    uintx NonProfiledCodeHeapSize                  = 122913754                              {pd product} {ergonomic}
    uintx ProfiledCodeHeapSize                     = 122913754                              {pd product} {ergonomic}
    uintx ReservedCodeCacheSize                    = 251658240                              {pd product} {ergonomic}
     bool SegmentedCodeCache                       = true                                      {product} {ergonomic}
     bool UseCompressedClassPointers               = true                                 {lp64_product} {ergonomic}
     bool UseCompressedOops                        = true                                 {lp64_product} {ergonomic}
     bool UseG1GC                                  = true                                      {product} {ergonomic}
     bool UseLargePagesIndividualAllocation        = false                                  {pd product} {ergonomic}

Logging:
Log output configuration:
 #0: stdout all=warning uptime,level,tags
 #1: stderr all=off uptime,level,tags

Environment Variables:
JAVA_HOME=C:\Program Files\Java\jdk-17.0.4.1
PATH=C:\Program Files\Common Files\Oracle\Java\javapath;C:\Program Files (x86)\Common Files\Oracle\Java\javapath;C:\Program Files (x86)\NVIDIA Corporation\PhysX\Common;C:\app\RAFRA\product\18.0.0\dbhomeXE\bin;C:\Windows\system32;C:\Windows;C:\Windows\System32\Wbem;C:\Windows\System32\WindowsPowerShell\v1.0\;C:\Windows\System32\OpenSSH\;C:\Program Files\Git\cmd;C:\Program Files\Docker\Docker\resources\bin;C:\ProgramData\DockerDesktop\version-bin;C:\Program Files\dotnet\;C:\Program Files\Microsoft SQL Server\150\Tools\Binn\;C:\ProgramData\chocolatey\bin;C:\Program Files\nodejs\;C:\Users\RAFRA\.jbang\bin;C:\Users\RAFRA\Downloads\apache-maven-3.8.5-bin\apache-maven-3.8.5\bin;C:\Users\RAFRA\AppData\Local\Programs\Microsoft VS Code\bin;C:\Users\RAFRA\.dotnet\tools;C:\Users\RAFRA\OneDrive\Dokumente\Schule\4_Klasse\NVS\apache-maven-3.8.6-bin\apache-maven-3.8.6\bin;C:\Program Files\Java\jdk-17.0.4.1\bin;C:\Program Files\JetBrains\IntelliJ IDEA Community Edition 2022.2.2\bin;;C:\Users\RAFRA\.krew\bin;C:\Users\RAFRA\AppData\Local\Google\Cloud SDK\google-cloud-sdk\bin;C:\Users\RAFRA\AppData\Roaming\npm
USERNAME=RAFRA
OS=Windows_NT
PROCESSOR_IDENTIFIER=AMD64 Family 23 Model 96 Stepping 1, AuthenticAMD



---------------  S Y S T E M  ---------------

OS: Windows 10 , 64 bit Build 19041 (10.0.19041.2546)
OS uptime: 1 days 1:17 hours
Hyper-V role detected

CPU:total 6 (initial active 6) (6 cores per cpu, 1 threads per core) family 23 model 96 stepping 1 microcode 0x0, cmov, cx8, fxsr, mmx, sse, sse2, sse3, ssse3, sse4.1, sse4.2, popcnt, avx, avx2, aes, clmul, mmxext, 3dnowpref, lzcnt, sse4a, tsc, tscinvbit, tscinv, bmi1, bmi2, adx, sha, fma

Memory: 4k page, system-wide physical 7549M (521M free)
TotalPageFile size 31101M (AvailPageFile size 5M)
current process WorkingSet (physical memory assigned to process): 299M, peak: 301M
current process commit charge ("private bytes"): 350M, peak: 352M

vm_info: OpenJDK 64-Bit Server VM (11.0.13+0-b1751.21-8125866) for windows-amd64 JRE (11.0.13+0-b1751.21-8125866), built on Feb  2 2022 03:00:22 by "builder" with MS VC++ 14.0 (VS2015)

END.
