#
# There is insufficient memory for the Java Runtime Environment to continue.
# Native memory allocation (mmap) failed to map 123731968 bytes for Failed to commit area from 0x000000008a000000 to 0x0000000091600000 of length 123731968.
# Possible reasons:
#   The system is out of physical RAM or swap space
#   The process is running with CompressedOops enabled, and the Java Heap may be blocking the growth of the native heap
# Possible solutions:
#   Reduce memory load on the system
#   Increase physical memory or swap space
#   Check if swap backing store is full
#   Decrease Java heap size (-Xmx/-Xms)
#   Decrease number of Java threads
#   Decrease Java thread stack sizes (-Xss)
#   Set larger code cache with -XX:ReservedCodeCacheSize=
# This output file may be truncated or incomplete.
#
#  Out of Memory Error (./src/hotspot/os/windows/os_windows.cpp:3619), pid=19808, tid=17832
#
# JRE version:  (11.0.13) (build )
# Java VM: OpenJDK 64-Bit Server VM (11.0.13+0-b1751.21-8125866, mixed mode, sharing, tiered, compressed oops, g1 gc, windows-amd64)
# No core dump will be written. Minidumps are not enabled by default on client versions of Windows
#

---------------  S U M M A R Y ------------

Command Line: org.jetbrains.kotlin.cli.jvm.K2JVMCompiler @C:\Users\RAFRA\Documents\EGD\EGD\AndroidProjekte\EGD\app\build\20230310_4644651628585031668.compiler.options

Host: AMD Ryzen 5 4500U with Radeon Graphics         , 6 cores, 7G,  Windows 10 , 64 bit Build 19041 (10.0.19041.2546)
Time: Fri Mar 10 12:58:18 2023 Mitteleuropäische Zeit elapsed time: 0.016241 seconds (0d 0h 0m 0s)

---------------  T H R E A D  ---------------

Current thread (0x000001e55e5fd800):  JavaThread "Unknown thread" [_thread_in_vm, id=17832, stack(0x0000005750c00000,0x0000005750d00000)]

Stack: [0x0000005750c00000,0x0000005750d00000]
Native frames: (J=compiled Java code, j=interpreted, Vv=VM code, C=native code)
V  [jvm.dll+0x6100fa]
V  [jvm.dll+0x747090]
V  [jvm.dll+0x7486ad]
V  [jvm.dll+0x748d83]
V  [jvm.dll+0x24ab48]
V  [jvm.dll+0x60d164]
V  [jvm.dll+0x601e75]
V  [jvm.dll+0x308bdb]
V  [jvm.dll+0x308b4a]
V  [jvm.dll+0x308a22]
V  [jvm.dll+0x30d986]
V  [jvm.dll+0x357093]
V  [jvm.dll+0x357796]
V  [jvm.dll+0x357193]
V  [jvm.dll+0x2e3448]
V  [jvm.dll+0x2e45f7]
V  [jvm.dll+0x7242e7]
V  [jvm.dll+0x725adc]
V  [jvm.dll+0x364629]
V  [jvm.dll+0x707cee]
V  [jvm.dll+0x3d2633]
V  [jvm.dll+0x3d4a21]
C  [jli.dll+0x536b]
C  [ucrtbase.dll+0x21bb2]
C  [KERNEL32.DLL+0x17614]
C  [ntdll.dll+0x526a1]


---------------  P R O C E S S  ---------------

Threads class SMR info:
_java_thread_list=0x000001e55c3de9c0, length=0, elements={
}

Java Threads: ( => current thread )

Other Threads:
  0x000001e55e615000 GCTaskThread "GC Thread#0" [stack: 0x0000005750d00000,0x0000005750e00000] [id=13484]
  0x000001e55e644000 ConcurrentGCThread "G1 Main Marker" [stack: 0x0000005750e00000,0x0000005750f00000] [id=17816]
  0x000001e55e646800 ConcurrentGCThread "G1 Conc#0" [stack: 0x0000005750f00000,0x0000005751000000] [id=9340]

[error occurred during error reporting (printing all threads), id 0xc0000005, EXCEPTION_ACCESS_VIOLATION (0xc0000005) at pc=0x00007ffc337e3dd7]

VM state:not at safepoint (not fully initialized)

VM Mutex/Monitor currently owned by a thread:  ([mutex/lock_event])
[0x000001e55e5f8520] Heap_lock - owner thread: 0x000001e55e5fd800

Heap address: 0x000000008a000000, size: 1888 MB, Compressed Oops mode: Non-zero based: 0x000000008a000000
Narrow klass base: 0x0000000000000000, Narrow klass shift: 0

GC Heap History (0 events):
No events

Deoptimization events (0 events):
No events

Classes redefined (0 events):
No events

Internal exceptions (0 events):
No events

Events (1 events):
Event: 0.009 Loaded shared library C:\Program Files\Android\Android Studio\jre\bin\zip.dll


Dynamic libraries:
0x00007ff757620000 - 0x00007ff75762a000 	C:\Program Files\Android\Android Studio\jre\bin\java.exe
0x00007ffc9b390000 - 0x00007ffc9b588000 	C:\Windows\SYSTEM32\ntdll.dll
0x00007ffc9a880000 - 0x00007ffc9a93f000 	C:\Windows\System32\KERNEL32.DLL
0x00007ffc98ce0000 - 0x00007ffc98fb2000 	C:\Windows\System32\KERNELBASE.dll
0x00007ffc99170000 - 0x00007ffc99270000 	C:\Windows\System32\ucrtbase.dll
0x00007ffc918f0000 - 0x00007ffc91909000 	C:\Program Files\Android\Android Studio\jre\bin\jli.dll
0x00007ffc73b80000 - 0x00007ffc73b97000 	C:\Program Files\Android\Android Studio\jre\bin\VCRUNTIME140.dll
0x00007ffc9a080000 - 0x00007ffc9a221000 	C:\Windows\System32\USER32.dll
0x00007ffc84330000 - 0x00007ffc845ca000 	C:\Windows\WinSxS\amd64_microsoft.windows.common-controls_6595b64144ccf1df_6.0.19041.1110_none_60b5254171f9507e\COMCTL32.dll
0x00007ffc99310000 - 0x00007ffc99332000 	C:\Windows\System32\win32u.dll
0x00007ffc99e90000 - 0x00007ffc99f2e000 	C:\Windows\System32\msvcrt.dll
0x00007ffc99e60000 - 0x00007ffc99e8b000 	C:\Windows\System32\GDI32.dll
0x00007ffc98b30000 - 0x00007ffc98c3f000 	C:\Windows\System32\gdi32full.dll
0x00007ffc99270000 - 0x00007ffc9930d000 	C:\Windows\System32\msvcp_win.dll
0x00007ffc9b2b0000 - 0x00007ffc9b2e2000 	C:\Windows\System32\IMM32.DLL
0x00007ffc63490000 - 0x00007ffc6352d000 	C:\Program Files\Android\Android Studio\jre\bin\msvcp140.dll
0x00007ffc334f0000 - 0x00007ffc33ff2000 	C:\Program Files\Android\Android Studio\jre\bin\server\jvm.dll
0x00007ffc99d40000 - 0x00007ffc99dee000 	C:\Windows\System32\ADVAPI32.dll
0x00007ffc9a940000 - 0x00007ffc9a9dc000 	C:\Windows\System32\sechost.dll
0x00007ffc9a230000 - 0x00007ffc9a355000 	C:\Windows\System32\RPCRT4.dll
0x00007ffc99530000 - 0x00007ffc99538000 	C:\Windows\System32\PSAPI.DLL
0x00007ffc8c940000 - 0x00007ffc8c94a000 	C:\Windows\SYSTEM32\VERSION.dll
0x00007ffc81460000 - 0x00007ffc81469000 	C:\Windows\SYSTEM32\WSOCK32.dll
0x00007ffc8c910000 - 0x00007ffc8c937000 	C:\Windows\SYSTEM32\WINMM.dll
0x00007ffc9ab00000 - 0x00007ffc9ab6b000 	C:\Windows\System32\WS2_32.dll
0x00007ffc972a0000 - 0x00007ffc972b2000 	C:\Windows\SYSTEM32\kernel.appcore.dll
0x00007ffc73290000 - 0x00007ffc732a1000 	C:\Program Files\Android\Android Studio\jre\bin\verify.dll
0x00007ffc95cb0000 - 0x00007ffc95e94000 	C:\Windows\SYSTEM32\DBGHELP.DLL
0x00007ffc83d00000 - 0x00007ffc83d35000 	C:\Windows\SYSTEM32\dbgcore.DLL
0x00007ffc99340000 - 0x00007ffc993c2000 	C:\Windows\System32\bcryptPrimitives.dll
0x00007ffc64ff0000 - 0x00007ffc65019000 	C:\Program Files\Android\Android Studio\jre\bin\java.dll
0x00007ffc93650000 - 0x00007ffc9365b000 	C:\Program Files\Android\Android Studio\jre\bin\jimage.dll
0x00007ffc623a0000 - 0x00007ffc623b8000 	C:\Program Files\Android\Android Studio\jre\bin\zip.dll

dbghelp: loaded successfully - version: 4.0.5 - missing functions: none
symbol engine: initialized successfully - sym options: 0x614 - pdb path: .;C:\Program Files\Android\Android Studio\jre\bin;C:\Windows\SYSTEM32;C:\Windows\WinSxS\amd64_microsoft.windows.common-controls_6595b64144ccf1df_6.0.19041.1110_none_60b5254171f9507e;C:\Program Files\Android\Android Studio\jre\bin\server

VM Arguments:
java_command: org.jetbrains.kotlin.cli.jvm.K2JVMCompiler @C:\Users\RAFRA\Documents\EGD\EGD\AndroidProjekte\EGD\app\build\20230310_4644651628585031668.compiler.options
java_class_path (initial): C:\Users\RAFRA\.gradle\caches\modules-2\files-2.1\org.jetbrains.kotlin\kotlin-compiler-embeddable\1.6.10\88f2073f4020cdb83132cfe940ceb9a60aba54ea\kotlin-compiler-embeddable-1.6.10.jar;C:\Users\RAFRA\.gradle\caches\modules-2\files-2.1\org.jetbrains.kotlin\kotlin-reflect\1.6.10\1cbe9c92c12a94eea200d23c2bbaedaf3daf5132\kotlin-reflect-1.6.10.jar;C:\Users\RAFRA\.gradle\caches\modules-2\files-2.1\org.jetbrains.kotlin\kotlin-stdlib\1.6.10\b8af3fe6f1ca88526914929add63cf5e7c5049af\kotlin-stdlib-1.6.10.jar;C:\Users\RAFRA\.gradle\caches\modules-2\files-2.1\org.jetbrains.kotlin\kotlin-script-runtime\1.6.10\d0a7ff2e2500ef497ed0214ae40ad3c8387a6164\kotlin-script-runtime-1.6.10.jar;C:\Users\RAFRA\.gradle\caches\modules-2\files-2.1\org.jetbrains.kotlin\kotlin-daemon-embeddable\1.6.10\a56d79bcbea411fa6058e4ecffc2de73e742bd2a\kotlin-daemon-embeddable-1.6.10.jar;C:\Users\RAFRA\.gradle\caches\modules-2\files-2.1\org.jetbrains.intellij.deps\trove4j\1.0.20181211\216c2e14b070f334479d800987affe4054cd563f\trove4j-1.0.20181211.jar;C:\Users\RAFRA\.gradle\caches\modules-2\files-2.1\net.java.dev.jna\jna\5.6.0\330f2244e9030119ab3030fc3fededc86713d9cc\jna-5.6.0.jar;C:\Users\RAFRA\.gradle\caches\modules-2\files-2.1\org.jetbrains\annotations\13.0\919f0dfe192fb4e063e7dacadee7f8bb9a2672a9\annotations-13.0.jar;C:\Users\RAFRA\.gradle\caches\modules-2\files-2.1\org.jetbrains.kotlin\kotlin-stdlib-common\1.6.10\c118700e3a33c8a0d9adc920e9dec0831171925\kotlin-stdlib-common-1.6.10.jar
Launcher Type: SUN_STANDARD

[Global flags]
     intx CICompilerCount                          = 3                                         {product} {ergonomic}
     uint ConcGCThreads                            = 2                                         {product} {ergonomic}
     uint G1ConcRefinementThreads                  = 6                                         {product} {ergonomic}
   size_t G1HeapRegionSize                         = 1048576                                   {product} {ergonomic}
    uintx GCDrainStackTargetSize                   = 64                                        {product} {ergonomic}
   size_t InitialHeapSize                          = 123731968                                 {product} {ergonomic}
   size_t MarkStackSize                            = 4194304                                   {product} {ergonomic}
   size_t MaxHeapSize                              = 1979711488                                {product} {ergonomic}
   size_t MinHeapDeltaBytes                        = 1048576                                   {product} {ergonomic}
    uintx NonNMethodCodeHeapSize                   = 5830732                                {pd product} {ergonomic}
    uintx NonProfiledCodeHeapSize                  = 122913754                              {pd product} {ergonomic}
    uintx ProfiledCodeHeapSize                     = 122913754                              {pd product} {ergonomic}
    uintx ReservedCodeCacheSize                    = 251658240                              {pd product} {ergonomic}
     bool SegmentedCodeCache                       = true                                      {product} {ergonomic}
     bool UseCompressedClassPointers               = true                                 {lp64_product} {ergonomic}
     bool UseCompressedOops                        = true                                 {lp64_product} {ergonomic}
     bool UseG1GC                                  = true                                      {product} {ergonomic}
     bool UseLargePagesIndividualAllocation        = false                                  {pd product} {ergonomic}

Logging:
Log output configuration:
 #0: stdout all=warning uptime,level,tags
 #1: stderr all=off uptime,level,tags

Environment Variables:
JAVA_HOME=C:\Program Files\Java\jdk-17.0.4.1
PATH=C:\Program Files\Common Files\Oracle\Java\javapath;C:\Program Files (x86)\Common Files\Oracle\Java\javapath;C:\Program Files (x86)\NVIDIA Corporation\PhysX\Common;C:\app\RAFRA\product\18.0.0\dbhomeXE\bin;C:\Windows\system32;C:\Windows;C:\Windows\System32\Wbem;C:\Windows\System32\WindowsPowerShell\v1.0\;C:\Windows\System32\OpenSSH\;C:\Program Files\Git\cmd;C:\Program Files\Docker\Docker\resources\bin;C:\ProgramData\DockerDesktop\version-bin;C:\Program Files\dotnet\;C:\Program Files\Microsoft SQL Server\150\Tools\Binn\;C:\ProgramData\chocolatey\bin;C:\Program Files\nodejs\;C:\Users\RAFRA\.jbang\bin;C:\Users\RAFRA\Downloads\apache-maven-3.8.5-bin\apache-maven-3.8.5\bin;C:\Users\RAFRA\AppData\Local\Programs\Microsoft VS Code\bin;C:\Users\RAFRA\.dotnet\tools;C:\Users\RAFRA\OneDrive\Dokumente\Schule\4_Klasse\NVS\apache-maven-3.8.6-bin\apache-maven-3.8.6\bin;C:\Program Files\Java\jdk-17.0.4.1\bin;C:\Program Files\JetBrains\IntelliJ IDEA Community Edition 2022.2.2\bin;;C:\Users\RAFRA\.krew\bin;C:\Users\RAFRA\AppData\Local\Google\Cloud SDK\google-cloud-sdk\bin;C:\Users\RAFRA\AppData\Roaming\npm
USERNAME=RAFRA
OS=Windows_NT
PROCESSOR_IDENTIFIER=AMD64 Family 23 Model 96 Stepping 1, AuthenticAMD



---------------  S Y S T E M  ---------------

OS: Windows 10 , 64 bit Build 19041 (10.0.19041.2546)
OS uptime: 1 days 1:15 hours
Hyper-V role detected

CPU:total 6 (initial active 6) (6 cores per cpu, 1 threads per core) family 23 model 96 stepping 1 microcode 0x0, cmov, cx8, fxsr, mmx, sse, sse2, sse3, ssse3, sse4.1, sse4.2, popcnt, avx, avx2, aes, clmul, mmxext, 3dnowpref, lzcnt, sse4a, tsc, tscinvbit, tscinv, bmi1, bmi2, adx, sha, fma

Memory: 4k page, system-wide physical 7549M (519M free)
TotalPageFile size 31065M (AvailPageFile size 59M)
current process WorkingSet (physical memory assigned to process): 10M, peak: 10M
current process commit charge ("private bytes"): 55M, peak: 173M

vm_info: OpenJDK 64-Bit Server VM (11.0.13+0-b1751.21-8125866) for windows-amd64 JRE (11.0.13+0-b1751.21-8125866), built on Feb  2 2022 03:00:22 by "builder" with MS VC++ 14.0 (VS2015)

END.
